2024-07-16 11:42:43.542 [info] Reading sessions from keychain...
2024-07-16 11:42:43.542 [info] Getting sessions for all scopes...
2024-07-16 11:42:43.542 [info] Getting sessions for all scopes...
2024-07-16 11:42:43.557 [info] Getting sessions for read:user,repo,user:email,workflow...
2024-07-16 11:42:44.016 [info] Got stored sessions!
2024-07-16 11:42:44.018 [info] Got 1 verified sessions.
2024-07-16 11:42:44.018 [info] Got 1 sessions for ...
2024-07-16 11:42:44.018 [info] Got 1 sessions for ...
2024-07-16 11:42:44.018 [info] Got 1 sessions for read:user,repo,user:email,workflow...
2024-07-16 11:42:45.878 [info] Getting sessions for read:user,repo,user:email,workflow...
2024-07-16 11:42:45.878 [info] Got 1 sessions for read:user,repo,user:email,workflow...
2024-07-16 16:07:45.171 [info] Getting sessions for read:user,repo,user:email,workflow...
2024-07-16 16:07:45.171 [info] Got 1 sessions for read:user,repo,user:email,workflow...
2024-07-16 16:26:27.684 [info] Getting sessions for read:user,repo,user:email,workflow...
2024-07-16 16:26:27.684 [info] Got 1 sessions for read:user,repo,user:email,workflow...
2024-07-16 16:26:58.646 [info] Getting sessions for read:user,repo,user:email,workflow...
2024-07-16 16:26:58.646 [info] Got 1 sessions for read:user,repo,user:email,workflow...
2024-07-16 16:31:29.903 [info] Getting sessions for read:user,repo,user:email,workflow...
2024-07-16 16:31:29.903 [info] Got 1 sessions for read:user,repo,user:email,workflow...
2024-07-16 16:40:06.877 [info] Getting sessions for read:user,repo,user:email,workflow...
2024-07-16 16:40:06.878 [info] Got 1 sessions for read:user,repo,user:email,workflow...
