2024-06-08 20:29:41.165 [info] Log level: Info
2024-06-08 20:29:41.165 [info] Validating found git in: "git"
2024-06-08 20:29:41.165 [info] Using git "2.39.2" from "git"
2024-06-08 20:29:41.165 [info] > git rev-parse --show-toplevel [3ms]
2024-06-08 20:29:41.165 [info] > git rev-parse --git-dir --git-common-dir [32ms]
2024-06-08 20:29:41.165 [info] Open repository: /home/paigec00
2024-06-08 20:29:41.165 [info] GitProtocolHandler.handleUri(vscode://vscode.git/clone?url%3Dgit%40git.bootcampcontent.com%3AUNC-Chapel-Hill%2FUNC-VIRT-FSF-PT-05-2024-U-LOLC.git)
2024-06-08 20:29:41.165 [info] > git config --get commit.template [99ms]
2024-06-08 20:29:41.165 [info] > git rev-parse --show-toplevel [116ms]
2024-06-08 20:29:41.165 [info] Executing git.clone for ssh://git@git.bootcampcontent.com/UNC-Chapel-Hill/UNC-VIRT-FSF-PT-05-2024-U-LOLC.git
2024-06-08 20:29:41.165 [info] No remotes found in the git config file.
2024-06-08 20:29:41.165 [info] > git rev-parse --show-toplevel [105ms]
2024-06-08 20:29:41.165 [info] > git for-each-ref --format=%(refname)%00%(upstream:short)%00%(objectname)%00%(upstream:track)%00%(upstream:remotename)%00%(upstream:remoteref) refs/heads/master refs/remotes/master [25ms]
2024-06-08 20:29:41.165 [warning] No such branch: master.
2024-06-08 20:29:41.165 [info] > git rev-parse --show-toplevel [32ms]
2024-06-08 20:29:41.217 [info] > git rev-parse --show-toplevel [7ms]
2024-06-08 20:29:41.300 [info] > git rev-parse --show-toplevel [61ms]
2024-06-08 20:29:41.397 [info] > git rev-parse --show-toplevel [3ms]
2024-06-08 20:29:41.416 [info] > git rev-parse --show-toplevel [2ms]
2024-06-08 20:29:41.518 [info] > git check-ignore -v -z --stdin [31ms]
2024-06-08 20:29:42.923 [info] > git status -z -uall [1779ms]
2024-06-08 20:29:46.655 [info] > git config --get commit.template [84ms]
2024-06-08 20:29:46.720 [info] No remotes found in the git config file.
2024-06-08 20:29:46.723 [info] > git for-each-ref --format=%(refname)%00%(upstream:short)%00%(objectname)%00%(upstream:track)%00%(upstream:remotename)%00%(upstream:remoteref) refs/heads/master refs/remotes/master [4ms]
2024-06-08 20:29:46.723 [warning] No such branch: master.
2024-06-08 20:29:47.375 [info] > git status -z -uall [632ms]
2024-06-08 20:35:44.738 [info] > git config --get commit.template [1ms]
2024-06-08 20:35:44.746 [info] No remotes found in the git config file.
2024-06-08 20:35:44.748 [info] > git for-each-ref --format=%(refname)%00%(upstream:short)%00%(objectname)%00%(upstream:track)%00%(upstream:remotename)%00%(upstream:remoteref) refs/heads/master refs/remotes/master [2ms]
2024-06-08 20:35:44.748 [warning] No such branch: master.
2024-06-08 20:35:45.526 [info] > git status -z -uall [750ms]
2024-06-08 20:35:50.645 [info] > git config --get commit.template [3ms]
2024-06-08 20:35:50.651 [info] No remotes found in the git config file.
2024-06-08 20:35:50.653 [info] > git for-each-ref --format=%(refname)%00%(upstream:short)%00%(objectname)%00%(upstream:track)%00%(upstream:remotename)%00%(upstream:remoteref) refs/heads/master refs/remotes/master [2ms]
2024-06-08 20:35:50.653 [warning] No such branch: master.
2024-06-08 20:35:51.029 [info] > git status -z -uall [370ms]
2024-06-08 20:35:56.255 [info] No remotes found in the git config file.
2024-06-08 20:35:56.256 [info] > git config --get commit.template [23ms]
2024-06-08 20:35:56.257 [info] > git for-each-ref --format=%(refname)%00%(upstream:short)%00%(objectname)%00%(upstream:track)%00%(upstream:remotename)%00%(upstream:remoteref) refs/heads/master refs/remotes/master [3ms]
2024-06-08 20:35:56.257 [warning] No such branch: master.
2024-06-08 20:35:56.525 [info] > git status -z -uall [263ms]
2024-06-08 20:36:04.169 [info] > git config --get commit.template [15ms]
2024-06-08 20:36:04.169 [info] No remotes found in the git config file.
2024-06-08 20:36:04.174 [info] > git for-each-ref --format=%(refname)%00%(upstream:short)%00%(objectname)%00%(upstream:track)%00%(upstream:remotename)%00%(upstream:remoteref) refs/heads/master refs/remotes/master [3ms]
2024-06-08 20:36:04.175 [warning] No such branch: master.
2024-06-08 20:36:04.545 [info] > git status -z -uall [365ms]
2024-06-08 20:36:09.636 [info] No remotes found in the git config file.
2024-06-08 20:36:09.639 [info] > git config --get commit.template [8ms]
2024-06-08 20:36:09.640 [info] > git for-each-ref --format=%(refname)%00%(upstream:short)%00%(objectname)%00%(upstream:track)%00%(upstream:remotename)%00%(upstream:remoteref) refs/heads/master refs/remotes/master [4ms]
2024-06-08 20:36:09.640 [warning] No such branch: master.
2024-06-08 20:36:10.018 [info] > git status -z -uall [372ms]
2024-06-08 20:36:15.173 [info] No remotes found in the git config file.
2024-06-08 20:36:15.175 [info] > git config --get commit.template [29ms]
2024-06-08 20:36:15.201 [info] > git for-each-ref --format=%(refname)%00%(upstream:short)%00%(objectname)%00%(upstream:track)%00%(upstream:remotename)%00%(upstream:remoteref) refs/heads/master refs/remotes/master [28ms]
2024-06-08 20:36:15.201 [warning] No such branch: master.
2024-06-08 20:36:15.709 [info] > git status -z -uall [469ms]
2024-06-08 20:36:20.845 [info] > git config --get commit.template [7ms]
2024-06-08 20:36:20.845 [info] No remotes found in the git config file.
2024-06-08 20:36:20.857 [info] > git for-each-ref --format=%(refname)%00%(upstream:short)%00%(objectname)%00%(upstream:track)%00%(upstream:remotename)%00%(upstream:remoteref) refs/heads/master refs/remotes/master [2ms]
2024-06-08 20:36:20.857 [warning] No such branch: master.
2024-06-08 20:36:21.399 [info] > git status -z -uall [536ms]
2024-06-08 20:36:26.632 [info] No remotes found in the git config file.
2024-06-08 20:36:26.637 [info] > git config --get commit.template [27ms]
2024-06-08 20:36:26.639 [info] > git for-each-ref --format=%(refname)%00%(upstream:short)%00%(objectname)%00%(upstream:track)%00%(upstream:remotename)%00%(upstream:remoteref) refs/heads/master refs/remotes/master [7ms]
2024-06-08 20:36:26.639 [warning] No such branch: master.
2024-06-08 20:36:27.015 [info] > git status -z -uall [356ms]
2024-06-08 20:36:32.129 [info] > git config --get commit.template [9ms]
2024-06-08 20:36:32.131 [info] No remotes found in the git config file.
2024-06-08 20:36:32.161 [info] > git for-each-ref --format=%(refname)%00%(upstream:short)%00%(objectname)%00%(upstream:track)%00%(upstream:remotename)%00%(upstream:remoteref) refs/heads/master refs/remotes/master [13ms]
2024-06-08 20:36:32.162 [warning] No such branch: master.
2024-06-08 20:36:33.130 [info] > git status -z -uall [904ms]
2024-06-08 20:36:38.271 [info] No remotes found in the git config file.
2024-06-08 20:36:38.273 [info] > git config --get commit.template [24ms]
2024-06-08 20:36:38.276 [info] > git for-each-ref --format=%(refname)%00%(upstream:short)%00%(objectname)%00%(upstream:track)%00%(upstream:remotename)%00%(upstream:remoteref) refs/heads/master refs/remotes/master [6ms]
2024-06-08 20:36:38.276 [warning] No such branch: master.
2024-06-08 20:36:38.686 [info] > git status -z -uall [395ms]
2024-06-08 20:36:43.814 [info] No remotes found in the git config file.
2024-06-08 20:36:43.815 [info] > git for-each-ref --format=%(refname)%00%(upstream:short)%00%(objectname)%00%(upstream:track)%00%(upstream:remotename)%00%(upstream:remoteref) refs/heads/master refs/remotes/master [3ms]
2024-06-08 20:36:43.815 [warning] No such branch: master.
2024-06-08 20:36:43.815 [info] > git config --get commit.template [33ms]
2024-06-08 20:36:44.133 [info] > git status -z -uall [313ms]
2024-06-08 20:36:49.242 [info] No remotes found in the git config file.
2024-06-08 20:36:49.262 [info] > git config --get commit.template [29ms]
2024-06-08 20:36:49.266 [info] > git for-each-ref --format=%(refname)%00%(upstream:short)%00%(objectname)%00%(upstream:track)%00%(upstream:remotename)%00%(upstream:remoteref) refs/heads/master refs/remotes/master [6ms]
2024-06-08 20:36:49.267 [warning] No such branch: master.
2024-06-08 20:36:49.591 [info] > git status -z -uall [312ms]
2024-06-08 20:36:54.755 [info] > git config --get commit.template [12ms]
2024-06-08 20:36:54.774 [info] No remotes found in the git config file.
2024-06-08 20:36:54.778 [info] > git for-each-ref --format=%(refname)%00%(upstream:short)%00%(objectname)%00%(upstream:track)%00%(upstream:remotename)%00%(upstream:remoteref) refs/heads/master refs/remotes/master [5ms]
2024-06-08 20:36:54.778 [warning] No such branch: master.
2024-06-08 20:36:55.144 [info] > git status -z -uall [356ms]
2024-06-08 20:37:00.251 [info] No remotes found in the git config file.
2024-06-08 20:37:00.295 [info] > git for-each-ref --format=%(refname)%00%(upstream:short)%00%(objectname)%00%(upstream:track)%00%(upstream:remotename)%00%(upstream:remoteref) refs/heads/master refs/remotes/master [5ms]
2024-06-08 20:37:00.296 [warning] No such branch: master.
2024-06-08 20:37:00.296 [info] > git config --get commit.template [47ms]
2024-06-08 20:37:00.909 [info] > git status -z -uall [581ms]
2024-06-08 20:37:06.088 [info] > git config --get commit.template [4ms]
2024-06-08 20:37:06.101 [info] No remotes found in the git config file.
2024-06-08 20:37:06.105 [info] > git for-each-ref --format=%(refname)%00%(upstream:short)%00%(objectname)%00%(upstream:track)%00%(upstream:remotename)%00%(upstream:remoteref) refs/heads/master refs/remotes/master [4ms]
2024-06-08 20:37:06.106 [warning] No such branch: master.
2024-06-08 20:37:06.411 [info] > git status -z -uall [297ms]
2024-06-08 20:37:11.637 [info] > git config --get commit.template [1ms]
2024-06-08 20:37:11.816 [info] No remotes found in the git config file.
2024-06-08 20:37:11.818 [info] > git for-each-ref --format=%(refname)%00%(upstream:short)%00%(objectname)%00%(upstream:track)%00%(upstream:remotename)%00%(upstream:remoteref) refs/heads/master refs/remotes/master [1ms]
2024-06-08 20:37:11.818 [warning] No such branch: master.
2024-06-08 20:37:13.681 [info] > git status -z -uall [1798ms]
2024-06-08 20:37:19.088 [info] > git config --get commit.template [1ms]
2024-06-08 20:37:19.100 [info] No remotes found in the git config file.
2024-06-08 20:37:19.108 [info] > git for-each-ref --format=%(refname)%00%(upstream:short)%00%(objectname)%00%(upstream:track)%00%(upstream:remotename)%00%(upstream:remoteref) refs/heads/master refs/remotes/master [10ms]
2024-06-08 20:37:19.108 [warning] No such branch: master.
2024-06-08 20:37:20.955 [info] > git status -z -uall [1834ms]
2024-06-08 20:37:27.780 [info] No remotes found in the git config file.
2024-06-08 20:37:28.036 [info] > git for-each-ref --format=%(refname)%00%(upstream:short)%00%(objectname)%00%(upstream:track)%00%(upstream:remotename)%00%(upstream:remoteref) refs/heads/master refs/remotes/master [313ms]
2024-06-08 20:37:28.036 [warning] No such branch: master.
2024-06-08 20:37:28.172 [info] > git config --get commit.template [1159ms]
2024-06-08 20:37:46.289 [info] > git status -z -uall [17701ms]
2024-06-08 20:38:25.913 [info] No remotes found in the git config file.
2024-06-08 20:38:25.916 [info] > git config --get commit.template [189ms]
2024-06-08 20:38:25.926 [info] > git for-each-ref --format=%(refname)%00%(upstream:short)%00%(objectname)%00%(upstream:track)%00%(upstream:remotename)%00%(upstream:remoteref) refs/heads/master refs/remotes/master [13ms]
2024-06-08 20:38:25.926 [warning] No such branch: master.
2024-06-08 20:38:30.163 [info] > git status -z -uall [4226ms]
2024-06-08 20:38:35.810 [info] No remotes found in the git config file.
2024-06-08 20:38:35.820 [info] > git config --get commit.template [261ms]
2024-06-08 20:38:35.831 [info] > git for-each-ref --format=%(refname)%00%(upstream:short)%00%(objectname)%00%(upstream:track)%00%(upstream:remotename)%00%(upstream:remoteref) refs/heads/master refs/remotes/master [21ms]
2024-06-08 20:38:35.832 [warning] No such branch: master.
2024-06-08 20:38:38.258 [info] > git status -z -uall [2281ms]
2024-06-08 20:38:43.957 [info] No remotes found in the git config file.
2024-06-08 20:38:43.981 [info] > git config --get commit.template [215ms]
2024-06-08 20:38:44.288 [info] > git for-each-ref --format=%(refname)%00%(upstream:short)%00%(objectname)%00%(upstream:track)%00%(upstream:remotename)%00%(upstream:remoteref) refs/heads/master refs/remotes/master [332ms]
2024-06-08 20:38:44.289 [warning] No such branch: master.
2024-06-08 20:38:48.170 [info] > git status -z -uall [3754ms]
2024-06-08 20:39:04.147 [info] > git config --get commit.template [15ms]
2024-06-08 20:39:04.511 [info] No remotes found in the git config file.
2024-06-08 20:39:04.772 [info] > git for-each-ref --format=%(refname)%00%(upstream:short)%00%(objectname)%00%(upstream:track)%00%(upstream:remotename)%00%(upstream:remoteref) refs/heads/master refs/remotes/master [347ms]
2024-06-08 20:39:04.772 [warning] No such branch: master.
2024-06-08 20:39:11.156 [info] > git status -z -uall [6282ms]
2024-06-08 20:39:17.637 [info] No remotes found in the git config file.
2024-06-08 20:39:17.811 [info] > git config --get commit.template [832ms]
2024-06-08 20:39:17.847 [info] > git for-each-ref --format=%(refname)%00%(upstream:short)%00%(objectname)%00%(upstream:track)%00%(upstream:remotename)%00%(upstream:remoteref) refs/heads/master refs/remotes/master [210ms]
2024-06-08 20:39:17.868 [warning] No such branch: master.
2024-06-08 20:39:22.352 [info] > git status -z -uall [4229ms]
2024-06-08 20:39:28.039 [info] No remotes found in the git config file.
2024-06-08 20:39:28.117 [info] > git for-each-ref --format=%(refname)%00%(upstream:short)%00%(objectname)%00%(upstream:track)%00%(upstream:remotename)%00%(upstream:remoteref) refs/heads/master refs/remotes/master [45ms]
2024-06-08 20:39:28.118 [warning] No such branch: master.
2024-06-08 20:39:28.118 [info] > git config --get commit.template [100ms]
2024-06-08 20:39:39.415 [info] > git status -z -uall [10641ms]
2024-06-08 20:40:15.449 [info] No remotes found in the git config file.
2024-06-08 20:40:15.450 [info] > git config --get commit.template [28ms]
2024-06-08 20:40:15.456 [info] > git for-each-ref --format=%(refname)%00%(upstream:short)%00%(objectname)%00%(upstream:track)%00%(upstream:remotename)%00%(upstream:remoteref) refs/heads/master refs/remotes/master [8ms]
2024-06-08 20:40:15.456 [warning] No such branch: master.
2024-06-08 20:40:21.325 [info] > git status -z -uall [5790ms]
2024-06-08 20:40:50.553 [info] No remotes found in the git config file.
2024-06-08 20:40:50.577 [info] > git for-each-ref --format=%(refname)%00%(upstream:short)%00%(objectname)%00%(upstream:track)%00%(upstream:remotename)%00%(upstream:remoteref) refs/heads/master refs/remotes/master [31ms]
2024-06-08 20:40:50.577 [warning] No such branch: master.
2024-06-08 20:40:50.590 [info] > git config --get commit.template [122ms]
2024-06-08 20:40:54.350 [info] > git status -z -uall [3562ms]
2024-06-08 20:41:00.457 [info] No remotes found in the git config file.
2024-06-08 20:41:00.465 [info] > git config --get commit.template [23ms]
2024-06-08 20:41:00.469 [info] > git for-each-ref --format=%(refname)%00%(upstream:short)%00%(objectname)%00%(upstream:track)%00%(upstream:remotename)%00%(upstream:remoteref) refs/heads/master refs/remotes/master [12ms]
2024-06-08 20:41:00.469 [warning] No such branch: master.
2024-06-08 20:41:04.034 [info] > git status -z -uall [3557ms]
2024-06-08 20:41:13.128 [info] > git config --get commit.template [55ms]
2024-06-08 20:41:13.308 [info] No remotes found in the git config file.
2024-06-08 20:41:13.607 [info] > git for-each-ref --format=%(refname)%00%(upstream:short)%00%(objectname)%00%(upstream:track)%00%(upstream:remotename)%00%(upstream:remoteref) refs/heads/master refs/remotes/master [244ms]
2024-06-08 20:41:13.607 [warning] No such branch: master.
2024-06-08 20:41:16.948 [info] > git status -z -uall [2856ms]
2024-06-08 20:41:50.745 [info] No remotes found in the git config file.
2024-06-08 20:41:50.841 [info] > git config --get commit.template [884ms]
2024-06-08 20:41:50.907 [info] > git for-each-ref --format=%(refname)%00%(upstream:short)%00%(objectname)%00%(upstream:track)%00%(upstream:remotename)%00%(upstream:remoteref) refs/heads/master refs/remotes/master [148ms]
2024-06-08 20:41:50.907 [warning] No such branch: master.
2024-06-08 20:41:55.582 [info] > git status -z -uall [4576ms]
2024-06-08 20:42:17.255 [info] No remotes found in the git config file.
2024-06-08 20:42:17.278 [info] > git config --get commit.template [108ms]
2024-06-08 20:42:17.304 [info] > git for-each-ref --format=%(refname)%00%(upstream:short)%00%(objectname)%00%(upstream:track)%00%(upstream:remotename)%00%(upstream:remoteref) refs/heads/master refs/remotes/master [50ms]
2024-06-08 20:42:17.304 [warning] No such branch: master.
2024-06-08 20:42:23.026 [info] > git status -z -uall [5630ms]
2024-06-08 20:42:35.683 [info] > git config --get commit.template [580ms]
2024-06-08 20:42:35.928 [info] No remotes found in the git config file.
2024-06-08 20:42:36.055 [info] > git for-each-ref --format=%(refname)%00%(upstream:short)%00%(objectname)%00%(upstream:track)%00%(upstream:remotename)%00%(upstream:remoteref) refs/heads/master refs/remotes/master [114ms]
2024-06-08 20:42:36.055 [warning] No such branch: master.
2024-06-08 20:42:45.788 [info] > git status -z -uall [9713ms]
2024-06-08 20:42:51.700 [info] No remotes found in the git config file.
2024-06-08 20:42:51.704 [info] > git config --get commit.template [41ms]
2024-06-08 20:42:51.705 [info] > git for-each-ref --format=%(refname)%00%(upstream:short)%00%(objectname)%00%(upstream:track)%00%(upstream:remotename)%00%(upstream:remoteref) refs/heads/master refs/remotes/master [5ms]
2024-06-08 20:42:51.705 [warning] No such branch: master.
2024-06-08 20:43:00.305 [info] > git status -z -uall [8431ms]
2024-06-08 20:43:24.219 [info] No remotes found in the git config file.
2024-06-08 20:43:24.221 [info] > git for-each-ref --format=%(refname)%00%(upstream:short)%00%(objectname)%00%(upstream:track)%00%(upstream:remotename)%00%(upstream:remoteref) refs/heads/master refs/remotes/master [4ms]
2024-06-08 20:43:24.222 [warning] No such branch: master.
2024-06-08 20:43:24.364 [info] > git config --get commit.template [189ms]
2024-06-08 20:43:26.627 [info] > git status -z -uall [1886ms]
2024-06-08 20:43:32.231 [info] No remotes found in the git config file.
2024-06-08 20:43:32.232 [info] > git config --get commit.template [70ms]
2024-06-08 20:43:32.247 [info] > git for-each-ref --format=%(refname)%00%(upstream:short)%00%(objectname)%00%(upstream:track)%00%(upstream:remotename)%00%(upstream:remoteref) refs/heads/master refs/remotes/master [17ms]
2024-06-08 20:43:32.247 [warning] No such branch: master.
2024-06-08 20:43:33.908 [info] > git status -z -uall [1489ms]
2024-06-08 20:43:39.763 [info] > git config --get commit.template [47ms]
2024-06-08 20:43:39.867 [info] No remotes found in the git config file.
2024-06-08 20:43:39.900 [info] > git for-each-ref --format=%(refname)%00%(upstream:short)%00%(objectname)%00%(upstream:track)%00%(upstream:remotename)%00%(upstream:remoteref) refs/heads/master refs/remotes/master [34ms]
2024-06-08 20:43:39.900 [warning] No such branch: master.
2024-06-08 20:43:44.610 [info] > git status -z -uall [4633ms]
2024-06-08 20:44:03.212 [info] > git config --get commit.template [17ms]
2024-06-08 20:44:03.227 [info] No remotes found in the git config file.
2024-06-08 20:44:03.280 [info] > git for-each-ref --format=%(refname)%00%(upstream:short)%00%(objectname)%00%(upstream:track)%00%(upstream:remotename)%00%(upstream:remoteref) refs/heads/master refs/remotes/master [3ms]
2024-06-08 20:44:03.281 [warning] No such branch: master.
2024-06-08 20:44:04.106 [info] > git status -z -uall [801ms]
2024-06-08 20:44:09.635 [info] No remotes found in the git config file.
2024-06-08 20:44:09.651 [info] > git config --get commit.template [78ms]
2024-06-08 20:44:09.658 [info] > git for-each-ref --format=%(refname)%00%(upstream:short)%00%(objectname)%00%(upstream:track)%00%(upstream:remotename)%00%(upstream:remoteref) refs/heads/master refs/remotes/master [24ms]
2024-06-08 20:44:09.658 [warning] No such branch: master.
2024-06-08 20:44:10.065 [info] > git status -z -uall [395ms]
2024-06-08 20:44:15.258 [info] No remotes found in the git config file.
2024-06-08 20:44:15.260 [info] > git config --get commit.template [27ms]
2024-06-08 20:44:15.261 [info] > git for-each-ref --format=%(refname)%00%(upstream:short)%00%(objectname)%00%(upstream:track)%00%(upstream:remotename)%00%(upstream:remoteref) refs/heads/master refs/remotes/master [4ms]
2024-06-08 20:44:15.261 [warning] No such branch: master.
2024-06-08 20:44:15.664 [info] > git status -z -uall [395ms]
2024-06-08 20:44:20.862 [info] No remotes found in the git config file.
2024-06-08 20:44:20.865 [info] > git for-each-ref --format=%(refname)%00%(upstream:short)%00%(objectname)%00%(upstream:track)%00%(upstream:remotename)%00%(upstream:remoteref) refs/heads/master refs/remotes/master [4ms]
2024-06-08 20:44:20.865 [warning] No such branch: master.
2024-06-08 20:44:20.865 [info] > git config --get commit.template [17ms]
2024-06-08 20:44:21.270 [info] > git status -z -uall [395ms]
2024-06-08 20:44:26.389 [info] No remotes found in the git config file.
2024-06-08 20:44:26.419 [info] > git config --get commit.template [37ms]
2024-06-08 20:44:26.421 [info] > git for-each-ref --format=%(refname)%00%(upstream:short)%00%(objectname)%00%(upstream:track)%00%(upstream:remotename)%00%(upstream:remoteref) refs/heads/master refs/remotes/master [12ms]
2024-06-08 20:44:26.422 [warning] No such branch: master.
2024-06-08 20:44:26.867 [info] > git status -z -uall [432ms]
2024-06-08 20:44:32.074 [info] No remotes found in the git config file.
2024-06-08 20:44:32.077 [info] > git for-each-ref --format=%(refname)%00%(upstream:short)%00%(objectname)%00%(upstream:track)%00%(upstream:remotename)%00%(upstream:remoteref) refs/heads/master refs/remotes/master [4ms]
2024-06-08 20:44:32.077 [warning] No such branch: master.
2024-06-08 20:44:32.077 [info] > git config --get commit.template [26ms]
2024-06-08 20:44:32.479 [info] > git status -z -uall [396ms]
2024-06-08 20:44:37.653 [info] No remotes found in the git config file.
2024-06-08 20:44:37.656 [info] > git config --get commit.template [54ms]
2024-06-08 20:44:37.658 [info] > git for-each-ref --format=%(refname)%00%(upstream:short)%00%(objectname)%00%(upstream:track)%00%(upstream:remotename)%00%(upstream:remoteref) refs/heads/master refs/remotes/master [6ms]
2024-06-08 20:44:37.658 [warning] No such branch: master.
2024-06-08 20:44:38.065 [info] > git status -z -uall [381ms]
2024-06-08 20:44:43.213 [info] No remotes found in the git config file.
2024-06-08 20:44:43.214 [info] > git for-each-ref --format=%(refname)%00%(upstream:short)%00%(objectname)%00%(upstream:track)%00%(upstream:remotename)%00%(upstream:remoteref) refs/heads/master refs/remotes/master [1ms]
2024-06-08 20:44:43.214 [warning] No such branch: master.
2024-06-08 20:44:43.214 [info] > git config --get commit.template [29ms]
2024-06-08 20:44:43.530 [info] > git status -z -uall [310ms]
2024-06-08 20:44:48.648 [info] > git config --get commit.template [16ms]
2024-06-08 20:44:48.662 [info] No remotes found in the git config file.
2024-06-08 20:44:48.664 [info] > git for-each-ref --format=%(refname)%00%(upstream:short)%00%(objectname)%00%(upstream:track)%00%(upstream:remotename)%00%(upstream:remoteref) refs/heads/master refs/remotes/master [3ms]
2024-06-08 20:44:48.665 [warning] No such branch: master.
2024-06-08 20:44:48.968 [info] > git status -z -uall [299ms]
2024-06-08 20:44:54.082 [info] No remotes found in the git config file.
2024-06-08 20:44:54.083 [info] > git config --get commit.template [8ms]
2024-06-08 20:44:54.085 [info] > git for-each-ref --format=%(refname)%00%(upstream:short)%00%(objectname)%00%(upstream:track)%00%(upstream:remotename)%00%(upstream:remoteref) refs/heads/master refs/remotes/master [4ms]
2024-06-08 20:44:54.085 [warning] No such branch: master.
2024-06-08 20:44:54.442 [info] > git status -z -uall [307ms]
2024-06-08 20:44:59.534 [info] No remotes found in the git config file.
2024-06-08 20:44:59.535 [info] > git config --get commit.template [11ms]
2024-06-08 20:44:59.548 [info] > git for-each-ref --format=%(refname)%00%(upstream:short)%00%(objectname)%00%(upstream:track)%00%(upstream:remotename)%00%(upstream:remoteref) refs/heads/master refs/remotes/master [14ms]
2024-06-08 20:44:59.548 [warning] No such branch: master.
2024-06-08 20:44:59.875 [info] > git status -z -uall [320ms]
2024-06-08 20:45:05.001 [info] > git config --get commit.template [10ms]
2024-06-08 20:45:05.019 [info] No remotes found in the git config file.
2024-06-08 20:45:05.021 [info] > git for-each-ref --format=%(refname)%00%(upstream:short)%00%(objectname)%00%(upstream:track)%00%(upstream:remotename)%00%(upstream:remoteref) refs/heads/master refs/remotes/master [2ms]
2024-06-08 20:45:05.021 [warning] No such branch: master.
2024-06-08 20:45:05.379 [info] > git status -z -uall [353ms]
2024-06-08 20:45:10.565 [info] No remotes found in the git config file.
2024-06-08 20:45:10.567 [info] > git config --get commit.template [21ms]
2024-06-08 20:45:10.570 [info] > git for-each-ref --format=%(refname)%00%(upstream:short)%00%(objectname)%00%(upstream:track)%00%(upstream:remotename)%00%(upstream:remoteref) refs/heads/master refs/remotes/master [4ms]
2024-06-08 20:45:10.570 [warning] No such branch: master.
2024-06-08 20:45:10.939 [info] > git status -z -uall [362ms]
2024-06-08 20:45:16.048 [info] > git config --get commit.template [1ms]
2024-06-08 20:45:16.060 [info] No remotes found in the git config file.
2024-06-08 20:45:16.066 [info] > git for-each-ref --format=%(refname)%00%(upstream:short)%00%(objectname)%00%(upstream:track)%00%(upstream:remotename)%00%(upstream:remoteref) refs/heads/master refs/remotes/master [5ms]
2024-06-08 20:45:16.066 [warning] No such branch: master.
2024-06-08 20:45:16.579 [info] > git status -z -uall [496ms]
2024-06-08 20:45:21.800 [info] No remotes found in the git config file.
2024-06-08 20:45:21.802 [info] > git config --get commit.template [81ms]
2024-06-08 20:45:21.810 [info] > git for-each-ref --format=%(refname)%00%(upstream:short)%00%(objectname)%00%(upstream:track)%00%(upstream:remotename)%00%(upstream:remoteref) refs/heads/master refs/remotes/master [17ms]
2024-06-08 20:45:21.811 [warning] No such branch: master.
2024-06-08 20:45:22.212 [info] > git status -z -uall [392ms]
2024-06-08 20:45:27.513 [info] No remotes found in the git config file.
2024-06-08 20:45:27.514 [info] > git config --get commit.template [23ms]
2024-06-08 20:45:27.515 [info] > git for-each-ref --format=%(refname)%00%(upstream:short)%00%(objectname)%00%(upstream:track)%00%(upstream:remotename)%00%(upstream:remoteref) refs/heads/master refs/remotes/master [2ms]
2024-06-08 20:45:27.515 [warning] No such branch: master.
2024-06-08 20:45:27.946 [info] > git status -z -uall [426ms]
2024-06-08 20:45:33.122 [info] No remotes found in the git config file.
2024-06-08 20:45:33.141 [info] > git for-each-ref --format=%(refname)%00%(upstream:short)%00%(objectname)%00%(upstream:track)%00%(upstream:remotename)%00%(upstream:remoteref) refs/heads/master refs/remotes/master [1ms]
2024-06-08 20:45:33.141 [warning] No such branch: master.
2024-06-08 20:45:33.141 [info] > git config --get commit.template [23ms]
2024-06-08 20:45:33.532 [info] > git status -z -uall [380ms]
2024-06-08 20:45:38.656 [info] No remotes found in the git config file.
2024-06-08 20:45:38.674 [info] > git config --get commit.template [22ms]
2024-06-08 20:45:38.690 [info] > git for-each-ref --format=%(refname)%00%(upstream:short)%00%(objectname)%00%(upstream:track)%00%(upstream:remotename)%00%(upstream:remoteref) refs/heads/master refs/remotes/master [35ms]
2024-06-08 20:45:38.691 [warning] No such branch: master.
2024-06-08 20:45:39.029 [info] > git status -z -uall [323ms]
2024-06-08 20:45:44.116 [info] > git config --get commit.template [3ms]
2024-06-08 20:45:44.117 [info] No remotes found in the git config file.
2024-06-08 20:45:44.150 [info] > git for-each-ref --format=%(refname)%00%(upstream:short)%00%(objectname)%00%(upstream:track)%00%(upstream:remotename)%00%(upstream:remoteref) refs/heads/master refs/remotes/master [5ms]
2024-06-08 20:45:44.151 [warning] No such branch: master.
2024-06-08 20:45:44.529 [info] > git status -z -uall [374ms]
2024-06-08 20:45:49.678 [info] No remotes found in the git config file.
2024-06-08 20:45:49.680 [info] > git config --get commit.template [10ms]
2024-06-08 20:45:49.682 [info] > git for-each-ref --format=%(refname)%00%(upstream:short)%00%(objectname)%00%(upstream:track)%00%(upstream:remotename)%00%(upstream:remoteref) refs/heads/master refs/remotes/master [4ms]
2024-06-08 20:45:49.683 [warning] No such branch: master.
2024-06-08 20:45:50.129 [info] > git status -z -uall [441ms]
2024-06-08 20:45:55.264 [info] No remotes found in the git config file.
2024-06-08 20:45:55.292 [info] > git config --get commit.template [31ms]
2024-06-08 20:45:55.297 [info] > git for-each-ref --format=%(refname)%00%(upstream:short)%00%(objectname)%00%(upstream:track)%00%(upstream:remotename)%00%(upstream:remoteref) refs/heads/master refs/remotes/master [7ms]
2024-06-08 20:45:55.297 [warning] No such branch: master.
2024-06-08 20:45:55.845 [info] > git status -z -uall [515ms]
2024-06-08 20:46:23.371 [info] No remotes found in the git config file.
2024-06-08 20:46:23.378 [info] > git for-each-ref --format=%(refname)%00%(upstream:short)%00%(objectname)%00%(upstream:track)%00%(upstream:remotename)%00%(upstream:remoteref) refs/heads/master refs/remotes/master [6ms]
2024-06-08 20:46:23.378 [warning] No such branch: master.
2024-06-08 20:46:23.378 [info] > git config --get commit.template [28ms]
2024-06-08 20:46:24.530 [info] > git status -z -uall [1139ms]
2024-06-08 20:46:31.643 [info] > git config --get commit.template [18ms]
2024-06-08 20:46:31.658 [info] No remotes found in the git config file.
2024-06-08 20:46:31.668 [info] > git for-each-ref --format=%(refname)%00%(upstream:short)%00%(objectname)%00%(upstream:track)%00%(upstream:remotename)%00%(upstream:remoteref) refs/heads/master refs/remotes/master [10ms]
2024-06-08 20:46:31.669 [warning] No such branch: master.
2024-06-08 20:46:32.530 [info] > git status -z -uall [853ms]
2024-06-08 20:52:31.389 [info] > git config --get commit.template [4ms]
2024-06-08 20:52:31.409 [info] No remotes found in the git config file.
2024-06-08 20:52:31.417 [info] > git for-each-ref --format=%(refname)%00%(upstream:short)%00%(objectname)%00%(upstream:track)%00%(upstream:remotename)%00%(upstream:remoteref) refs/heads/master refs/remotes/master [9ms]
2024-06-08 20:52:31.418 [warning] No such branch: master.
2024-06-08 20:52:31.987 [info] > git status -z -uall [558ms]
2024-06-08 20:52:37.149 [info] No remotes found in the git config file.
2024-06-08 20:52:37.166 [info] > git config --get commit.template [29ms]
2024-06-08 20:52:37.172 [info] > git for-each-ref --format=%(refname)%00%(upstream:short)%00%(objectname)%00%(upstream:track)%00%(upstream:remotename)%00%(upstream:remoteref) refs/heads/master refs/remotes/master [24ms]
2024-06-08 20:52:37.172 [warning] No such branch: master.
2024-06-08 20:52:38.633 [info] > git status -z -uall [1440ms]
2024-06-08 20:52:46.164 [info] No remotes found in the git config file.
2024-06-08 20:52:46.165 [info] > git config --get commit.template [29ms]
2024-06-08 20:52:46.176 [info] > git for-each-ref --format=%(refname)%00%(upstream:short)%00%(objectname)%00%(upstream:track)%00%(upstream:remotename)%00%(upstream:remoteref) refs/heads/master refs/remotes/master [13ms]
2024-06-08 20:52:46.176 [warning] No such branch: master.
2024-06-08 20:52:46.624 [info] > git status -z -uall [424ms]
2024-06-08 20:52:55.278 [info] No remotes found in the git config file.
2024-06-08 20:52:55.291 [info] > git config --get commit.template [15ms]
2024-06-08 20:52:55.302 [info] > git for-each-ref --format=%(refname)%00%(upstream:short)%00%(objectname)%00%(upstream:track)%00%(upstream:remotename)%00%(upstream:remoteref) refs/heads/master refs/remotes/master [10ms]
2024-06-08 20:52:55.302 [warning] No such branch: master.
2024-06-08 20:52:55.736 [info] > git status -z -uall [429ms]
2024-06-08 20:53:00.892 [info] No remotes found in the git config file.
2024-06-08 20:53:00.910 [info] > git for-each-ref --format=%(refname)%00%(upstream:short)%00%(objectname)%00%(upstream:track)%00%(upstream:remotename)%00%(upstream:remoteref) refs/heads/master refs/remotes/master [19ms]
2024-06-08 20:53:00.911 [warning] No such branch: master.
2024-06-08 20:53:00.911 [info] > git config --get commit.template [49ms]
2024-06-08 20:53:01.265 [info] > git status -z -uall [331ms]
2024-06-08 20:53:06.395 [info] > git config --get commit.template [2ms]
2024-06-08 20:53:06.405 [info] No remotes found in the git config file.
2024-06-08 20:53:06.406 [info] > git for-each-ref --format=%(refname)%00%(upstream:short)%00%(objectname)%00%(upstream:track)%00%(upstream:remotename)%00%(upstream:remoteref) refs/heads/master refs/remotes/master [2ms]
2024-06-08 20:53:06.406 [warning] No such branch: master.
2024-06-08 20:53:06.763 [info] > git status -z -uall [351ms]
2024-06-08 20:53:11.897 [info] > git config --get commit.template [4ms]
2024-06-08 20:53:11.910 [info] No remotes found in the git config file.
2024-06-08 20:53:11.913 [info] > git for-each-ref --format=%(refname)%00%(upstream:short)%00%(objectname)%00%(upstream:track)%00%(upstream:remotename)%00%(upstream:remoteref) refs/heads/master refs/remotes/master [4ms]
2024-06-08 20:53:11.913 [warning] No such branch: master.
2024-06-08 20:53:12.374 [info] > git status -z -uall [454ms]
2024-06-08 20:53:17.878 [info] No remotes found in the git config file.
2024-06-08 20:53:17.880 [info] > git for-each-ref --format=%(refname)%00%(upstream:short)%00%(objectname)%00%(upstream:track)%00%(upstream:remotename)%00%(upstream:remoteref) refs/heads/master refs/remotes/master [6ms]
2024-06-08 20:53:17.880 [warning] No such branch: master.
2024-06-08 20:53:17.880 [info] > git config --get commit.template [17ms]
2024-06-08 20:53:18.271 [info] > git status -z -uall [384ms]
2024-06-08 20:53:23.431 [info] > git config --get commit.template [33ms]
2024-06-08 20:53:23.449 [info] No remotes found in the git config file.
2024-06-08 20:53:23.456 [info] > git for-each-ref --format=%(refname)%00%(upstream:short)%00%(objectname)%00%(upstream:track)%00%(upstream:remotename)%00%(upstream:remoteref) refs/heads/master refs/remotes/master [14ms]
2024-06-08 20:53:23.457 [warning] No such branch: master.
2024-06-08 20:53:23.985 [info] > git status -z -uall [503ms]
2024-06-08 20:53:29.124 [info] No remotes found in the git config file.
2024-06-08 20:53:29.125 [info] > git config --get commit.template [13ms]
2024-06-08 20:53:29.133 [info] > git for-each-ref --format=%(refname)%00%(upstream:short)%00%(objectname)%00%(upstream:track)%00%(upstream:remotename)%00%(upstream:remoteref) refs/heads/master refs/remotes/master [0ms]
2024-06-08 20:53:29.133 [warning] No such branch: master.
2024-06-08 20:53:29.479 [info] > git status -z -uall [339ms]
2024-06-08 20:53:34.665 [info] No remotes found in the git config file.
2024-06-08 20:53:34.670 [info] > git config --get commit.template [33ms]
2024-06-08 20:53:34.676 [info] > git for-each-ref --format=%(refname)%00%(upstream:short)%00%(objectname)%00%(upstream:track)%00%(upstream:remotename)%00%(upstream:remoteref) refs/heads/master refs/remotes/master [11ms]
2024-06-08 20:53:34.676 [warning] No such branch: master.
2024-06-08 20:53:35.062 [info] > git status -z -uall [355ms]
2024-06-08 20:53:40.187 [info] No remotes found in the git config file.
2024-06-08 20:53:40.188 [info] > git config --get commit.template [11ms]
2024-06-08 20:53:40.191 [info] > git for-each-ref --format=%(refname)%00%(upstream:short)%00%(objectname)%00%(upstream:track)%00%(upstream:remotename)%00%(upstream:remoteref) refs/heads/master refs/remotes/master [4ms]
2024-06-08 20:53:40.191 [warning] No such branch: master.
2024-06-08 20:53:40.547 [info] > git status -z -uall [346ms]
2024-06-08 20:53:45.687 [info] > git config --get commit.template [2ms]
2024-06-08 20:53:45.694 [info] No remotes found in the git config file.
2024-06-08 20:53:45.700 [info] > git for-each-ref --format=%(refname)%00%(upstream:short)%00%(objectname)%00%(upstream:track)%00%(upstream:remotename)%00%(upstream:remoteref) refs/heads/master refs/remotes/master [7ms]
2024-06-08 20:53:45.701 [warning] No such branch: master.
2024-06-08 20:53:46.023 [info] > git status -z -uall [313ms]
2024-06-08 20:54:46.766 [info] > git config --get commit.template [6ms]
2024-06-08 20:54:46.786 [info] No remotes found in the git config file.
2024-06-08 20:54:46.789 [info] > git for-each-ref --format=%(refname)%00%(upstream:short)%00%(objectname)%00%(upstream:track)%00%(upstream:remotename)%00%(upstream:remoteref) refs/heads/master refs/remotes/master [7ms]
2024-06-08 20:54:46.789 [warning] No such branch: master.
2024-06-08 20:54:47.155 [info] > git status -z -uall [361ms]
2024-06-08 20:54:52.293 [info] > git config --get commit.template [4ms]
2024-06-08 20:54:52.305 [info] No remotes found in the git config file.
2024-06-08 20:54:52.307 [info] > git for-each-ref --format=%(refname)%00%(upstream:short)%00%(objectname)%00%(upstream:track)%00%(upstream:remotename)%00%(upstream:remoteref) refs/heads/master refs/remotes/master [3ms]
2024-06-08 20:54:52.308 [warning] No such branch: master.
2024-06-08 20:54:52.644 [info] > git status -z -uall [329ms]
2024-06-08 20:54:57.782 [info] > git config --get commit.template [13ms]
2024-06-08 20:54:57.833 [info] > git for-each-ref --format=%(refname)%00%(upstream:short)%00%(objectname)%00%(upstream:track)%00%(upstream:remotename)%00%(upstream:remoteref) refs/heads/master refs/remotes/master [15ms]
2024-06-08 20:54:57.835 [warning] No such branch: master.
2024-06-08 20:54:58.297 [info] > git status -z -uall [432ms]
2024-06-08 20:55:03.484 [info] > git config --get commit.template [6ms]
2024-06-08 20:55:03.496 [info] > git for-each-ref --format=%(refname)%00%(upstream:short)%00%(objectname)%00%(upstream:track)%00%(upstream:remotename)%00%(upstream:remoteref) refs/heads/master refs/remotes/master [3ms]
2024-06-08 20:55:03.496 [warning] No such branch: master.
2024-06-08 20:55:03.832 [info] > git status -z -uall [331ms]
2024-06-08 20:55:09.028 [info] > git config --get commit.template [22ms]
2024-06-08 20:55:09.030 [info] > git for-each-ref --format=%(refname)%00%(upstream:short)%00%(objectname)%00%(upstream:track)%00%(upstream:remotename)%00%(upstream:remoteref) refs/heads/master refs/remotes/master [5ms]
2024-06-08 20:55:09.030 [warning] No such branch: master.
2024-06-08 20:55:09.430 [info] > git status -z -uall [393ms]
2024-06-08 20:55:14.599 [info] > git config --get commit.template [16ms]
2024-06-08 20:55:14.607 [info] > git for-each-ref --format=%(refname)%00%(upstream:short)%00%(objectname)%00%(upstream:track)%00%(upstream:remotename)%00%(upstream:remoteref) refs/heads/master refs/remotes/master [10ms]
2024-06-08 20:55:14.607 [warning] No such branch: master.
2024-06-08 20:55:14.967 [info] > git status -z -uall [335ms]
2024-06-08 20:55:20.096 [info] > git config --get commit.template [17ms]
2024-06-08 20:55:20.098 [info] > git for-each-ref --format=%(refname)%00%(upstream:short)%00%(objectname)%00%(upstream:track)%00%(upstream:remotename)%00%(upstream:remoteref) refs/heads/master refs/remotes/master [4ms]
2024-06-08 20:55:20.099 [warning] No such branch: master.
2024-06-08 20:55:20.524 [info] > git status -z -uall [419ms]
2024-06-08 20:55:25.639 [info] > git config --get commit.template [4ms]
2024-06-08 20:55:25.658 [info] > git for-each-ref --format=%(refname)%00%(upstream:short)%00%(objectname)%00%(upstream:track)%00%(upstream:remotename)%00%(upstream:remoteref) refs/heads/master refs/remotes/master [5ms]
2024-06-08 20:55:25.658 [warning] No such branch: master.
2024-06-08 20:55:26.056 [info] > git status -z -uall [391ms]
