2024-06-02 02:11:52.924 [info] Extension host with pid 437 started
2024-06-02 02:11:52.924 [info] Skipping acquiring lock for /home/paigec00/.config/Code/User/workspaceStorage/501fde971a8aff14d1c21e3d62abea22.
2024-06-02 02:11:53.717 [info] ExtensionService#_doActivateExtension vscode.emmet, startup: false, activationEvent: 'onLanguage'
2024-06-02 02:11:53.832 [info] ExtensionService#_doActivateExtension vscode.html-language-features, startup: false, activationEvent: 'onLanguage:html'
2024-06-02 02:11:54.821 [info] ExtensionService#_doActivateExtension vscode.git-base, startup: true, activationEvent: '*', root cause: vscode.git
2024-06-02 02:11:55.642 [info] ExtensionService#_doActivateExtension vscode.git, startup: true, activationEvent: '*'
2024-06-02 02:11:55.786 [info] ExtensionService#_doActivateExtension vscode.github, startup: true, activationEvent: '*'
2024-06-02 02:11:56.289 [info] Eager extensions activated
2024-06-02 02:11:57.953 [warning] [Decorations] CAPPING events from decorations provider vscode.git 5601
2024-06-02 02:12:01.693 [info] ExtensionService#_doActivateExtension vscode.debug-auto-launch, startup: false, activationEvent: 'onStartupFinished'
2024-06-02 02:12:01.715 [info] ExtensionService#_doActivateExtension vscode.merge-conflict, startup: false, activationEvent: 'onStartupFinished'
2024-06-02 02:12:01.758 [info] ExtensionService#_doActivateExtension ritwickdey.LiveServer, startup: false, activationEvent: 'onStartupFinished'
2024-06-02 02:12:02.497 [warning] [Decorations] CAPPING events from decorations provider vscode.git 5603
2024-06-02 02:12:04.402 [info] ExtensionService#_doActivateExtension vscode.github-authentication, startup: false, activationEvent: 'onAuthenticationRequest:github'
2024-06-02 02:12:06.636 [warning] [Decorations] CAPPING events from decorations provider vscode.git 5605
2024-06-02 02:12:12.912 [warning] [Decorations] CAPPING events from decorations provider vscode.git 5605
2024-06-02 02:12:18.310 [warning] [Decorations] CAPPING events from decorations provider vscode.git 5604
2024-06-02 02:12:23.482 [warning] [Decorations] CAPPING events from decorations provider vscode.git 5604
2024-06-02 02:12:28.774 [warning] [Decorations] CAPPING events from decorations provider vscode.git 5604
2024-06-02 02:12:33.970 [warning] [Decorations] CAPPING events from decorations provider vscode.git 5604
2024-06-02 02:12:39.135 [warning] [Decorations] CAPPING events from decorations provider vscode.git 5604
2024-06-02 02:15:47.528 [warning] [Decorations] CAPPING events from decorations provider vscode.git 5604
2024-06-02 02:15:52.793 [warning] [Decorations] CAPPING events from decorations provider vscode.git 5604
2024-06-02 02:15:57.956 [warning] [Decorations] CAPPING events from decorations provider vscode.git 5604
2024-06-02 02:16:03.133 [warning] [Decorations] CAPPING events from decorations provider vscode.git 5604
2024-06-02 02:16:08.376 [warning] [Decorations] CAPPING events from decorations provider vscode.git 5604
2024-06-02 02:16:13.532 [warning] [Decorations] CAPPING events from decorations provider vscode.git 5604
2024-06-02 02:16:18.711 [warning] [Decorations] CAPPING events from decorations provider vscode.git 5604
2024-06-02 02:16:23.953 [warning] [Decorations] CAPPING events from decorations provider vscode.git 5604
2024-06-02 02:17:37.779 [warning] [Decorations] CAPPING events from decorations provider vscode.git 5604
2024-06-02 02:17:43.018 [warning] [Decorations] CAPPING events from decorations provider vscode.git 5604
2024-06-02 02:17:48.183 [warning] [Decorations] CAPPING events from decorations provider vscode.git 5604
2024-06-02 02:17:53.381 [warning] [Decorations] CAPPING events from decorations provider vscode.git 5604
2024-06-02 02:17:58.530 [warning] [Decorations] CAPPING events from decorations provider vscode.git 5607
2024-06-02 02:18:03.755 [warning] [Decorations] CAPPING events from decorations provider vscode.git 5615
2024-06-02 02:18:08.963 [warning] [Decorations] CAPPING events from decorations provider vscode.git 5620
2024-06-02 02:18:14.102 [warning] [Decorations] CAPPING events from decorations provider vscode.git 5620
2024-06-02 02:18:19.417 [warning] [Decorations] CAPPING events from decorations provider vscode.git 5620
2024-06-02 02:18:24.651 [warning] [Decorations] CAPPING events from decorations provider vscode.git 5620
2024-06-02 02:18:29.834 [warning] [Decorations] CAPPING events from decorations provider vscode.git 5620
2024-06-02 02:18:35.193 [warning] [Decorations] CAPPING events from decorations provider vscode.git 5620
2024-06-02 02:18:40.367 [warning] [Decorations] CAPPING events from decorations provider vscode.git 5620
2024-06-02 02:18:45.562 [warning] [Decorations] CAPPING events from decorations provider vscode.git 5620
2024-06-02 02:18:50.735 [warning] [Decorations] CAPPING events from decorations provider vscode.git 5620
2024-06-02 02:18:55.900 [warning] [Decorations] CAPPING events from decorations provider vscode.git 5620
2024-06-02 02:19:01.058 [warning] [Decorations] CAPPING events from decorations provider vscode.git 5620
2024-06-02 02:19:06.242 [warning] [Decorations] CAPPING events from decorations provider vscode.git 5620
2024-06-02 02:19:11.437 [warning] [Decorations] CAPPING events from decorations provider vscode.git 5620
2024-06-02 03:07:11.009 [warning] [Decorations] CAPPING events from decorations provider vscode.git 5620
2024-06-02 03:07:17.396 [warning] [Decorations] CAPPING events from decorations provider vscode.git 5620
2024-06-02 03:07:22.887 [warning] [Decorations] CAPPING events from decorations provider vscode.git 5620
2024-06-02 03:07:29.339 [warning] [Decorations] CAPPING events from decorations provider vscode.git 5620
2024-06-02 03:07:35.108 [warning] [Decorations] CAPPING events from decorations provider vscode.git 5620
2024-06-02 03:07:40.290 [warning] [Decorations] CAPPING events from decorations provider vscode.git 5620
2024-06-02 03:07:45.502 [warning] [Decorations] CAPPING events from decorations provider vscode.git 5620
2024-06-02 03:07:50.700 [warning] [Decorations] CAPPING events from decorations provider vscode.git 5621
2024-06-02 03:07:55.938 [warning] [Decorations] CAPPING events from decorations provider vscode.git 5621
2024-06-02 03:08:01.178 [warning] [Decorations] CAPPING events from decorations provider vscode.git 5621
2024-06-02 03:08:06.331 [warning] [Decorations] CAPPING events from decorations provider vscode.git 5621
2024-06-02 03:08:11.621 [warning] [Decorations] CAPPING events from decorations provider vscode.git 5621
2024-06-02 03:08:16.833 [warning] [Decorations] CAPPING events from decorations provider vscode.git 5621
2024-06-02 03:08:22.063 [warning] [Decorations] CAPPING events from decorations provider vscode.git 5621
2024-06-02 03:08:27.240 [warning] [Decorations] CAPPING events from decorations provider vscode.git 5621
2024-06-02 03:08:32.479 [warning] [Decorations] CAPPING events from decorations provider vscode.git 5621
2024-06-02 03:08:37.699 [warning] [Decorations] CAPPING events from decorations provider vscode.git 5621
2024-06-02 03:08:39.468 [info] ExtensionService#_doActivateExtension vscode.media-preview, startup: false, activationEvent: 'onCustomEditor:imagePreview.previewEditor'
2024-06-02 03:08:42.868 [warning] [Decorations] CAPPING events from decorations provider vscode.git 5622
2024-06-02 03:08:48.086 [warning] [Decorations] CAPPING events from decorations provider vscode.git 5622
2024-06-02 03:08:53.284 [warning] [Decorations] CAPPING events from decorations provider vscode.git 5622
2024-06-02 03:08:58.444 [warning] [Decorations] CAPPING events from decorations provider vscode.git 5622
2024-06-02 03:09:03.662 [warning] [Decorations] CAPPING events from decorations provider vscode.git 5622
2024-06-02 03:09:08.894 [warning] [Decorations] CAPPING events from decorations provider vscode.git 5622
2024-06-02 03:09:14.106 [warning] [Decorations] CAPPING events from decorations provider vscode.git 5622
2024-06-02 03:09:19.281 [warning] [Decorations] CAPPING events from decorations provider vscode.git 5622
2024-06-02 03:09:24.445 [warning] [Decorations] CAPPING events from decorations provider vscode.git 5622
2024-06-02 03:09:29.709 [warning] [Decorations] CAPPING events from decorations provider vscode.git 5622
2024-06-02 03:09:34.918 [warning] [Decorations] CAPPING events from decorations provider vscode.git 5622
2024-06-02 03:11:38.826 [warning] [Decorations] CAPPING events from decorations provider vscode.git 5623
2024-06-02 03:11:44.045 [warning] [Decorations] CAPPING events from decorations provider vscode.git 5622
2024-06-02 03:11:49.254 [warning] [Decorations] CAPPING events from decorations provider vscode.git 5622
2024-06-02 03:11:54.450 [warning] [Decorations] CAPPING events from decorations provider vscode.git 5622
2024-06-02 03:11:59.589 [warning] [Decorations] CAPPING events from decorations provider vscode.git 5622
2024-06-02 03:12:04.764 [warning] [Decorations] CAPPING events from decorations provider vscode.git 5622
2024-06-02 03:12:09.911 [warning] [Decorations] CAPPING events from decorations provider vscode.git 5622
2024-06-02 03:12:15.086 [warning] [Decorations] CAPPING events from decorations provider vscode.git 5622
2024-06-02 03:12:20.345 [warning] [Decorations] CAPPING events from decorations provider vscode.git 5623
2024-06-02 03:12:25.588 [warning] [Decorations] CAPPING events from decorations provider vscode.git 5623
2024-06-02 03:12:30.848 [warning] [Decorations] CAPPING events from decorations provider vscode.git 5623
2024-06-02 03:12:36.152 [warning] [Decorations] CAPPING events from decorations provider vscode.git 5624
2024-06-02 03:12:41.338 [warning] [Decorations] CAPPING events from decorations provider vscode.git 5624
2024-06-02 03:12:46.648 [warning] [Decorations] CAPPING events from decorations provider vscode.git 5624
2024-06-02 03:12:51.924 [warning] [Decorations] CAPPING events from decorations provider vscode.git 5624
2024-06-02 03:12:57.142 [warning] [Decorations] CAPPING events from decorations provider vscode.git 5625
2024-06-02 03:13:02.298 [warning] [Decorations] CAPPING events from decorations provider vscode.git 5625
2024-06-02 03:13:07.507 [warning] [Decorations] CAPPING events from decorations provider vscode.git 5625
2024-06-02 03:13:12.777 [warning] [Decorations] CAPPING events from decorations provider vscode.git 5625
2024-06-02 03:13:18.005 [warning] [Decorations] CAPPING events from decorations provider vscode.git 5625
2024-06-02 03:13:23.215 [warning] [Decorations] CAPPING events from decorations provider vscode.git 5625
2024-06-02 03:13:28.419 [warning] [Decorations] CAPPING events from decorations provider vscode.git 5625
2024-06-02 03:13:33.646 [warning] [Decorations] CAPPING events from decorations provider vscode.git 5625
2024-06-02 03:13:38.909 [warning] [Decorations] CAPPING events from decorations provider vscode.git 5625
2024-06-02 03:13:44.166 [warning] [Decorations] CAPPING events from decorations provider vscode.git 5625
2024-06-02 03:13:49.342 [warning] [Decorations] CAPPING events from decorations provider vscode.git 5625
2024-06-02 03:13:54.515 [warning] [Decorations] CAPPING events from decorations provider vscode.git 5625
2024-06-02 03:13:59.682 [warning] [Decorations] CAPPING events from decorations provider vscode.git 5626
2024-06-02 03:14:04.935 [warning] [Decorations] CAPPING events from decorations provider vscode.git 5626
2024-06-02 03:14:10.230 [warning] [Decorations] CAPPING events from decorations provider vscode.git 5626
2024-06-02 03:14:15.438 [warning] [Decorations] CAPPING events from decorations provider vscode.git 5626
2024-06-02 03:14:20.683 [warning] [Decorations] CAPPING events from decorations provider vscode.git 5626
2024-06-02 03:14:25.930 [warning] [Decorations] CAPPING events from decorations provider vscode.git 5626
2024-06-02 03:14:31.197 [warning] [Decorations] CAPPING events from decorations provider vscode.git 5626
2024-06-02 03:14:36.480 [warning] [Decorations] CAPPING events from decorations provider vscode.git 5626
2024-06-02 03:14:41.716 [warning] [Decorations] CAPPING events from decorations provider vscode.git 5626
2024-06-02 03:14:46.909 [warning] [Decorations] CAPPING events from decorations provider vscode.git 5626
2024-06-02 03:14:52.180 [warning] [Decorations] CAPPING events from decorations provider vscode.git 5627
2024-06-02 03:14:57.380 [warning] [Decorations] CAPPING events from decorations provider vscode.git 5627
2024-06-02 03:15:02.549 [warning] [Decorations] CAPPING events from decorations provider vscode.git 5627
2024-06-02 03:15:07.871 [warning] [Decorations] CAPPING events from decorations provider vscode.git 5627
2024-06-02 03:15:13.171 [warning] [Decorations] CAPPING events from decorations provider vscode.git 5627
2024-06-02 03:15:18.390 [warning] [Decorations] CAPPING events from decorations provider vscode.git 5627
2024-06-02 03:15:23.770 [warning] [Decorations] CAPPING events from decorations provider vscode.git 5627
2024-06-02 03:15:29.062 [warning] [Decorations] CAPPING events from decorations provider vscode.git 5627
2024-06-02 03:15:34.424 [warning] [Decorations] CAPPING events from decorations provider vscode.git 5628
2024-06-02 03:15:39.658 [warning] [Decorations] CAPPING events from decorations provider vscode.git 5629
2024-06-02 03:15:44.838 [warning] [Decorations] CAPPING events from decorations provider vscode.git 5629
2024-06-02 03:15:50.043 [warning] [Decorations] CAPPING events from decorations provider vscode.git 5629
2024-06-02 03:15:55.275 [warning] [Decorations] CAPPING events from decorations provider vscode.git 5629
2024-06-02 03:16:00.485 [warning] [Decorations] CAPPING events from decorations provider vscode.git 5629
2024-06-02 03:16:05.639 [warning] [Decorations] CAPPING events from decorations provider vscode.git 5629
2024-06-02 03:16:10.879 [warning] [Decorations] CAPPING events from decorations provider vscode.git 5629
2024-06-02 03:16:16.220 [warning] [Decorations] CAPPING events from decorations provider vscode.git 5629
2024-06-02 03:21:11.121 [warning] [Decorations] CAPPING events from decorations provider vscode.git 5629
2024-06-02 03:21:16.389 [warning] [Decorations] CAPPING events from decorations provider vscode.git 5629
2024-06-02 03:24:36.989 [warning] [Decorations] CAPPING events from decorations provider vscode.git 5629
2024-06-02 03:24:42.183 [warning] [Decorations] CAPPING events from decorations provider vscode.git 5629
2024-06-02 03:24:47.431 [warning] [Decorations] CAPPING events from decorations provider vscode.git 5631
2024-06-02 03:24:53.118 [warning] [Decorations] CAPPING events from decorations provider vscode.git 5630
2024-06-02 03:24:58.813 [warning] [Decorations] CAPPING events from decorations provider vscode.git 5629
2024-06-02 03:25:04.034 [warning] [Decorations] CAPPING events from decorations provider vscode.git 5629
2024-06-02 03:25:09.724 [warning] [Decorations] CAPPING events from decorations provider vscode.git 5629
2024-06-02 03:25:15.010 [warning] [Decorations] CAPPING events from decorations provider vscode.git 5629
2024-06-02 03:25:20.190 [warning] [Decorations] CAPPING events from decorations provider vscode.git 5629
2024-06-02 03:25:25.370 [warning] [Decorations] CAPPING events from decorations provider vscode.git 5629
2024-06-02 03:25:30.533 [warning] [Decorations] CAPPING events from decorations provider vscode.git 5629
2024-06-02 03:25:35.821 [warning] [Decorations] CAPPING events from decorations provider vscode.git 5629
2024-06-02 03:25:41.053 [warning] [Decorations] CAPPING events from decorations provider vscode.git 5629
2024-06-02 03:25:46.349 [warning] [Decorations] CAPPING events from decorations provider vscode.git 5629
2024-06-02 03:25:51.603 [warning] [Decorations] CAPPING events from decorations provider vscode.git 5629
2024-06-02 03:25:56.805 [warning] [Decorations] CAPPING events from decorations provider vscode.git 5629
2024-06-02 03:26:02.255 [warning] [Decorations] CAPPING events from decorations provider vscode.git 5629
2024-06-02 03:26:07.483 [warning] [Decorations] CAPPING events from decorations provider vscode.git 5629
2024-06-02 03:26:12.797 [warning] [Decorations] CAPPING events from decorations provider vscode.git 5629
2024-06-02 03:26:18.063 [warning] [Decorations] CAPPING events from decorations provider vscode.git 5629
2024-06-02 03:26:23.251 [warning] [Decorations] CAPPING events from decorations provider vscode.git 5629
2024-06-02 03:26:28.539 [warning] [Decorations] CAPPING events from decorations provider vscode.git 5629
2024-06-02 03:26:34.643 [warning] [Decorations] CAPPING events from decorations provider vscode.git 5629
2024-06-02 03:26:39.900 [warning] [Decorations] CAPPING events from decorations provider vscode.git 5629
2024-06-02 03:26:45.349 [warning] [Decorations] CAPPING events from decorations provider vscode.git 5629
2024-06-02 03:26:50.657 [warning] [Decorations] CAPPING events from decorations provider vscode.git 5629
2024-06-02 03:26:55.870 [warning] [Decorations] CAPPING events from decorations provider vscode.git 5629
2024-06-02 03:27:01.025 [warning] [Decorations] CAPPING events from decorations provider vscode.git 5629
2024-06-02 03:27:06.275 [warning] [Decorations] CAPPING events from decorations provider vscode.git 5629
2024-06-02 03:27:11.521 [warning] [Decorations] CAPPING events from decorations provider vscode.git 5629
2024-06-02 03:27:16.955 [warning] [Decorations] CAPPING events from decorations provider vscode.git 5629
2024-06-02 03:27:22.237 [warning] [Decorations] CAPPING events from decorations provider vscode.git 5629
2024-06-02 03:27:27.510 [warning] [Decorations] CAPPING events from decorations provider vscode.git 5629
2024-06-02 03:27:32.709 [warning] [Decorations] CAPPING events from decorations provider vscode.git 5629
2024-06-02 03:27:38.028 [warning] [Decorations] CAPPING events from decorations provider vscode.git 5629
2024-06-02 03:27:43.359 [warning] [Decorations] CAPPING events from decorations provider vscode.git 5629
2024-06-02 03:27:48.858 [warning] [Decorations] CAPPING events from decorations provider vscode.git 5629
2024-06-02 03:27:54.161 [warning] [Decorations] CAPPING events from decorations provider vscode.git 5629
2024-06-02 03:27:59.411 [warning] [Decorations] CAPPING events from decorations provider vscode.git 5629
2024-06-02 14:40:54.591 [warning] [Decorations] CAPPING events from decorations provider vscode.git 5631
2024-06-02 14:40:59.760 [warning] [Decorations] CAPPING events from decorations provider vscode.git 5631
2024-06-02 14:41:04.917 [warning] [Decorations] CAPPING events from decorations provider vscode.git 5631
2024-06-02 14:41:10.174 [warning] [Decorations] CAPPING events from decorations provider vscode.git 5631
2024-06-02 14:41:15.337 [warning] [Decorations] CAPPING events from decorations provider vscode.git 5631
2024-06-02 14:41:20.521 [warning] [Decorations] CAPPING events from decorations provider vscode.git 5631
2024-06-02 14:41:25.659 [warning] [Decorations] CAPPING events from decorations provider vscode.git 5631
2024-06-02 14:41:30.817 [warning] [Decorations] CAPPING events from decorations provider vscode.git 5631
2024-06-02 14:41:35.979 [warning] [Decorations] CAPPING events from decorations provider vscode.git 5631
2024-06-02 14:41:41.133 [warning] [Decorations] CAPPING events from decorations provider vscode.git 5631
2024-06-02 14:41:46.334 [warning] [Decorations] CAPPING events from decorations provider vscode.git 5631
2024-06-02 14:41:51.558 [warning] [Decorations] CAPPING events from decorations provider vscode.git 5631
2024-06-02 14:41:56.810 [warning] [Decorations] CAPPING events from decorations provider vscode.git 5631
2024-06-02 14:42:01.982 [warning] [Decorations] CAPPING events from decorations provider vscode.git 5631
2024-06-02 14:42:07.149 [warning] [Decorations] CAPPING events from decorations provider vscode.git 5631
2024-06-02 14:42:12.311 [warning] [Decorations] CAPPING events from decorations provider vscode.git 5631
2024-06-02 14:42:17.452 [warning] [Decorations] CAPPING events from decorations provider vscode.git 5631
2024-06-02 14:42:22.655 [warning] [Decorations] CAPPING events from decorations provider vscode.git 5631
2024-06-02 14:42:27.889 [warning] [Decorations] CAPPING events from decorations provider vscode.git 5631
2024-06-02 14:42:33.101 [warning] [Decorations] CAPPING events from decorations provider vscode.git 5631
2024-06-02 14:42:38.332 [warning] [Decorations] CAPPING events from decorations provider vscode.git 5631
2024-06-02 14:42:43.486 [warning] [Decorations] CAPPING events from decorations provider vscode.git 5631
2024-06-02 14:42:48.660 [warning] [Decorations] CAPPING events from decorations provider vscode.git 5631
2024-06-02 14:42:53.946 [warning] [Decorations] CAPPING events from decorations provider vscode.git 5631
2024-06-02 14:42:59.277 [warning] [Decorations] CAPPING events from decorations provider vscode.git 5631
2024-06-02 14:43:04.517 [warning] [Decorations] CAPPING events from decorations provider vscode.git 5631
2024-06-02 14:43:09.650 [warning] [Decorations] CAPPING events from decorations provider vscode.git 5631
2024-06-02 14:43:14.853 [warning] [Decorations] CAPPING events from decorations provider vscode.git 5631
2024-06-02 14:43:20.030 [warning] [Decorations] CAPPING events from decorations provider vscode.git 5631
2024-06-02 14:43:25.172 [warning] [Decorations] CAPPING events from decorations provider vscode.git 5631
2024-06-02 14:43:30.319 [warning] [Decorations] CAPPING events from decorations provider vscode.git 5631
2024-06-02 14:43:35.520 [warning] [Decorations] CAPPING events from decorations provider vscode.git 5631
2024-06-02 14:43:40.708 [warning] [Decorations] CAPPING events from decorations provider vscode.git 5631
2024-06-02 14:43:45.902 [warning] [Decorations] CAPPING events from decorations provider vscode.git 5631
2024-06-02 14:43:51.101 [warning] [Decorations] CAPPING events from decorations provider vscode.git 5631
2024-06-02 14:43:56.249 [warning] [Decorations] CAPPING events from decorations provider vscode.git 5631
2024-06-02 14:44:01.478 [warning] [Decorations] CAPPING events from decorations provider vscode.git 5631
2024-06-02 14:44:06.649 [warning] [Decorations] CAPPING events from decorations provider vscode.git 5631
2024-06-02 14:44:11.815 [warning] [Decorations] CAPPING events from decorations provider vscode.git 5631
2024-06-02 14:44:16.996 [warning] [Decorations] CAPPING events from decorations provider vscode.git 5631
2024-06-02 14:44:22.216 [warning] [Decorations] CAPPING events from decorations provider vscode.git 5631
2024-06-02 14:44:27.367 [warning] [Decorations] CAPPING events from decorations provider vscode.git 5631
2024-06-02 14:44:32.594 [warning] [Decorations] CAPPING events from decorations provider vscode.git 5631
2024-06-02 14:44:37.759 [warning] [Decorations] CAPPING events from decorations provider vscode.git 5631
2024-06-02 14:44:42.931 [warning] [Decorations] CAPPING events from decorations provider vscode.git 5631
2024-06-02 14:44:48.082 [warning] [Decorations] CAPPING events from decorations provider vscode.git 5631
2024-06-02 14:44:53.250 [warning] [Decorations] CAPPING events from decorations provider vscode.git 5631
2024-06-02 14:44:58.408 [warning] [Decorations] CAPPING events from decorations provider vscode.git 5631
2024-06-02 14:45:03.659 [warning] [Decorations] CAPPING events from decorations provider vscode.git 5631
2024-06-02 14:45:08.817 [warning] [Decorations] CAPPING events from decorations provider vscode.git 5631
2024-06-02 14:45:13.988 [warning] [Decorations] CAPPING events from decorations provider vscode.git 5631
2024-06-02 14:45:19.177 [warning] [Decorations] CAPPING events from decorations provider vscode.git 5631
2024-06-02 14:45:24.310 [warning] [Decorations] CAPPING events from decorations provider vscode.git 5631
2024-06-02 14:45:29.457 [warning] [Decorations] CAPPING events from decorations provider vscode.git 5631
2024-06-02 14:45:34.640 [warning] [Decorations] CAPPING events from decorations provider vscode.git 5631
2024-06-02 14:45:39.785 [warning] [Decorations] CAPPING events from decorations provider vscode.git 5631
2024-06-02 14:45:45.005 [warning] [Decorations] CAPPING events from decorations provider vscode.git 5631
2024-06-02 14:45:50.179 [warning] [Decorations] CAPPING events from decorations provider vscode.git 5631
2024-06-02 14:45:55.316 [warning] [Decorations] CAPPING events from decorations provider vscode.git 5631
2024-06-02 14:46:00.508 [warning] [Decorations] CAPPING events from decorations provider vscode.git 5631
2024-06-02 14:46:05.743 [warning] [Decorations] CAPPING events from decorations provider vscode.git 5631
2024-06-02 14:46:10.874 [warning] [Decorations] CAPPING events from decorations provider vscode.git 5631
2024-06-02 14:46:16.080 [warning] [Decorations] CAPPING events from decorations provider vscode.git 5631
2024-06-02 14:46:21.254 [warning] [Decorations] CAPPING events from decorations provider vscode.git 5631
2024-06-02 14:46:26.433 [warning] [Decorations] CAPPING events from decorations provider vscode.git 5631
2024-06-02 14:46:31.633 [warning] [Decorations] CAPPING events from decorations provider vscode.git 5631
2024-06-02 14:46:36.863 [warning] [Decorations] CAPPING events from decorations provider vscode.git 5631
2024-06-02 14:46:42.033 [warning] [Decorations] CAPPING events from decorations provider vscode.git 5631
2024-06-02 14:46:47.164 [warning] [Decorations] CAPPING events from decorations provider vscode.git 5631
2024-06-03 13:20:29.674 [warning] [Decorations] CAPPING events from decorations provider vscode.git 5631
2024-06-03 13:20:35.041 [warning] [Decorations] CAPPING events from decorations provider vscode.git 5631
2024-06-03 13:20:40.592 [warning] [Decorations] CAPPING events from decorations provider vscode.git 5631
2024-06-03 13:29:57.894 [warning] [Decorations] CAPPING events from decorations provider vscode.git 5631
2024-06-03 13:30:03.134 [warning] [Decorations] CAPPING events from decorations provider vscode.git 5631
2024-06-03 13:30:08.341 [warning] [Decorations] CAPPING events from decorations provider vscode.git 5631
2024-06-03 13:30:13.502 [warning] [Decorations] CAPPING events from decorations provider vscode.git 5631
2024-06-03 13:30:18.732 [warning] [Decorations] CAPPING events from decorations provider vscode.git 5631
2024-06-03 13:30:23.915 [warning] [Decorations] CAPPING events from decorations provider vscode.git 5631
2024-06-03 13:30:29.120 [warning] [Decorations] CAPPING events from decorations provider vscode.git 5631
2024-06-03 13:30:34.340 [warning] [Decorations] CAPPING events from decorations provider vscode.git 5631
2024-06-03 13:30:39.886 [warning] [Decorations] CAPPING events from decorations provider vscode.git 5631
2024-06-03 13:30:45.226 [warning] [Decorations] CAPPING events from decorations provider vscode.git 5631
2024-06-03 13:30:50.415 [warning] [Decorations] CAPPING events from decorations provider vscode.git 5631
2024-06-03 13:30:55.637 [warning] [Decorations] CAPPING events from decorations provider vscode.git 5631
2024-06-03 13:31:00.877 [warning] [Decorations] CAPPING events from decorations provider vscode.git 5631
2024-06-03 13:31:06.117 [warning] [Decorations] CAPPING events from decorations provider vscode.git 5631
2024-06-03 13:31:11.280 [warning] [Decorations] CAPPING events from decorations provider vscode.git 5631
2024-06-03 13:31:16.484 [warning] [Decorations] CAPPING events from decorations provider vscode.git 5631
2024-06-03 13:31:21.653 [warning] [Decorations] CAPPING events from decorations provider vscode.git 5631
2024-06-03 13:31:26.852 [warning] [Decorations] CAPPING events from decorations provider vscode.git 5631
2024-06-03 13:31:32.004 [warning] [Decorations] CAPPING events from decorations provider vscode.git 5631
2024-06-03 13:31:37.176 [warning] [Decorations] CAPPING events from decorations provider vscode.git 5631
2024-06-03 13:31:42.348 [warning] [Decorations] CAPPING events from decorations provider vscode.git 5631
2024-06-03 13:31:47.505 [warning] [Decorations] CAPPING events from decorations provider vscode.git 5631
2024-06-03 13:31:52.662 [warning] [Decorations] CAPPING events from decorations provider vscode.git 5631
2024-06-03 13:31:57.819 [warning] [Decorations] CAPPING events from decorations provider vscode.git 5631
2024-06-03 13:32:02.976 [warning] [Decorations] CAPPING events from decorations provider vscode.git 5631
2024-06-03 13:32:08.217 [warning] [Decorations] CAPPING events from decorations provider vscode.git 5631
2024-06-03 13:32:13.459 [warning] [Decorations] CAPPING events from decorations provider vscode.git 5631
2024-06-03 13:32:18.637 [warning] [Decorations] CAPPING events from decorations provider vscode.git 5631
2024-06-03 13:32:23.813 [warning] [Decorations] CAPPING events from decorations provider vscode.git 5631
2024-06-03 13:32:28.988 [warning] [Decorations] CAPPING events from decorations provider vscode.git 5631
2024-06-03 13:32:34.434 [warning] [Decorations] CAPPING events from decorations provider vscode.git 5631
2024-06-03 13:32:39.673 [warning] [Decorations] CAPPING events from decorations provider vscode.git 5631
2024-06-03 13:32:44.849 [warning] [Decorations] CAPPING events from decorations provider vscode.git 5631
2024-06-03 13:32:49.995 [warning] [Decorations] CAPPING events from decorations provider vscode.git 5631
2024-06-03 13:32:55.146 [warning] [Decorations] CAPPING events from decorations provider vscode.git 5631
2024-06-03 13:33:00.307 [warning] [Decorations] CAPPING events from decorations provider vscode.git 5631
2024-06-03 13:33:05.514 [warning] [Decorations] CAPPING events from decorations provider vscode.git 5631
2024-06-03 13:33:10.682 [warning] [Decorations] CAPPING events from decorations provider vscode.git 5631
2024-06-03 13:33:15.884 [warning] [Decorations] CAPPING events from decorations provider vscode.git 5631
2024-06-03 13:33:21.147 [warning] [Decorations] CAPPING events from decorations provider vscode.git 5631
2024-06-03 13:33:26.366 [warning] [Decorations] CAPPING events from decorations provider vscode.git 5631
2024-06-03 13:33:31.621 [warning] [Decorations] CAPPING events from decorations provider vscode.git 5631
2024-06-03 13:33:36.904 [warning] [Decorations] CAPPING events from decorations provider vscode.git 5631
2024-06-03 13:33:42.147 [warning] [Decorations] CAPPING events from decorations provider vscode.git 5631
2024-06-03 13:33:47.362 [warning] [Decorations] CAPPING events from decorations provider vscode.git 5631
2024-06-03 13:33:52.629 [warning] [Decorations] CAPPING events from decorations provider vscode.git 5631
2024-06-03 13:33:57.779 [warning] [Decorations] CAPPING events from decorations provider vscode.git 5631
2024-06-03 13:34:02.953 [warning] [Decorations] CAPPING events from decorations provider vscode.git 5631
2024-06-03 13:35:06.315 [warning] [Decorations] CAPPING events from decorations provider vscode.git 5631
2024-06-03 13:35:11.529 [warning] [Decorations] CAPPING events from decorations provider vscode.git 5631
2024-06-03 13:35:16.781 [warning] [Decorations] CAPPING events from decorations provider vscode.git 5631
2024-06-03 13:35:22.059 [warning] [Decorations] CAPPING events from decorations provider vscode.git 5631
2024-06-03 13:35:27.268 [warning] [Decorations] CAPPING events from decorations provider vscode.git 5631
2024-06-03 13:35:32.529 [warning] [Decorations] CAPPING events from decorations provider vscode.git 5631
2024-06-03 13:35:37.780 [warning] [Decorations] CAPPING events from decorations provider vscode.git 5631
2024-06-03 13:35:42.957 [warning] [Decorations] CAPPING events from decorations provider vscode.git 5631
2024-06-03 13:35:48.202 [warning] [Decorations] CAPPING events from decorations provider vscode.git 5631
2024-06-03 13:35:53.501 [warning] [Decorations] CAPPING events from decorations provider vscode.git 5631
2024-06-03 13:35:58.645 [warning] [Decorations] CAPPING events from decorations provider vscode.git 5631
2024-06-03 13:36:03.926 [warning] [Decorations] CAPPING events from decorations provider vscode.git 5631
2024-06-03 13:36:09.085 [warning] [Decorations] CAPPING events from decorations provider vscode.git 5632
2024-06-03 13:36:14.352 [warning] [Decorations] CAPPING events from decorations provider vscode.git 5632
2024-06-03 13:36:19.579 [warning] [Decorations] CAPPING events from decorations provider vscode.git 5632
2024-06-03 13:36:24.877 [warning] [Decorations] CAPPING events from decorations provider vscode.git 5632
2024-06-03 13:36:30.141 [warning] [Decorations] CAPPING events from decorations provider vscode.git 5632
2024-06-03 13:36:35.413 [warning] [Decorations] CAPPING events from decorations provider vscode.git 5632
2024-06-03 13:36:40.586 [warning] [Decorations] CAPPING events from decorations provider vscode.git 5632
2024-06-03 13:36:45.906 [warning] [Decorations] CAPPING events from decorations provider vscode.git 5632
2024-06-03 13:36:51.056 [warning] [Decorations] CAPPING events from decorations provider vscode.git 5632
2024-06-03 13:37:04.747 [warning] [Decorations] CAPPING events from decorations provider vscode.git 5632
2024-06-03 13:37:10.043 [warning] [Decorations] CAPPING events from decorations provider vscode.git 5632
2024-06-03 13:38:38.781 [warning] [Decorations] CAPPING events from decorations provider vscode.git 5632
2024-06-03 13:38:44.116 [warning] [Decorations] CAPPING events from decorations provider vscode.git 5632
2024-06-03 13:38:49.388 [warning] [Decorations] CAPPING events from decorations provider vscode.git 5632
2024-06-03 13:38:54.548 [warning] [Decorations] CAPPING events from decorations provider vscode.git 5632
2024-06-03 13:38:59.763 [warning] [Decorations] CAPPING events from decorations provider vscode.git 5633
2024-06-03 13:39:05.063 [warning] [Decorations] CAPPING events from decorations provider vscode.git 5633
2024-06-03 13:39:17.297 [warning] [Decorations] CAPPING events from decorations provider vscode.git 5633
2024-06-03 13:39:22.538 [warning] [Decorations] CAPPING events from decorations provider vscode.git 5633
2024-06-03 13:39:29.525 [warning] [Decorations] CAPPING events from decorations provider vscode.git 5633
2024-06-03 13:39:34.796 [warning] [Decorations] CAPPING events from decorations provider vscode.git 5633
2024-06-03 13:39:39.981 [warning] [Decorations] CAPPING events from decorations provider vscode.git 5633
2024-06-03 13:39:45.339 [warning] [Decorations] CAPPING events from decorations provider vscode.git 5633
2024-06-03 13:39:50.623 [warning] [Decorations] CAPPING events from decorations provider vscode.git 5633
2024-06-03 13:39:55.951 [warning] [Decorations] CAPPING events from decorations provider vscode.git 5633
2024-06-03 13:39:57.489 [info] ExtensionService#_doActivateExtension vscode.npm, startup: false, activationEvent: 'onTerminalQuickFixRequest:ms-vscode.npm-command'
2024-06-03 13:40:01.107 [warning] [Decorations] CAPPING events from decorations provider vscode.git 5633
2024-06-03 13:40:06.285 [warning] [Decorations] CAPPING events from decorations provider vscode.git 5633
2024-06-03 13:40:11.468 [warning] [Decorations] CAPPING events from decorations provider vscode.git 5634
2024-06-03 13:40:16.602 [warning] [Decorations] CAPPING events from decorations provider vscode.git 5634
2024-06-03 13:40:21.736 [warning] [Decorations] CAPPING events from decorations provider vscode.git 5634
2024-06-03 13:40:26.885 [warning] [Decorations] CAPPING events from decorations provider vscode.git 5634
2024-06-03 13:40:57.639 [warning] [Decorations] CAPPING events from decorations provider vscode.git 5634
2024-06-03 14:29:13.621 [warning] [Decorations] CAPPING events from decorations provider vscode.git 5634
2024-06-03 14:29:18.790 [warning] [Decorations] CAPPING events from decorations provider vscode.git 5634
2024-06-03 14:29:23.980 [warning] [Decorations] CAPPING events from decorations provider vscode.git 5634
2024-06-03 14:33:32.098 [warning] [Decorations] CAPPING events from decorations provider vscode.git 5634
2024-06-03 14:33:37.340 [warning] [Decorations] CAPPING events from decorations provider vscode.git 5634
2024-06-03 14:33:42.590 [warning] [Decorations] CAPPING events from decorations provider vscode.git 5634
2024-06-03 14:33:47.763 [warning] [Decorations] CAPPING events from decorations provider vscode.git 5634
2024-06-03 14:33:52.972 [warning] [Decorations] CAPPING events from decorations provider vscode.git 5634
2024-06-03 14:33:58.113 [warning] [Decorations] CAPPING events from decorations provider vscode.git 5634
2024-06-03 14:34:03.271 [warning] [Decorations] CAPPING events from decorations provider vscode.git 5634
2024-06-03 14:34:08.410 [warning] [Decorations] CAPPING events from decorations provider vscode.git 5634
2024-06-03 14:34:13.559 [warning] [Decorations] CAPPING events from decorations provider vscode.git 5634
2024-06-03 14:34:18.721 [warning] [Decorations] CAPPING events from decorations provider vscode.git 5634
2024-06-03 14:34:23.863 [warning] [Decorations] CAPPING events from decorations provider vscode.git 5634
2024-06-03 14:34:29.007 [warning] [Decorations] CAPPING events from decorations provider vscode.git 5634
2024-06-03 14:34:34.133 [warning] [Decorations] CAPPING events from decorations provider vscode.git 5634
2024-06-03 14:34:39.275 [warning] [Decorations] CAPPING events from decorations provider vscode.git 5634
2024-06-03 14:34:44.400 [warning] [Decorations] CAPPING events from decorations provider vscode.git 5634
2024-06-03 14:34:49.555 [warning] [Decorations] CAPPING events from decorations provider vscode.git 5634
2024-06-03 14:34:54.691 [warning] [Decorations] CAPPING events from decorations provider vscode.git 5634
2024-06-03 14:34:59.832 [warning] [Decorations] CAPPING events from decorations provider vscode.git 5634
2024-06-03 14:35:05.019 [warning] [Decorations] CAPPING events from decorations provider vscode.git 5634
2024-06-03 14:35:10.191 [warning] [Decorations] CAPPING events from decorations provider vscode.git 5634
2024-06-03 14:35:15.346 [warning] [Decorations] CAPPING events from decorations provider vscode.git 5634
2024-06-03 14:35:20.476 [warning] [Decorations] CAPPING events from decorations provider vscode.git 5634
2024-06-03 14:35:25.615 [warning] [Decorations] CAPPING events from decorations provider vscode.git 5634
2024-06-03 14:35:30.782 [warning] [Decorations] CAPPING events from decorations provider vscode.git 5634
2024-06-03 14:35:35.929 [warning] [Decorations] CAPPING events from decorations provider vscode.git 5634
2024-06-03 14:35:41.093 [warning] [Decorations] CAPPING events from decorations provider vscode.git 5634
2024-06-03 14:35:46.348 [warning] [Decorations] CAPPING events from decorations provider vscode.git 5634
2024-06-03 14:35:51.501 [warning] [Decorations] CAPPING events from decorations provider vscode.git 5634
2024-06-03 14:35:56.660 [warning] [Decorations] CAPPING events from decorations provider vscode.git 5634
2024-06-03 14:36:01.853 [warning] [Decorations] CAPPING events from decorations provider vscode.git 5634
2024-06-03 14:36:07.029 [warning] [Decorations] CAPPING events from decorations provider vscode.git 5634
2024-06-03 14:36:12.218 [warning] [Decorations] CAPPING events from decorations provider vscode.git 5634
2024-06-03 14:36:17.378 [warning] [Decorations] CAPPING events from decorations provider vscode.git 5634
2024-06-03 14:36:22.541 [warning] [Decorations] CAPPING events from decorations provider vscode.git 5634
2024-06-03 14:36:27.677 [warning] [Decorations] CAPPING events from decorations provider vscode.git 5634
2024-06-03 14:36:32.956 [warning] [Decorations] CAPPING events from decorations provider vscode.git 5634
2024-06-03 14:36:38.200 [warning] [Decorations] CAPPING events from decorations provider vscode.git 5634
2024-06-03 14:36:43.361 [warning] [Decorations] CAPPING events from decorations provider vscode.git 5634
2024-06-03 14:36:48.515 [warning] [Decorations] CAPPING events from decorations provider vscode.git 5634
2024-06-03 14:38:36.417 [warning] [Decorations] CAPPING events from decorations provider vscode.git 5634
2024-06-03 14:38:41.647 [warning] [Decorations] CAPPING events from decorations provider vscode.git 5634
2024-06-03 14:38:46.774 [warning] [Decorations] CAPPING events from decorations provider vscode.git 5634
2024-06-03 14:38:51.946 [warning] [Decorations] CAPPING events from decorations provider vscode.git 5634
2024-06-03 14:38:57.106 [warning] [Decorations] CAPPING events from decorations provider vscode.git 5634
2024-06-03 14:39:02.290 [warning] [Decorations] CAPPING events from decorations provider vscode.git 5634
2024-06-03 14:39:07.454 [warning] [Decorations] CAPPING events from decorations provider vscode.git 5634
2024-06-03 14:39:12.672 [warning] [Decorations] CAPPING events from decorations provider vscode.git 5634
2024-06-03 14:39:17.908 [warning] [Decorations] CAPPING events from decorations provider vscode.git 5634
2024-06-03 14:39:23.209 [warning] [Decorations] CAPPING events from decorations provider vscode.git 5634
2024-06-03 14:39:28.378 [warning] [Decorations] CAPPING events from decorations provider vscode.git 5634
2024-06-03 14:39:33.543 [warning] [Decorations] CAPPING events from decorations provider vscode.git 5634
2024-06-03 14:39:38.665 [warning] [Decorations] CAPPING events from decorations provider vscode.git 5634
2024-06-03 14:39:43.832 [warning] [Decorations] CAPPING events from decorations provider vscode.git 5634
2024-06-03 14:39:48.973 [warning] [Decorations] CAPPING events from decorations provider vscode.git 5634
2024-06-03 14:39:54.134 [warning] [Decorations] CAPPING events from decorations provider vscode.git 5634
2024-06-03 14:39:59.306 [warning] [Decorations] CAPPING events from decorations provider vscode.git 5634
2024-06-03 14:40:04.443 [warning] [Decorations] CAPPING events from decorations provider vscode.git 5634
2024-06-03 14:40:09.606 [warning] [Decorations] CAPPING events from decorations provider vscode.git 5634
2024-06-03 14:40:14.803 [warning] [Decorations] CAPPING events from decorations provider vscode.git 5634
2024-06-03 14:40:19.925 [warning] [Decorations] CAPPING events from decorations provider vscode.git 5634
2024-06-03 14:40:25.121 [warning] [Decorations] CAPPING events from decorations provider vscode.git 5634
2024-06-03 14:40:30.398 [warning] [Decorations] CAPPING events from decorations provider vscode.git 5634
2024-06-03 14:40:35.586 [warning] [Decorations] CAPPING events from decorations provider vscode.git 5634
2024-06-03 14:45:29.418 [warning] [Decorations] CAPPING events from decorations provider vscode.git 5634
2024-06-03 14:45:34.599 [warning] [Decorations] CAPPING events from decorations provider vscode.git 5634
2024-06-03 14:45:39.829 [warning] [Decorations] CAPPING events from decorations provider vscode.git 5634
2024-06-03 14:45:45.029 [warning] [Decorations] CAPPING events from decorations provider vscode.git 5634
2024-06-03 14:45:50.233 [warning] [Decorations] CAPPING events from decorations provider vscode.git 5634
2024-06-03 14:45:55.385 [warning] [Decorations] CAPPING events from decorations provider vscode.git 5634
2024-06-03 14:46:00.637 [warning] [Decorations] CAPPING events from decorations provider vscode.git 5634
2024-06-03 14:46:05.888 [warning] [Decorations] CAPPING events from decorations provider vscode.git 5634
2024-06-03 14:46:11.039 [warning] [Decorations] CAPPING events from decorations provider vscode.git 5634
2024-06-03 14:46:16.481 [warning] [Decorations] CAPPING events from decorations provider vscode.git 5634
2024-06-03 14:46:21.662 [warning] [Decorations] CAPPING events from decorations provider vscode.git 5634
2024-06-03 14:46:26.827 [warning] [Decorations] CAPPING events from decorations provider vscode.git 5634
2024-06-03 14:46:32.000 [warning] [Decorations] CAPPING events from decorations provider vscode.git 5634
2024-06-03 14:46:37.178 [warning] [Decorations] CAPPING events from decorations provider vscode.git 5634
2024-06-03 14:46:42.372 [warning] [Decorations] CAPPING events from decorations provider vscode.git 5634
2024-06-03 14:46:47.558 [warning] [Decorations] CAPPING events from decorations provider vscode.git 5634
2024-06-03 14:46:52.723 [warning] [Decorations] CAPPING events from decorations provider vscode.git 5634
2024-06-03 14:46:57.881 [warning] [Decorations] CAPPING events from decorations provider vscode.git 5634
2024-06-03 14:47:03.131 [warning] [Decorations] CAPPING events from decorations provider vscode.git 5634
2024-06-03 14:47:08.300 [warning] [Decorations] CAPPING events from decorations provider vscode.git 5634
2024-06-03 14:47:13.480 [warning] [Decorations] CAPPING events from decorations provider vscode.git 5634
2024-06-03 14:47:18.678 [warning] [Decorations] CAPPING events from decorations provider vscode.git 5634
2024-06-03 14:48:15.681 [warning] [Decorations] CAPPING events from decorations provider vscode.git 5635
2024-06-03 14:48:21.209 [warning] [Decorations] CAPPING events from decorations provider vscode.git 5635
2024-06-03 14:48:26.580 [warning] [Decorations] CAPPING events from decorations provider vscode.git 5635
2024-06-03 14:48:31.965 [warning] [Decorations] CAPPING events from decorations provider vscode.git 5635
2024-06-03 14:48:37.361 [warning] [Decorations] CAPPING events from decorations provider vscode.git 5635
2024-06-03 14:48:42.961 [warning] [Decorations] CAPPING events from decorations provider vscode.git 5635
2024-06-03 14:48:48.480 [warning] [Decorations] CAPPING events from decorations provider vscode.git 5635
2024-06-03 14:48:53.900 [warning] [Decorations] CAPPING events from decorations provider vscode.git 5635
2024-06-03 14:48:59.300 [warning] [Decorations] CAPPING events from decorations provider vscode.git 5635
2024-06-03 14:49:04.735 [warning] [Decorations] CAPPING events from decorations provider vscode.git 5635
2024-06-03 14:49:10.168 [warning] [Decorations] CAPPING events from decorations provider vscode.git 5635
2024-06-03 14:49:15.555 [warning] [Decorations] CAPPING events from decorations provider vscode.git 5635
2024-06-03 14:49:20.989 [warning] [Decorations] CAPPING events from decorations provider vscode.git 5635
2024-06-03 14:49:26.393 [warning] [Decorations] CAPPING events from decorations provider vscode.git 5635
2024-06-03 14:49:31.756 [warning] [Decorations] CAPPING events from decorations provider vscode.git 5635
2024-06-03 14:49:37.133 [warning] [Decorations] CAPPING events from decorations provider vscode.git 5635
2024-06-03 14:49:42.547 [warning] [Decorations] CAPPING events from decorations provider vscode.git 5635
2024-06-03 14:49:47.904 [warning] [Decorations] CAPPING events from decorations provider vscode.git 5635
2024-06-03 14:49:53.504 [warning] [Decorations] CAPPING events from decorations provider vscode.git 5635
2024-06-03 14:49:58.858 [warning] [Decorations] CAPPING events from decorations provider vscode.git 5635
2024-06-03 14:50:04.221 [warning] [Decorations] CAPPING events from decorations provider vscode.git 5635
2024-06-03 14:50:09.644 [warning] [Decorations] CAPPING events from decorations provider vscode.git 5635
2024-06-03 14:50:15.104 [warning] [Decorations] CAPPING events from decorations provider vscode.git 5635
2024-06-03 14:50:20.907 [warning] [Decorations] CAPPING events from decorations provider vscode.git 5635
2024-06-03 14:50:26.804 [warning] [Decorations] CAPPING events from decorations provider vscode.git 5635
2024-06-03 14:50:32.672 [warning] [Decorations] CAPPING events from decorations provider vscode.git 5635
2024-06-03 14:50:38.124 [warning] [Decorations] CAPPING events from decorations provider vscode.git 5635
2024-06-03 14:50:43.646 [warning] [Decorations] CAPPING events from decorations provider vscode.git 5635
2024-06-03 14:50:49.112 [warning] [Decorations] CAPPING events from decorations provider vscode.git 5635
2024-06-03 14:50:54.526 [warning] [Decorations] CAPPING events from decorations provider vscode.git 5635
2024-06-03 14:50:59.977 [warning] [Decorations] CAPPING events from decorations provider vscode.git 5635
2024-06-03 14:51:05.376 [warning] [Decorations] CAPPING events from decorations provider vscode.git 5635
2024-06-03 14:51:10.786 [warning] [Decorations] CAPPING events from decorations provider vscode.git 5635
2024-06-03 14:51:16.170 [warning] [Decorations] CAPPING events from decorations provider vscode.git 5635
2024-06-03 14:51:21.603 [warning] [Decorations] CAPPING events from decorations provider vscode.git 5635
2024-06-03 14:51:27.054 [warning] [Decorations] CAPPING events from decorations provider vscode.git 5635
2024-06-03 14:51:32.446 [warning] [Decorations] CAPPING events from decorations provider vscode.git 5635
2024-06-03 14:51:37.870 [warning] [Decorations] CAPPING events from decorations provider vscode.git 5635
2024-06-03 14:51:43.280 [warning] [Decorations] CAPPING events from decorations provider vscode.git 5635
2024-06-03 14:51:48.685 [warning] [Decorations] CAPPING events from decorations provider vscode.git 5635
2024-06-03 14:51:54.117 [warning] [Decorations] CAPPING events from decorations provider vscode.git 5635
2024-06-03 14:52:10.066 [warning] [Decorations] CAPPING events from decorations provider vscode.git 5635
2024-06-03 14:52:15.488 [warning] [Decorations] CAPPING events from decorations provider vscode.git 5635
2024-06-03 14:52:20.890 [warning] [Decorations] CAPPING events from decorations provider vscode.git 5635
2024-06-03 14:52:26.299 [warning] [Decorations] CAPPING events from decorations provider vscode.git 5635
2024-06-03 14:52:31.872 [warning] [Decorations] CAPPING events from decorations provider vscode.git 5635
2024-06-03 14:52:37.465 [warning] [Decorations] CAPPING events from decorations provider vscode.git 5635
2024-06-03 14:52:43.052 [warning] [Decorations] CAPPING events from decorations provider vscode.git 5635
2024-06-03 14:52:48.531 [warning] [Decorations] CAPPING events from decorations provider vscode.git 5635
2024-06-03 14:52:54.005 [warning] [Decorations] CAPPING events from decorations provider vscode.git 5635
2024-06-03 14:53:00.057 [warning] [Decorations] CAPPING events from decorations provider vscode.git 5635
2024-06-03 14:53:05.607 [warning] [Decorations] CAPPING events from decorations provider vscode.git 5635
2024-06-03 14:53:11.212 [warning] [Decorations] CAPPING events from decorations provider vscode.git 5635
2024-06-03 14:53:16.777 [warning] [Decorations] CAPPING events from decorations provider vscode.git 5635
2024-06-03 14:53:23.102 [warning] [Decorations] CAPPING events from decorations provider vscode.git 5635
2024-06-03 14:53:29.312 [warning] [Decorations] CAPPING events from decorations provider vscode.git 5635
2024-06-03 14:53:35.951 [warning] [Decorations] CAPPING events from decorations provider vscode.git 5635
2024-06-03 14:53:42.578 [warning] [Decorations] CAPPING events from decorations provider vscode.git 5635
2024-06-03 14:53:48.153 [warning] [Decorations] CAPPING events from decorations provider vscode.git 5635
2024-06-03 14:53:53.547 [warning] [Decorations] CAPPING events from decorations provider vscode.git 5635
2024-06-03 14:53:58.986 [warning] [Decorations] CAPPING events from decorations provider vscode.git 5635
2024-06-03 14:54:04.420 [warning] [Decorations] CAPPING events from decorations provider vscode.git 5635
2024-06-03 14:54:10.003 [warning] [Decorations] CAPPING events from decorations provider vscode.git 5635
2024-06-03 14:54:15.429 [warning] [Decorations] CAPPING events from decorations provider vscode.git 5635
2024-06-03 14:54:20.850 [warning] [Decorations] CAPPING events from decorations provider vscode.git 5635
2024-06-03 14:54:26.336 [warning] [Decorations] CAPPING events from decorations provider vscode.git 5635
2024-06-03 14:55:17.045 [warning] [Decorations] CAPPING events from decorations provider vscode.git 5641
2024-06-08 20:08:17.426 [warning] [Decorations] CAPPING events from decorations provider vscode.git 5642
2024-06-08 20:08:23.042 [warning] [Decorations] CAPPING events from decorations provider vscode.git 5642
2024-06-08 20:08:28.480 [warning] [Decorations] CAPPING events from decorations provider vscode.git 5642
2024-06-08 20:08:33.903 [warning] [Decorations] CAPPING events from decorations provider vscode.git 5642
2024-06-08 20:08:39.330 [warning] [Decorations] CAPPING events from decorations provider vscode.git 5642
2024-06-08 20:08:44.694 [warning] [Decorations] CAPPING events from decorations provider vscode.git 5642
2024-06-08 20:08:50.072 [warning] [Decorations] CAPPING events from decorations provider vscode.git 5642
2024-06-08 20:08:55.462 [warning] [Decorations] CAPPING events from decorations provider vscode.git 5642
2024-06-08 20:09:00.862 [warning] [Decorations] CAPPING events from decorations provider vscode.git 5642
2024-06-08 20:09:06.268 [warning] [Decorations] CAPPING events from decorations provider vscode.git 5642
2024-06-08 20:09:11.662 [warning] [Decorations] CAPPING events from decorations provider vscode.git 5642
2024-06-08 20:09:17.073 [warning] [Decorations] CAPPING events from decorations provider vscode.git 5642
2024-06-08 20:09:22.490 [warning] [Decorations] CAPPING events from decorations provider vscode.git 5642
2024-06-08 20:09:27.821 [warning] [Decorations] CAPPING events from decorations provider vscode.git 5642
2024-06-08 20:09:33.291 [warning] [Decorations] CAPPING events from decorations provider vscode.git 5642
2024-06-08 20:09:38.664 [warning] [Decorations] CAPPING events from decorations provider vscode.git 5642
2024-06-08 20:09:44.081 [warning] [Decorations] CAPPING events from decorations provider vscode.git 5642
2024-06-08 20:09:49.426 [warning] [Decorations] CAPPING events from decorations provider vscode.git 5642
2024-06-08 20:09:54.805 [warning] [Decorations] CAPPING events from decorations provider vscode.git 5642
2024-06-08 20:10:00.186 [warning] [Decorations] CAPPING events from decorations provider vscode.git 5642
2024-06-08 20:10:05.580 [warning] [Decorations] CAPPING events from decorations provider vscode.git 5642
2024-06-08 20:10:10.981 [warning] [Decorations] CAPPING events from decorations provider vscode.git 5642
2024-06-08 20:10:16.460 [warning] [Decorations] CAPPING events from decorations provider vscode.git 5642
2024-06-08 20:10:21.842 [warning] [Decorations] CAPPING events from decorations provider vscode.git 5642
2024-06-08 20:10:27.228 [warning] [Decorations] CAPPING events from decorations provider vscode.git 5642
2024-06-08 20:10:32.656 [warning] [Decorations] CAPPING events from decorations provider vscode.git 5642
2024-06-08 20:10:38.039 [warning] [Decorations] CAPPING events from decorations provider vscode.git 5642
2024-06-08 20:10:43.424 [warning] [Decorations] CAPPING events from decorations provider vscode.git 5642
2024-06-08 20:10:48.837 [warning] [Decorations] CAPPING events from decorations provider vscode.git 5642
2024-06-08 20:10:54.224 [warning] [Decorations] CAPPING events from decorations provider vscode.git 5642
2024-06-08 20:10:59.584 [warning] [Decorations] CAPPING events from decorations provider vscode.git 5642
2024-06-08 20:11:04.916 [warning] [Decorations] CAPPING events from decorations provider vscode.git 5642
2024-06-08 20:11:10.415 [warning] [Decorations] CAPPING events from decorations provider vscode.git 5642
2024-06-08 20:11:15.973 [warning] [Decorations] CAPPING events from decorations provider vscode.git 5642
2024-06-08 20:11:21.360 [warning] [Decorations] CAPPING events from decorations provider vscode.git 5642
2024-06-08 20:11:26.712 [warning] [Decorations] CAPPING events from decorations provider vscode.git 5642
2024-06-08 20:11:32.103 [warning] [Decorations] CAPPING events from decorations provider vscode.git 5642
2024-06-08 20:11:37.461 [warning] [Decorations] CAPPING events from decorations provider vscode.git 5642
2024-06-08 20:11:42.848 [warning] [Decorations] CAPPING events from decorations provider vscode.git 5642
2024-06-08 20:11:48.318 [warning] [Decorations] CAPPING events from decorations provider vscode.git 5642
2024-06-08 20:11:53.768 [warning] [Decorations] CAPPING events from decorations provider vscode.git 5642
2024-06-08 20:11:59.162 [warning] [Decorations] CAPPING events from decorations provider vscode.git 5642
2024-06-08 20:12:04.527 [warning] [Decorations] CAPPING events from decorations provider vscode.git 5642
2024-06-08 20:12:09.919 [warning] [Decorations] CAPPING events from decorations provider vscode.git 5642
2024-06-08 20:12:15.287 [warning] [Decorations] CAPPING events from decorations provider vscode.git 5642
2024-06-08 20:12:20.697 [warning] [Decorations] CAPPING events from decorations provider vscode.git 5642
2024-06-08 20:12:26.096 [warning] [Decorations] CAPPING events from decorations provider vscode.git 5642
2024-06-08 20:12:31.470 [warning] [Decorations] CAPPING events from decorations provider vscode.git 5642
2024-06-08 20:12:36.868 [warning] [Decorations] CAPPING events from decorations provider vscode.git 5642
2024-06-08 20:12:42.267 [warning] [Decorations] CAPPING events from decorations provider vscode.git 5642
2024-06-08 20:12:47.652 [warning] [Decorations] CAPPING events from decorations provider vscode.git 5642
2024-06-08 20:12:53.005 [warning] [Decorations] CAPPING events from decorations provider vscode.git 5642
2024-06-08 20:12:58.382 [warning] [Decorations] CAPPING events from decorations provider vscode.git 5642
2024-06-08 20:13:03.754 [warning] [Decorations] CAPPING events from decorations provider vscode.git 5642
2024-06-08 20:13:09.163 [warning] [Decorations] CAPPING events from decorations provider vscode.git 5642
2024-06-08 20:13:14.535 [warning] [Decorations] CAPPING events from decorations provider vscode.git 5642
2024-06-08 20:13:19.964 [warning] [Decorations] CAPPING events from decorations provider vscode.git 5642
2024-06-08 20:13:25.364 [warning] [Decorations] CAPPING events from decorations provider vscode.git 5642
2024-06-08 20:13:30.752 [warning] [Decorations] CAPPING events from decorations provider vscode.git 5642
2024-06-08 20:13:36.098 [warning] [Decorations] CAPPING events from decorations provider vscode.git 5642
2024-06-08 20:13:41.472 [warning] [Decorations] CAPPING events from decorations provider vscode.git 5642
2024-06-08 20:13:46.844 [warning] [Decorations] CAPPING events from decorations provider vscode.git 5642
2024-06-08 20:13:52.194 [warning] [Decorations] CAPPING events from decorations provider vscode.git 5642
2024-06-08 20:13:57.526 [warning] [Decorations] CAPPING events from decorations provider vscode.git 5642
2024-06-08 20:14:02.895 [warning] [Decorations] CAPPING events from decorations provider vscode.git 5642
2024-06-08 20:14:08.484 [warning] [Decorations] CAPPING events from decorations provider vscode.git 5642
2024-06-08 20:14:13.934 [warning] [Decorations] CAPPING events from decorations provider vscode.git 5642
2024-06-08 20:14:19.303 [warning] [Decorations] CAPPING events from decorations provider vscode.git 5642
2024-06-08 20:14:24.831 [warning] [Decorations] CAPPING events from decorations provider vscode.git 5642
2024-06-08 20:14:30.336 [warning] [Decorations] CAPPING events from decorations provider vscode.git 5642
2024-06-08 20:14:35.779 [warning] [Decorations] CAPPING events from decorations provider vscode.git 5642
2024-06-08 20:14:41.179 [warning] [Decorations] CAPPING events from decorations provider vscode.git 5642
2024-06-08 20:14:46.570 [warning] [Decorations] CAPPING events from decorations provider vscode.git 5642
2024-06-08 20:14:52.049 [warning] [Decorations] CAPPING events from decorations provider vscode.git 5642
2024-06-08 20:14:57.442 [warning] [Decorations] CAPPING events from decorations provider vscode.git 5642
2024-06-08 20:15:02.846 [warning] [Decorations] CAPPING events from decorations provider vscode.git 5642
2024-06-08 20:15:08.210 [warning] [Decorations] CAPPING events from decorations provider vscode.git 5642
2024-06-08 20:15:13.570 [warning] [Decorations] CAPPING events from decorations provider vscode.git 5642
2024-06-08 20:15:18.939 [warning] [Decorations] CAPPING events from decorations provider vscode.git 5642
2024-06-08 20:15:24.324 [warning] [Decorations] CAPPING events from decorations provider vscode.git 5642
2024-06-08 20:15:29.683 [warning] [Decorations] CAPPING events from decorations provider vscode.git 5642
2024-06-08 20:15:35.033 [warning] [Decorations] CAPPING events from decorations provider vscode.git 5642
2024-06-08 20:15:40.416 [warning] [Decorations] CAPPING events from decorations provider vscode.git 5642
2024-06-08 20:15:45.798 [warning] [Decorations] CAPPING events from decorations provider vscode.git 5642
2024-06-08 20:15:51.259 [warning] [Decorations] CAPPING events from decorations provider vscode.git 5642
2024-06-08 20:15:56.683 [warning] [Decorations] CAPPING events from decorations provider vscode.git 5642
2024-06-08 20:16:02.155 [warning] [Decorations] CAPPING events from decorations provider vscode.git 5642
2024-06-08 20:16:07.549 [warning] [Decorations] CAPPING events from decorations provider vscode.git 5642
2024-06-08 20:16:12.966 [warning] [Decorations] CAPPING events from decorations provider vscode.git 5642
2024-06-08 20:16:19.417 [warning] [Decorations] CAPPING events from decorations provider vscode.git 5642
2024-06-08 20:21:03.939 [warning] [Decorations] CAPPING events from decorations provider vscode.git 5642
2024-06-08 20:21:09.722 [warning] [Decorations] CAPPING events from decorations provider vscode.git 5642
2024-06-08 20:21:15.317 [warning] [Decorations] CAPPING events from decorations provider vscode.git 5642
2024-06-08 20:21:27.445 [warning] [Decorations] CAPPING events from decorations provider vscode.git 5642
2024-06-08 20:21:32.910 [warning] [Decorations] CAPPING events from decorations provider vscode.git 5642
2024-06-08 20:21:38.335 [warning] [Decorations] CAPPING events from decorations provider vscode.git 5642
2024-06-08 20:21:43.839 [warning] [Decorations] CAPPING events from decorations provider vscode.git 5642
2024-06-08 20:21:49.275 [warning] [Decorations] CAPPING events from decorations provider vscode.git 5642
2024-06-08 20:21:54.671 [warning] [Decorations] CAPPING events from decorations provider vscode.git 5642
2024-06-08 20:25:09.741 [warning] [Decorations] CAPPING events from decorations provider vscode.git 5642
2024-06-08 20:25:15.174 [warning] [Decorations] CAPPING events from decorations provider vscode.git 5642
2024-06-08 20:25:20.649 [warning] [Decorations] CAPPING events from decorations provider vscode.git 5642
2024-06-08 20:25:26.100 [warning] [Decorations] CAPPING events from decorations provider vscode.git 5642
2024-06-08 20:25:31.522 [warning] [Decorations] CAPPING events from decorations provider vscode.git 5642
2024-06-08 20:25:36.936 [warning] [Decorations] CAPPING events from decorations provider vscode.git 5642
2024-06-08 20:25:42.337 [warning] [Decorations] CAPPING events from decorations provider vscode.git 5642
2024-06-08 20:25:48.046 [warning] [Decorations] CAPPING events from decorations provider vscode.git 5642
2024-06-08 20:25:53.496 [warning] [Decorations] CAPPING events from decorations provider vscode.git 5642
2024-06-08 20:25:59.161 [warning] [Decorations] CAPPING events from decorations provider vscode.git 5642
2024-06-08 20:26:04.621 [warning] [Decorations] CAPPING events from decorations provider vscode.git 5642
2024-06-08 20:26:44.507 [warning] [Decorations] CAPPING events from decorations provider vscode.git 5642
2024-06-08 20:26:50.155 [warning] [Decorations] CAPPING events from decorations provider vscode.git 5642
2024-06-08 20:26:55.714 [warning] [Decorations] CAPPING events from decorations provider vscode.git 5642
2024-06-08 20:27:01.273 [warning] [Decorations] CAPPING events from decorations provider vscode.git 5642
2024-06-08 20:27:07.730 [warning] [Decorations] CAPPING events from decorations provider vscode.git 5642
2024-06-08 20:27:13.874 [warning] [Decorations] CAPPING events from decorations provider vscode.git 5642
2024-06-08 20:27:20.524 [warning] [Decorations] CAPPING events from decorations provider vscode.git 5642
2024-06-08 20:27:26.052 [warning] [Decorations] CAPPING events from decorations provider vscode.git 5642
2024-06-08 20:27:31.538 [warning] [Decorations] CAPPING events from decorations provider vscode.git 5642
2024-06-08 20:27:50.496 [warning] [Decorations] CAPPING events from decorations provider vscode.git 5642
2024-06-08 20:27:56.008 [warning] [Decorations] CAPPING events from decorations provider vscode.git 5642
2024-06-08 20:28:01.502 [warning] [Decorations] CAPPING events from decorations provider vscode.git 5642
2024-06-08 20:28:07.044 [warning] [Decorations] CAPPING events from decorations provider vscode.git 5642
2024-06-08 20:28:12.533 [warning] [Decorations] CAPPING events from decorations provider vscode.git 5642
2024-06-08 20:28:18.106 [warning] [Decorations] CAPPING events from decorations provider vscode.git 5642
2024-06-08 20:28:23.541 [warning] [Decorations] CAPPING events from decorations provider vscode.git 5642
2024-06-08 20:28:29.213 [warning] [Decorations] CAPPING events from decorations provider vscode.git 5642
2024-06-08 20:28:34.726 [warning] [Decorations] CAPPING events from decorations provider vscode.git 5642
