2024-07-01 18:35:56.685 [info] Reading sessions from keychain...
2024-07-01 18:35:56.685 [info] Getting sessions for all scopes...
2024-07-01 18:35:56.685 [info] Getting sessions for all scopes...
2024-07-01 18:35:56.685 [info] Got stored sessions!
2024-07-01 18:35:56.685 [info] Got 1 verified sessions.
2024-07-01 18:35:56.685 [info] Got 1 sessions for ...
2024-07-01 18:35:56.685 [info] Got 1 sessions for ...
2024-07-01 18:35:56.706 [info] Getting sessions for read:user,repo,user:email,workflow...
2024-07-01 18:35:56.706 [info] Got 1 sessions for read:user,repo,user:email,workflow...
2024-07-01 18:35:57.174 [info] Getting sessions for read:user,repo,user:email,workflow...
2024-07-01 18:35:57.174 [info] Got 1 sessions for read:user,repo,user:email,workflow...
2024-07-01 21:12:25.447 [info] Reading sessions from keychain...
2024-07-01 21:12:25.448 [info] Getting sessions for all scopes...
2024-07-01 21:12:25.448 [info] Getting sessions for all scopes...
2024-07-01 21:12:25.448 [info] Got stored sessions!
2024-07-01 21:12:25.448 [info] Got 1 verified sessions.
2024-07-01 21:12:25.448 [info] Got 1 sessions for ...
2024-07-01 21:12:25.448 [info] Got 1 sessions for ...
2024-07-01 21:12:27.697 [info] Getting sessions for read:user,repo,user:email,workflow...
2024-07-01 21:12:27.697 [info] Got 1 sessions for read:user,repo,user:email,workflow...
2024-07-01 21:12:28.208 [info] Getting sessions for read:user,repo,user:email,workflow...
2024-07-01 21:12:28.208 [info] Got 1 sessions for read:user,repo,user:email,workflow...
2024-07-01 21:12:28.833 [info] Getting sessions for read:user,repo,user:email,workflow...
2024-07-01 21:12:28.833 [info] Got 1 sessions for read:user,repo,user:email,workflow...
