2024-06-08 20:29:37.229 [info] Started local extension host with pid 444.
2024-06-08 20:29:44.573 [info] [perf] Render performance baseline is 258ms
2024-06-08 20:37:24.838 [info] Extension host (LocalProcess pid: 444) is unresponsive.
2024-06-08 20:37:25.224 [info] Extension host (LocalProcess pid: 444) is responsive.
2024-06-08 20:37:25.329 [info] UNRESPONSIVE extension host: received responsive event and cancelling profiling session
2024-06-08 20:37:41.438 [info] UNRESPONSIVE extension host: starting to profile NOW
2024-06-08 20:37:54.101 [info] Extension host (LocalProcess pid: 444) is unresponsive.
2024-06-08 20:38:02.141 [info] UNRESPONSIVE extension host: starting to profile NOW
2024-06-08 20:38:23.707 [info] Extension host (LocalProcess pid: 444) is responsive.
2024-06-08 20:38:52.950 [info] Extension host (LocalProcess pid: 444) is unresponsive.
2024-06-08 20:38:58.686 [info] UNRESPONSIVE extension host: starting to profile NOW
2024-06-08 20:39:02.019 [info] Extension host (LocalProcess pid: 444) is responsive.
2024-06-08 20:39:02.549 [info] UNRESPONSIVE extension host: received responsive event and cancelling profiling session
2024-06-08 20:39:05.897 [warning] UNRESPONSIVE extension host: 'vscode.git' took 29.754821195223464% of 1169.701ms, saved PROFILE here: 'file:///tmp/exthost-4dd60b.cpuprofile'
2024-06-08 20:39:46.215 [info] Extension host (LocalProcess pid: 444) is unresponsive.
2024-06-08 20:39:55.479 [info] UNRESPONSIVE extension host: starting to profile NOW
2024-06-08 20:40:14.530 [info] Extension host (LocalProcess pid: 444) is responsive.
2024-06-08 20:40:29.469 [info] Extension host (LocalProcess pid: 444) is unresponsive.
2024-06-08 20:40:37.021 [info] UNRESPONSIVE extension host: starting to profile NOW
2024-06-08 20:40:48.073 [info] Extension host (LocalProcess pid: 444) is responsive.
2024-06-08 20:41:07.465 [info] Extension host (LocalProcess pid: 444) is unresponsive.
2024-06-08 20:41:09.873 [info] Extension host (LocalProcess pid: 444) is responsive.
2024-06-08 20:41:09.874 [info] UNRESPONSIVE extension host: received responsive event and cancelling profiling session
2024-06-08 20:41:12.656 [info] UNRESPONSIVE extension host: starting to profile NOW
2024-06-08 20:41:24.573 [info] Extension host (LocalProcess pid: 444) is unresponsive.
2024-06-08 20:41:36.216 [info] UNRESPONSIVE extension host: starting to profile NOW
2024-06-08 20:41:47.715 [info] Extension host (LocalProcess pid: 444) is responsive.
2024-06-08 20:42:03.220 [info] Extension host (LocalProcess pid: 444) is unresponsive.
2024-06-08 20:42:10.095 [info] UNRESPONSIVE extension host: starting to profile NOW
2024-06-08 20:42:17.118 [info] Extension host (LocalProcess pid: 444) is responsive.
2024-06-08 20:42:26.681 [info] Extension host (LocalProcess pid: 444) is unresponsive.
2024-06-08 20:42:28.002 [info] Extension host (LocalProcess pid: 444) is responsive.
2024-06-08 20:42:28.015 [info] UNRESPONSIVE extension host: received responsive event and cancelling profiling session
2024-06-08 20:42:31.941 [info] Extension host (LocalProcess pid: 444) is unresponsive.
2024-06-08 20:42:33.818 [info] UNRESPONSIVE extension host: starting to profile NOW
2024-06-08 20:42:34.713 [info] Extension host (LocalProcess pid: 444) is responsive.
2024-06-08 20:43:04.126 [info] Extension host (LocalProcess pid: 444) is unresponsive.
2024-06-08 20:43:12.722 [info] UNRESPONSIVE extension host: starting to profile NOW
2024-06-08 20:43:22.197 [info] Extension host (LocalProcess pid: 444) is responsive.
2024-06-08 20:43:51.997 [info] Extension host (LocalProcess pid: 444) is unresponsive.
2024-06-08 20:43:58.775 [info] UNRESPONSIVE extension host: starting to profile NOW
2024-06-08 20:44:03.178 [info] Extension host (LocalProcess pid: 444) is responsive.
2024-06-08 20:44:03.351 [info] UNRESPONSIVE extension host: received responsive event and cancelling profiling session
2024-06-08 20:45:55.635 [error] Cannot read properties of undefined (reading 'accessToken'): TypeError: Cannot read properties of undefined (reading 'accessToken')
    at p.z (vscode-file://vscode-app/usr/share/code/resources/app/out/vs/workbench/workbench.desktop.main.js:1686:21851)
    at p.C (vscode-file://vscode-app/usr/share/code/resources/app/out/vs/workbench/workbench.desktop.main.js:1686:22484)
    at d.value (vscode-file://vscode-app/usr/share/code/resources/app/out/vs/workbench/workbench.desktop.main.js:1686:21653)
2024-06-08 20:46:24.259 [info] Settings Sync: Updating due to change in sessions
2024-06-08 20:46:24.293 [info] Settings Sync: Updating due to change in sessions
