2024-06-01 22:11:58.933 [info] Reading sessions from keychain...
2024-06-01 22:11:58.933 [info] Getting sessions for all scopes...
2024-06-01 22:11:58.933 [info] Getting sessions for all scopes...
2024-06-01 22:11:58.933 [info] Got 0 sessions for ...
2024-06-01 22:11:58.933 [info] Got 0 sessions for ...
2024-06-01 22:11:58.933 [info] Getting sessions for all scopes...
2024-06-01 22:11:58.933 [info] Got 0 sessions for ...
2024-06-01 22:11:58.942 [info] Getting sessions for read:user,repo,user:email,workflow...
2024-06-01 22:11:58.942 [info] Got 0 sessions for read:user,repo,user:email,workflow...
2024-06-01 22:12:02.423 [info] Logging in for the following scopes: read:user repo user:email workflow
2024-06-01 22:12:02.441 [info] Trying without local server... (read:user repo user:email workflow)
2024-06-01 22:12:09.136 [info] Exchanging code for token...
2024-06-01 22:12:09.992 [info] Token exchange success!
2024-06-01 22:12:10.007 [info] Getting user info...
2024-06-01 22:12:10.467 [info] Got account info!
2024-06-01 22:12:10.473 [info] Storing 1 sessions...
2024-06-01 22:12:43.856 [info] Reading sessions from keychain...
2024-06-01 22:12:43.857 [info] Stored 1 sessions!
2024-06-01 22:12:43.858 [info] Login success!
2024-06-01 22:12:43.882 [info] Got stored sessions!
2024-06-01 22:12:43.882 [info] Got 1 verified sessions.
