2024-06-10 09:14:56.719 [info] Started local extension host with pid 740.
2024-06-10 09:15:06.254 [info] [perf] Render performance baseline is 147ms
2024-06-10 09:17:58.883 [error] Error: ENOENT: no such file or directory, stat '/home/paigec00/Challenge-2/Mod2Challenge/.git/img/Launchingsoonwebpageexample.png': EntryNotFound (FileSystemError): Error: ENOENT: no such file or directory, stat '/home/paigec00/Challenge-2/Mod2Challenge/.git/img/Launchingsoonwebpageexample.png'
	at y.e (/usr/share/code/resources/app/out/vs/workbench/api/node/extensionHostProcess.js:152:6084)
	at Object.stat (/usr/share/code/resources/app/out/vs/workbench/api/node/extensionHostProcess.js:152:3892)
2024-06-10 09:21:31.455 [error] Error: ENOENT: no such file or directory, stat '/home/paigec00/Challenge-2/Mod2Challenge/.git/Mod2Challenge/Launchingsoonwebpageexample.png': EntryNotFound (FileSystemError): Error: ENOENT: no such file or directory, stat '/home/paigec00/Challenge-2/Mod2Challenge/.git/Mod2Challenge/Launchingsoonwebpageexample.png'
	at y.e (/usr/share/code/resources/app/out/vs/workbench/api/node/extensionHostProcess.js:152:6084)
	at Object.stat (/usr/share/code/resources/app/out/vs/workbench/api/node/extensionHostProcess.js:152:3892)
2024-06-10 09:24:04.946 [error] Error: ENOENT: no such file or directory, stat '/home/paigec00/Challenge-2/Mod2Challenge/.git/Challenge-2/Mod2Challenge/Launchingsoonwebpageexample.png': EntryNotFound (FileSystemError): Error: ENOENT: no such file or directory, stat '/home/paigec00/Challenge-2/Mod2Challenge/.git/Challenge-2/Mod2Challenge/Launchingsoonwebpageexample.png'
	at y.e (/usr/share/code/resources/app/out/vs/workbench/api/node/extensionHostProcess.js:152:6084)
	at Object.stat (/usr/share/code/resources/app/out/vs/workbench/api/node/extensionHostProcess.js:152:3892)
2024-06-10 09:34:15.280 [error] Error: ENOENT: no such file or directory, stat '/home/paigec00/Challenge-2/Mod2Challenge/.git/Challenge-2/Downloads/Lauchingsoonlandingpageexample.jpg': EntryNotFound (FileSystemError): Error: ENOENT: no such file or directory, stat '/home/paigec00/Challenge-2/Mod2Challenge/.git/Challenge-2/Downloads/Lauchingsoonlandingpageexample.jpg'
	at y.e (/usr/share/code/resources/app/out/vs/workbench/api/node/extensionHostProcess.js:152:6084)
	at Object.stat (/usr/share/code/resources/app/out/vs/workbench/api/node/extensionHostProcess.js:152:3892)
2024-06-10 09:40:52.033 [error] Error: ENOENT: no such file or directory, stat '/home/paigec00/Challenge-2/Mod2Challenge/.git/Challenge-2/Challenge-2/Mod2Challenge/.git/Img/Lauchingsoonlandingpageexample.jpg': EntryNotFound (FileSystemError): Error: ENOENT: no such file or directory, stat '/home/paigec00/Challenge-2/Mod2Challenge/.git/Challenge-2/Challenge-2/Mod2Challenge/.git/Img/Lauchingsoonlandingpageexample.jpg'
	at y.e (/usr/share/code/resources/app/out/vs/workbench/api/node/extensionHostProcess.js:152:6084)
	at Object.stat (/usr/share/code/resources/app/out/vs/workbench/api/node/extensionHostProcess.js:152:3892)
2024-06-10 09:40:55.142 [error] Unable to resolve nonexistent file '/home/paigec00/Challenge-2/Mod2Challenge/.git/Challenge-2/Challenge-2/Mod2Challenge/.git/Img': Error: Unable to resolve nonexistent file '/home/paigec00/Challenge-2/Mod2Challenge/.git/Challenge-2/Challenge-2/Mod2Challenge/.git/Img'
    at s.resolve (vscode-file://vscode-app/usr/share/code/resources/app/out/vs/workbench/workbench.desktop.main.js:658:15546)
    at async m.getChildren (vscode-file://vscode-app/usr/share/code/resources/app/out/vs/workbench/workbench.desktop.main.js:1725:23045)
    at async vscode-file://vscode-app/usr/share/code/resources/app/out/vs/workbench/workbench.desktop.main.js:627:21890
2024-06-10 09:40:56.308 [error] Unable to resolve nonexistent file '/home/paigec00/Challenge-2/Mod2Challenge/.git/Challenge-2/Challenge-2/Mod2Challenge/.git/Img': Error: Unable to resolve nonexistent file '/home/paigec00/Challenge-2/Mod2Challenge/.git/Challenge-2/Challenge-2/Mod2Challenge/.git/Img'
    at s.resolve (vscode-file://vscode-app/usr/share/code/resources/app/out/vs/workbench/workbench.desktop.main.js:658:15546)
    at async m.getChildren (vscode-file://vscode-app/usr/share/code/resources/app/out/vs/workbench/workbench.desktop.main.js:1725:23045)
    at async vscode-file://vscode-app/usr/share/code/resources/app/out/vs/workbench/workbench.desktop.main.js:627:21890
2024-06-11 16:46:08.542 [error] Error: ENOENT: no such file or directory, stat '/home/paigec00/Challenge-2/Mod2Challenge/.git/Challenge-2/Challenge-2/Mod2Challenge/Lauchingsoonlandingpageexample.jpg': EntryNotFound (FileSystemError): Error: ENOENT: no such file or directory, stat '/home/paigec00/Challenge-2/Mod2Challenge/.git/Challenge-2/Challenge-2/Mod2Challenge/Lauchingsoonlandingpageexample.jpg'
	at y.e (/usr/share/code/resources/app/out/vs/workbench/api/node/extensionHostProcess.js:152:6084)
	at Object.stat (/usr/share/code/resources/app/out/vs/workbench/api/node/extensionHostProcess.js:152:3892)
2024-06-11 16:46:10.902 [error] Unable to resolve nonexistent file '/home/paigec00/Challenge-2/Mod2Challenge/.git/Challenge-2/Challenge-2/Mod2Challenge': Error: Unable to resolve nonexistent file '/home/paigec00/Challenge-2/Mod2Challenge/.git/Challenge-2/Challenge-2/Mod2Challenge'
    at s.resolve (vscode-file://vscode-app/usr/share/code/resources/app/out/vs/workbench/workbench.desktop.main.js:658:15546)
    at async m.getChildren (vscode-file://vscode-app/usr/share/code/resources/app/out/vs/workbench/workbench.desktop.main.js:1725:23045)
    at async vscode-file://vscode-app/usr/share/code/resources/app/out/vs/workbench/workbench.desktop.main.js:627:21890
