2024-06-11 16:54:55.528 [info] Extension host with pid 6177 started
2024-06-11 16:54:55.528 [info] Skipping acquiring lock for /home/paigec00/.config/Code/User/workspaceStorage/501fde971a8aff14d1c21e3d62abea22.
2024-06-11 16:54:56.141 [info] ExtensionService#_doActivateExtension vscode.emmet, startup: false, activationEvent: 'onLanguage'
2024-06-11 16:54:56.218 [info] ExtensionService#_doActivateExtension vscode.html-language-features, startup: false, activationEvent: 'onLanguage:html'
2024-06-11 16:54:57.072 [info] ExtensionService#_doActivateExtension vscode.git-base, startup: true, activationEvent: '*', root cause: vscode.git
2024-06-11 16:54:59.586 [info] ExtensionService#_doActivateExtension vscode.git, startup: true, activationEvent: '*'
2024-06-11 16:54:59.753 [info] ExtensionService#_doActivateExtension vscode.github, startup: true, activationEvent: '*'
2024-06-11 16:55:00.468 [info] Eager extensions activated
2024-06-11 16:55:00.641 [info] ExtensionService#_doActivateExtension vscode.debug-auto-launch, startup: false, activationEvent: 'onStartupFinished'
2024-06-11 16:55:00.645 [info] ExtensionService#_doActivateExtension vscode.merge-conflict, startup: false, activationEvent: 'onStartupFinished'
2024-06-11 16:55:00.747 [info] ExtensionService#_doActivateExtension ritwickdey.LiveServer, startup: false, activationEvent: 'onStartupFinished'
2024-06-11 16:55:01.822 [warning] [Decorations] CAPPING events from decorations provider vscode.git 362
2024-06-11 16:55:02.605 [info] ExtensionService#_doActivateExtension vscode.github-authentication, startup: false, activationEvent: 'onAuthenticationRequest:github'
2024-06-11 16:55:03.187 [warning] [Decorations] CAPPING events from decorations provider vscode.git 386
2024-06-11 16:55:19.967 [warning] [Decorations] CAPPING events from decorations provider vscode.git 496
2024-06-11 16:55:25.285 [warning] [Decorations] CAPPING events from decorations provider vscode.git 496
2024-06-11 16:55:30.636 [warning] [Decorations] CAPPING events from decorations provider vscode.git 508
2024-06-11 16:55:35.878 [warning] [Decorations] CAPPING events from decorations provider vscode.git 508
2024-06-11 16:55:38.493 [info] ExtensionService#_doActivateExtension vscode.media-preview, startup: false, activationEvent: 'onCustomEditor:imagePreview.previewEditor'
2024-06-11 16:55:39.578 [error] EntryNotFound (FileSystemError): Error: ENOENT: no such file or directory, stat '/home/paigec00/Challenge-2/Mod2Challenge/.git/Challenge-2/Challenge-2/Mod2Challenge/Lauchingsoonlandingpageexample.jpg'
	at P.e (/usr/share/code/resources/app/out/vs/workbench/api/node/extensionHostProcess.js:152:6123)
	at Object.stat (/usr/share/code/resources/app/out/vs/workbench/api/node/extensionHostProcess.js:152:3894)
2024-06-11 16:55:41.143 [warning] [Decorations] CAPPING events from decorations provider vscode.git 521
2024-06-11 16:55:46.322 [warning] [Decorations] CAPPING events from decorations provider vscode.git 521
2024-06-11 16:55:51.587 [warning] [Decorations] CAPPING events from decorations provider vscode.git 522
2024-06-11 16:58:19.103 [warning] [Decorations] CAPPING events from decorations provider vscode.git 523
2024-06-11 16:58:24.309 [warning] [Decorations] CAPPING events from decorations provider vscode.git 522
2024-06-11 16:58:29.584 [warning] [Decorations] CAPPING events from decorations provider vscode.git 524
2024-06-11 16:58:33.869 [error] EntryNotFound (FileSystemError): Error: ENOENT: no such file or directory, stat '/home/paigec00/Challenge-2/Mod2Challenge/.git/Challenge-2/My files/Linux files/Challenge-2/Mod2Challenge/Lauchingsoonlandingpageexample.jpg'
	at P.e (/usr/share/code/resources/app/out/vs/workbench/api/node/extensionHostProcess.js:152:6123)
	at Object.stat (/usr/share/code/resources/app/out/vs/workbench/api/node/extensionHostProcess.js:152:3894)
2024-06-11 16:58:34.829 [warning] [Decorations] CAPPING events from decorations provider vscode.git 525
2024-06-11 16:58:39.997 [warning] [Decorations] CAPPING events from decorations provider vscode.git 524
2024-06-11 16:58:45.305 [warning] [Decorations] CAPPING events from decorations provider vscode.git 524
2024-06-11 16:58:50.450 [warning] [Decorations] CAPPING events from decorations provider vscode.git 524
2024-06-11 18:29:51.033 [warning] [Decorations] CAPPING events from decorations provider vscode.git 524
2024-06-11 18:29:56.256 [warning] [Decorations] CAPPING events from decorations provider vscode.git 524
2024-06-11 18:30:01.470 [warning] [Decorations] CAPPING events from decorations provider vscode.git 523
2024-06-11 18:30:06.667 [warning] [Decorations] CAPPING events from decorations provider vscode.git 523
2024-06-11 18:30:11.862 [warning] [Decorations] CAPPING events from decorations provider vscode.git 523
2024-06-11 18:30:17.074 [warning] [Decorations] CAPPING events from decorations provider vscode.git 523
2024-06-11 18:30:22.237 [warning] [Decorations] CAPPING events from decorations provider vscode.git 523
2024-06-11 18:30:27.437 [warning] [Decorations] CAPPING events from decorations provider vscode.git 523
2024-06-11 18:30:32.591 [warning] [Decorations] CAPPING events from decorations provider vscode.git 523
2024-06-11 18:30:37.781 [warning] [Decorations] CAPPING events from decorations provider vscode.git 523
2024-06-11 18:30:42.922 [warning] [Decorations] CAPPING events from decorations provider vscode.git 523
2024-06-11 18:30:48.180 [warning] [Decorations] CAPPING events from decorations provider vscode.git 523
2024-06-11 18:30:53.457 [warning] [Decorations] CAPPING events from decorations provider vscode.git 523
2024-06-11 18:30:58.717 [warning] [Decorations] CAPPING events from decorations provider vscode.git 523
2024-06-11 18:31:03.978 [warning] [Decorations] CAPPING events from decorations provider vscode.git 523
2024-06-11 18:31:09.169 [warning] [Decorations] CAPPING events from decorations provider vscode.git 523
2024-06-11 18:31:14.355 [warning] [Decorations] CAPPING events from decorations provider vscode.git 523
2024-06-11 18:31:19.546 [warning] [Decorations] CAPPING events from decorations provider vscode.git 523
2024-06-11 18:31:24.718 [warning] [Decorations] CAPPING events from decorations provider vscode.git 523
2024-06-11 18:31:29.894 [warning] [Decorations] CAPPING events from decorations provider vscode.git 523
2024-06-11 18:31:35.075 [warning] [Decorations] CAPPING events from decorations provider vscode.git 523
2024-06-11 18:31:40.292 [warning] [Decorations] CAPPING events from decorations provider vscode.git 523
2024-06-11 18:31:45.504 [warning] [Decorations] CAPPING events from decorations provider vscode.git 523
2024-06-11 18:31:50.672 [warning] [Decorations] CAPPING events from decorations provider vscode.git 523
2024-06-11 18:31:55.835 [warning] [Decorations] CAPPING events from decorations provider vscode.git 523
2024-06-11 18:32:01.021 [warning] [Decorations] CAPPING events from decorations provider vscode.git 523
2024-06-11 18:32:06.178 [warning] [Decorations] CAPPING events from decorations provider vscode.git 523
2024-06-11 18:32:11.313 [warning] [Decorations] CAPPING events from decorations provider vscode.git 523
2024-06-11 18:32:16.477 [warning] [Decorations] CAPPING events from decorations provider vscode.git 523
2024-06-11 18:32:21.690 [warning] [Decorations] CAPPING events from decorations provider vscode.git 523
2024-06-11 18:32:26.840 [warning] [Decorations] CAPPING events from decorations provider vscode.git 523
2024-06-11 18:32:31.985 [warning] [Decorations] CAPPING events from decorations provider vscode.git 523
2024-06-11 18:32:37.159 [warning] [Decorations] CAPPING events from decorations provider vscode.git 523
2024-06-11 18:32:42.330 [warning] [Decorations] CAPPING events from decorations provider vscode.git 523
2024-06-11 18:32:47.507 [warning] [Decorations] CAPPING events from decorations provider vscode.git 523
2024-06-11 18:32:52.702 [warning] [Decorations] CAPPING events from decorations provider vscode.git 523
2024-06-11 18:32:57.881 [warning] [Decorations] CAPPING events from decorations provider vscode.git 523
2024-06-11 18:33:03.157 [warning] [Decorations] CAPPING events from decorations provider vscode.git 523
2024-06-11 18:33:08.315 [warning] [Decorations] CAPPING events from decorations provider vscode.git 523
2024-06-11 18:33:13.481 [warning] [Decorations] CAPPING events from decorations provider vscode.git 523
2024-06-11 18:33:18.653 [warning] [Decorations] CAPPING events from decorations provider vscode.git 523
2024-06-11 18:33:23.834 [warning] [Decorations] CAPPING events from decorations provider vscode.git 523
2024-06-11 18:33:29.001 [warning] [Decorations] CAPPING events from decorations provider vscode.git 523
2024-06-11 18:33:34.259 [warning] [Decorations] CAPPING events from decorations provider vscode.git 523
2024-06-11 18:33:39.446 [warning] [Decorations] CAPPING events from decorations provider vscode.git 523
2024-06-11 18:33:44.657 [warning] [Decorations] CAPPING events from decorations provider vscode.git 523
2024-06-11 18:33:49.847 [warning] [Decorations] CAPPING events from decorations provider vscode.git 523
2024-06-11 18:33:55.023 [warning] [Decorations] CAPPING events from decorations provider vscode.git 523
2024-06-11 18:34:00.254 [warning] [Decorations] CAPPING events from decorations provider vscode.git 523
2024-06-11 18:34:05.401 [warning] [Decorations] CAPPING events from decorations provider vscode.git 523
2024-06-11 18:34:10.555 [warning] [Decorations] CAPPING events from decorations provider vscode.git 523
2024-06-11 18:34:15.740 [warning] [Decorations] CAPPING events from decorations provider vscode.git 523
2024-06-11 18:34:20.911 [warning] [Decorations] CAPPING events from decorations provider vscode.git 523
2024-06-11 18:34:26.079 [warning] [Decorations] CAPPING events from decorations provider vscode.git 523
2024-06-11 18:34:31.223 [warning] [Decorations] CAPPING events from decorations provider vscode.git 523
2024-06-11 18:34:36.407 [warning] [Decorations] CAPPING events from decorations provider vscode.git 523
2024-06-11 18:34:41.601 [warning] [Decorations] CAPPING events from decorations provider vscode.git 523
2024-06-11 18:34:46.808 [warning] [Decorations] CAPPING events from decorations provider vscode.git 523
2024-06-11 18:34:51.958 [warning] [Decorations] CAPPING events from decorations provider vscode.git 523
2024-06-11 18:34:57.179 [warning] [Decorations] CAPPING events from decorations provider vscode.git 523
2024-06-11 18:35:02.362 [warning] [Decorations] CAPPING events from decorations provider vscode.git 523
2024-06-11 18:35:07.515 [warning] [Decorations] CAPPING events from decorations provider vscode.git 523
2024-06-11 18:35:12.693 [warning] [Decorations] CAPPING events from decorations provider vscode.git 523
2024-06-11 18:35:17.895 [warning] [Decorations] CAPPING events from decorations provider vscode.git 523
2024-06-11 18:35:23.068 [warning] [Decorations] CAPPING events from decorations provider vscode.git 523
2024-06-11 18:35:28.282 [warning] [Decorations] CAPPING events from decorations provider vscode.git 523
2024-06-11 18:35:33.443 [warning] [Decorations] CAPPING events from decorations provider vscode.git 523
2024-06-11 18:35:38.612 [warning] [Decorations] CAPPING events from decorations provider vscode.git 523
2024-06-11 18:35:43.743 [warning] [Decorations] CAPPING events from decorations provider vscode.git 523
2024-06-11 18:35:48.979 [warning] [Decorations] CAPPING events from decorations provider vscode.git 523
2024-06-11 18:35:54.187 [warning] [Decorations] CAPPING events from decorations provider vscode.git 523
2024-06-11 18:35:59.405 [warning] [Decorations] CAPPING events from decorations provider vscode.git 523
2024-06-11 18:36:04.621 [warning] [Decorations] CAPPING events from decorations provider vscode.git 523
2024-06-11 18:36:09.766 [warning] [Decorations] CAPPING events from decorations provider vscode.git 523
2024-06-11 18:36:14.929 [warning] [Decorations] CAPPING events from decorations provider vscode.git 523
2024-06-11 18:36:20.084 [warning] [Decorations] CAPPING events from decorations provider vscode.git 523
2024-06-11 18:36:25.287 [warning] [Decorations] CAPPING events from decorations provider vscode.git 523
2024-06-11 18:36:30.533 [warning] [Decorations] CAPPING events from decorations provider vscode.git 523
2024-06-11 18:36:35.705 [warning] [Decorations] CAPPING events from decorations provider vscode.git 523
2024-06-11 18:36:40.883 [warning] [Decorations] CAPPING events from decorations provider vscode.git 523
2024-06-11 18:36:46.099 [warning] [Decorations] CAPPING events from decorations provider vscode.git 523
2024-06-11 18:36:51.328 [warning] [Decorations] CAPPING events from decorations provider vscode.git 523
2024-06-11 18:36:56.501 [warning] [Decorations] CAPPING events from decorations provider vscode.git 523
2024-06-11 18:37:01.696 [warning] [Decorations] CAPPING events from decorations provider vscode.git 523
2024-06-11 18:37:06.845 [warning] [Decorations] CAPPING events from decorations provider vscode.git 523
2024-06-11 18:37:12.014 [warning] [Decorations] CAPPING events from decorations provider vscode.git 523
2024-06-11 18:37:17.176 [warning] [Decorations] CAPPING events from decorations provider vscode.git 523
2024-06-11 18:37:22.366 [warning] [Decorations] CAPPING events from decorations provider vscode.git 523
2024-06-11 18:37:27.550 [warning] [Decorations] CAPPING events from decorations provider vscode.git 523
2024-06-11 18:37:32.843 [warning] [Decorations] CAPPING events from decorations provider vscode.git 523
2024-06-11 18:37:38.011 [warning] [Decorations] CAPPING events from decorations provider vscode.git 523
2024-06-11 18:37:43.183 [warning] [Decorations] CAPPING events from decorations provider vscode.git 523
2024-06-11 18:37:48.409 [warning] [Decorations] CAPPING events from decorations provider vscode.git 523
2024-06-11 18:37:53.634 [warning] [Decorations] CAPPING events from decorations provider vscode.git 523
2024-06-11 18:37:58.835 [warning] [Decorations] CAPPING events from decorations provider vscode.git 523
2024-06-11 18:38:04.031 [warning] [Decorations] CAPPING events from decorations provider vscode.git 523
2024-06-11 18:38:09.207 [warning] [Decorations] CAPPING events from decorations provider vscode.git 523
2024-06-11 18:38:14.442 [warning] [Decorations] CAPPING events from decorations provider vscode.git 523
2024-06-11 18:38:19.601 [warning] [Decorations] CAPPING events from decorations provider vscode.git 523
2024-06-11 18:50:04.989 [warning] [Decorations] CAPPING events from decorations provider vscode.git 523
2024-06-11 18:57:52.268 [warning] [Decorations] CAPPING events from decorations provider vscode.git 523
2024-06-11 18:57:57.510 [warning] [Decorations] CAPPING events from decorations provider vscode.git 523
2024-06-11 18:58:02.743 [warning] [Decorations] CAPPING events from decorations provider vscode.git 523
2024-06-11 18:58:08.036 [warning] [Decorations] CAPPING events from decorations provider vscode.git 523
2024-06-11 18:58:13.230 [warning] [Decorations] CAPPING events from decorations provider vscode.git 523
2024-06-11 18:58:18.496 [warning] [Decorations] CAPPING events from decorations provider vscode.git 526
2024-06-11 18:58:23.697 [warning] [Decorations] CAPPING events from decorations provider vscode.git 526
2024-06-11 18:58:28.863 [warning] [Decorations] CAPPING events from decorations provider vscode.git 526
2024-06-11 18:58:34.078 [warning] [Decorations] CAPPING events from decorations provider vscode.git 528
2024-06-11 18:58:39.291 [warning] [Decorations] CAPPING events from decorations provider vscode.git 525
2024-06-11 18:58:44.524 [warning] [Decorations] CAPPING events from decorations provider vscode.git 526
2024-06-11 18:58:49.685 [warning] [Decorations] CAPPING events from decorations provider vscode.git 526
2024-06-11 18:58:54.919 [warning] [Decorations] CAPPING events from decorations provider vscode.git 526
2024-06-11 18:59:00.073 [warning] [Decorations] CAPPING events from decorations provider vscode.git 526
2024-06-11 18:59:05.230 [warning] [Decorations] CAPPING events from decorations provider vscode.git 526
2024-06-11 18:59:10.376 [warning] [Decorations] CAPPING events from decorations provider vscode.git 526
2024-06-11 18:59:15.636 [warning] [Decorations] CAPPING events from decorations provider vscode.git 526
2024-06-11 18:59:20.863 [warning] [Decorations] CAPPING events from decorations provider vscode.git 530
2024-06-11 18:59:26.075 [warning] [Decorations] CAPPING events from decorations provider vscode.git 530
2024-06-11 18:59:31.222 [warning] [Decorations] CAPPING events from decorations provider vscode.git 530
2024-06-11 18:59:36.376 [warning] [Decorations] CAPPING events from decorations provider vscode.git 530
2024-06-11 18:59:41.628 [warning] [Decorations] CAPPING events from decorations provider vscode.git 530
2024-06-11 18:59:46.750 [warning] [Decorations] CAPPING events from decorations provider vscode.git 530
2024-06-11 18:59:51.921 [warning] [Decorations] CAPPING events from decorations provider vscode.git 530
2024-06-11 18:59:57.054 [warning] [Decorations] CAPPING events from decorations provider vscode.git 530
2024-06-11 19:00:02.189 [warning] [Decorations] CAPPING events from decorations provider vscode.git 530
2024-06-11 19:00:07.334 [warning] [Decorations] CAPPING events from decorations provider vscode.git 530
2024-06-11 19:00:12.453 [warning] [Decorations] CAPPING events from decorations provider vscode.git 530
2024-06-11 19:00:17.602 [warning] [Decorations] CAPPING events from decorations provider vscode.git 530
2024-06-11 19:00:22.745 [warning] [Decorations] CAPPING events from decorations provider vscode.git 530
2024-06-11 19:00:27.861 [warning] [Decorations] CAPPING events from decorations provider vscode.git 530
2024-06-11 19:00:33.037 [warning] [Decorations] CAPPING events from decorations provider vscode.git 530
2024-06-11 19:00:38.307 [warning] [Decorations] CAPPING events from decorations provider vscode.git 530
2024-06-11 19:00:53.407 [warning] [Decorations] CAPPING events from decorations provider vscode.git 673
2024-06-11 19:00:58.663 [warning] [Decorations] CAPPING events from decorations provider vscode.git 673
2024-06-11 19:01:03.832 [warning] [Decorations] CAPPING events from decorations provider vscode.git 673
2024-06-11 19:01:09.052 [warning] [Decorations] CAPPING events from decorations provider vscode.git 675
2024-06-11 19:01:14.374 [warning] [Decorations] CAPPING events from decorations provider vscode.git 675
2024-06-11 19:01:19.701 [warning] [Decorations] CAPPING events from decorations provider vscode.git 675
2024-06-11 19:01:24.908 [warning] [Decorations] CAPPING events from decorations provider vscode.git 675
2024-06-11 19:01:35.712 [warning] [Decorations] CAPPING events from decorations provider vscode.git 675
2024-06-11 19:01:40.938 [warning] [Decorations] CAPPING events from decorations provider vscode.git 675
2024-06-11 19:01:46.204 [warning] [Decorations] CAPPING events from decorations provider vscode.git 676
2024-06-11 19:01:51.427 [warning] [Decorations] CAPPING events from decorations provider vscode.git 676
2024-06-11 19:01:56.593 [warning] [Decorations] CAPPING events from decorations provider vscode.git 676
2024-06-11 19:02:01.817 [warning] [Decorations] CAPPING events from decorations provider vscode.git 676
2024-06-11 19:02:06.976 [warning] [Decorations] CAPPING events from decorations provider vscode.git 676
2024-06-11 19:02:12.450 [warning] [Decorations] CAPPING events from decorations provider vscode.git 677
2024-06-11 19:02:17.630 [warning] [Decorations] CAPPING events from decorations provider vscode.git 677
2024-06-11 19:02:23.015 [warning] [Decorations] CAPPING events from decorations provider vscode.git 676
2024-06-11 19:02:28.213 [warning] [Decorations] CAPPING events from decorations provider vscode.git 676
2024-06-11 19:02:34.436 [error] EntryNotFound (FileSystemError): Error: ENOENT: no such file or directory, stat '/home/paigec00/Challenge-2/Mod2Challenge/Challenge-2/Mod2Challenge/Lauchingsoonlandingpageexample.jpg'
	at P.e (/usr/share/code/resources/app/out/vs/workbench/api/node/extensionHostProcess.js:152:6123)
	at Object.stat (/usr/share/code/resources/app/out/vs/workbench/api/node/extensionHostProcess.js:152:3894)
2024-06-13 01:32:26.084 [warning] [Decorations] CAPPING events from decorations provider vscode.git 684
2024-06-13 01:32:31.294 [warning] [Decorations] CAPPING events from decorations provider vscode.git 684
2024-06-13 01:32:36.579 [warning] [Decorations] CAPPING events from decorations provider vscode.git 684
2024-06-13 01:32:42.004 [warning] [Decorations] CAPPING events from decorations provider vscode.git 684
2024-06-13 01:32:47.226 [warning] [Decorations] CAPPING events from decorations provider vscode.git 684
2024-06-13 01:32:52.453 [warning] [Decorations] CAPPING events from decorations provider vscode.git 684
2024-06-13 01:32:57.676 [warning] [Decorations] CAPPING events from decorations provider vscode.git 684
2024-06-13 01:33:02.909 [warning] [Decorations] CAPPING events from decorations provider vscode.git 684
2024-06-13 01:33:08.235 [warning] [Decorations] CAPPING events from decorations provider vscode.git 684
2024-06-13 01:33:13.464 [warning] [Decorations] CAPPING events from decorations provider vscode.git 684
2024-06-13 01:33:18.637 [warning] [Decorations] CAPPING events from decorations provider vscode.git 685
2024-06-13 01:33:23.895 [warning] [Decorations] CAPPING events from decorations provider vscode.git 685
2024-06-13 01:33:29.081 [warning] [Decorations] CAPPING events from decorations provider vscode.git 686
2024-06-13 01:33:34.241 [warning] [Decorations] CAPPING events from decorations provider vscode.git 686
2024-06-13 01:34:00.705 [warning] [Decorations] CAPPING events from decorations provider vscode.git 685
2024-06-13 01:34:05.879 [warning] [Decorations] CAPPING events from decorations provider vscode.git 685
2024-06-13 01:34:11.185 [warning] [Decorations] CAPPING events from decorations provider vscode.git 685
2024-06-13 01:34:16.373 [warning] [Decorations] CAPPING events from decorations provider vscode.git 685
2024-06-13 01:34:21.573 [warning] [Decorations] CAPPING events from decorations provider vscode.git 685
2024-06-13 01:34:26.838 [warning] [Decorations] CAPPING events from decorations provider vscode.git 685
2024-06-13 01:34:32.011 [warning] [Decorations] CAPPING events from decorations provider vscode.git 685
2024-06-13 01:34:37.335 [warning] [Decorations] CAPPING events from decorations provider vscode.git 685
2024-06-13 01:34:42.477 [warning] [Decorations] CAPPING events from decorations provider vscode.git 685
2024-06-13 01:34:47.713 [warning] [Decorations] CAPPING events from decorations provider vscode.git 685
2024-06-13 01:34:52.871 [warning] [Decorations] CAPPING events from decorations provider vscode.git 685
2024-06-13 01:34:58.119 [warning] [Decorations] CAPPING events from decorations provider vscode.git 685
2024-06-13 01:35:03.436 [warning] [Decorations] CAPPING events from decorations provider vscode.git 685
2024-06-13 01:35:08.600 [warning] [Decorations] CAPPING events from decorations provider vscode.git 685
2024-06-13 01:35:13.797 [warning] [Decorations] CAPPING events from decorations provider vscode.git 685
2024-06-13 01:35:18.957 [warning] [Decorations] CAPPING events from decorations provider vscode.git 685
2024-06-13 01:35:24.127 [warning] [Decorations] CAPPING events from decorations provider vscode.git 685
2024-06-13 01:35:29.301 [warning] [Decorations] CAPPING events from decorations provider vscode.git 685
2024-06-13 01:35:34.468 [warning] [Decorations] CAPPING events from decorations provider vscode.git 685
2024-06-13 01:35:39.635 [warning] [Decorations] CAPPING events from decorations provider vscode.git 685
2024-06-13 01:35:44.899 [warning] [Decorations] CAPPING events from decorations provider vscode.git 685
2024-06-13 01:35:50.058 [warning] [Decorations] CAPPING events from decorations provider vscode.git 685
2024-06-13 01:35:55.226 [warning] [Decorations] CAPPING events from decorations provider vscode.git 685
2024-06-13 01:36:00.431 [warning] [Decorations] CAPPING events from decorations provider vscode.git 685
2024-06-13 15:52:16.680 [warning] [Decorations] CAPPING events from decorations provider vscode.git 685
2024-06-13 15:52:21.938 [warning] [Decorations] CAPPING events from decorations provider vscode.git 685
2024-06-13 15:52:27.093 [warning] [Decorations] CAPPING events from decorations provider vscode.git 685
2024-06-13 15:52:32.272 [warning] [Decorations] CAPPING events from decorations provider vscode.git 685
2024-06-13 15:52:37.463 [warning] [Decorations] CAPPING events from decorations provider vscode.git 685
2024-06-13 15:52:42.589 [warning] [Decorations] CAPPING events from decorations provider vscode.git 685
2024-06-13 15:52:47.842 [warning] [Decorations] CAPPING events from decorations provider vscode.git 685
2024-06-13 15:52:53.095 [warning] [Decorations] CAPPING events from decorations provider vscode.git 685
2024-06-13 15:52:58.258 [warning] [Decorations] CAPPING events from decorations provider vscode.git 686
2024-06-13 15:53:03.546 [warning] [Decorations] CAPPING events from decorations provider vscode.git 686
2024-06-13 15:53:09.348 [warning] [Decorations] CAPPING events from decorations provider vscode.git 686
2024-06-13 15:53:14.529 [warning] [Decorations] CAPPING events from decorations provider vscode.git 686
2024-06-13 15:53:19.778 [warning] [Decorations] CAPPING events from decorations provider vscode.git 686
2024-06-13 15:53:24.944 [warning] [Decorations] CAPPING events from decorations provider vscode.git 686
2024-06-13 15:53:30.116 [warning] [Decorations] CAPPING events from decorations provider vscode.git 686
2024-06-13 15:53:35.369 [warning] [Decorations] CAPPING events from decorations provider vscode.git 686
2024-06-13 15:53:40.702 [warning] [Decorations] CAPPING events from decorations provider vscode.git 686
2024-06-13 15:53:51.623 [warning] [Decorations] CAPPING events from decorations provider vscode.git 687
2024-06-13 15:56:47.338 [warning] [Decorations] CAPPING events from decorations provider vscode.git 688
2024-06-13 15:56:52.549 [warning] [Decorations] CAPPING events from decorations provider vscode.git 688
2024-06-13 15:56:57.697 [warning] [Decorations] CAPPING events from decorations provider vscode.git 688
2024-06-13 15:57:02.974 [warning] [Decorations] CAPPING events from decorations provider vscode.git 688
2024-06-13 15:57:08.111 [warning] [Decorations] CAPPING events from decorations provider vscode.git 689
2024-06-13 15:57:13.297 [warning] [Decorations] CAPPING events from decorations provider vscode.git 689
2024-06-13 16:12:42.007 [warning] [Decorations] CAPPING events from decorations provider vscode.git 689
2024-06-13 16:12:47.274 [warning] [Decorations] CAPPING events from decorations provider vscode.git 689
2024-06-13 16:12:52.575 [warning] [Decorations] CAPPING events from decorations provider vscode.git 689
2024-06-13 16:12:57.791 [warning] [Decorations] CAPPING events from decorations provider vscode.git 689
2024-06-13 16:13:02.978 [warning] [Decorations] CAPPING events from decorations provider vscode.git 689
2024-06-13 16:13:08.142 [warning] [Decorations] CAPPING events from decorations provider vscode.git 689
2024-06-13 16:13:13.334 [warning] [Decorations] CAPPING events from decorations provider vscode.git 689
2024-06-13 16:13:18.502 [warning] [Decorations] CAPPING events from decorations provider vscode.git 689
2024-06-13 16:13:23.654 [warning] [Decorations] CAPPING events from decorations provider vscode.git 689
2024-06-13 16:13:28.826 [warning] [Decorations] CAPPING events from decorations provider vscode.git 689
2024-06-13 16:13:34.008 [warning] [Decorations] CAPPING events from decorations provider vscode.git 689
2024-06-13 16:13:39.161 [warning] [Decorations] CAPPING events from decorations provider vscode.git 689
2024-06-13 16:13:44.341 [warning] [Decorations] CAPPING events from decorations provider vscode.git 689
2024-06-13 16:13:49.531 [warning] [Decorations] CAPPING events from decorations provider vscode.git 689
2024-06-13 16:13:54.702 [warning] [Decorations] CAPPING events from decorations provider vscode.git 689
2024-06-13 16:13:59.854 [warning] [Decorations] CAPPING events from decorations provider vscode.git 689
2024-06-13 16:14:05.090 [warning] [Decorations] CAPPING events from decorations provider vscode.git 689
2024-06-13 16:14:10.338 [warning] [Decorations] CAPPING events from decorations provider vscode.git 689
2024-06-13 16:14:15.662 [warning] [Decorations] CAPPING events from decorations provider vscode.git 689
2024-06-13 16:14:20.838 [warning] [Decorations] CAPPING events from decorations provider vscode.git 689
2024-06-13 16:14:25.995 [warning] [Decorations] CAPPING events from decorations provider vscode.git 689
2024-06-13 16:14:31.163 [warning] [Decorations] CAPPING events from decorations provider vscode.git 689
2024-06-13 16:14:36.404 [warning] [Decorations] CAPPING events from decorations provider vscode.git 689
2024-06-13 16:14:59.737 [warning] [Decorations] CAPPING events from decorations provider vscode.git 689
2024-06-13 16:15:04.962 [warning] [Decorations] CAPPING events from decorations provider vscode.git 689
2024-06-13 16:15:10.206 [warning] [Decorations] CAPPING events from decorations provider vscode.git 689
2024-06-13 16:15:15.465 [warning] [Decorations] CAPPING events from decorations provider vscode.git 690
2024-06-13 16:15:20.731 [warning] [Decorations] CAPPING events from decorations provider vscode.git 690
2024-06-13 16:15:26.011 [warning] [Decorations] CAPPING events from decorations provider vscode.git 690
2024-06-13 16:15:31.270 [warning] [Decorations] CAPPING events from decorations provider vscode.git 690
2024-06-13 16:15:36.445 [warning] [Decorations] CAPPING events from decorations provider vscode.git 690
2024-06-13 16:15:41.699 [warning] [Decorations] CAPPING events from decorations provider vscode.git 690
2024-06-13 16:16:05.743 [warning] [Decorations] CAPPING events from decorations provider vscode.git 690
2024-06-13 16:16:10.991 [warning] [Decorations] CAPPING events from decorations provider vscode.git 690
2024-06-13 16:16:16.202 [warning] [Decorations] CAPPING events from decorations provider vscode.git 690
2024-06-13 16:16:21.445 [warning] [Decorations] CAPPING events from decorations provider vscode.git 690
2024-06-13 16:16:26.693 [warning] [Decorations] CAPPING events from decorations provider vscode.git 690
2024-06-13 16:16:31.860 [warning] [Decorations] CAPPING events from decorations provider vscode.git 690
2024-06-13 16:16:37.146 [warning] [Decorations] CAPPING events from decorations provider vscode.git 690
2024-06-13 16:16:42.366 [warning] [Decorations] CAPPING events from decorations provider vscode.git 690
2024-06-13 16:16:47.607 [warning] [Decorations] CAPPING events from decorations provider vscode.git 690
2024-06-13 16:16:52.823 [warning] [Decorations] CAPPING events from decorations provider vscode.git 690
2024-06-13 16:16:58.022 [warning] [Decorations] CAPPING events from decorations provider vscode.git 690
2024-06-13 16:17:03.224 [warning] [Decorations] CAPPING events from decorations provider vscode.git 690
2024-06-13 16:17:08.462 [warning] [Decorations] CAPPING events from decorations provider vscode.git 690
2024-06-13 16:17:13.656 [warning] [Decorations] CAPPING events from decorations provider vscode.git 691
2024-06-13 16:17:18.909 [warning] [Decorations] CAPPING events from decorations provider vscode.git 691
2024-06-13 16:17:24.169 [warning] [Decorations] CAPPING events from decorations provider vscode.git 691
2024-06-13 16:17:29.432 [warning] [Decorations] CAPPING events from decorations provider vscode.git 691
2024-06-13 16:17:34.606 [warning] [Decorations] CAPPING events from decorations provider vscode.git 691
2024-06-13 16:17:39.798 [warning] [Decorations] CAPPING events from decorations provider vscode.git 691
2024-06-13 16:17:44.939 [warning] [Decorations] CAPPING events from decorations provider vscode.git 691
2024-06-13 16:17:50.188 [warning] [Decorations] CAPPING events from decorations provider vscode.git 692
2024-06-13 16:17:55.421 [warning] [Decorations] CAPPING events from decorations provider vscode.git 692
2024-06-13 16:18:00.741 [warning] [Decorations] CAPPING events from decorations provider vscode.git 692
2024-06-13 16:18:06.052 [warning] [Decorations] CAPPING events from decorations provider vscode.git 692
2024-06-13 16:18:11.269 [warning] [Decorations] CAPPING events from decorations provider vscode.git 693
2024-06-13 16:18:16.488 [warning] [Decorations] CAPPING events from decorations provider vscode.git 693
2024-06-13 16:19:22.680 [warning] [Decorations] CAPPING events from decorations provider vscode.git 695
2024-06-13 16:19:27.841 [warning] [Decorations] CAPPING events from decorations provider vscode.git 695
2024-06-13 16:19:33.256 [warning] [Decorations] CAPPING events from decorations provider vscode.git 696
2024-06-13 16:20:06.105 [warning] [Decorations] CAPPING events from decorations provider vscode.git 696
2024-06-13 16:20:11.331 [warning] [Decorations] CAPPING events from decorations provider vscode.git 696
2024-06-13 16:20:16.555 [warning] [Decorations] CAPPING events from decorations provider vscode.git 696
2024-06-13 16:20:21.863 [warning] [Decorations] CAPPING events from decorations provider vscode.git 697
2024-06-13 16:20:27.136 [warning] [Decorations] CAPPING events from decorations provider vscode.git 697
2024-06-13 16:20:32.346 [warning] [Decorations] CAPPING events from decorations provider vscode.git 697
2024-06-13 16:20:37.586 [warning] [Decorations] CAPPING events from decorations provider vscode.git 697
2024-06-13 16:20:42.793 [warning] [Decorations] CAPPING events from decorations provider vscode.git 698
2024-06-13 16:20:47.977 [warning] [Decorations] CAPPING events from decorations provider vscode.git 698
2024-06-13 16:20:53.201 [warning] [Decorations] CAPPING events from decorations provider vscode.git 698
2024-06-13 16:20:58.489 [warning] [Decorations] CAPPING events from decorations provider vscode.git 698
2024-06-13 16:21:03.944 [warning] [Decorations] CAPPING events from decorations provider vscode.git 698
2024-06-13 16:21:09.183 [warning] [Decorations] CAPPING events from decorations provider vscode.git 698
2024-06-13 16:21:14.414 [warning] [Decorations] CAPPING events from decorations provider vscode.git 698
2024-06-13 16:21:19.651 [warning] [Decorations] CAPPING events from decorations provider vscode.git 698
2024-06-13 16:21:24.902 [warning] [Decorations] CAPPING events from decorations provider vscode.git 698
2024-06-13 16:21:30.249 [warning] [Decorations] CAPPING events from decorations provider vscode.git 698
2024-06-13 16:21:35.507 [warning] [Decorations] CAPPING events from decorations provider vscode.git 698
2024-06-13 16:21:40.746 [warning] [Decorations] CAPPING events from decorations provider vscode.git 698
2024-06-13 16:21:45.998 [warning] [Decorations] CAPPING events from decorations provider vscode.git 698
2024-06-13 16:21:51.236 [warning] [Decorations] CAPPING events from decorations provider vscode.git 698
2024-06-13 16:21:56.467 [warning] [Decorations] CAPPING events from decorations provider vscode.git 698
2024-06-13 16:22:01.736 [warning] [Decorations] CAPPING events from decorations provider vscode.git 698
2024-06-13 16:22:07.001 [warning] [Decorations] CAPPING events from decorations provider vscode.git 698
2024-06-13 16:22:12.250 [warning] [Decorations] CAPPING events from decorations provider vscode.git 698
2024-06-13 16:22:17.506 [warning] [Decorations] CAPPING events from decorations provider vscode.git 698
2024-06-13 16:22:22.750 [warning] [Decorations] CAPPING events from decorations provider vscode.git 698
2024-06-13 16:22:27.989 [warning] [Decorations] CAPPING events from decorations provider vscode.git 698
2024-06-13 16:22:33.240 [warning] [Decorations] CAPPING events from decorations provider vscode.git 698
2024-06-13 16:22:38.457 [warning] [Decorations] CAPPING events from decorations provider vscode.git 698
2024-06-13 16:22:43.696 [warning] [Decorations] CAPPING events from decorations provider vscode.git 698
2024-06-13 16:22:48.955 [warning] [Decorations] CAPPING events from decorations provider vscode.git 698
2024-06-13 16:22:54.218 [warning] [Decorations] CAPPING events from decorations provider vscode.git 698
2024-06-13 16:22:59.470 [warning] [Decorations] CAPPING events from decorations provider vscode.git 698
2024-06-13 16:23:04.681 [warning] [Decorations] CAPPING events from decorations provider vscode.git 698
2024-06-13 16:23:09.889 [warning] [Decorations] CAPPING events from decorations provider vscode.git 698
2024-06-13 16:23:15.148 [warning] [Decorations] CAPPING events from decorations provider vscode.git 698
2024-06-13 16:23:20.366 [warning] [Decorations] CAPPING events from decorations provider vscode.git 698
2024-06-13 16:23:25.602 [warning] [Decorations] CAPPING events from decorations provider vscode.git 698
2024-06-13 16:23:30.843 [warning] [Decorations] CAPPING events from decorations provider vscode.git 698
2024-06-13 16:23:36.091 [warning] [Decorations] CAPPING events from decorations provider vscode.git 698
2024-06-13 16:23:41.307 [warning] [Decorations] CAPPING events from decorations provider vscode.git 698
2024-06-13 16:23:47.080 [warning] [Decorations] CAPPING events from decorations provider vscode.git 698
2024-06-13 16:23:52.726 [warning] [Decorations] CAPPING events from decorations provider vscode.git 698
2024-06-13 16:23:57.944 [warning] [Decorations] CAPPING events from decorations provider vscode.git 698
2024-06-13 16:24:03.200 [warning] [Decorations] CAPPING events from decorations provider vscode.git 698
2024-06-13 16:24:08.486 [warning] [Decorations] CAPPING events from decorations provider vscode.git 698
2024-06-13 16:24:13.784 [warning] [Decorations] CAPPING events from decorations provider vscode.git 698
2024-06-13 16:24:18.987 [warning] [Decorations] CAPPING events from decorations provider vscode.git 698
2024-06-13 16:24:24.207 [warning] [Decorations] CAPPING events from decorations provider vscode.git 698
2024-06-13 16:24:29.549 [warning] [Decorations] CAPPING events from decorations provider vscode.git 698
2024-06-13 16:24:34.816 [warning] [Decorations] CAPPING events from decorations provider vscode.git 698
2024-06-13 16:24:40.147 [warning] [Decorations] CAPPING events from decorations provider vscode.git 698
2024-06-13 16:24:45.414 [warning] [Decorations] CAPPING events from decorations provider vscode.git 698
2024-06-13 16:24:50.770 [warning] [Decorations] CAPPING events from decorations provider vscode.git 698
2024-06-13 16:24:56.002 [warning] [Decorations] CAPPING events from decorations provider vscode.git 698
2024-06-13 16:25:01.152 [warning] [Decorations] CAPPING events from decorations provider vscode.git 698
2024-06-13 16:25:06.317 [warning] [Decorations] CAPPING events from decorations provider vscode.git 698
2024-06-13 16:25:11.535 [warning] [Decorations] CAPPING events from decorations provider vscode.git 698
2024-06-13 16:25:16.790 [warning] [Decorations] CAPPING events from decorations provider vscode.git 698
2024-06-13 16:25:22.054 [warning] [Decorations] CAPPING events from decorations provider vscode.git 698
2024-06-13 16:25:27.336 [warning] [Decorations] CAPPING events from decorations provider vscode.git 698
2024-06-13 16:25:32.503 [warning] [Decorations] CAPPING events from decorations provider vscode.git 698
2024-06-13 16:25:37.682 [warning] [Decorations] CAPPING events from decorations provider vscode.git 698
2024-06-13 16:25:42.983 [warning] [Decorations] CAPPING events from decorations provider vscode.git 698
2024-06-13 16:25:48.260 [warning] [Decorations] CAPPING events from decorations provider vscode.git 698
2024-06-13 16:25:53.505 [warning] [Decorations] CAPPING events from decorations provider vscode.git 698
2024-06-13 16:25:58.775 [warning] [Decorations] CAPPING events from decorations provider vscode.git 698
2024-06-13 16:26:03.991 [warning] [Decorations] CAPPING events from decorations provider vscode.git 698
2024-06-13 16:26:09.140 [warning] [Decorations] CAPPING events from decorations provider vscode.git 698
2024-06-13 16:26:14.359 [warning] [Decorations] CAPPING events from decorations provider vscode.git 698
2024-06-13 16:26:19.579 [warning] [Decorations] CAPPING events from decorations provider vscode.git 698
2024-06-13 16:26:24.879 [warning] [Decorations] CAPPING events from decorations provider vscode.git 698
2024-06-13 16:26:30.109 [warning] [Decorations] CAPPING events from decorations provider vscode.git 698
2024-06-13 16:26:35.287 [warning] [Decorations] CAPPING events from decorations provider vscode.git 698
2024-06-13 16:26:40.529 [warning] [Decorations] CAPPING events from decorations provider vscode.git 698
2024-06-13 16:26:45.737 [warning] [Decorations] CAPPING events from decorations provider vscode.git 698
2024-06-13 16:26:50.951 [warning] [Decorations] CAPPING events from decorations provider vscode.git 698
2024-06-13 16:26:56.201 [warning] [Decorations] CAPPING events from decorations provider vscode.git 698
2024-06-13 16:27:01.440 [warning] [Decorations] CAPPING events from decorations provider vscode.git 698
2024-06-13 16:27:06.626 [warning] [Decorations] CAPPING events from decorations provider vscode.git 698
2024-06-13 16:27:11.852 [warning] [Decorations] CAPPING events from decorations provider vscode.git 698
2024-06-13 16:27:17.092 [warning] [Decorations] CAPPING events from decorations provider vscode.git 698
2024-06-13 16:27:22.316 [warning] [Decorations] CAPPING events from decorations provider vscode.git 698
2024-06-13 16:27:27.577 [warning] [Decorations] CAPPING events from decorations provider vscode.git 698
2024-06-13 16:27:32.824 [warning] [Decorations] CAPPING events from decorations provider vscode.git 698
2024-06-13 16:27:38.051 [warning] [Decorations] CAPPING events from decorations provider vscode.git 698
2024-06-13 16:27:43.297 [warning] [Decorations] CAPPING events from decorations provider vscode.git 698
2024-06-13 16:27:48.791 [warning] [Decorations] CAPPING events from decorations provider vscode.git 698
2024-06-13 16:27:54.034 [warning] [Decorations] CAPPING events from decorations provider vscode.git 698
2024-06-13 16:27:59.255 [warning] [Decorations] CAPPING events from decorations provider vscode.git 698
2024-06-13 16:28:04.887 [warning] [Decorations] CAPPING events from decorations provider vscode.git 698
2024-06-13 16:28:10.069 [warning] [Decorations] CAPPING events from decorations provider vscode.git 698
2024-06-13 16:28:15.290 [warning] [Decorations] CAPPING events from decorations provider vscode.git 698
2024-06-13 16:28:20.581 [warning] [Decorations] CAPPING events from decorations provider vscode.git 698
2024-06-13 16:28:25.953 [warning] [Decorations] CAPPING events from decorations provider vscode.git 698
2024-06-13 16:28:57.338 [warning] [Decorations] CAPPING events from decorations provider vscode.git 698
2024-06-13 16:29:02.513 [warning] [Decorations] CAPPING events from decorations provider vscode.git 698
2024-06-13 16:30:09.372 [warning] [Decorations] CAPPING events from decorations provider vscode.git 699
2024-06-13 16:30:14.556 [warning] [Decorations] CAPPING events from decorations provider vscode.git 699
2024-06-13 16:30:19.753 [warning] [Decorations] CAPPING events from decorations provider vscode.git 700
