2024-07-16 11:42:37.555 [info] Extension host with pid 16678 started
2024-07-16 11:42:37.556 [info] Skipping acquiring lock for /home/paigec00/.config/Code/User/workspaceStorage/8ea3963be3c1586e44c32bfe7087fe7c.
2024-07-16 11:42:38.050 [info] ExtensionService#_doActivateExtension vscode.git-base, startup: true, activationEvent: '*', root cause: vscode.git
2024-07-16 11:42:38.544 [info] ExtensionService#_doActivateExtension vscode.git, startup: true, activationEvent: '*'
2024-07-16 11:42:38.745 [info] ExtensionService#_doActivateExtension vscode.github, startup: true, activationEvent: '*'
2024-07-16 11:42:39.267 [info] Eager extensions activated
2024-07-16 11:42:39.763 [info] ExtensionService#_doActivateExtension vscode.debug-auto-launch, startup: false, activationEvent: 'onStartupFinished'
2024-07-16 11:42:39.768 [info] ExtensionService#_doActivateExtension vscode.merge-conflict, startup: false, activationEvent: 'onStartupFinished'
2024-07-16 11:42:39.810 [info] ExtensionService#_doActivateExtension ritwickdey.LiveServer, startup: false, activationEvent: 'onStartupFinished'
2024-07-16 11:42:40.612 [info] ExtensionService#_doActivateExtension vscode.emmet, startup: false, activationEvent: 'onLanguage'
2024-07-16 11:42:41.025 [info] ExtensionService#_doActivateExtension vscode.github-authentication, startup: false, activationEvent: 'onAuthenticationRequest:github'
2024-07-16 11:42:42.195 [warning] [Decorations] CAPPING events from decorations provider vscode.git 2293
2024-07-16 11:42:43.562 [info] ExtensionService#_doActivateExtension vscode.extension-editing, startup: false, activationEvent: 'onLanguage:markdown'
2024-07-16 11:42:43.651 [info] ExtensionService#_doActivateExtension vscode.markdown-language-features, startup: false, activationEvent: 'onLanguage:markdown'
2024-07-16 11:48:21.241 [warning] [Decorations] CAPPING events from decorations provider vscode.git 2329
2024-07-16 11:48:23.298 [warning] [Decorations] CAPPING events from decorations provider vscode.git 2329
2024-07-16 12:15:50.623 [warning] [Decorations] CAPPING events from decorations provider vscode.git 2329
2024-07-16 12:15:51.909 [warning] [Decorations] CAPPING events from decorations provider vscode.git 2329
2024-07-16 12:34:28.394 [warning] [Decorations] CAPPING events from decorations provider vscode.git 2329
2024-07-16 13:04:23.953 [warning] [Decorations] CAPPING events from decorations provider vscode.git 2329
2024-07-16 14:38:09.079 [warning] [Decorations] CAPPING events from decorations provider vscode.git 2329
2024-07-16 14:38:10.542 [warning] [Decorations] CAPPING events from decorations provider vscode.git 2329
2024-07-16 14:38:14.615 [warning] [Decorations] CAPPING events from decorations provider vscode.git 2329
2024-07-16 14:38:19.044 [info] ExtensionService#_doActivateExtension vscode.html-language-features, startup: false, activationEvent: 'onLanguage:html'
2024-07-16 14:38:20.480 [warning] [Decorations] CAPPING events from decorations provider vscode.git 2330
2024-07-16 14:38:25.927 [warning] [Decorations] CAPPING events from decorations provider vscode.git 2333
2024-07-16 14:38:27.279 [info] ExtensionService#_doActivateExtension vscode.typescript-language-features, startup: false, activationEvent: 'onLanguage:javascript'
2024-07-16 14:38:29.067 [info] ExtensionService#_doActivateExtension vscode.css-language-features, startup: false, activationEvent: 'onLanguage:css'
2024-07-16 14:38:33.322 [warning] [Decorations] CAPPING events from decorations provider vscode.git 2335
2024-07-16 14:38:39.326 [warning] [Decorations] CAPPING events from decorations provider vscode.git 2336
2024-07-16 14:41:37.461 [warning] [Decorations] CAPPING events from decorations provider vscode.git 2336
2024-07-16 14:41:38.606 [warning] [Decorations] CAPPING events from decorations provider vscode.git 2336
2024-07-16 15:55:13.234 [warning] [Decorations] CAPPING events from decorations provider vscode.git 2336
2024-07-16 15:55:18.083 [warning] [Decorations] CAPPING events from decorations provider vscode.git 2336
2024-07-16 15:55:57.228 [warning] [Decorations] CAPPING events from decorations provider vscode.git 2336
2024-07-16 15:56:02.766 [warning] [Decorations] CAPPING events from decorations provider vscode.git 2336
2024-07-16 15:56:08.141 [warning] [Decorations] CAPPING events from decorations provider vscode.git 2336
2024-07-16 15:56:13.719 [warning] [Decorations] CAPPING events from decorations provider vscode.git 2337
2024-07-16 15:56:19.165 [warning] [Decorations] CAPPING events from decorations provider vscode.git 2337
2024-07-16 15:56:24.719 [warning] [Decorations] CAPPING events from decorations provider vscode.git 2337
2024-07-16 15:56:30.298 [warning] [Decorations] CAPPING events from decorations provider vscode.git 2337
2024-07-16 15:56:35.929 [warning] [Decorations] CAPPING events from decorations provider vscode.git 2337
2024-07-16 15:56:41.308 [warning] [Decorations] CAPPING events from decorations provider vscode.git 2337
2024-07-16 15:56:46.711 [warning] [Decorations] CAPPING events from decorations provider vscode.git 2337
2024-07-16 15:56:52.241 [warning] [Decorations] CAPPING events from decorations provider vscode.git 2337
2024-07-16 15:56:57.943 [warning] [Decorations] CAPPING events from decorations provider vscode.git 2338
2024-07-16 15:57:03.471 [warning] [Decorations] CAPPING events from decorations provider vscode.git 2338
2024-07-16 15:57:08.929 [warning] [Decorations] CAPPING events from decorations provider vscode.git 2338
2024-07-16 15:57:14.424 [warning] [Decorations] CAPPING events from decorations provider vscode.git 2338
2024-07-16 15:57:19.926 [warning] [Decorations] CAPPING events from decorations provider vscode.git 2338
2024-07-16 15:57:25.469 [warning] [Decorations] CAPPING events from decorations provider vscode.git 2339
2024-07-16 15:57:31.118 [warning] [Decorations] CAPPING events from decorations provider vscode.git 2339
2024-07-16 15:57:36.658 [warning] [Decorations] CAPPING events from decorations provider vscode.git 2339
2024-07-16 15:57:42.396 [warning] [Decorations] CAPPING events from decorations provider vscode.git 2340
2024-07-16 15:57:48.072 [warning] [Decorations] CAPPING events from decorations provider vscode.git 2340
2024-07-16 15:57:53.521 [warning] [Decorations] CAPPING events from decorations provider vscode.git 2340
2024-07-16 16:01:22.713 [warning] [Decorations] CAPPING events from decorations provider vscode.git 2340
2024-07-16 16:01:23.506 [warning] [Decorations] CAPPING events from decorations provider vscode.git 2340
2024-07-16 16:01:28.195 [warning] [Decorations] CAPPING events from decorations provider vscode.git 2340
2024-07-16 16:01:33.575 [warning] [Decorations] CAPPING events from decorations provider vscode.git 2340
2024-07-16 16:01:53.791 [warning] [Decorations] CAPPING events from decorations provider vscode.git 2340
2024-07-16 16:01:59.613 [warning] [Decorations] CAPPING events from decorations provider vscode.git 2340
2024-07-16 16:02:05.054 [warning] [Decorations] CAPPING events from decorations provider vscode.git 2340
2024-07-16 16:02:10.433 [warning] [Decorations] CAPPING events from decorations provider vscode.git 2340
2024-07-16 16:02:15.965 [warning] [Decorations] CAPPING events from decorations provider vscode.git 2340
2024-07-16 16:02:21.621 [warning] [Decorations] CAPPING events from decorations provider vscode.git 2340
2024-07-16 16:02:27.335 [warning] [Decorations] CAPPING events from decorations provider vscode.git 2340
2024-07-16 16:02:32.928 [warning] [Decorations] CAPPING events from decorations provider vscode.git 2340
2024-07-16 16:02:38.379 [warning] [Decorations] CAPPING events from decorations provider vscode.git 2340
2024-07-16 16:02:44.378 [warning] [Decorations] CAPPING events from decorations provider vscode.git 2340
2024-07-16 16:03:57.507 [warning] [Decorations] CAPPING events from decorations provider vscode.git 2340
2024-07-16 16:04:02.965 [warning] [Decorations] CAPPING events from decorations provider vscode.git 2340
2024-07-16 16:04:08.462 [warning] [Decorations] CAPPING events from decorations provider vscode.git 2340
2024-07-16 16:04:14.006 [warning] [Decorations] CAPPING events from decorations provider vscode.git 2340
2024-07-16 16:04:19.417 [warning] [Decorations] CAPPING events from decorations provider vscode.git 2340
2024-07-16 16:04:24.374 [warning] [Decorations] CAPPING events from decorations provider vscode.git 2340
2024-07-16 16:04:25.438 [warning] [Decorations] CAPPING events from decorations provider vscode.git 2340
2024-07-16 16:04:30.792 [warning] [Decorations] CAPPING events from decorations provider vscode.git 2340
2024-07-16 16:04:38.247 [warning] [Decorations] CAPPING events from decorations provider vscode.git 2340
2024-07-16 16:04:44.367 [warning] [Decorations] CAPPING events from decorations provider vscode.git 2340
2024-07-16 16:04:49.836 [warning] [Decorations] CAPPING events from decorations provider vscode.git 2340
2024-07-16 16:04:55.427 [warning] [Decorations] CAPPING events from decorations provider vscode.git 2340
2024-07-16 16:05:00.876 [warning] [Decorations] CAPPING events from decorations provider vscode.git 2340
2024-07-16 16:05:06.301 [warning] [Decorations] CAPPING events from decorations provider vscode.git 2340
2024-07-16 16:05:11.668 [warning] [Decorations] CAPPING events from decorations provider vscode.git 2340
2024-07-16 16:05:17.333 [warning] [Decorations] CAPPING events from decorations provider vscode.git 2340
2024-07-16 16:05:23.169 [warning] [Decorations] CAPPING events from decorations provider vscode.git 2340
2024-07-16 16:05:28.691 [warning] [Decorations] CAPPING events from decorations provider vscode.git 2340
2024-07-16 16:05:34.138 [warning] [Decorations] CAPPING events from decorations provider vscode.git 2340
2024-07-16 16:05:39.588 [warning] [Decorations] CAPPING events from decorations provider vscode.git 2340
2024-07-16 16:05:45.436 [warning] [Decorations] CAPPING events from decorations provider vscode.git 2342
2024-07-16 16:05:50.991 [warning] [Decorations] CAPPING events from decorations provider vscode.git 2166
2024-07-16 16:05:56.536 [warning] [Decorations] CAPPING events from decorations provider vscode.git 2166
2024-07-16 16:06:02.306 [warning] [Decorations] CAPPING events from decorations provider vscode.git 2166
2024-07-16 16:06:08.107 [warning] [Decorations] CAPPING events from decorations provider vscode.git 2166
2024-07-16 16:06:13.828 [warning] [Decorations] CAPPING events from decorations provider vscode.git 2166
2024-07-16 16:06:19.483 [warning] [Decorations] CAPPING events from decorations provider vscode.git 2166
2024-07-16 16:06:25.070 [warning] [Decorations] CAPPING events from decorations provider vscode.git 2166
2024-07-16 16:06:30.747 [warning] [Decorations] CAPPING events from decorations provider vscode.git 2166
2024-07-16 16:06:36.351 [warning] [Decorations] CAPPING events from decorations provider vscode.git 2166
2024-07-16 16:06:41.915 [warning] [Decorations] CAPPING events from decorations provider vscode.git 2166
2024-07-16 16:06:43.439 [info] ExtensionService#_doActivateExtension vscode.npm, startup: false, activationEvent: 'onTerminalQuickFixRequest:ms-vscode.npm-command'
2024-07-16 16:06:47.554 [warning] [Decorations] CAPPING events from decorations provider vscode.git 2166
2024-07-16 16:06:53.180 [warning] [Decorations] CAPPING events from decorations provider vscode.git 2166
2024-07-16 16:06:58.747 [warning] [Decorations] CAPPING events from decorations provider vscode.git 2166
2024-07-16 16:07:04.458 [warning] [Decorations] CAPPING events from decorations provider vscode.git 2166
2024-07-16 16:07:30.620 [warning] [Decorations] CAPPING events from decorations provider vscode.git 2166
2024-07-16 16:07:35.353 [warning] [Decorations] CAPPING events from decorations provider vscode.git 2166
2024-07-16 16:07:41.117 [warning] [Decorations] CAPPING events from decorations provider vscode.git 2166
2024-07-16 16:07:46.791 [warning] [Decorations] CAPPING events from decorations provider vscode.git 2166
2024-07-16 16:07:52.585 [warning] [Decorations] CAPPING events from decorations provider vscode.git 2166
2024-07-16 16:07:58.465 [warning] [Decorations] CAPPING events from decorations provider vscode.git 2166
2024-07-16 16:08:06.544 [warning] [Decorations] CAPPING events from decorations provider vscode.git 2166
2024-07-16 16:08:12.556 [warning] [Decorations] CAPPING events from decorations provider vscode.git 2166
2024-07-16 16:08:18.647 [warning] [Decorations] CAPPING events from decorations provider vscode.git 2166
2024-07-16 16:08:24.770 [warning] [Decorations] CAPPING events from decorations provider vscode.git 2166
2024-07-16 16:08:30.558 [warning] [Decorations] CAPPING events from decorations provider vscode.git 2166
2024-07-16 16:08:36.656 [warning] [Decorations] CAPPING events from decorations provider vscode.git 2166
2024-07-16 16:08:42.484 [warning] [Decorations] CAPPING events from decorations provider vscode.git 2166
2024-07-16 16:08:48.377 [warning] [Decorations] CAPPING events from decorations provider vscode.git 2166
2024-07-16 16:08:54.088 [warning] [Decorations] CAPPING events from decorations provider vscode.git 2166
2024-07-16 16:08:59.798 [warning] [Decorations] CAPPING events from decorations provider vscode.git 2166
2024-07-16 16:09:05.581 [warning] [Decorations] CAPPING events from decorations provider vscode.git 2166
2024-07-16 16:09:11.320 [warning] [Decorations] CAPPING events from decorations provider vscode.git 2166
2024-07-16 16:09:16.975 [warning] [Decorations] CAPPING events from decorations provider vscode.git 2166
2024-07-16 16:09:22.547 [warning] [Decorations] CAPPING events from decorations provider vscode.git 2166
2024-07-16 16:09:28.253 [warning] [Decorations] CAPPING events from decorations provider vscode.git 2166
2024-07-16 16:09:33.799 [warning] [Decorations] CAPPING events from decorations provider vscode.git 2166
2024-07-16 16:09:39.349 [warning] [Decorations] CAPPING events from decorations provider vscode.git 2166
2024-07-16 16:09:44.969 [warning] [Decorations] CAPPING events from decorations provider vscode.git 2166
2024-07-16 16:09:50.717 [warning] [Decorations] CAPPING events from decorations provider vscode.git 2166
2024-07-16 16:09:56.360 [warning] [Decorations] CAPPING events from decorations provider vscode.git 2166
2024-07-16 16:14:41.648 [warning] [Decorations] CAPPING events from decorations provider vscode.git 2166
2024-07-16 16:14:46.619 [warning] [Decorations] CAPPING events from decorations provider vscode.git 2166
2024-07-16 16:14:52.388 [warning] [Decorations] CAPPING events from decorations provider vscode.git 2166
2024-07-16 16:14:58.147 [warning] [Decorations] CAPPING events from decorations provider vscode.git 2166
2024-07-16 16:15:03.902 [warning] [Decorations] CAPPING events from decorations provider vscode.git 2166
2024-07-16 16:15:09.567 [warning] [Decorations] CAPPING events from decorations provider vscode.git 2166
2024-07-16 16:15:15.308 [warning] [Decorations] CAPPING events from decorations provider vscode.git 2166
2024-07-16 16:15:21.015 [warning] [Decorations] CAPPING events from decorations provider vscode.git 2166
2024-07-16 16:15:26.828 [warning] [Decorations] CAPPING events from decorations provider vscode.git 2166
2024-07-16 16:15:32.423 [warning] [Decorations] CAPPING events from decorations provider vscode.git 2166
2024-07-16 16:15:40.626 [warning] [Decorations] CAPPING events from decorations provider vscode.git 2166
2024-07-16 16:15:46.452 [warning] [Decorations] CAPPING events from decorations provider vscode.git 2166
2024-07-16 16:15:52.047 [warning] [Decorations] CAPPING events from decorations provider vscode.git 2166
2024-07-16 16:15:57.756 [warning] [Decorations] CAPPING events from decorations provider vscode.git 2166
2024-07-16 16:16:03.309 [warning] [Decorations] CAPPING events from decorations provider vscode.git 2166
2024-07-16 16:16:09.060 [warning] [Decorations] CAPPING events from decorations provider vscode.git 2166
2024-07-16 16:16:14.755 [warning] [Decorations] CAPPING events from decorations provider vscode.git 2166
2024-07-16 16:16:20.405 [warning] [Decorations] CAPPING events from decorations provider vscode.git 2166
2024-07-16 16:16:26.256 [warning] [Decorations] CAPPING events from decorations provider vscode.git 2166
2024-07-16 16:16:31.997 [warning] [Decorations] CAPPING events from decorations provider vscode.git 2166
2024-07-16 16:16:37.711 [warning] [Decorations] CAPPING events from decorations provider vscode.git 2166
2024-07-16 16:16:43.390 [warning] [Decorations] CAPPING events from decorations provider vscode.git 2166
2024-07-16 16:16:48.905 [warning] [Decorations] CAPPING events from decorations provider vscode.git 2166
2024-07-16 16:16:54.629 [warning] [Decorations] CAPPING events from decorations provider vscode.git 2166
2024-07-16 16:17:00.289 [warning] [Decorations] CAPPING events from decorations provider vscode.git 2166
2024-07-16 16:17:06.112 [warning] [Decorations] CAPPING events from decorations provider vscode.git 2166
2024-07-16 16:17:11.674 [warning] [Decorations] CAPPING events from decorations provider vscode.git 2166
2024-07-16 16:17:17.246 [warning] [Decorations] CAPPING events from decorations provider vscode.git 2166
2024-07-16 16:17:22.931 [warning] [Decorations] CAPPING events from decorations provider vscode.git 2166
2024-07-16 16:17:28.481 [warning] [Decorations] CAPPING events from decorations provider vscode.git 2166
2024-07-16 16:17:34.015 [warning] [Decorations] CAPPING events from decorations provider vscode.git 2166
2024-07-16 16:17:40.112 [warning] [Decorations] CAPPING events from decorations provider vscode.git 2166
2024-07-16 16:17:42.697 [warning] [Decorations] CAPPING events from decorations provider vscode.git 2166
2024-07-16 16:17:45.973 [warning] [Decorations] CAPPING events from decorations provider vscode.git 2166
2024-07-16 16:17:51.759 [warning] [Decorations] CAPPING events from decorations provider vscode.git 2166
2024-07-16 16:17:57.559 [warning] [Decorations] CAPPING events from decorations provider vscode.git 2166
2024-07-16 16:18:03.494 [warning] [Decorations] CAPPING events from decorations provider vscode.git 2166
2024-07-16 16:18:09.441 [warning] [Decorations] CAPPING events from decorations provider vscode.git 2166
2024-07-16 16:18:15.176 [warning] [Decorations] CAPPING events from decorations provider vscode.git 2166
2024-07-16 16:18:20.823 [warning] [Decorations] CAPPING events from decorations provider vscode.git 2166
2024-07-16 16:18:26.443 [warning] [Decorations] CAPPING events from decorations provider vscode.git 2166
2024-07-16 16:18:32.144 [warning] [Decorations] CAPPING events from decorations provider vscode.git 2166
2024-07-16 16:18:37.765 [warning] [Decorations] CAPPING events from decorations provider vscode.git 2166
2024-07-16 16:18:43.245 [warning] [Decorations] CAPPING events from decorations provider vscode.git 2166
2024-07-16 16:18:48.889 [warning] [Decorations] CAPPING events from decorations provider vscode.git 2166
2024-07-16 16:18:54.430 [warning] [Decorations] CAPPING events from decorations provider vscode.git 2166
2024-07-16 16:19:00.077 [warning] [Decorations] CAPPING events from decorations provider vscode.git 2166
2024-07-16 16:19:05.607 [warning] [Decorations] CAPPING events from decorations provider vscode.git 2166
2024-07-16 16:19:11.241 [warning] [Decorations] CAPPING events from decorations provider vscode.git 2166
2024-07-16 16:19:16.842 [warning] [Decorations] CAPPING events from decorations provider vscode.git 2166
2024-07-16 16:19:22.565 [warning] [Decorations] CAPPING events from decorations provider vscode.git 2166
2024-07-16 16:19:28.171 [warning] [Decorations] CAPPING events from decorations provider vscode.git 2166
2024-07-16 16:19:33.821 [warning] [Decorations] CAPPING events from decorations provider vscode.git 2166
2024-07-16 16:19:39.519 [warning] [Decorations] CAPPING events from decorations provider vscode.git 2166
2024-07-16 16:19:45.127 [warning] [Decorations] CAPPING events from decorations provider vscode.git 2166
2024-07-16 16:19:50.738 [warning] [Decorations] CAPPING events from decorations provider vscode.git 2166
2024-07-16 16:19:56.281 [warning] [Decorations] CAPPING events from decorations provider vscode.git 2166
2024-07-16 16:20:01.857 [warning] [Decorations] CAPPING events from decorations provider vscode.git 2166
2024-07-16 16:20:07.421 [warning] [Decorations] CAPPING events from decorations provider vscode.git 2166
2024-07-16 16:20:13.146 [warning] [Decorations] CAPPING events from decorations provider vscode.git 2167
2024-07-16 16:20:18.844 [warning] [Decorations] CAPPING events from decorations provider vscode.git 2167
2024-07-16 16:20:24.446 [warning] [Decorations] CAPPING events from decorations provider vscode.git 2167
2024-07-16 16:20:30.225 [warning] [Decorations] CAPPING events from decorations provider vscode.git 2167
2024-07-16 16:20:36.076 [warning] [Decorations] CAPPING events from decorations provider vscode.git 2167
2024-07-16 16:20:41.975 [warning] [Decorations] CAPPING events from decorations provider vscode.git 2167
2024-07-16 16:20:44.623 [warning] [Decorations] CAPPING events from decorations provider vscode.git 2167
2024-07-16 16:20:47.921 [warning] [Decorations] CAPPING events from decorations provider vscode.git 2167
2024-07-16 16:20:53.705 [warning] [Decorations] CAPPING events from decorations provider vscode.git 2167
2024-07-16 16:20:59.452 [warning] [Decorations] CAPPING events from decorations provider vscode.git 2167
2024-07-16 16:21:05.088 [warning] [Decorations] CAPPING events from decorations provider vscode.git 2167
2024-07-16 16:21:10.772 [warning] [Decorations] CAPPING events from decorations provider vscode.git 2167
2024-07-16 16:21:16.310 [warning] [Decorations] CAPPING events from decorations provider vscode.git 2167
2024-07-16 16:21:22.083 [warning] [Decorations] CAPPING events from decorations provider vscode.git 2167
2024-07-16 16:21:27.852 [warning] [Decorations] CAPPING events from decorations provider vscode.git 2167
2024-07-16 16:21:33.446 [warning] [Decorations] CAPPING events from decorations provider vscode.git 2167
2024-07-16 16:21:39.162 [warning] [Decorations] CAPPING events from decorations provider vscode.git 2167
2024-07-16 16:21:44.800 [warning] [Decorations] CAPPING events from decorations provider vscode.git 2167
2024-07-16 16:21:50.364 [warning] [Decorations] CAPPING events from decorations provider vscode.git 2167
2024-07-16 16:21:56.084 [warning] [Decorations] CAPPING events from decorations provider vscode.git 2167
2024-07-16 16:22:01.645 [warning] [Decorations] CAPPING events from decorations provider vscode.git 2167
2024-07-16 16:22:07.414 [warning] [Decorations] CAPPING events from decorations provider vscode.git 2167
2024-07-16 16:22:13.268 [warning] [Decorations] CAPPING events from decorations provider vscode.git 2167
2024-07-16 16:22:19.031 [warning] [Decorations] CAPPING events from decorations provider vscode.git 2167
2024-07-16 16:22:24.677 [warning] [Decorations] CAPPING events from decorations provider vscode.git 2167
2024-07-16 16:22:30.556 [warning] [Decorations] CAPPING events from decorations provider vscode.git 2167
2024-07-16 16:22:36.993 [warning] [Decorations] CAPPING events from decorations provider vscode.git 2167
2024-07-16 16:22:42.617 [warning] [Decorations] CAPPING events from decorations provider vscode.git 2167
2024-07-16 16:22:48.180 [warning] [Decorations] CAPPING events from decorations provider vscode.git 2167
2024-07-16 16:22:53.964 [warning] [Decorations] CAPPING events from decorations provider vscode.git 2167
2024-07-16 16:23:00.088 [warning] [Decorations] CAPPING events from decorations provider vscode.git 2167
2024-07-16 16:23:05.828 [warning] [Decorations] CAPPING events from decorations provider vscode.git 2167
2024-07-16 16:23:22.030 [warning] [Decorations] CAPPING events from decorations provider vscode.git 2167
2024-07-16 16:23:28.239 [warning] [Decorations] CAPPING events from decorations provider vscode.git 2167
2024-07-16 16:23:33.932 [warning] [Decorations] CAPPING events from decorations provider vscode.git 2167
2024-07-16 16:23:39.819 [warning] [Decorations] CAPPING events from decorations provider vscode.git 2167
2024-07-16 16:23:46.230 [warning] [Decorations] CAPPING events from decorations provider vscode.git 2167
2024-07-16 16:23:51.012 [warning] [Decorations] CAPPING events from decorations provider vscode.git 2167
2024-07-16 16:23:56.991 [warning] [Decorations] CAPPING events from decorations provider vscode.git 2167
2024-07-16 16:24:02.715 [warning] [Decorations] CAPPING events from decorations provider vscode.git 2167
2024-07-16 16:24:08.382 [warning] [Decorations] CAPPING events from decorations provider vscode.git 2167
2024-07-16 16:24:13.965 [warning] [Decorations] CAPPING events from decorations provider vscode.git 2167
2024-07-16 16:24:19.692 [warning] [Decorations] CAPPING events from decorations provider vscode.git 2167
2024-07-16 16:24:25.479 [warning] [Decorations] CAPPING events from decorations provider vscode.git 2168
2024-07-16 16:24:38.949 [warning] [Decorations] CAPPING events from decorations provider vscode.git 2168
2024-07-16 16:24:44.591 [warning] [Decorations] CAPPING events from decorations provider vscode.git 2168
2024-07-16 16:24:50.320 [warning] [Decorations] CAPPING events from decorations provider vscode.git 2168
2024-07-16 16:24:55.881 [warning] [Decorations] CAPPING events from decorations provider vscode.git 2168
2024-07-16 16:25:01.553 [warning] [Decorations] CAPPING events from decorations provider vscode.git 2168
2024-07-16 16:25:07.265 [warning] [Decorations] CAPPING events from decorations provider vscode.git 2168
2024-07-16 16:25:13.029 [warning] [Decorations] CAPPING events from decorations provider vscode.git 2168
2024-07-16 16:25:18.666 [warning] [Decorations] CAPPING events from decorations provider vscode.git 2168
2024-07-16 16:25:24.294 [warning] [Decorations] CAPPING events from decorations provider vscode.git 2168
2024-07-16 16:25:30.038 [warning] [Decorations] CAPPING events from decorations provider vscode.git 2168
2024-07-16 16:25:35.589 [warning] [Decorations] CAPPING events from decorations provider vscode.git 2168
2024-07-16 16:25:41.300 [warning] [Decorations] CAPPING events from decorations provider vscode.git 2168
2024-07-16 16:25:46.982 [warning] [Decorations] CAPPING events from decorations provider vscode.git 2168
2024-07-16 16:25:52.544 [warning] [Decorations] CAPPING events from decorations provider vscode.git 2168
2024-07-16 16:25:57.813 [warning] [Decorations] CAPPING events from decorations provider vscode.git 2168
2024-07-17 12:59:58.584 [info] Extension host terminating: renderer closed the MessagePort
2024-07-17 12:59:58.955 [error] Canceled: Canceled
	at new I (/usr/share/code/resources/app/out/vs/workbench/api/node/extensionHostProcess.js:144:34990)
	at S.U (/usr/share/code/resources/app/out/vs/workbench/api/node/extensionHostProcess.js:151:6023)
	at z.<computed>.F.charCodeAt.T.CharCode.DollarSign.z.<computed> (/usr/share/code/resources/app/out/vs/workbench/api/node/extensionHostProcess.js:151:3107)
	at f.g (/usr/share/code/resources/app/out/vs/workbench/api/node/extensionHostProcess.js:154:203861)
	at f.executeCommand (/usr/share/code/resources/app/out/vs/workbench/api/node/extensionHostProcess.js:154:203299)
	at A.registerCommand.description (/usr/share/code/resources/app/out/vs/workbench/api/node/extensionHostProcess.js:154:202623)
	at f.h (/usr/share/code/resources/app/out/vs/workbench/api/node/extensionHostProcess.js:154:204400)
	at f.g (/usr/share/code/resources/app/out/vs/workbench/api/node/extensionHostProcess.js:154:203392)
	at f.executeCommand (/usr/share/code/resources/app/out/vs/workbench/api/node/extensionHostProcess.js:154:203299)
	at Object.executeCommand (/usr/share/code/resources/app/out/vs/workbench/api/node/extensionHostProcess.js:164:23051)
	at n.O [as value] (/usr/share/code/resources/app/extensions/git/dist/main.js:2:949496)
	at r.B (/usr/share/code/resources/app/out/vs/workbench/api/node/extensionHostProcess.js:83:737)
	at r.C (/usr/share/code/resources/app/out/vs/workbench/api/node/extensionHostProcess.js:83:807)
	at r.fire (/usr/share/code/resources/app/out/vs/workbench/api/node/extensionHostProcess.js:83:1023)
	at Object.p [as dispose] (/usr/share/code/resources/app/extensions/git/dist/main.js:2:968700)
	at /usr/share/code/resources/app/extensions/git/dist/main.js:2:974738
	at Array.forEach (<anonymous>)
	at f.dispose (/usr/share/code/resources/app/extensions/git/dist/main.js:2:974724)
	at c.<anonymous> (/usr/share/code/resources/app/out/vs/workbench/api/node/extensionHostProcess.js:152:4048)
	at c.dispose (/usr/share/code/resources/app/out/vs/workbench/api/node/extensionHostProcess.js:152:4145)
	at c.<anonymous> (/usr/share/code/resources/app/extensions/git/dist/main.js:2:951753)
	at c.dispose (/usr/share/code/resources/app/out/vs/workbench/api/node/extensionHostProcess.js:152:4145)
	at d (/usr/share/code/resources/app/out/vs/workbench/api/node/extensionHostProcess.js:30:744)
	at m.eb (/usr/share/code/resources/app/out/vs/workbench/api/node/extensionHostProcess.js:160:10039)
	at /usr/share/code/resources/app/out/vs/workbench/api/node/extensionHostProcess.js:160:7915
	at Array.map (<anonymous>)
	at m.$ (/usr/share/code/resources/app/out/vs/workbench/api/node/extensionHostProcess.js:160:7902)
	at m.terminate (/usr/share/code/resources/app/out/vs/workbench/api/node/extensionHostProcess.js:160:8175)
	at d.terminate (/usr/share/code/resources/app/out/vs/workbench/api/node/extensionHostProcess.js:164:1513)
	at i (/usr/share/code/resources/app/out/vs/workbench/api/node/extensionHostProcess.js:177:10617)
	at MessagePortMain.<anonymous> (/usr/share/code/resources/app/out/vs/workbench/api/node/extensionHostProcess.js:177:6809)
	at MessagePortMain.emit (node:events:514:28)
	at MessagePortMain._internalPort.emit (node:electron/js2c/utility_init:2:2285) setContext undefined
2024-07-17 12:59:58.962 [error] Canceled: Canceled
	at new I (/usr/share/code/resources/app/out/vs/workbench/api/node/extensionHostProcess.js:144:34990)
	at S.U (/usr/share/code/resources/app/out/vs/workbench/api/node/extensionHostProcess.js:151:6023)
	at z.<computed>.F.charCodeAt.T.CharCode.DollarSign.z.<computed> (/usr/share/code/resources/app/out/vs/workbench/api/node/extensionHostProcess.js:151:3107)
	at f.g (/usr/share/code/resources/app/out/vs/workbench/api/node/extensionHostProcess.js:154:203861)
	at f.executeCommand (/usr/share/code/resources/app/out/vs/workbench/api/node/extensionHostProcess.js:154:203299)
	at A.registerCommand.description (/usr/share/code/resources/app/out/vs/workbench/api/node/extensionHostProcess.js:154:202623)
	at f.h (/usr/share/code/resources/app/out/vs/workbench/api/node/extensionHostProcess.js:154:204400)
	at f.g (/usr/share/code/resources/app/out/vs/workbench/api/node/extensionHostProcess.js:154:203392)
	at f.executeCommand (/usr/share/code/resources/app/out/vs/workbench/api/node/extensionHostProcess.js:154:203299)
	at Object.executeCommand (/usr/share/code/resources/app/out/vs/workbench/api/node/extensionHostProcess.js:164:23051)
	at n.O [as value] (/usr/share/code/resources/app/extensions/git/dist/main.js:2:949496)
	at r.B (/usr/share/code/resources/app/out/vs/workbench/api/node/extensionHostProcess.js:83:737)
	at r.C (/usr/share/code/resources/app/out/vs/workbench/api/node/extensionHostProcess.js:83:807)
	at r.fire (/usr/share/code/resources/app/out/vs/workbench/api/node/extensionHostProcess.js:83:1023)
	at Object.p [as dispose] (/usr/share/code/resources/app/extensions/git/dist/main.js:2:968700)
	at /usr/share/code/resources/app/extensions/git/dist/main.js:2:974738
	at Array.forEach (<anonymous>)
	at f.dispose (/usr/share/code/resources/app/extensions/git/dist/main.js:2:974724)
	at c.<anonymous> (/usr/share/code/resources/app/out/vs/workbench/api/node/extensionHostProcess.js:152:4048)
	at c.dispose (/usr/share/code/resources/app/out/vs/workbench/api/node/extensionHostProcess.js:152:4145)
	at c.<anonymous> (/usr/share/code/resources/app/extensions/git/dist/main.js:2:951753)
	at c.dispose (/usr/share/code/resources/app/out/vs/workbench/api/node/extensionHostProcess.js:152:4145)
	at d (/usr/share/code/resources/app/out/vs/workbench/api/node/extensionHostProcess.js:30:744)
	at m.eb (/usr/share/code/resources/app/out/vs/workbench/api/node/extensionHostProcess.js:160:10039)
	at /usr/share/code/resources/app/out/vs/workbench/api/node/extensionHostProcess.js:160:7915
	at Array.map (<anonymous>)
	at m.$ (/usr/share/code/resources/app/out/vs/workbench/api/node/extensionHostProcess.js:160:7902)
	at m.terminate (/usr/share/code/resources/app/out/vs/workbench/api/node/extensionHostProcess.js:160:8175)
	at d.terminate (/usr/share/code/resources/app/out/vs/workbench/api/node/extensionHostProcess.js:164:1513)
	at i (/usr/share/code/resources/app/out/vs/workbench/api/node/extensionHostProcess.js:177:10617)
	at MessagePortMain.<anonymous> (/usr/share/code/resources/app/out/vs/workbench/api/node/extensionHostProcess.js:177:6809)
	at MessagePortMain.emit (node:events:514:28)
	at MessagePortMain._internalPort.emit (node:electron/js2c/utility_init:2:2285) setContext undefined
2024-07-17 12:59:58.964 [error] Canceled: Canceled
	at new I (/usr/share/code/resources/app/out/vs/workbench/api/node/extensionHostProcess.js:144:34990)
	at S.U (/usr/share/code/resources/app/out/vs/workbench/api/node/extensionHostProcess.js:151:6023)
	at z.<computed>.F.charCodeAt.T.CharCode.DollarSign.z.<computed> (/usr/share/code/resources/app/out/vs/workbench/api/node/extensionHostProcess.js:151:3107)
	at f.g (/usr/share/code/resources/app/out/vs/workbench/api/node/extensionHostProcess.js:154:203861)
	at f.executeCommand (/usr/share/code/resources/app/out/vs/workbench/api/node/extensionHostProcess.js:154:203299)
	at A.registerCommand.description (/usr/share/code/resources/app/out/vs/workbench/api/node/extensionHostProcess.js:154:202623)
	at f.h (/usr/share/code/resources/app/out/vs/workbench/api/node/extensionHostProcess.js:154:204400)
	at f.g (/usr/share/code/resources/app/out/vs/workbench/api/node/extensionHostProcess.js:154:203392)
	at f.executeCommand (/usr/share/code/resources/app/out/vs/workbench/api/node/extensionHostProcess.js:154:203299)
	at Object.executeCommand (/usr/share/code/resources/app/out/vs/workbench/api/node/extensionHostProcess.js:164:23051)
	at set hasGitHubRepositories (/usr/share/code/resources/app/extensions/github/dist/extension.js:2:322969)
	at /usr/share/code/resources/app/extensions/github/dist/extension.js:2:323928
	at n.value (/usr/share/code/resources/app/extensions/git/dist/main.js:2:1055238)
	at r.B (/usr/share/code/resources/app/out/vs/workbench/api/node/extensionHostProcess.js:83:737)
	at r.C (/usr/share/code/resources/app/out/vs/workbench/api/node/extensionHostProcess.js:83:807)
	at r.fire (/usr/share/code/resources/app/out/vs/workbench/api/node/extensionHostProcess.js:83:1023)
	at Object.p [as dispose] (/usr/share/code/resources/app/extensions/git/dist/main.js:2:968700)
	at /usr/share/code/resources/app/extensions/git/dist/main.js:2:974738
	at Array.forEach (<anonymous>)
	at f.dispose (/usr/share/code/resources/app/extensions/git/dist/main.js:2:974724)
	at c.<anonymous> (/usr/share/code/resources/app/out/vs/workbench/api/node/extensionHostProcess.js:152:4048)
	at c.dispose (/usr/share/code/resources/app/out/vs/workbench/api/node/extensionHostProcess.js:152:4145)
	at c.<anonymous> (/usr/share/code/resources/app/extensions/git/dist/main.js:2:951753)
	at c.dispose (/usr/share/code/resources/app/out/vs/workbench/api/node/extensionHostProcess.js:152:4145)
	at d (/usr/share/code/resources/app/out/vs/workbench/api/node/extensionHostProcess.js:30:744)
	at m.eb (/usr/share/code/resources/app/out/vs/workbench/api/node/extensionHostProcess.js:160:10039)
	at /usr/share/code/resources/app/out/vs/workbench/api/node/extensionHostProcess.js:160:7915
	at Array.map (<anonymous>)
	at m.$ (/usr/share/code/resources/app/out/vs/workbench/api/node/extensionHostProcess.js:160:7902)
	at m.terminate (/usr/share/code/resources/app/out/vs/workbench/api/node/extensionHostProcess.js:160:8175)
	at d.terminate (/usr/share/code/resources/app/out/vs/workbench/api/node/extensionHostProcess.js:164:1513)
	at i (/usr/share/code/resources/app/out/vs/workbench/api/node/extensionHostProcess.js:177:10617)
	at MessagePortMain.<anonymous> (/usr/share/code/resources/app/out/vs/workbench/api/node/extensionHostProcess.js:177:6809)
	at MessagePortMain.emit (node:events:514:28)
	at MessagePortMain._internalPort.emit (node:electron/js2c/utility_init:2:2285) setContext undefined
2024-07-17 12:59:59.008 [info] Extension host with pid 16678 exiting with code 0
