0 verbose cli /home/paigec00/.config/nvm/versions/node/v20.15.1/bin/node /home/paigec00/.config/nvm/versions/node/v20.15.1/bin/npm
1 info using npm@10.7.0
2 info using node@v20.15.1
3 silly config:load:file:/home/paigec00/.config/nvm/versions/node/v20.15.1/lib/node_modules/npm/npmrc
4 silly config:load:file:/home/paigec00/.npmrc
5 silly config:load:file:/home/paigec00/.config/nvm/versions/node/v20.15.1/etc/npmrc
6 verbose title npm i inquirer@8.2.4
7 verbose argv "i" "inquirer@8.2.4"
8 verbose logfile logs-max:10 dir:/home/paigec00/.npm/_logs/2024-07-28T23_01_39_715Z-
9 verbose logfile /home/paigec00/.npm/_logs/2024-07-28T23_01_39_715Z-debug-0.log
10 silly logfile done cleaning log files
11 silly idealTree buildDeps
12 silly fetch manifest inquirer@8.2.4
13 http fetch GET 200 https://registry.npmjs.org/inquirer 748ms (cache revalidated)
14 silly placeDep ROOT inquirer@8.2.4 REPLACE for:  want: 8.2.4
15 silly fetch manifest ora@^5.4.1
16 silly fetch manifest chalk@^4.1.1
17 silly fetch manifest lodash@^4.17.21
18 http fetch GET 200 https://registry.npmjs.org/chalk 289ms (cache miss)
19 silly fetch manifest figures@^3.0.0
20 http fetch GET 200 https://registry.npmjs.org/lodash 322ms (cache miss)
21 silly fetch manifest through@^2.3.6
22 http fetch GET 200 https://registry.npmjs.org/ora 340ms (cache miss)
23 silly fetch manifest cli-width@^3.0.0
24 http fetch GET 200 https://registry.npmjs.org/cli-width 92ms (cache revalidated)
25 silly fetch manifest run-async@^2.4.0
26 http fetch GET 200 https://registry.npmjs.org/figures 139ms (cache miss)
27 silly fetch manifest wrap-ansi@^7.0.0
28 http fetch GET 200 https://registry.npmjs.org/through 118ms (cache miss)
29 silly fetch manifest cli-cursor@^3.1.0
30 http fetch GET 200 https://registry.npmjs.org/run-async 87ms (cache revalidated)
31 silly fetch manifest strip-ansi@^6.0.0
32 http fetch GET 200 https://registry.npmjs.org/wrap-ansi 84ms (cache revalidated)
33 silly fetch manifest mute-stream@0.0.8
34 http fetch GET 200 https://registry.npmjs.org/mute-stream 65ms (cache revalidated)
35 silly fetch manifest ansi-escapes@^4.2.1
36 http fetch GET 200 https://registry.npmjs.org/cli-cursor 335ms (cache miss)
37 silly fetch manifest string-width@^4.1.0
38 http fetch GET 200 https://registry.npmjs.org/strip-ansi 317ms (cache revalidated)
39 silly fetch manifest external-editor@^3.0.3
40 http fetch GET 200 https://registry.npmjs.org/ansi-escapes 281ms (cache revalidated)
41 http fetch GET 200 https://registry.npmjs.org/string-width 91ms (cache revalidated)
42 http fetch GET 200 https://registry.npmjs.org/external-editor 67ms (cache revalidated)
43 silly placeDep ROOT ansi-escapes@4.3.2 OK for: inquirer@8.2.4 want: ^4.2.1
44 silly placeDep ROOT chalk@4.1.2 OK for: inquirer@8.2.4 want: ^4.1.1
45 silly placeDep ROOT cli-cursor@3.1.0 OK for: inquirer@8.2.4 want: ^3.1.0
46 silly placeDep ROOT cli-width@3.0.0 OK for: inquirer@8.2.4 want: ^3.0.0
47 silly placeDep ROOT external-editor@3.1.0 OK for: inquirer@8.2.4 want: ^3.0.3
48 silly placeDep ROOT figures@3.2.0 OK for: inquirer@8.2.4 want: ^3.0.0
49 silly placeDep ROOT lodash@4.17.21 OK for: inquirer@8.2.4 want: ^4.17.21
50 silly placeDep ROOT mute-stream@0.0.8 OK for: inquirer@8.2.4 want: 0.0.8
51 silly placeDep ROOT ora@5.4.1 OK for: inquirer@8.2.4 want: ^5.4.1
52 silly placeDep ROOT run-async@2.4.1 OK for: inquirer@8.2.4 want: ^2.4.0
53 silly placeDep ROOT string-width@4.2.3 OK for: inquirer@8.2.4 want: ^4.1.0
54 silly placeDep ROOT strip-ansi@6.0.1 OK for: inquirer@8.2.4 want: ^6.0.0
55 silly placeDep ROOT through@2.3.8 OK for: inquirer@8.2.4 want: ^2.3.6
56 silly placeDep ROOT wrap-ansi@7.0.0 OK for: inquirer@8.2.4 want: ^7.0.0
57 silly fetch manifest type-fest@^0.21.3
58 silly fetch manifest ansi-styles@^4.1.0
59 silly fetch manifest supports-color@^7.1.0
60 http fetch GET 200 https://registry.npmjs.org/type-fest 95ms (cache revalidated)
61 silly fetch manifest restore-cursor@^3.1.0
62 http fetch GET 200 https://registry.npmjs.org/ansi-styles 150ms (cache revalidated)
63 silly fetch manifest chardet@^0.7.0
64 http fetch GET 200 https://registry.npmjs.org/restore-cursor 63ms (cache miss)
65 silly fetch manifest iconv-lite@^0.4.24
66 http fetch GET 200 https://registry.npmjs.org/chardet 65ms (cache revalidated)
67 silly fetch manifest tmp@^0.0.33
68 http fetch GET 200 https://registry.npmjs.org/supports-color 283ms (cache miss)
69 silly fetch manifest escape-string-regexp@^1.0.5
70 http fetch GET 200 https://registry.npmjs.org/tmp 70ms (cache revalidated)
71 silly fetch manifest bl@^4.1.0
72 http fetch GET 200 https://registry.npmjs.org/iconv-lite 88ms (cache revalidated)
73 silly fetch manifest wcwidth@^1.0.1
74 http fetch GET 200 https://registry.npmjs.org/escape-string-regexp 64ms (cache miss)
75 silly fetch manifest log-symbols@^4.1.0
76 http fetch GET 200 https://registry.npmjs.org/wcwidth 58ms (cache miss)
77 silly fetch manifest cli-spinners@^2.5.0
78 http fetch GET 200 https://registry.npmjs.org/cli-spinners 123ms (cache revalidated)
79 silly fetch manifest is-interactive@^1.0.0
80 http fetch GET 200 https://registry.npmjs.org/log-symbols 170ms (cache miss)
81 silly fetch manifest is-unicode-supported@^0.1.0
82 http fetch GET 200 https://registry.npmjs.org/is-interactive 59ms (cache miss)
83 silly fetch manifest strip-ansi@^6.0.1
84 silly fetch manifest emoji-regex@^8.0.0
85 http fetch GET 200 https://registry.npmjs.org/is-unicode-supported 69ms (cache miss)
86 silly fetch manifest is-fullwidth-code-point@^3.0.0
87 http fetch GET 200 https://registry.npmjs.org/bl 334ms (cache miss)
88 silly fetch manifest ansi-regex@^5.0.1
89 http fetch GET 200 https://registry.npmjs.org/emoji-regex 81ms (cache revalidated)
90 silly fetch manifest ansi-styles@^4.0.0
91 http fetch GET 200 https://registry.npmjs.org/is-fullwidth-code-point 99ms (cache revalidated)
92 http fetch GET 200 https://registry.npmjs.org/ansi-regex 68ms (cache revalidated)
93 silly placeDep ROOT type-fest@0.21.3 OK for: ansi-escapes@4.3.2 want: ^0.21.3
94 silly placeDep ROOT ansi-styles@4.3.0 OK for: chalk@4.1.2 want: ^4.1.0
95 silly placeDep ROOT supports-color@7.2.0 OK for: chalk@4.1.2 want: ^7.1.0
96 silly fetch manifest color-convert@^2.0.1
97 silly fetch manifest has-flag@^4.0.0
98 http fetch GET 200 https://registry.npmjs.org/color-convert 133ms (cache revalidated)
99 http fetch GET 200 https://registry.npmjs.org/has-flag 145ms (cache miss)
100 silly placeDep ROOT color-convert@2.0.1 OK for: ansi-styles@4.3.0 want: ^2.0.1
101 silly fetch manifest color-name@~1.1.4
102 http fetch GET 200 https://registry.npmjs.org/color-name 60ms (cache revalidated)
103 silly placeDep ROOT restore-cursor@3.1.0 OK for: cli-cursor@3.1.0 want: ^3.1.0
104 silly fetch manifest onetime@^5.1.0
105 silly fetch manifest signal-exit@^3.0.2
106 http fetch GET 200 https://registry.npmjs.org/signal-exit 87ms (cache revalidated)
107 http fetch GET 200 https://registry.npmjs.org/onetime 108ms (cache miss)
108 silly placeDep ROOT color-name@1.1.4 OK for: color-convert@2.0.1 want: ~1.1.4
109 silly placeDep ROOT chardet@0.7.0 OK for: external-editor@3.1.0 want: ^0.7.0
110 silly placeDep ROOT iconv-lite@0.4.24 OK for: external-editor@3.1.0 want: ^0.4.24
111 silly placeDep ROOT tmp@0.0.33 OK for: external-editor@3.1.0 want: ^0.0.33
112 silly fetch manifest safer-buffer@>= 2.1.2 < 3
113 silly fetch manifest os-tmpdir@~1.0.2
114 http fetch GET 200 https://registry.npmjs.org/os-tmpdir 84ms (cache revalidated)
115 http fetch GET 200 https://registry.npmjs.org/safer-buffer 345ms (cache revalidated)
116 silly placeDep ROOT escape-string-regexp@1.0.5 OK for: figures@3.2.0 want: ^1.0.5
117 silly placeDep ROOT safer-buffer@2.1.2 OK for: iconv-lite@0.4.24 want: >= 2.1.2 < 3
118 silly placeDep ROOT bl@4.1.0 OK for: ora@5.4.1 want: ^4.1.0
119 silly placeDep ROOT cli-spinners@2.9.2 OK for: ora@5.4.1 want: ^2.5.0
120 silly placeDep ROOT is-interactive@1.0.0 OK for: ora@5.4.1 want: ^1.0.0
121 silly placeDep ROOT is-unicode-supported@0.1.0 OK for: ora@5.4.1 want: ^0.1.0
122 silly placeDep ROOT log-symbols@4.1.0 OK for: ora@5.4.1 want: ^4.1.0
123 silly placeDep ROOT wcwidth@1.0.1 OK for: ora@5.4.1 want: ^1.0.1
124 silly fetch manifest buffer@^5.5.0
125 silly fetch manifest inherits@^2.0.4
126 silly fetch manifest readable-stream@^3.4.0
127 http fetch GET 200 https://registry.npmjs.org/inherits 145ms (cache miss)
128 silly fetch manifest defaults@^1.0.3
129 http fetch GET 200 https://registry.npmjs.org/readable-stream 152ms (cache miss)
130 http fetch GET 200 https://registry.npmjs.org/buffer 178ms (cache miss)
131 http fetch GET 200 https://registry.npmjs.org/defaults 206ms (cache miss)
132 silly placeDep ROOT buffer@5.7.1 OK for: bl@4.1.0 want: ^5.5.0
133 silly placeDep ROOT inherits@2.0.4 OK for: bl@4.1.0 want: ^2.0.4
134 silly placeDep ROOT readable-stream@3.6.2 OK for: bl@4.1.0 want: ^3.4.0
135 silly fetch manifest base64-js@^1.3.1
136 silly fetch manifest ieee754@^1.1.13
137 silly fetch manifest string_decoder@^1.1.1
138 http fetch GET 200 https://registry.npmjs.org/base64-js 125ms (cache miss)
139 silly fetch manifest util-deprecate@^1.0.1
140 http fetch GET 200 https://registry.npmjs.org/string_decoder 133ms (cache miss)
141 http fetch GET 200 https://registry.npmjs.org/util-deprecate 146ms (cache miss)
142 http fetch GET 200 https://registry.npmjs.org/ieee754 462ms (cache miss)
143 silly placeDep ROOT base64-js@1.5.1 OK for: buffer@5.7.1 want: ^1.3.1
144 silly placeDep ROOT ieee754@1.2.1 OK for: buffer@5.7.1 want: ^1.1.13
145 silly placeDep ROOT string_decoder@1.3.0 OK for: readable-stream@3.6.2 want: ^1.1.1
146 silly placeDep ROOT util-deprecate@1.0.2 OK for: readable-stream@3.6.2 want: ^1.0.1
147 silly fetch manifest safe-buffer@~5.2.0
148 http fetch GET 200 https://registry.npmjs.org/safe-buffer 82ms (cache miss)
149 silly placeDep ROOT onetime@5.1.2 OK for: restore-cursor@3.1.0 want: ^5.1.0
150 silly placeDep ROOT signal-exit@3.0.7 OK for: restore-cursor@3.1.0 want: ^3.0.2
151 silly fetch manifest mimic-fn@^2.1.0
152 http fetch GET 200 https://registry.npmjs.org/mimic-fn 50ms (cache miss)
153 silly placeDep ROOT mimic-fn@2.1.0 OK for: onetime@5.1.2 want: ^2.1.0
154 silly placeDep ROOT safe-buffer@5.2.1 OK for: string_decoder@1.3.0 want: ~5.2.0
155 silly placeDep ROOT emoji-regex@8.0.0 OK for: string-width@4.2.3 want: ^8.0.0
156 silly placeDep ROOT is-fullwidth-code-point@3.0.0 OK for: string-width@4.2.3 want: ^3.0.0
157 silly placeDep ROOT ansi-regex@5.0.1 OK for: strip-ansi@6.0.1 want: ^5.0.1
158 silly placeDep ROOT has-flag@4.0.0 OK for: supports-color@7.2.0 want: ^4.0.0
159 silly placeDep ROOT os-tmpdir@1.0.2 OK for: tmp@0.0.33 want: ~1.0.2
160 silly placeDep ROOT defaults@1.0.4 OK for: wcwidth@1.0.1 want: ^1.0.3
161 silly fetch manifest clone@^1.0.2
162 http fetch GET 200 https://registry.npmjs.org/clone 83ms (cache miss)
163 silly placeDep ROOT clone@1.0.4 OK for: defaults@1.0.4 want: ^1.0.2
164 silly reify mark retired [ '/home/paigec00/node_modules/@inquirer/checkbox' ]
165 silly reify mark retired [ '/home/paigec00/node_modules/@inquirer/confirm' ]
166 silly reify mark retired [ '/home/paigec00/node_modules/@inquirer/core' ]
167 silly reify mark retired [ '/home/paigec00/node_modules/@inquirer/editor' ]
168 silly reify mark retired [ '/home/paigec00/node_modules/@inquirer/expand' ]
169 silly reify mark retired [ '/home/paigec00/node_modules/@inquirer/figures' ]
170 silly reify mark retired [ '/home/paigec00/node_modules/@inquirer/input' ]
171 silly reify mark retired [ '/home/paigec00/node_modules/@inquirer/number' ]
172 silly reify mark retired [ '/home/paigec00/node_modules/@inquirer/password' ]
173 silly reify mark retired [ '/home/paigec00/node_modules/@inquirer/prompts' ]
174 silly reify mark retired [ '/home/paigec00/node_modules/@inquirer/rawlist' ]
175 silly reify mark retired [ '/home/paigec00/node_modules/@inquirer/search' ]
176 silly reify mark retired [ '/home/paigec00/node_modules/@inquirer/select' ]
177 silly reify mark retired [ '/home/paigec00/node_modules/@inquirer/type' ]
178 silly reify mark retired [ '/home/paigec00/node_modules/@types/mute-stream' ]
179 silly reify mark retired [ '/home/paigec00/node_modules/@types/node' ]
180 silly reify mark retired [ '/home/paigec00/node_modules/@types/wrap-ansi' ]
181 silly reify mark retired [ '/home/paigec00/node_modules/cli-width' ]
182 silly reify mark retired [ '/home/paigec00/node_modules/inquirer' ]
183 silly reify mark retired [ '/home/paigec00/node_modules/mute-stream' ]
184 silly reify mark retired [ '/home/paigec00/node_modules/run-async' ]
185 silly reify mark retired [ '/home/paigec00/node_modules/signal-exit' ]
186 silly reify mark retired [ '/home/paigec00/node_modules/undici-types' ]
187 silly reify mark retired [ '/home/paigec00/node_modules/wrap-ansi' ]
188 silly reify mark retired [ '/home/paigec00/node_modules/yoctocolors-cjs' ]
189 silly reify moves {
189 silly reify   '/home/paigec00/node_modules/@inquirer/checkbox': '/home/paigec00/node_modules/@inquirer/.checkbox-sKaoqHuI',
189 silly reify   '/home/paigec00/node_modules/@inquirer/confirm': '/home/paigec00/node_modules/@inquirer/.confirm-LyiACYYm',
189 silly reify   '/home/paigec00/node_modules/@inquirer/core': '/home/paigec00/node_modules/@inquirer/.core-X4eE0oNL',
189 silly reify   '/home/paigec00/node_modules/@inquirer/editor': '/home/paigec00/node_modules/@inquirer/.editor-XaDpWNm9',
189 silly reify   '/home/paigec00/node_modules/@inquirer/expand': '/home/paigec00/node_modules/@inquirer/.expand-XMtxnqSn',
189 silly reify   '/home/paigec00/node_modules/@inquirer/figures': '/home/paigec00/node_modules/@inquirer/.figures-k228821i',
189 silly reify   '/home/paigec00/node_modules/@inquirer/input': '/home/paigec00/node_modules/@inquirer/.input-SW8be1KS',
189 silly reify   '/home/paigec00/node_modules/@inquirer/number': '/home/paigec00/node_modules/@inquirer/.number-WkKS9wX7',
189 silly reify   '/home/paigec00/node_modules/@inquirer/password': '/home/paigec00/node_modules/@inquirer/.password-mkdjLqk4',
189 silly reify   '/home/paigec00/node_modules/@inquirer/prompts': '/home/paigec00/node_modules/@inquirer/.prompts-LmY8WF2K',
189 silly reify   '/home/paigec00/node_modules/@inquirer/rawlist': '/home/paigec00/node_modules/@inquirer/.rawlist-h8B9JqBX',
189 silly reify   '/home/paigec00/node_modules/@inquirer/search': '/home/paigec00/node_modules/@inquirer/.search-U6oXUQPY',
189 silly reify   '/home/paigec00/node_modules/@inquirer/select': '/home/paigec00/node_modules/@inquirer/.select-6IZVQ6iW',
189 silly reify   '/home/paigec00/node_modules/@inquirer/type': '/home/paigec00/node_modules/@inquirer/.type-RJjKPqmt',
189 silly reify   '/home/paigec00/node_modules/@types/mute-stream': '/home/paigec00/node_modules/@types/.mute-stream-86van8rZ',
189 silly reify   '/home/paigec00/node_modules/@types/node': '/home/paigec00/node_modules/@types/.node-xPYowRQM',
189 silly reify   '/home/paigec00/node_modules/@types/wrap-ansi': '/home/paigec00/node_modules/@types/.wrap-ansi-5HWZp1il',
189 silly reify   '/home/paigec00/node_modules/cli-width': '/home/paigec00/node_modules/.cli-width-SMVNvYAv',
189 silly reify   '/home/paigec00/node_modules/inquirer': '/home/paigec00/node_modules/.inquirer-mB4Qw1fq',
189 silly reify   '/home/paigec00/node_modules/mute-stream': '/home/paigec00/node_modules/.mute-stream-Z4Ulv9p0',
189 silly reify   '/home/paigec00/node_modules/run-async': '/home/paigec00/node_modules/.run-async-eNsPOgPu',
189 silly reify   '/home/paigec00/node_modules/signal-exit': '/home/paigec00/node_modules/.signal-exit-hfDoQmMH',
189 silly reify   '/home/paigec00/node_modules/undici-types': '/home/paigec00/node_modules/.undici-types-ZvvOM2S8',
189 silly reify   '/home/paigec00/node_modules/wrap-ansi': '/home/paigec00/node_modules/.wrap-ansi-3bWTyJA4',
189 silly reify   '/home/paigec00/node_modules/yoctocolors-cjs': '/home/paigec00/node_modules/.yoctocolors-cjs-gKiqmEpu'
189 silly reify }
190 silly audit bulk request {
190 silly audit   rxjs: [ '7.8.1' ],
190 silly audit   tslib: [ '2.6.3' ],
190 silly audit   inquirer: [ '8.2.4' ],
190 silly audit   'ansi-escapes': [ '4.3.2' ],
190 silly audit   chalk: [ '4.1.2' ],
190 silly audit   'cli-cursor': [ '3.1.0' ],
190 silly audit   'cli-width': [ '3.0.0' ],
190 silly audit   'external-editor': [ '3.1.0' ],
190 silly audit   figures: [ '3.2.0' ],
190 silly audit   lodash: [ '4.17.21' ],
190 silly audit   'mute-stream': [ '0.0.8' ],
190 silly audit   ora: [ '5.4.1' ],
190 silly audit   'run-async': [ '2.4.1' ],
190 silly audit   'string-width': [ '4.2.3' ],
190 silly audit   'strip-ansi': [ '6.0.1' ],
190 silly audit   through: [ '2.3.8' ],
190 silly audit   'wrap-ansi': [ '7.0.0' ],
190 silly audit   'type-fest': [ '0.21.3' ],
190 silly audit   'ansi-styles': [ '4.3.0' ],
190 silly audit   'supports-color': [ '7.2.0' ],
190 silly audit   'color-convert': [ '2.0.1' ],
190 silly audit   'restore-cursor': [ '3.1.0' ],
190 silly audit   'color-name': [ '1.1.4' ],
190 silly audit   chardet: [ '0.7.0' ],
190 silly audit   'iconv-lite': [ '0.4.24' ],
190 silly audit   tmp: [ '0.0.33' ],
190 silly audit   'escape-string-regexp': [ '1.0.5' ],
190 silly audit   'safer-buffer': [ '2.1.2' ],
190 silly audit   bl: [ '4.1.0' ],
190 silly audit   'cli-spinners': [ '2.9.2' ],
190 silly audit   'is-interactive': [ '1.0.0' ],
190 silly audit   'is-unicode-supported': [ '0.1.0' ],
190 silly audit   'log-symbols': [ '4.1.0' ],
190 silly audit   wcwidth: [ '1.0.1' ],
190 silly audit   buffer: [ '5.7.1' ],
190 silly audit   inherits: [ '2.0.4' ],
190 silly audit   'readable-stream': [ '3.6.2' ],
190 silly audit   'base64-js': [ '1.5.1' ],
190 silly audit   ieee754: [ '1.2.1' ],
190 silly audit   string_decoder: [ '1.3.0' ],
190 silly audit   'util-deprecate': [ '1.0.2' ],
190 silly audit   onetime: [ '5.1.2' ],
190 silly audit   'signal-exit': [ '3.0.7' ],
190 silly audit   'mimic-fn': [ '2.1.0' ],
190 silly audit   'safe-buffer': [ '5.2.1' ],
190 silly audit   'emoji-regex': [ '8.0.0' ],
190 silly audit   'is-fullwidth-code-point': [ '3.0.0' ],
190 silly audit   'ansi-regex': [ '5.0.1' ],
190 silly audit   'has-flag': [ '4.0.0' ],
190 silly audit   'os-tmpdir': [ '1.0.2' ],
190 silly audit   defaults: [ '1.0.4' ],
190 silly audit   clone: [ '1.0.4' ]
190 silly audit }
191 silly tarball no local data for clone@https://registry.npmjs.org/clone/-/clone-1.0.4.tgz. Extracting by manifest.
192 silly tarball no local data for defaults@https://registry.npmjs.org/defaults/-/defaults-1.0.4.tgz. Extracting by manifest.
193 silly tarball no local data for has-flag@https://registry.npmjs.org/has-flag/-/has-flag-4.0.0.tgz. Extracting by manifest.
194 silly tarball no local data for safe-buffer@https://registry.npmjs.org/safe-buffer/-/safe-buffer-5.2.1.tgz. Extracting by manifest.
195 silly tarball no local data for mimic-fn@https://registry.npmjs.org/mimic-fn/-/mimic-fn-2.1.0.tgz. Extracting by manifest.
196 silly tarball no local data for onetime@https://registry.npmjs.org/onetime/-/onetime-5.1.2.tgz. Extracting by manifest.
197 silly tarball no local data for util-deprecate@https://registry.npmjs.org/util-deprecate/-/util-deprecate-1.0.2.tgz. Extracting by manifest.
198 silly tarball no local data for string_decoder@https://registry.npmjs.org/string_decoder/-/string_decoder-1.3.0.tgz. Extracting by manifest.
199 silly tarball no local data for ieee754@https://registry.npmjs.org/ieee754/-/ieee754-1.2.1.tgz. Extracting by manifest.
200 silly tarball no local data for base64-js@https://registry.npmjs.org/base64-js/-/base64-js-1.5.1.tgz. Extracting by manifest.
201 silly tarball no local data for readable-stream@https://registry.npmjs.org/readable-stream/-/readable-stream-3.6.2.tgz. Extracting by manifest.
202 silly tarball no local data for inherits@https://registry.npmjs.org/inherits/-/inherits-2.0.4.tgz. Extracting by manifest.
203 silly tarball no local data for wcwidth@https://registry.npmjs.org/wcwidth/-/wcwidth-1.0.1.tgz. Extracting by manifest.
204 silly tarball no local data for log-symbols@https://registry.npmjs.org/log-symbols/-/log-symbols-4.1.0.tgz. Extracting by manifest.
205 silly tarball no local data for is-unicode-supported@https://registry.npmjs.org/is-unicode-supported/-/is-unicode-supported-0.1.0.tgz. Extracting by manifest.
206 silly tarball no local data for buffer@https://registry.npmjs.org/buffer/-/buffer-5.7.1.tgz. Extracting by manifest.
207 silly tarball no local data for is-interactive@https://registry.npmjs.org/is-interactive/-/is-interactive-1.0.0.tgz. Extracting by manifest.
208 silly tarball no local data for bl@https://registry.npmjs.org/bl/-/bl-4.1.0.tgz. Extracting by manifest.
209 silly tarball no local data for escape-string-regexp@https://registry.npmjs.org/escape-string-regexp/-/escape-string-regexp-1.0.5.tgz. Extracting by manifest.
210 silly tarball no local data for restore-cursor@https://registry.npmjs.org/restore-cursor/-/restore-cursor-3.1.0.tgz. Extracting by manifest.
211 silly tarball no local data for supports-color@https://registry.npmjs.org/supports-color/-/supports-color-7.2.0.tgz. Extracting by manifest.
212 silly tarball no local data for through@https://registry.npmjs.org/through/-/through-2.3.8.tgz. Extracting by manifest.
213 silly tarball no local data for lodash@https://registry.npmjs.org/lodash/-/lodash-4.17.21.tgz. Extracting by manifest.
214 silly tarball no local data for figures@https://registry.npmjs.org/figures/-/figures-3.2.0.tgz. Extracting by manifest.
215 silly tarball no local data for cli-cursor@https://registry.npmjs.org/cli-cursor/-/cli-cursor-3.1.0.tgz. Extracting by manifest.
216 silly tarball no local data for ora@https://registry.npmjs.org/ora/-/ora-5.4.1.tgz. Extracting by manifest.
217 silly tarball no local data for chalk@https://registry.npmjs.org/chalk/-/chalk-4.1.2.tgz. Extracting by manifest.
218 silly tarball no local data for wrap-ansi@https://registry.npmjs.org/wrap-ansi/-/wrap-ansi-7.0.0.tgz. Extracting by manifest.
219 silly tarball no local data for signal-exit@https://registry.npmjs.org/signal-exit/-/signal-exit-3.0.7.tgz. Extracting by manifest.
220 silly tarball no local data for run-async@https://registry.npmjs.org/run-async/-/run-async-2.4.1.tgz. Extracting by manifest.
221 silly tarball no local data for mute-stream@https://registry.npmjs.org/mute-stream/-/mute-stream-0.0.8.tgz. Extracting by manifest.
222 silly tarball no local data for inquirer@https://registry.npmjs.org/inquirer/-/inquirer-8.2.4.tgz. Extracting by manifest.
223 silly tarball no local data for cli-width@https://registry.npmjs.org/cli-width/-/cli-width-3.0.0.tgz. Extracting by manifest.
224 http fetch POST 200 https://registry.npmjs.org/-/npm/v1/security/advisories/bulk 170ms
225 silly audit report {}
226 http fetch GET 200 https://registry.npmjs.org/clone/-/clone-1.0.4.tgz 402ms (cache miss)
227 http fetch GET 200 https://registry.npmjs.org/defaults/-/defaults-1.0.4.tgz 425ms (cache miss)
228 http fetch GET 200 https://registry.npmjs.org/is-unicode-supported/-/is-unicode-supported-0.1.0.tgz 539ms (cache miss)
229 http fetch GET 200 https://registry.npmjs.org/buffer/-/buffer-5.7.1.tgz 571ms (cache miss)
230 http fetch GET 200 https://registry.npmjs.org/is-interactive/-/is-interactive-1.0.0.tgz 590ms (cache miss)
231 http fetch GET 200 https://registry.npmjs.org/bl/-/bl-4.1.0.tgz 610ms (cache miss)
232 http fetch GET 200 https://registry.npmjs.org/escape-string-regexp/-/escape-string-regexp-1.0.5.tgz 610ms (cache miss)
233 http fetch GET 200 https://registry.npmjs.org/supports-color/-/supports-color-7.2.0.tgz 613ms (cache miss)
234 http fetch GET 200 https://registry.npmjs.org/restore-cursor/-/restore-cursor-3.1.0.tgz 615ms (cache miss)
235 http fetch GET 200 https://registry.npmjs.org/ieee754/-/ieee754-1.2.1.tgz 670ms (cache miss)
236 http fetch GET 200 https://registry.npmjs.org/string_decoder/-/string_decoder-1.3.0.tgz 708ms (cache miss)
237 http fetch GET 200 https://registry.npmjs.org/log-symbols/-/log-symbols-4.1.0.tgz 711ms (cache miss)
238 http fetch GET 200 https://registry.npmjs.org/onetime/-/onetime-5.1.2.tgz 729ms (cache miss)
239 http fetch GET 200 https://registry.npmjs.org/util-deprecate/-/util-deprecate-1.0.2.tgz 738ms (cache miss)
240 http fetch GET 200 https://registry.npmjs.org/base64-js/-/base64-js-1.5.1.tgz 736ms (cache miss)
241 http fetch GET 200 https://registry.npmjs.org/figures/-/figures-3.2.0.tgz 719ms (cache miss)
242 http fetch GET 200 https://registry.npmjs.org/chalk/-/chalk-4.1.2.tgz 717ms (cache miss)
243 http fetch GET 200 https://registry.npmjs.org/has-flag/-/has-flag-4.0.0.tgz 745ms (cache miss)
244 http fetch GET 200 https://registry.npmjs.org/cli-cursor/-/cli-cursor-3.1.0.tgz 721ms (cache miss)
245 http fetch GET 200 https://registry.npmjs.org/inherits/-/inherits-2.0.4.tgz 743ms (cache miss)
246 http fetch GET 200 https://registry.npmjs.org/mimic-fn/-/mimic-fn-2.1.0.tgz 750ms (cache miss)
247 http fetch GET 200 https://registry.npmjs.org/through/-/through-2.3.8.tgz 729ms (cache miss)
248 http fetch GET 200 https://registry.npmjs.org/ora/-/ora-5.4.1.tgz 727ms (cache miss)
249 http fetch GET 200 https://registry.npmjs.org/run-async/-/run-async-2.4.1.tgz 729ms (cache miss)
250 http fetch GET 200 https://registry.npmjs.org/signal-exit/-/signal-exit-3.0.7.tgz 731ms (cache miss)
251 http fetch GET 200 https://registry.npmjs.org/wcwidth/-/wcwidth-1.0.1.tgz 748ms (cache miss)
252 http fetch GET 200 https://registry.npmjs.org/wrap-ansi/-/wrap-ansi-7.0.0.tgz 736ms (cache miss)
253 http fetch GET 200 https://registry.npmjs.org/cli-width/-/cli-width-3.0.0.tgz 746ms (cache miss)
254 http fetch GET 200 https://registry.npmjs.org/mute-stream/-/mute-stream-0.0.8.tgz 759ms (cache miss)
255 http fetch GET 200 https://registry.npmjs.org/safe-buffer/-/safe-buffer-5.2.1.tgz 810ms (cache miss)
256 http fetch GET 200 https://registry.npmjs.org/readable-stream/-/readable-stream-3.6.2.tgz 889ms (cache miss)
257 http fetch GET 200 https://registry.npmjs.org/inquirer/-/inquirer-8.2.4.tgz 870ms (cache miss)
258 http fetch GET 200 https://registry.npmjs.org/lodash/-/lodash-4.17.21.tgz 2025ms (cache miss)
259 silly ADD node_modules/clone
260 silly ADD node_modules/defaults
261 silly ADD node_modules/has-flag
262 silly ADD node_modules/safe-buffer
263 silly ADD node_modules/mimic-fn
264 silly ADD node_modules/onetime
265 silly ADD node_modules/util-deprecate
266 silly ADD node_modules/string_decoder
267 silly ADD node_modules/ieee754
268 silly ADD node_modules/base64-js
269 silly ADD node_modules/readable-stream
270 silly ADD node_modules/inherits
271 silly ADD node_modules/buffer
272 silly ADD node_modules/wcwidth
273 silly ADD node_modules/log-symbols
274 silly ADD node_modules/is-unicode-supported
275 silly ADD node_modules/is-interactive
276 silly ADD node_modules/bl
277 silly ADD node_modules/escape-string-regexp
278 silly ADD node_modules/restore-cursor
279 silly ADD node_modules/supports-color
280 silly ADD node_modules/through
281 silly ADD node_modules/ora
282 silly ADD node_modules/lodash
283 silly ADD node_modules/figures
284 silly ADD node_modules/cli-cursor
285 silly ADD node_modules/chalk
286 silly REMOVE node_modules/yoctocolors-cjs
287 silly CHANGE node_modules/wrap-ansi
288 silly REMOVE node_modules/undici-types
289 silly CHANGE node_modules/signal-exit
290 silly CHANGE node_modules/run-async
291 silly CHANGE node_modules/mute-stream
292 silly CHANGE node_modules/inquirer
293 silly CHANGE node_modules/cli-width
294 silly REMOVE node_modules/@types/wrap-ansi
295 silly REMOVE node_modules/@types/node
296 silly REMOVE node_modules/@types/mute-stream
297 silly REMOVE node_modules/@inquirer/type
298 silly REMOVE node_modules/@inquirer/select
299 silly REMOVE node_modules/@inquirer/search
300 silly REMOVE node_modules/@inquirer/rawlist
301 silly REMOVE node_modules/@inquirer/prompts
302 silly REMOVE node_modules/@inquirer/password
303 silly REMOVE node_modules/@inquirer/number
304 silly REMOVE node_modules/@inquirer/input
305 silly REMOVE node_modules/@inquirer/figures
306 silly REMOVE node_modules/@inquirer/expand
307 silly REMOVE node_modules/@inquirer/editor
308 silly REMOVE node_modules/@inquirer/core
309 silly REMOVE node_modules/@inquirer/confirm
310 silly REMOVE node_modules/@inquirer/checkbox
311 verbose exit 0
312 info ok
