0 verbose cli /home/paigec00/.config/nvm/versions/node/v20.15.1/bin/node /home/paigec00/.config/nvm/versions/node/v20.15.1/bin/npm
1 info using npm@10.7.0
2 info using node@v20.15.1
3 silly config:load:file:/home/paigec00/.config/nvm/versions/node/v20.15.1/lib/node_modules/npm/npmrc
4 silly config:load:file:/home/paigec00/.npmrc
5 silly config:load:file:/home/paigec00/.config/nvm/versions/node/v20.15.1/etc/npmrc
6 verbose title npm install inquirer
7 verbose argv "install" "inquirer"
8 verbose logfile logs-max:10 dir:/home/paigec00/.npm/_logs/2024-07-28T22_46_30_127Z-
9 verbose logfile /home/paigec00/.npm/_logs/2024-07-28T22_46_30_127Z-debug-0.log
10 silly logfile done cleaning log files
11 silly idealTree buildDeps
12 silly fetch manifest inquirer@*
13 http fetch GET 200 https://registry.npmjs.org/npm 661ms
14 http fetch GET 200 https://registry.npmjs.org/inquirer 604ms (cache miss)
15 silly placeDep ROOT inquirer@10.1.4 OK for:  want: *
16 silly fetch manifest @inquirer/prompts@^5.3.4
17 silly fetch manifest @inquirer/type@^1.5.1
18 silly fetch manifest @types/mute-stream@^0.0.4
19 http fetch GET 200 https://registry.npmjs.org/@inquirer%2fprompts 188ms (cache miss)
20 silly fetch manifest ansi-escapes@^4.3.2
21 http fetch GET 200 https://registry.npmjs.org/@inquirer%2ftype 227ms (cache miss)
22 silly fetch manifest mute-stream@^1.0.0
23 http fetch GET 200 https://registry.npmjs.org/@types%2fmute-stream 232ms (cache miss)
24 silly fetch manifest run-async@^3.0.0
25 http fetch GET 200 https://registry.npmjs.org/ansi-escapes 96ms (cache miss)
26 silly fetch manifest rxjs@^7.8.1
27 http fetch GET 200 https://registry.npmjs.org/mute-stream 82ms (cache miss)
28 http fetch GET 200 https://registry.npmjs.org/run-async 80ms (cache miss)
29 http fetch GET 200 https://registry.npmjs.org/rxjs 101ms (cache miss)
30 silly placeDep ROOT @inquirer/prompts@5.3.4 OK for: inquirer@10.1.4 want: ^5.3.4
31 silly placeDep ROOT @inquirer/type@1.5.1 OK for: inquirer@10.1.4 want: ^1.5.1
32 silly placeDep ROOT @types/mute-stream@0.0.4 OK for: inquirer@10.1.4 want: ^0.0.4
33 silly placeDep ROOT ansi-escapes@4.3.2 OK for: inquirer@10.1.4 want: ^4.3.2
34 silly placeDep ROOT mute-stream@1.0.0 OK for: inquirer@10.1.4 want: ^1.0.0
35 silly placeDep ROOT run-async@3.0.0 OK for: inquirer@10.1.4 want: ^3.0.0
36 silly placeDep ROOT rxjs@7.8.1 OK for: inquirer@10.1.4 want: ^7.8.1
37 silly fetch manifest @inquirer/checkbox@^2.4.3
38 silly fetch manifest @inquirer/confirm@^3.1.18
39 silly fetch manifest @inquirer/editor@^2.1.18
40 http fetch GET 200 https://registry.npmjs.org/@inquirer%2feditor 191ms (cache miss)
41 silly fetch manifest @inquirer/expand@^2.1.18
42 http fetch GET 200 https://registry.npmjs.org/@inquirer%2fconfirm 215ms (cache miss)
43 silly fetch manifest @inquirer/input@^2.2.5
44 http fetch GET 200 https://registry.npmjs.org/@inquirer%2fcheckbox 261ms (cache miss)
45 silly fetch manifest @inquirer/number@^1.0.6
46 http fetch GET 200 https://registry.npmjs.org/@inquirer%2fexpand 373ms (cache miss)
47 silly fetch manifest @inquirer/password@^2.1.18
48 http fetch GET 200 https://registry.npmjs.org/@inquirer%2finput 357ms (cache miss)
49 silly fetch manifest @inquirer/rawlist@^2.2.0
50 http fetch GET 200 https://registry.npmjs.org/@inquirer%2frawlist 314ms (cache miss)
51 silly fetch manifest @inquirer/search@^1.0.3
52 http fetch GET 200 https://registry.npmjs.org/@inquirer%2fnumber 643ms (cache miss)
53 silly fetch manifest @inquirer/select@^2.4.3
54 http fetch GET 200 https://registry.npmjs.org/@inquirer%2fpassword 335ms (cache miss)
55 silly fetch manifest @types/node@*
56 http fetch GET 200 https://registry.npmjs.org/@inquirer%2fselect 232ms (cache miss)
57 silly fetch manifest type-fest@^0.21.3
58 http fetch GET 200 https://registry.npmjs.org/type-fest 82ms (cache miss)
59 silly fetch manifest tslib@^2.1.0
60 http fetch GET 200 https://registry.npmjs.org/@types%2fnode 579ms (cache miss)
61 http fetch GET 200 https://registry.npmjs.org/tslib 640ms (cache miss)
62 http fetch GET 200 https://registry.npmjs.org/@inquirer%2fsearch 985ms (cache miss)
63 silly placeDep ROOT @inquirer/checkbox@2.4.3 OK for: @inquirer/prompts@5.3.4 want: ^2.4.3
64 silly placeDep ROOT @inquirer/confirm@3.1.18 OK for: @inquirer/prompts@5.3.4 want: ^3.1.18
65 silly placeDep ROOT @inquirer/editor@2.1.18 OK for: @inquirer/prompts@5.3.4 want: ^2.1.18
66 silly placeDep ROOT @inquirer/expand@2.1.18 OK for: @inquirer/prompts@5.3.4 want: ^2.1.18
67 silly placeDep ROOT @inquirer/input@2.2.5 OK for: @inquirer/prompts@5.3.4 want: ^2.2.5
68 silly placeDep ROOT @inquirer/number@1.0.6 OK for: @inquirer/prompts@5.3.4 want: ^1.0.6
69 silly placeDep ROOT @inquirer/password@2.1.18 OK for: @inquirer/prompts@5.3.4 want: ^2.1.18
70 silly placeDep ROOT @inquirer/rawlist@2.2.0 OK for: @inquirer/prompts@5.3.4 want: ^2.2.0
71 silly placeDep ROOT @inquirer/search@1.0.3 OK for: @inquirer/prompts@5.3.4 want: ^1.0.3
72 silly placeDep ROOT @inquirer/select@2.4.3 OK for: @inquirer/prompts@5.3.4 want: ^2.4.3
73 silly fetch manifest @inquirer/core@^9.0.6
74 silly fetch manifest @inquirer/figures@^1.0.5
75 silly fetch manifest yoctocolors-cjs@^2.1.2
76 http fetch GET 200 https://registry.npmjs.org/yoctocolors-cjs 486ms (cache miss)
77 http fetch GET 200 https://registry.npmjs.org/@inquirer%2fcore 503ms (cache miss)
78 silly fetch manifest external-editor@^3.1.0
79 http fetch GET 200 https://registry.npmjs.org/@inquirer%2ffigures 512ms (cache miss)
80 http fetch GET 200 https://registry.npmjs.org/external-editor 99ms (cache miss)
81 silly placeDep ROOT @inquirer/core@9.0.6 OK for: @inquirer/checkbox@2.4.3 want: ^9.0.6
82 silly placeDep ROOT @inquirer/figures@1.0.5 OK for: @inquirer/checkbox@2.4.3 want: ^1.0.5
83 silly placeDep ROOT yoctocolors-cjs@2.1.2 OK for: @inquirer/checkbox@2.4.3 want: ^2.1.2
84 silly fetch manifest @types/node@^20.14.13
85 silly fetch manifest @types/wrap-ansi@^3.0.0
86 silly fetch manifest cli-spinners@^2.9.2
87 silly fetch manifest cli-width@^4.1.0
88 http fetch GET 200 https://registry.npmjs.org/@types%2fwrap-ansi 155ms (cache miss)
89 silly fetch manifest signal-exit@^4.1.0
90 http fetch GET 200 https://registry.npmjs.org/cli-spinners 135ms (cache miss)
91 silly fetch manifest strip-ansi@^6.0.1
92 http fetch GET 200 https://registry.npmjs.org/signal-exit 81ms (cache miss)
93 silly fetch manifest wrap-ansi@^6.2.0
94 http fetch GET 200 https://registry.npmjs.org/wrap-ansi 161ms (cache miss)
95 http fetch GET 200 https://registry.npmjs.org/cli-width 392ms (cache miss)
96 http fetch GET 200 https://registry.npmjs.org/strip-ansi 400ms (cache miss)
97 silly placeDep ROOT @types/node@20.14.13 OK for: @inquirer/core@9.0.6 want: ^20.14.13
98 silly placeDep ROOT @types/wrap-ansi@3.0.0 OK for: @inquirer/core@9.0.6 want: ^3.0.0
99 silly placeDep ROOT cli-spinners@2.9.2 OK for: @inquirer/core@9.0.6 want: ^2.9.2
100 silly placeDep ROOT cli-width@4.1.0 OK for: @inquirer/core@9.0.6 want: ^4.1.0
101 silly placeDep ROOT signal-exit@4.1.0 OK for: @inquirer/core@9.0.6 want: ^4.1.0
102 silly placeDep ROOT strip-ansi@6.0.1 OK for: @inquirer/core@9.0.6 want: ^6.0.1
103 silly placeDep ROOT wrap-ansi@6.2.0 OK for: @inquirer/core@9.0.6 want: ^6.2.0
104 silly fetch manifest undici-types@~5.26.4
105 silly fetch manifest ansi-regex@^5.0.1
106 silly fetch manifest ansi-styles@^4.0.0
107 http fetch GET 200 https://registry.npmjs.org/ansi-regex 94ms (cache miss)
108 silly fetch manifest string-width@^4.1.0
109 http fetch GET 200 https://registry.npmjs.org/undici-types 111ms (cache miss)
110 http fetch GET 200 https://registry.npmjs.org/ansi-styles 125ms (cache miss)
111 http fetch GET 200 https://registry.npmjs.org/string-width 69ms (cache miss)
112 silly placeDep ROOT external-editor@3.1.0 OK for: @inquirer/editor@2.1.18 want: ^3.1.0
113 silly fetch manifest chardet@^0.7.0
114 silly fetch manifest iconv-lite@^0.4.24
115 silly fetch manifest tmp@^0.0.33
116 http fetch GET 200 https://registry.npmjs.org/chardet 94ms (cache miss)
117 http fetch GET 200 https://registry.npmjs.org/tmp 96ms (cache miss)
118 http fetch GET 200 https://registry.npmjs.org/iconv-lite 109ms (cache miss)
119 silly placeDep ROOT undici-types@5.26.5 OK for: @types/node@20.14.13 want: ~5.26.4
120 silly placeDep ROOT type-fest@0.21.3 OK for: ansi-escapes@4.3.2 want: ^0.21.3
121 silly placeDep ROOT chardet@0.7.0 OK for: external-editor@3.1.0 want: ^0.7.0
122 silly placeDep ROOT iconv-lite@0.4.24 OK for: external-editor@3.1.0 want: ^0.4.24
123 silly placeDep ROOT tmp@0.0.33 OK for: external-editor@3.1.0 want: ^0.0.33
124 silly fetch manifest safer-buffer@>= 2.1.2 < 3
125 silly fetch manifest os-tmpdir@~1.0.2
126 http fetch GET 200 https://registry.npmjs.org/safer-buffer 118ms (cache miss)
127 http fetch GET 200 https://registry.npmjs.org/os-tmpdir 145ms (cache miss)
128 silly placeDep ROOT safer-buffer@2.1.2 OK for: iconv-lite@0.4.24 want: >= 2.1.2 < 3
129 silly placeDep ROOT tslib@2.6.3 OK for: rxjs@7.8.1 want: ^2.1.0
130 silly placeDep ROOT ansi-regex@5.0.1 OK for: strip-ansi@6.0.1 want: ^5.0.1
131 silly placeDep ROOT os-tmpdir@1.0.2 OK for: tmp@0.0.33 want: ~1.0.2
132 silly placeDep ROOT ansi-styles@4.3.0 OK for: wrap-ansi@6.2.0 want: ^4.0.0
133 silly placeDep ROOT string-width@4.2.3 OK for: wrap-ansi@6.2.0 want: ^4.1.0
134 silly fetch manifest color-convert@^2.0.1
135 silly fetch manifest emoji-regex@^8.0.0
136 silly fetch manifest is-fullwidth-code-point@^3.0.0
137 http fetch GET 200 https://registry.npmjs.org/color-convert 102ms (cache miss)
138 http fetch GET 200 https://registry.npmjs.org/is-fullwidth-code-point 102ms (cache miss)
139 http fetch GET 200 https://registry.npmjs.org/emoji-regex 107ms (cache miss)
140 silly placeDep ROOT color-convert@2.0.1 OK for: ansi-styles@4.3.0 want: ^2.0.1
141 silly fetch manifest color-name@~1.1.4
142 http fetch GET 200 https://registry.npmjs.org/color-name 180ms (cache miss)
143 silly placeDep ROOT color-name@1.1.4 OK for: color-convert@2.0.1 want: ~1.1.4
144 silly placeDep ROOT emoji-regex@8.0.0 OK for: string-width@4.2.3 want: ^8.0.0
145 silly placeDep ROOT is-fullwidth-code-point@3.0.0 OK for: string-width@4.2.3 want: ^3.0.0
146 silly reify moves {}
147 silly tarball no local data for is-fullwidth-code-point@https://registry.npmjs.org/is-fullwidth-code-point/-/is-fullwidth-code-point-3.0.0.tgz. Extracting by manifest.
148 silly tarball no local data for emoji-regex@https://registry.npmjs.org/emoji-regex/-/emoji-regex-8.0.0.tgz. Extracting by manifest.
149 silly tarball no local data for color-name@https://registry.npmjs.org/color-name/-/color-name-1.1.4.tgz. Extracting by manifest.
150 silly tarball no local data for color-convert@https://registry.npmjs.org/color-convert/-/color-convert-2.0.1.tgz. Extracting by manifest.
151 silly tarball no local data for ansi-styles@https://registry.npmjs.org/ansi-styles/-/ansi-styles-4.3.0.tgz. Extracting by manifest.
152 silly tarball no local data for ansi-regex@https://registry.npmjs.org/ansi-regex/-/ansi-regex-5.0.1.tgz. Extracting by manifest.
153 silly tarball no local data for os-tmpdir@https://registry.npmjs.org/os-tmpdir/-/os-tmpdir-1.0.2.tgz. Extracting by manifest.
154 silly tarball no local data for tslib@https://registry.npmjs.org/tslib/-/tslib-2.6.3.tgz. Extracting by manifest.
155 silly tarball no local data for safer-buffer@https://registry.npmjs.org/safer-buffer/-/safer-buffer-2.1.2.tgz. Extracting by manifest.
156 silly tarball no local data for tmp@https://registry.npmjs.org/tmp/-/tmp-0.0.33.tgz. Extracting by manifest.
157 silly tarball no local data for iconv-lite@https://registry.npmjs.org/iconv-lite/-/iconv-lite-0.4.24.tgz. Extracting by manifest.
158 silly tarball no local data for chardet@https://registry.npmjs.org/chardet/-/chardet-0.7.0.tgz. Extracting by manifest.
159 silly tarball no local data for type-fest@https://registry.npmjs.org/type-fest/-/type-fest-0.21.3.tgz. Extracting by manifest.
160 silly tarball no local data for external-editor@https://registry.npmjs.org/external-editor/-/external-editor-3.1.0.tgz. Extracting by manifest.
161 silly tarball no local data for undici-types@https://registry.npmjs.org/undici-types/-/undici-types-5.26.5.tgz. Extracting by manifest.
162 silly tarball no local data for wrap-ansi@https://registry.npmjs.org/wrap-ansi/-/wrap-ansi-6.2.0.tgz. Extracting by manifest.
163 silly tarball no local data for strip-ansi@https://registry.npmjs.org/strip-ansi/-/strip-ansi-6.0.1.tgz. Extracting by manifest.
164 silly tarball no local data for signal-exit@https://registry.npmjs.org/signal-exit/-/signal-exit-4.1.0.tgz. Extracting by manifest.
165 silly tarball no local data for cli-width@https://registry.npmjs.org/cli-width/-/cli-width-4.1.0.tgz. Extracting by manifest.
166 silly tarball no local data for cli-spinners@https://registry.npmjs.org/cli-spinners/-/cli-spinners-2.9.2.tgz. Extracting by manifest.
167 silly tarball no local data for @types/wrap-ansi@https://registry.npmjs.org/@types/wrap-ansi/-/wrap-ansi-3.0.0.tgz. Extracting by manifest.
168 silly tarball no local data for @types/node@https://registry.npmjs.org/@types/node/-/node-20.14.13.tgz. Extracting by manifest.
169 silly tarball no local data for yoctocolors-cjs@https://registry.npmjs.org/yoctocolors-cjs/-/yoctocolors-cjs-2.1.2.tgz. Extracting by manifest.
170 silly tarball no local data for @inquirer/core@https://registry.npmjs.org/@inquirer/core/-/core-9.0.6.tgz. Extracting by manifest.
171 silly tarball no local data for @inquirer/select@https://registry.npmjs.org/@inquirer/select/-/select-2.4.3.tgz. Extracting by manifest.
172 silly tarball no local data for @inquirer/search@https://registry.npmjs.org/@inquirer/search/-/search-1.0.3.tgz. Extracting by manifest.
173 silly tarball no local data for @inquirer/figures@https://registry.npmjs.org/@inquirer/figures/-/figures-1.0.5.tgz. Extracting by manifest.
174 silly tarball no local data for @inquirer/rawlist@https://registry.npmjs.org/@inquirer/rawlist/-/rawlist-2.2.0.tgz. Extracting by manifest.
175 silly tarball no local data for string-width@https://registry.npmjs.org/string-width/-/string-width-4.2.3.tgz. Extracting by manifest.
176 silly tarball no local data for @inquirer/password@https://registry.npmjs.org/@inquirer/password/-/password-2.1.18.tgz. Extracting by manifest.
177 silly tarball no local data for @inquirer/number@https://registry.npmjs.org/@inquirer/number/-/number-1.0.6.tgz. Extracting by manifest.
178 silly tarball no local data for @inquirer/input@https://registry.npmjs.org/@inquirer/input/-/input-2.2.5.tgz. Extracting by manifest.
179 silly tarball no local data for @inquirer/expand@https://registry.npmjs.org/@inquirer/expand/-/expand-2.1.18.tgz. Extracting by manifest.
180 silly tarball no local data for @inquirer/editor@https://registry.npmjs.org/@inquirer/editor/-/editor-2.1.18.tgz. Extracting by manifest.
181 silly tarball no local data for rxjs@https://registry.npmjs.org/rxjs/-/rxjs-7.8.1.tgz. Extracting by manifest.
182 silly tarball no local data for @inquirer/checkbox@https://registry.npmjs.org/@inquirer/checkbox/-/checkbox-2.4.3.tgz. Extracting by manifest.
183 silly tarball no local data for run-async@https://registry.npmjs.org/run-async/-/run-async-3.0.0.tgz. Extracting by manifest.
184 silly tarball no local data for mute-stream@https://registry.npmjs.org/mute-stream/-/mute-stream-1.0.0.tgz. Extracting by manifest.
185 silly tarball no local data for ansi-escapes@https://registry.npmjs.org/ansi-escapes/-/ansi-escapes-4.3.2.tgz. Extracting by manifest.
186 silly tarball no local data for @inquirer/type@https://registry.npmjs.org/@inquirer/type/-/type-1.5.1.tgz. Extracting by manifest.
187 silly tarball no local data for @types/mute-stream@https://registry.npmjs.org/@types/mute-stream/-/mute-stream-0.0.4.tgz. Extracting by manifest.
188 silly tarball no local data for @inquirer/prompts@https://registry.npmjs.org/@inquirer/prompts/-/prompts-5.3.4.tgz. Extracting by manifest.
189 silly tarball no local data for inquirer@https://registry.npmjs.org/inquirer/-/inquirer-10.1.4.tgz. Extracting by manifest.
190 silly tarball no local data for @inquirer/confirm@https://registry.npmjs.org/@inquirer/confirm/-/confirm-3.1.18.tgz. Extracting by manifest.
191 http fetch GET 200 https://registry.npmjs.org/color-name/-/color-name-1.1.4.tgz 502ms (cache miss)
192 http fetch GET 200 https://registry.npmjs.org/is-fullwidth-code-point/-/is-fullwidth-code-point-3.0.0.tgz 506ms (cache miss)
193 http fetch GET 200 https://registry.npmjs.org/emoji-regex/-/emoji-regex-8.0.0.tgz 557ms (cache miss)
194 http fetch GET 200 https://registry.npmjs.org/wrap-ansi/-/wrap-ansi-6.2.0.tgz 626ms (cache miss)
195 http fetch GET 200 https://registry.npmjs.org/strip-ansi/-/strip-ansi-6.0.1.tgz 637ms (cache miss)
196 http fetch GET 200 https://registry.npmjs.org/signal-exit/-/signal-exit-4.1.0.tgz 667ms (cache miss)
197 http fetch GET 200 https://registry.npmjs.org/cli-width/-/cli-width-4.1.0.tgz 671ms (cache miss)
198 http fetch GET 200 https://registry.npmjs.org/cli-spinners/-/cli-spinners-2.9.2.tgz 688ms (cache miss)
199 http fetch GET 200 https://registry.npmjs.org/yoctocolors-cjs/-/yoctocolors-cjs-2.1.2.tgz 755ms (cache miss)
200 http fetch GET 200 https://registry.npmjs.org/ansi-regex/-/ansi-regex-5.0.1.tgz 800ms (cache miss)
201 http fetch GET 200 https://registry.npmjs.org/os-tmpdir/-/os-tmpdir-1.0.2.tgz 817ms (cache miss)
202 http fetch GET 200 https://registry.npmjs.org/ansi-styles/-/ansi-styles-4.3.0.tgz 832ms (cache miss)
203 http fetch GET 200 https://registry.npmjs.org/@types/wrap-ansi/-/wrap-ansi-3.0.0.tgz 825ms (cache miss)
204 http fetch GET 200 https://registry.npmjs.org/tmp/-/tmp-0.0.33.tgz 859ms (cache miss)
205 http fetch GET 200 https://registry.npmjs.org/string-width/-/string-width-4.2.3.tgz 831ms (cache miss)
206 http fetch GET 200 https://registry.npmjs.org/run-async/-/run-async-3.0.0.tgz 822ms (cache miss)
207 http fetch GET 200 https://registry.npmjs.org/color-convert/-/color-convert-2.0.1.tgz 936ms (cache miss)
208 http fetch GET 200 https://registry.npmjs.org/mute-stream/-/mute-stream-1.0.0.tgz 904ms (cache miss)
209 http fetch GET 200 https://registry.npmjs.org/ansi-escapes/-/ansi-escapes-4.3.2.tgz 943ms (cache miss)
210 http fetch GET 200 https://registry.npmjs.org/@types/mute-stream/-/mute-stream-0.0.4.tgz 943ms (cache miss)
211 http fetch GET 200 https://registry.npmjs.org/@inquirer/select/-/select-2.4.3.tgz 991ms (cache miss)
212 http fetch GET 200 https://registry.npmjs.org/@inquirer/expand/-/expand-2.1.18.tgz 982ms (cache miss)
213 http fetch GET 200 https://registry.npmjs.org/safer-buffer/-/safer-buffer-2.1.2.tgz 1021ms (cache miss)
214 http fetch GET 200 https://registry.npmjs.org/external-editor/-/external-editor-3.1.0.tgz 1046ms (cache miss)
215 http fetch GET 200 https://registry.npmjs.org/@inquirer/figures/-/figures-1.0.5.tgz 1036ms (cache miss)
216 http fetch GET 200 https://registry.npmjs.org/chardet/-/chardet-0.7.0.tgz 1090ms (cache miss)
217 http fetch GET 200 https://registry.npmjs.org/@inquirer/confirm/-/confirm-3.1.18.tgz 1037ms (cache miss)
218 http fetch GET 200 https://registry.npmjs.org/@inquirer/search/-/search-1.0.3.tgz 1078ms (cache miss)
219 http fetch GET 200 https://registry.npmjs.org/@inquirer/password/-/password-2.1.18.tgz 1073ms (cache miss)
220 http fetch GET 200 https://registry.npmjs.org/@inquirer/rawlist/-/rawlist-2.2.0.tgz 1075ms (cache miss)
221 http fetch GET 200 https://registry.npmjs.org/@inquirer/number/-/number-1.0.6.tgz 1096ms (cache miss)
222 http fetch GET 200 https://registry.npmjs.org/tslib/-/tslib-2.6.3.tgz 1134ms (cache miss)
223 http fetch GET 200 https://registry.npmjs.org/@inquirer/input/-/input-2.2.5.tgz 1098ms (cache miss)
224 http fetch GET 200 https://registry.npmjs.org/@inquirer/editor/-/editor-2.1.18.tgz 1133ms (cache miss)
225 http fetch GET 200 https://registry.npmjs.org/@inquirer/prompts/-/prompts-5.3.4.tgz 1157ms (cache miss)
226 http fetch GET 200 https://registry.npmjs.org/@inquirer/checkbox/-/checkbox-2.4.3.tgz 1179ms (cache miss)
227 http fetch GET 200 https://registry.npmjs.org/@inquirer/type/-/type-1.5.1.tgz 1200ms (cache miss)
228 http fetch GET 200 https://registry.npmjs.org/undici-types/-/undici-types-5.26.5.tgz 1262ms (cache miss)
229 http fetch GET 200 https://registry.npmjs.org/inquirer/-/inquirer-10.1.4.tgz 1231ms (cache miss)
230 http fetch GET 200 https://registry.npmjs.org/type-fest/-/type-fest-0.21.3.tgz 1354ms (cache miss)
231 http fetch GET 200 https://registry.npmjs.org/iconv-lite/-/iconv-lite-0.4.24.tgz 1414ms (cache miss)
232 http fetch GET 200 https://registry.npmjs.org/@inquirer/core/-/core-9.0.6.tgz 1483ms (cache miss)
233 http fetch GET 200 https://registry.npmjs.org/@types/node/-/node-20.14.13.tgz 1556ms (cache miss)
234 http fetch GET 200 https://registry.npmjs.org/rxjs/-/rxjs-7.8.1.tgz 4732ms (cache miss)
235 silly ADD node_modules/is-fullwidth-code-point
236 silly ADD node_modules/emoji-regex
237 silly ADD node_modules/color-name
238 silly ADD node_modules/color-convert
239 silly ADD node_modules/string-width
240 silly ADD node_modules/ansi-styles
241 silly ADD node_modules/os-tmpdir
242 silly ADD node_modules/ansi-regex
243 silly ADD node_modules/tslib
244 silly ADD node_modules/safer-buffer
245 silly ADD node_modules/tmp
246 silly ADD node_modules/iconv-lite
247 silly ADD node_modules/chardet
248 silly ADD node_modules/type-fest
249 silly ADD node_modules/undici-types
250 silly ADD node_modules/external-editor
251 silly ADD node_modules/wrap-ansi
252 silly ADD node_modules/strip-ansi
253 silly ADD node_modules/signal-exit
254 silly ADD node_modules/cli-width
255 silly ADD node_modules/cli-spinners
256 silly ADD node_modules/@types/wrap-ansi
257 silly ADD node_modules/@types/node
258 silly ADD node_modules/yoctocolors-cjs
259 silly ADD node_modules/@inquirer/figures
260 silly ADD node_modules/@inquirer/core
261 silly ADD node_modules/@inquirer/select
262 silly ADD node_modules/@inquirer/search
263 silly ADD node_modules/@inquirer/rawlist
264 silly ADD node_modules/@inquirer/password
265 silly ADD node_modules/@inquirer/number
266 silly ADD node_modules/@inquirer/input
267 silly ADD node_modules/@inquirer/expand
268 silly ADD node_modules/@inquirer/editor
269 silly ADD node_modules/@inquirer/confirm
270 silly ADD node_modules/@inquirer/checkbox
271 silly ADD node_modules/rxjs
272 silly ADD node_modules/run-async
273 silly ADD node_modules/mute-stream
274 silly ADD node_modules/ansi-escapes
275 silly ADD node_modules/@types/mute-stream
276 silly ADD node_modules/@inquirer/type
277 silly ADD node_modules/@inquirer/prompts
278 silly ADD node_modules/inquirer
279 notice
279 notice New [33mminor[39m version of npm available! [33m10.7.0[39m -> [34m10.8.2[39m
279 notice Changelog: [34mhttps://github.com/npm/cli/releases/tag/v10.8.2[39m
279 notice To update run: [4mnpm install -g npm@10.8.2[24m
279 notice  { force: true, [Symbol(proc-log.meta)]: true }
280 verbose exit 0
281 info ok
