2024-06-01 21:53:42.290 [info] Started local extension host with pid 2431.
2024-06-01 21:53:42.738 [info] Started initializing default profile extensions in extensions installation folder. file:///home/paigec00/.vscode/extensions
2024-06-01 21:53:45.072 [info] Completed initializing default profile extensions in extensions installation folder. file:///home/paigec00/.vscode/extensions
2024-06-01 21:53:48.566 [info] [perf] Render performance baseline is 71ms
2024-06-01 22:02:15.403 [error] Cancelled: Canceled
    at ee.B (vscode-file://vscode-app/usr/share/code/resources/app/out/vs/workbench/workbench.desktop.main.js:792:24018)
    at async ee.z (vscode-file://vscode-app/usr/share/code/resources/app/out/vs/workbench/workbench.desktop.main.js:792:20814)
    at async ee.z (vscode-file://vscode-app/usr/share/code/resources/app/out/vs/workbench/workbench.desktop.main.js:792:21759)
    at async _ (vscode-file://vscode-app/usr/share/code/resources/app/out/vs/workbench/workbench.desktop.main.js:792:19741)
    at async ee.query (vscode-file://vscode-app/usr/share/code/resources/app/out/vs/workbench/workbench.desktop.main.js:792:20039)
    at async X.queryGallery (vscode-file://vscode-app/usr/share/code/resources/app/out/vs/workbench/workbench.desktop.main.js:2477:13663)
    at async ne.Kc (vscode-file://vscode-app/usr/share/code/resources/app/out/vs/workbench/workbench.desktop.main.js:2413:23125)
    at async ne.uc (vscode-file://vscode-app/usr/share/code/resources/app/out/vs/workbench/workbench.desktop.main.js:2413:14733)
    at async vscode-file://vscode-app/usr/share/code/resources/app/out/vs/workbench/workbench.desktop.main.js:2413:13032
2024-06-01 22:11:58.934 [error] Cannot read properties of undefined (reading 'accessToken'): TypeError: Cannot read properties of undefined (reading 'accessToken')
    at p.z (vscode-file://vscode-app/usr/share/code/resources/app/out/vs/workbench/workbench.desktop.main.js:1686:21851)
    at p.C (vscode-file://vscode-app/usr/share/code/resources/app/out/vs/workbench/workbench.desktop.main.js:1686:22484)
    at d.value (vscode-file://vscode-app/usr/share/code/resources/app/out/vs/workbench/workbench.desktop.main.js:1686:21653)
2024-06-01 22:12:43.879 [info] Settings Sync: Updating due to change in sessions
2024-06-01 22:12:43.908 [info] Settings Sync: Updating due to change in sessions
2024-06-02 01:31:04.484 [error] Unable to read file '/home/paigec00/bootcamp_modules/urban-octo-telegram/Develop/index.html' (Error: File not modified since): Error: Unable to read file '/home/paigec00/bootcamp_modules/urban-octo-telegram/Develop/index.html' (Error: File not modified since)
    at s.F (vscode-file://vscode-app/usr/share/code/resources/app/out/vs/workbench/workbench.desktop.main.js:658:19970)
    at s.D (vscode-file://vscode-app/usr/share/code/resources/app/out/vs/workbench/workbench.desktop.main.js:658:19858)
    at async a.M (vscode-file://vscode-app/usr/share/code/resources/app/out/vs/workbench/workbench.desktop.main.js:2201:42594)
    at async a.readStream (vscode-file://vscode-app/usr/share/code/resources/app/out/vs/workbench/workbench.desktop.main.js:2201:42351)
    at async T.Cb (vscode-file://vscode-app/usr/share/code/resources/app/out/vs/workbench/workbench.desktop.main.js:2190:15142)
    at async T.resolve (vscode-file://vscode-app/usr/share/code/resources/app/out/vs/workbench/workbench.desktop.main.js:2190:13589)
    at async vscode-file://vscode-app/usr/share/code/resources/app/out/vs/workbench/workbench.desktop.main.js:2201:38462
2024-06-02 01:43:50.016 [error] Unable to read file '/home/paigec00/bootcamp_modules/urban-octo-telegram/Develop/index.html' (Error: File not modified since): Error: Unable to read file '/home/paigec00/bootcamp_modules/urban-octo-telegram/Develop/index.html' (Error: File not modified since)
    at s.F (vscode-file://vscode-app/usr/share/code/resources/app/out/vs/workbench/workbench.desktop.main.js:658:19970)
    at s.D (vscode-file://vscode-app/usr/share/code/resources/app/out/vs/workbench/workbench.desktop.main.js:658:19858)
    at async a.M (vscode-file://vscode-app/usr/share/code/resources/app/out/vs/workbench/workbench.desktop.main.js:2201:42594)
    at async a.readStream (vscode-file://vscode-app/usr/share/code/resources/app/out/vs/workbench/workbench.desktop.main.js:2201:42351)
    at async T.Cb (vscode-file://vscode-app/usr/share/code/resources/app/out/vs/workbench/workbench.desktop.main.js:2190:15142)
    at async T.resolve (vscode-file://vscode-app/usr/share/code/resources/app/out/vs/workbench/workbench.desktop.main.js:2190:13589)
    at async vscode-file://vscode-app/usr/share/code/resources/app/out/vs/workbench/workbench.desktop.main.js:2201:38462
2024-06-02 01:46:20.634 [error] Unable to read file '/home/paigec00/bootcamp_modules/urban-octo-telegram/Develop/index.html' (Error: File not modified since): Error: Unable to read file '/home/paigec00/bootcamp_modules/urban-octo-telegram/Develop/index.html' (Error: File not modified since)
    at s.F (vscode-file://vscode-app/usr/share/code/resources/app/out/vs/workbench/workbench.desktop.main.js:658:19970)
    at s.D (vscode-file://vscode-app/usr/share/code/resources/app/out/vs/workbench/workbench.desktop.main.js:658:19858)
    at async a.M (vscode-file://vscode-app/usr/share/code/resources/app/out/vs/workbench/workbench.desktop.main.js:2201:42594)
    at async a.readStream (vscode-file://vscode-app/usr/share/code/resources/app/out/vs/workbench/workbench.desktop.main.js:2201:42351)
    at async T.Cb (vscode-file://vscode-app/usr/share/code/resources/app/out/vs/workbench/workbench.desktop.main.js:2190:15142)
    at async T.resolve (vscode-file://vscode-app/usr/share/code/resources/app/out/vs/workbench/workbench.desktop.main.js:2190:13589)
    at async vscode-file://vscode-app/usr/share/code/resources/app/out/vs/workbench/workbench.desktop.main.js:2201:38462
2024-06-02 02:01:49.870 [info] Extension host (LocalProcess pid: 2431) is unresponsive.
2024-06-02 02:01:50.789 [info] Extension host (LocalProcess pid: 2431) is responsive.
2024-06-02 02:01:50.789 [info] UNRESPONSIVE extension host: received responsive event and cancelling profiling session
2024-06-02 02:01:54.414 [info] UNRESPONSIVE extension host: starting to profile NOW
2024-06-02 02:08:35.081 [info] Extension host (LocalProcess pid: 2431) is unresponsive.
2024-06-02 02:08:40.087 [info] Extension host (LocalProcess pid: 2431) is responsive.
2024-06-02 02:08:40.087 [info] UNRESPONSIVE extension host: received responsive event and cancelling profiling session
