2024-06-10 09:14:57.678 [info] Extension host with pid 740 started
2024-06-10 09:14:57.678 [info] Skipping acquiring lock for /home/paigec00/.config/Code/User/workspaceStorage/501fde971a8aff14d1c21e3d62abea22.
2024-06-10 09:14:58.048 [info] ExtensionService#_doActivateExtension vscode.emmet, startup: false, activationEvent: 'onLanguage'
2024-06-10 09:14:58.113 [info] ExtensionService#_doActivateExtension vscode.html-language-features, startup: false, activationEvent: 'onLanguage:html'
2024-06-10 09:14:58.905 [info] ExtensionService#_doActivateExtension vscode.git-base, startup: true, activationEvent: '*', root cause: vscode.git
2024-06-10 09:14:59.055 [info] ExtensionService#_doActivateExtension vscode.git, startup: true, activationEvent: '*'
2024-06-10 09:14:59.332 [info] ExtensionService#_doActivateExtension vscode.github, startup: true, activationEvent: '*'
2024-06-10 09:14:59.924 [info] Eager extensions activated
2024-06-10 09:15:00.272 [info] ExtensionService#_doActivateExtension vscode.debug-auto-launch, startup: false, activationEvent: 'onStartupFinished'
2024-06-10 09:15:00.291 [info] ExtensionService#_doActivateExtension vscode.merge-conflict, startup: false, activationEvent: 'onStartupFinished'
2024-06-10 09:15:00.497 [info] ExtensionService#_doActivateExtension ritwickdey.LiveServer, startup: false, activationEvent: 'onStartupFinished'
2024-06-10 09:15:02.163 [info] ExtensionService#_doActivateExtension vscode.github-authentication, startup: false, activationEvent: 'onAuthenticationRequest:github'
2024-06-10 09:15:14.122 [info] ExtensionService#_doActivateExtension vscode.media-preview, startup: false, activationEvent: 'onCustomEditor:imagePreview.previewEditor'
2024-06-10 09:17:58.880 [error] EntryNotFound (FileSystemError): Error: ENOENT: no such file or directory, stat '/home/paigec00/Challenge-2/Mod2Challenge/.git/img/Launchingsoonwebpageexample.png'
	at y.e (/usr/share/code/resources/app/out/vs/workbench/api/node/extensionHostProcess.js:152:6084)
	at Object.stat (/usr/share/code/resources/app/out/vs/workbench/api/node/extensionHostProcess.js:152:3892)
2024-06-10 09:21:31.426 [error] EntryNotFound (FileSystemError): Error: ENOENT: no such file or directory, stat '/home/paigec00/Challenge-2/Mod2Challenge/.git/Mod2Challenge/Launchingsoonwebpageexample.png'
	at y.e (/usr/share/code/resources/app/out/vs/workbench/api/node/extensionHostProcess.js:152:6084)
	at Object.stat (/usr/share/code/resources/app/out/vs/workbench/api/node/extensionHostProcess.js:152:3892)
2024-06-10 09:24:04.928 [error] EntryNotFound (FileSystemError): Error: ENOENT: no such file or directory, stat '/home/paigec00/Challenge-2/Mod2Challenge/.git/Challenge-2/Mod2Challenge/Launchingsoonwebpageexample.png'
	at y.e (/usr/share/code/resources/app/out/vs/workbench/api/node/extensionHostProcess.js:152:6084)
	at Object.stat (/usr/share/code/resources/app/out/vs/workbench/api/node/extensionHostProcess.js:152:3892)
2024-06-10 09:34:15.267 [error] EntryNotFound (FileSystemError): Error: ENOENT: no such file or directory, stat '/home/paigec00/Challenge-2/Mod2Challenge/.git/Challenge-2/Downloads/Lauchingsoonlandingpageexample.jpg'
	at y.e (/usr/share/code/resources/app/out/vs/workbench/api/node/extensionHostProcess.js:152:6084)
	at Object.stat (/usr/share/code/resources/app/out/vs/workbench/api/node/extensionHostProcess.js:152:3892)
2024-06-10 09:40:52.022 [error] EntryNotFound (FileSystemError): Error: ENOENT: no such file or directory, stat '/home/paigec00/Challenge-2/Mod2Challenge/.git/Challenge-2/Challenge-2/Mod2Challenge/.git/Img/Lauchingsoonlandingpageexample.jpg'
	at y.e (/usr/share/code/resources/app/out/vs/workbench/api/node/extensionHostProcess.js:152:6084)
	at Object.stat (/usr/share/code/resources/app/out/vs/workbench/api/node/extensionHostProcess.js:152:3892)
2024-06-11 16:46:08.527 [error] EntryNotFound (FileSystemError): Error: ENOENT: no such file or directory, stat '/home/paigec00/Challenge-2/Mod2Challenge/.git/Challenge-2/Challenge-2/Mod2Challenge/Lauchingsoonlandingpageexample.jpg'
	at y.e (/usr/share/code/resources/app/out/vs/workbench/api/node/extensionHostProcess.js:152:6084)
	at Object.stat (/usr/share/code/resources/app/out/vs/workbench/api/node/extensionHostProcess.js:152:3892)
2024-06-11 16:47:34.245 [info] ExtensionService#_doActivateExtension vscode.extension-editing, startup: false, activationEvent: 'onLanguage:markdown'
2024-06-11 16:47:34.280 [info] ExtensionService#_doActivateExtension vscode.markdown-language-features, startup: false, activationEvent: 'onLanguage:markdown'
