2024-06-13 18:37:03.477 [info] Started local extension host with pid 426.
2024-06-13 18:37:13.660 [info] [perf] Render performance baseline is 125ms
2024-06-23 17:00:15.509 [error] Unable to resolve nonexistent file '/home/paigec00/bootcamp_modules/~': Error: Unable to resolve nonexistent file '/home/paigec00/bootcamp_modules/~'
    at o.resolve (vscode-file://vscode-app/usr/share/code/resources/app/out/vs/workbench/workbench.desktop.main.js:657:14504)
    at async p.getChildren (vscode-file://vscode-app/usr/share/code/resources/app/out/vs/workbench/workbench.desktop.main.js:1765:23180)
    at async vscode-file://vscode-app/usr/share/code/resources/app/out/vs/workbench/workbench.desktop.main.js:613:21956
2024-06-23 17:00:19.494 [error] Unable to resolve nonexistent file '/home/paigec00/bootcamp_modules/~': Error: Unable to resolve nonexistent file '/home/paigec00/bootcamp_modules/~'
    at o.resolve (vscode-file://vscode-app/usr/share/code/resources/app/out/vs/workbench/workbench.desktop.main.js:657:14504)
    at async p.getChildren (vscode-file://vscode-app/usr/share/code/resources/app/out/vs/workbench/workbench.desktop.main.js:1765:23180)
    at async vscode-file://vscode-app/usr/share/code/resources/app/out/vs/workbench/workbench.desktop.main.js:613:21956
2024-06-24 15:35:31.961 [info] Extension host (LocalProcess pid: 426) is unresponsive.
2024-06-24 15:35:32.365 [info] Extension host (LocalProcess pid: 426) is responsive.
2024-06-24 15:35:33.713 [info] UNRESPONSIVE extension host: received responsive event and cancelling profiling session
2024-06-24 15:35:37.637 [info] UNRESPONSIVE extension host: starting to profile NOW
2024-06-24 17:46:44.991 [info] Extension host (LocalProcess pid: 426) is unresponsive.
2024-06-24 17:46:45.032 [info] Extension host (LocalProcess pid: 426) is responsive.
2024-06-24 17:46:45.033 [info] UNRESPONSIVE extension host: received responsive event and cancelling profiling session
2024-06-24 17:46:47.930 [info] UNRESPONSIVE extension host: starting to profile NOW
2024-06-24 17:46:53.822 [info] Extension host (LocalProcess pid: 426) is unresponsive.
2024-06-24 17:46:53.939 [info] Extension host (LocalProcess pid: 426) is responsive.
2024-06-24 17:46:53.939 [info] UNRESPONSIVE extension host: received responsive event and cancelling profiling session
2024-06-24 17:46:55.862 [info] UNRESPONSIVE extension host: starting to profile NOW
2024-06-24 17:52:03.322 [info] Extension host (LocalProcess pid: 426) is unresponsive.
2024-06-24 17:52:03.501 [info] Extension host (LocalProcess pid: 426) is responsive.
2024-06-24 17:52:03.502 [info] UNRESPONSIVE extension host: received responsive event and cancelling profiling session
2024-06-24 17:52:05.491 [info] UNRESPONSIVE extension host: starting to profile NOW
2024-06-24 18:03:04.339 [info] Extension host (LocalProcess pid: 426) is unresponsive.
2024-06-24 18:03:04.411 [info] Extension host (LocalProcess pid: 426) is responsive.
2024-06-24 18:03:04.428 [info] UNRESPONSIVE extension host: received responsive event and cancelling profiling session
2024-06-24 18:03:10.243 [info] UNRESPONSIVE extension host: starting to profile NOW
2024-06-24 18:03:16.250 [info] Extension host (LocalProcess pid: 426) is unresponsive.
2024-06-24 18:03:17.723 [info] Extension host (LocalProcess pid: 426) is responsive.
2024-06-24 18:03:17.733 [info] UNRESPONSIVE extension host: received responsive event and cancelling profiling session
2024-06-24 18:03:20.693 [info] UNRESPONSIVE extension host: starting to profile NOW
2024-06-24 18:04:00.644 [info] Extension host (LocalProcess pid: 426) is unresponsive.
2024-06-24 18:04:03.593 [info] Extension host (LocalProcess pid: 426) is responsive.
2024-06-24 18:04:03.623 [info] UNRESPONSIVE extension host: received responsive event and cancelling profiling session
2024-06-24 18:04:07.688 [info] Extension host (LocalProcess pid: 426) is unresponsive.
2024-06-24 18:04:11.881 [info] UNRESPONSIVE extension host: starting to profile NOW
2024-06-24 18:04:14.704 [info] Extension host (LocalProcess pid: 426) is responsive.
2024-06-24 18:04:14.706 [info] UNRESPONSIVE extension host: received responsive event and cancelling profiling session
2024-06-24 18:05:10.622 [info] Extension host (LocalProcess pid: 426) is unresponsive.
2024-06-24 18:05:13.193 [info] Extension host (LocalProcess pid: 426) is responsive.
2024-06-24 18:05:13.194 [info] UNRESPONSIVE extension host: received responsive event and cancelling profiling session
2024-06-24 18:05:17.435 [info] UNRESPONSIVE extension host: starting to profile NOW
2024-06-24 18:06:55.379 [info] Extension host (LocalProcess pid: 426) is unresponsive.
2024-06-24 18:06:55.963 [info] Extension host (LocalProcess pid: 426) is responsive.
2024-06-24 18:06:55.967 [info] UNRESPONSIVE extension host: received responsive event and cancelling profiling session
2024-06-24 18:07:00.567 [info] UNRESPONSIVE extension host: starting to profile NOW
2024-06-24 18:07:05.045 [info] Extension host (LocalProcess pid: 426) is unresponsive.
2024-06-24 18:07:06.899 [info] Extension host (LocalProcess pid: 426) is responsive.
2024-06-24 18:07:06.937 [info] UNRESPONSIVE extension host: received responsive event and cancelling profiling session
2024-06-24 18:07:11.251 [info] Extension host (LocalProcess pid: 426) is unresponsive.
2024-06-24 18:07:12.876 [info] UNRESPONSIVE extension host: starting to profile NOW
2024-06-24 18:07:12.882 [info] Extension host (LocalProcess pid: 426) is responsive.
2024-06-24 18:07:12.882 [info] UNRESPONSIVE extension host: received responsive event and cancelling profiling session
2024-06-24 18:07:36.671 [info] Extension host (LocalProcess pid: 426) is unresponsive.
2024-06-24 18:07:37.231 [info] Extension host (LocalProcess pid: 426) is responsive.
2024-06-24 18:07:37.231 [info] UNRESPONSIVE extension host: received responsive event and cancelling profiling session
2024-06-24 18:07:40.454 [info] Extension host (LocalProcess pid: 426) is unresponsive.
2024-06-24 18:07:42.244 [info] UNRESPONSIVE extension host: starting to profile NOW
2024-06-24 18:07:42.569 [info] Extension host (LocalProcess pid: 426) is responsive.
2024-06-24 18:09:03.837 [info] Extension host (LocalProcess pid: 426) is unresponsive.
2024-06-24 18:09:04.689 [info] Extension host (LocalProcess pid: 426) is responsive.
2024-06-24 18:09:04.763 [info] UNRESPONSIVE extension host: received responsive event and cancelling profiling session
2024-06-24 18:09:08.891 [info] UNRESPONSIVE extension host: starting to profile NOW
2024-06-24 18:10:51.432 [info] Extension host (LocalProcess pid: 426) is unresponsive.
2024-06-24 18:10:52.601 [info] Extension host (LocalProcess pid: 426) is responsive.
2024-06-24 18:10:52.607 [info] UNRESPONSIVE extension host: received responsive event and cancelling profiling session
2024-06-24 18:10:55.725 [info] UNRESPONSIVE extension host: starting to profile NOW
2024-06-25 17:37:02.726 [error] [Extension Host] Error: ENOTDIR: not a directory, stat '/home/paigec00/Challenge-4/index.html/blog.html'
2024-06-25 19:41:54.652 [error] Error: ENOENT: no such file or directory, stat '/home/paigec00/Challenge-2/Mod2Challenge/Challenge-2/Mod2Challenge/Lauchingsoonlandingpageexample.jpg': EntryNotFound (FileSystemError): Error: ENOENT: no such file or directory, stat '/home/paigec00/Challenge-2/Mod2Challenge/Challenge-2/Mod2Challenge/Lauchingsoonlandingpageexample.jpg'
	at P.e (/usr/share/code/resources/app/out/vs/workbench/api/node/extensionHostProcess.js:152:6123)
	at Object.stat (/usr/share/code/resources/app/out/vs/workbench/api/node/extensionHostProcess.js:152:3894)
2024-06-25 19:43:48.288 [error] Error: ENOENT: no such file or directory, stat '/home/paigec00/Challenge-2/Mod2Challenge/Mod2Challenge/Lauchingsoonlandingpageexample.jpg': EntryNotFound (FileSystemError): Error: ENOENT: no such file or directory, stat '/home/paigec00/Challenge-2/Mod2Challenge/Mod2Challenge/Lauchingsoonlandingpageexample.jpg'
	at P.e (/usr/share/code/resources/app/out/vs/workbench/api/node/extensionHostProcess.js:152:6123)
	at Object.stat (/usr/share/code/resources/app/out/vs/workbench/api/node/extensionHostProcess.js:152:3894)
2024-06-25 19:44:49.376 [error] Error: ENOENT: no such file or directory, stat '/home/paigec00/Challenge-2/Mod2Challenge/My files/Linux files/Challenge-2/Mod2Challenge/Lauchingsoonlandingpageexample.jpg': EntryNotFound (FileSystemError): Error: ENOENT: no such file or directory, stat '/home/paigec00/Challenge-2/Mod2Challenge/My files/Linux files/Challenge-2/Mod2Challenge/Lauchingsoonlandingpageexample.jpg'
	at P.e (/usr/share/code/resources/app/out/vs/workbench/api/node/extensionHostProcess.js:152:6123)
	at Object.stat (/usr/share/code/resources/app/out/vs/workbench/api/node/extensionHostProcess.js:152:3894)
2024-06-25 20:15:36.118 [error] There are no commenting ranges at the current position (with range).: Error: There are no commenting ranges at the current position (with range).
    at K.addCommentAtLine (vscode-file://vscode-app/usr/share/code/resources/app/out/vs/workbench/workbench.desktop.main.js:2115:2642)
    at K.addOrToggleCommentAtLine (vscode-file://vscode-app/usr/share/code/resources/app/out/vs/workbench/workbench.desktop.main.js:2115:2172)
    at K.bb (vscode-file://vscode-app/usr/share/code/resources/app/out/vs/workbench/workbench.desktop.main.js:2115:1877)
    at u.value (vscode-file://vscode-app/usr/share/code/resources/app/out/vs/workbench/workbench.desktop.main.js:2114:34206)
    at ue.y (vscode-file://vscode-app/usr/share/code/resources/app/out/vs/workbench/workbench.desktop.main.js:89:659)
    at ue.z (vscode-file://vscode-app/usr/share/code/resources/app/out/vs/workbench/workbench.desktop.main.js:89:729)
    at ue.fire (vscode-file://vscode-app/usr/share/code/resources/app/out/vs/workbench/workbench.desktop.main.js:89:945)
    at ue.fire (vscode-file://vscode-app/usr/share/code/resources/app/out/vs/workbench/workbench.desktop.main.js:766:22581)
    at ve.onMouseUp (vscode-file://vscode-app/usr/share/code/resources/app/out/vs/workbench/workbench.desktop.main.js:766:20386)
    at S.emitMouseUp (vscode-file://vscode-app/usr/share/code/resources/app/out/vs/workbench/workbench.desktop.main.js:104:22105)
    at k.emitMouseUp (vscode-file://vscode-app/usr/share/code/resources/app/out/vs/workbench/workbench.desktop.main.js:694:46605)
    at i.F (vscode-file://vscode-app/usr/share/code/resources/app/out/vs/workbench/workbench.desktop.main.js:740:15223)
    at vscode-file://vscode-app/usr/share/code/resources/app/out/vs/workbench/workbench.desktop.main.js:740:12790
    at HTMLDivElement.<anonymous> (vscode-file://vscode-app/usr/share/code/resources/app/out/vs/workbench/workbench.desktop.main.js:735:37151)
