2024-08-01 18:56:51.960 [info] Extension host with pid 427 started
2024-08-01 18:56:51.960 [info] Skipping acquiring lock for /home/paigec00/.config/Code/User/workspaceStorage/8ea3963be3c1586e44c32bfe7087fe7c.
2024-08-01 18:56:52.581 [info] ExtensionService#_doActivateExtension vscode.emmet, startup: false, activationEvent: 'onLanguage'
2024-08-01 18:56:52.614 [info] ExtensionService#_doActivateExtension vscode.typescript-language-features, startup: false, activationEvent: 'onLanguage:javascript'
2024-08-01 18:56:53.627 [info] ExtensionService#_doActivateExtension vscode.git-base, startup: true, activationEvent: '*', root cause: vscode.git
2024-08-01 18:56:53.664 [info] ExtensionService#_doActivateExtension vscode.npm, startup: true, activationEvent: 'workspaceContains:package.json'
2024-08-01 18:56:53.841 [info] ExtensionService#_doActivateExtension vscode.git, startup: true, activationEvent: '*'
2024-08-01 18:56:54.040 [info] ExtensionService#_doActivateExtension vscode.github, startup: true, activationEvent: '*'
2024-08-01 18:56:54.690 [info] Eager extensions activated
2024-08-01 18:56:55.343 [info] ExtensionService#_doActivateExtension vscode.debug-auto-launch, startup: false, activationEvent: 'onStartupFinished'
2024-08-01 18:56:55.359 [info] ExtensionService#_doActivateExtension vscode.merge-conflict, startup: false, activationEvent: 'onStartupFinished'
2024-08-01 18:56:55.409 [info] ExtensionService#_doActivateExtension ritwickdey.LiveServer, startup: false, activationEvent: 'onStartupFinished'
2024-08-01 18:56:57.754 [info] ExtensionService#_doActivateExtension vscode.github-authentication, startup: false, activationEvent: 'onAuthenticationRequest:github'
2024-08-01 18:57:01.930 [warning] [Decorations] CAPPING events from decorations provider vscode.git 4334
2024-08-01 18:58:57.723 [info] ExtensionService#_doActivateExtension vscode.extension-editing, startup: false, activationEvent: 'onLanguage:markdown'
2024-08-01 18:58:57.782 [info] ExtensionService#_doActivateExtension vscode.markdown-language-features, startup: false, activationEvent: 'onLanguage:markdown'
2024-08-01 18:58:59.814 [info] ExtensionService#_doActivateExtension vscode.markdown-math, startup: false, activationEvent: 'api', root cause: vscode.markdown-language-features
2024-08-01 19:00:17.517 [warning] [Decorations] CAPPING events from decorations provider vscode.git 4336
2024-08-01 19:04:41.022 [warning] [Decorations] CAPPING events from decorations provider vscode.git 4336
2024-08-01 19:07:41.972 [warning] [Decorations] CAPPING events from decorations provider vscode.git 4336
2024-08-01 19:10:42.836 [warning] [Decorations] CAPPING events from decorations provider vscode.git 4336
2024-08-01 19:13:43.708 [warning] [Decorations] CAPPING events from decorations provider vscode.git 4336
2024-08-01 19:16:44.514 [warning] [Decorations] CAPPING events from decorations provider vscode.git 4336
2024-08-01 19:19:49.787 [warning] [Decorations] CAPPING events from decorations provider vscode.git 4336
2024-08-01 19:25:17.841 [warning] [Decorations] CAPPING events from decorations provider vscode.git 4336
2024-08-01 19:28:22.041 [warning] [Decorations] CAPPING events from decorations provider vscode.git 4336
2024-08-01 19:38:27.933 [warning] [Decorations] CAPPING events from decorations provider vscode.git 4336
2024-08-01 19:41:28.870 [warning] [Decorations] CAPPING events from decorations provider vscode.git 4336
2024-08-01 19:44:38.808 [warning] [Decorations] CAPPING events from decorations provider vscode.git 4336
2024-08-01 19:47:49.492 [warning] [Decorations] CAPPING events from decorations provider vscode.git 4336
2024-08-01 19:50:50.469 [warning] [Decorations] CAPPING events from decorations provider vscode.git 4336
2024-08-01 19:53:51.334 [warning] [Decorations] CAPPING events from decorations provider vscode.git 4336
2024-08-01 20:01:08.780 [warning] [Decorations] CAPPING events from decorations provider vscode.git 4337
2024-08-01 20:30:36.666 [warning] [Decorations] CAPPING events from decorations provider vscode.git 4337
