2024-08-01 18:56:55.038 [info] Log level: Info
2024-08-01 18:56:55.038 [info] Validating found git in: "git"
2024-08-01 18:56:55.038 [info] Using git "2.39.2" from "git"
2024-08-01 18:56:55.038 [warning] [swsf] Unable to read folder '/home/paigec00/SuperTeamProject/super-team-project': Error: ENOENT: no such file or directory, scandir '/home/paigec00/SuperTeamProject/super-team-project'
2024-08-01 18:56:55.038 [info] > git rev-parse --show-toplevel [116ms]
2024-08-01 18:56:55.038 [info] > git rev-parse --git-dir --git-common-dir [14ms]
2024-08-01 18:56:55.038 [info] Open repository: /home/paigec00
2024-08-01 18:56:55.053 [warning] Failed to get repository realpath for: "/home/paigec00/SuperTeamProject/super-team-project". Error: ENOENT: no such file or directory, realpath '/home/paigec00/SuperTeamProject/super-team-project'
2024-08-01 18:56:55.298 [info] > git config --get commit.template [244ms]
2024-08-01 18:56:55.619 [info] > git rev-parse --show-toplevel [349ms]
2024-08-01 18:56:55.904 [info] > git for-each-ref --format=%(refname)%00%(upstream:short)%00%(objectname)%00%(upstream:track)%00%(upstream:remotename)%00%(upstream:remoteref) refs/heads/super_feature refs/remotes/super_feature [116ms]
2024-08-01 18:56:55.976 [info] > git rev-parse --git-dir --git-common-dir [74ms]
2024-08-01 18:56:56.141 [info] Open repository: /home/paigec00/MusicBox/MusicBoxProject
2024-08-01 18:56:56.452 [info] > git rev-parse --show-toplevel [145ms]
2024-08-01 18:56:56.452 [info] > git config --get commit.template [201ms]
2024-08-01 18:56:56.761 [info] > git check-ignore -v -z --stdin [388ms]
2024-08-01 18:56:56.762 [info] > git for-each-ref --format=%(refname)%00%(upstream:short)%00%(objectname)%00%(upstream:track)%00%(upstream:remotename)%00%(upstream:remoteref) refs/heads/last.fmapi/savethissong refs/remotes/last.fmapi/savethissong [150ms]
2024-08-01 18:56:56.774 [info] > git fetch [1745ms]
2024-08-01 18:56:56.810 [info] > git status -z -uall [841ms] (cancelled)
2024-08-01 18:56:56.811 [info] > git rev-parse --git-dir --git-common-dir [37ms]
2024-08-01 18:56:56.896 [info] Open repository: /home/paigec00/Challenge1/urban-octo-telegram
2024-08-01 18:56:57.103 [info] > git config --get commit.template [267ms]
2024-08-01 18:56:57.130 [info] > git rev-parse --show-toplevel [112ms]
2024-08-01 18:56:57.143 [info] > git config --get commit.template [176ms]
2024-08-01 18:56:57.143 [info] > git config --get commit.template [189ms]
2024-08-01 18:56:58.673 [info] > git check-ignore -v -z --stdin [1373ms]
2024-08-01 18:56:58.675 [info] > git status -z -uall [1246ms]
2024-08-01 18:56:58.676 [info] > git for-each-ref --format=%(refname)%00%(upstream:short)%00%(objectname)%00%(upstream:track)%00%(upstream:remotename)%00%(upstream:remoteref) refs/heads/super_feature refs/remotes/super_feature [1124ms]
2024-08-01 18:56:58.679 [info] > git for-each-ref --format=%(refname)%00%(upstream:short)%00%(objectname)%00%(upstream:track)%00%(upstream:remotename)%00%(upstream:remoteref) refs/heads/super_feature refs/remotes/super_feature [1223ms]
2024-08-01 18:56:58.820 [info] > git fetch [1925ms]
2024-08-01 18:56:59.290 [info] > git for-each-ref --format=%(refname)%00%(upstream:short)%00%(objectname)%00%(upstream:track)%00%(upstream:remotename)%00%(upstream:remoteref) refs/heads/last.fmapi/savethissong refs/remotes/last.fmapi/savethissong [552ms]
2024-08-01 18:56:59.295 [info] > git rev-parse --git-dir --git-common-dir [659ms]
2024-08-01 18:56:59.404 [info] Open repository: /home/paigec00/readme-generator
2024-08-01 18:56:59.411 [info] > git for-each-ref --format=%(refname)%00%(upstream:short)%00%(objectname)%00%(upstream:track)%00%(upstream:remotename)%00%(upstream:remoteref) refs/heads/main refs/remotes/main [794ms]
2024-08-01 18:56:59.411 [info] > git fetch [3300ms]
2024-08-01 18:56:59.600 [warning] ENOENT: no such file or directory, open '/home/paigec00/Challenge1/urban-octo-telegram/.git/refs/remotes/origin/main'
2024-08-01 18:56:59.722 [info] > git config --local branch.last.fmapi/savethissong.vscode-merge-base [426ms]
2024-08-01 18:56:59.755 [info] > git config --get commit.template [483ms]
2024-08-01 18:56:59.755 [info] > git config --get commit.template [498ms]
2024-08-01 18:56:59.783 [info] > git config --get commit.template [107ms]
2024-08-01 18:56:59.783 [info] > git rev-parse refs/remotes/origin/main [183ms]
2024-08-01 18:56:59.784 [info] > git rev-parse --show-toplevel [212ms]
2024-08-01 18:56:59.785 [info] > git config --get commit.template [247ms]
2024-08-01 18:57:00.113 [info] > git for-each-ref --format=%(refname)%00%(upstream:short)%00%(objectname)%00%(upstream:track)%00%(upstream:remotename)%00%(upstream:remoteref) refs/heads/origin/main refs/remotes/origin/main [359ms]
2024-08-01 18:57:00.294 [info] > git check-ignore -v -z --stdin [95ms]
2024-08-01 18:57:00.294 [info] > git check-ignore -v -z --stdin [77ms]
2024-08-01 18:57:00.295 [info] > git merge-base refs/heads/last.fmapi/savethissong refs/remotes/origin/last.fmapi/savethissong [129ms]
2024-08-01 18:57:00.348 [info] > git rev-parse --show-toplevel [286ms]
2024-08-01 18:57:00.349 [info] > git config --get commit.template [347ms]
2024-08-01 18:57:00.349 [info] > git for-each-ref --format=%(refname)%00%(upstream:short)%00%(objectname)%00%(upstream:track)%00%(upstream:remotename)%00%(upstream:remoteref) refs/heads/main refs/remotes/main [420ms]
2024-08-01 18:57:00.349 [info] > git for-each-ref --format=%(refname)%00%(upstream:short)%00%(objectname)%00%(upstream:track)%00%(upstream:remotename)%00%(upstream:remoteref) refs/heads/last.fmapi/savethissong refs/remotes/last.fmapi/savethissong [448ms]
2024-08-01 18:57:00.398 [warning] ENOENT: no such file or directory, open '/home/paigec00/Challenge1/urban-octo-telegram/.git/refs/remotes/origin/main'
2024-08-01 18:57:00.400 [info] > git for-each-ref --format=%(refname)%00%(upstream:short)%00%(objectname)%00%(upstream:track)%00%(upstream:remotename)%00%(upstream:remoteref) refs/heads/last.fmapi/savethissong refs/remotes/last.fmapi/savethissong [108ms]
2024-08-01 18:57:00.401 [info] > git for-each-ref --format=%(refname)%00%(upstream:short)%00%(objectname)%00%(upstream:track)%00%(upstream:remotename)%00%(upstream:remoteref) refs/heads/master refs/remotes/master [144ms]
2024-08-01 18:57:00.501 [info] > git rev-parse refs/remotes/origin/main [103ms]
2024-08-01 18:57:00.517 [info] > git rev-parse --show-toplevel [136ms]
2024-08-01 18:57:00.518 [info] > git fetch [1115ms]
2024-08-01 18:57:00.518 [info] From https://github.com/PaigeC001/READMEFileGenerator
 * [new branch]      main       -> origin/main
2024-08-01 18:57:00.533 [info] > git rev-list --count --left-right refs/heads/last.fmapi/savethissong...refs/remotes/origin/last.fmapi/savethissong [185ms]
2024-08-01 18:57:00.828 [info] > git diff --name-status -z --diff-filter=ADMR ae63aa7470b30a62b6ad6be2626b38f2b38ad45e...refs/remotes/origin/last.fmapi/savethissong [188ms]
2024-08-01 18:57:00.832 [info] > git for-each-ref --format=%(refname)%00%(upstream:short)%00%(objectname)%00%(upstream:track)%00%(upstream:remotename)%00%(upstream:remoteref) refs/heads/main refs/remotes/main [373ms]
2024-08-01 18:57:00.872 [warning] ENOENT: no such file or directory, open '/home/paigec00/Challenge1/urban-octo-telegram/.git/refs/remotes/origin/main'
2024-08-01 18:57:00.873 [info] > git config --get commit.template [138ms]
2024-08-01 18:57:00.873 [info] > git rev-parse --show-toplevel [157ms]
2024-08-01 18:57:00.983 [info] > git status -z -uall [74ms]
2024-08-01 18:57:00.983 [info] > git rev-parse refs/remotes/origin/main [111ms]
2024-08-01 18:57:01.091 [info] > git rev-parse --show-toplevel [113ms]
2024-08-01 18:57:01.280 [info] > git status -z -uall [1405ms]
2024-08-01 18:57:01.281 [info] > git for-each-ref --format=%(refname)%00%(upstream:short)%00%(objectname)%00%(upstream:track)%00%(upstream:remotename)%00%(upstream:remoteref) refs/heads/last.fmapi/savethissong refs/remotes/last.fmapi/savethissong [160ms]
2024-08-01 18:57:01.319 [info] > git for-each-ref --format=%(refname)%00%(upstream:short)%00%(objectname)%00%(upstream:track)%00%(upstream:remotename)%00%(upstream:remoteref) refs/heads/master refs/remotes/master [258ms]
2024-08-01 18:57:01.320 [info] > git config --get commit.template [288ms]
2024-08-01 18:57:03.597 [info] > git status -z -uall [2593ms]
2024-08-01 18:57:03.597 [info] > git for-each-ref --format=%(refname)%00%(upstream:short)%00%(objectname)%00%(upstream:track)%00%(upstream:remotename)%00%(upstream:remoteref) refs/heads/super_feature refs/remotes/super_feature [2068ms]
2024-08-01 18:57:03.629 [info] > git config --local branch.last.fmapi/savethissong.vscode-merge-base [2310ms]
2024-08-01 18:57:03.662 [info] > git rev-parse --show-toplevel [2443ms]
2024-08-01 18:57:03.830 [info] > git for-each-ref --format=%(refname)%00%(upstream:short)%00%(objectname)%00%(upstream:track)%00%(upstream:remotename)%00%(upstream:remoteref) refs/heads/main refs/remotes/main [153ms]
2024-08-01 18:57:03.853 [info] > git for-each-ref --format=%(refname)%00%(upstream:short)%00%(objectname)%00%(upstream:track)%00%(upstream:remotename)%00%(upstream:remoteref) refs/heads/origin/main refs/remotes/origin/main [191ms]
2024-08-01 18:57:03.854 [info] > git config --local branch.super_feature.vscode-merge-base [225ms]
2024-08-01 18:57:03.854 [warning] git config failed: Failed to execute git
2024-08-01 18:57:03.873 [info] > git config --local branch.main.vscode-merge-base [20ms]
2024-08-01 18:57:03.883 [info] > git rev-parse --show-toplevel [55ms]
2024-08-01 18:57:03.884 [info] > git for-each-ref --format=%(refname)%00%(upstream:short)%00%(objectname)%00%(upstream:track)%00%(upstream:remotename)%00%(upstream:remoteref) refs/heads/master refs/remotes/master [109ms]
2024-08-01 18:57:03.913 [info] > git rev-parse --show-toplevel [16ms]
2024-08-01 18:57:03.914 [info] > git for-each-ref --format=%(refname)%00%(upstream:short)%00%(objectname)%00%(upstream:track)%00%(upstream:remotename)%00%(upstream:remoteref) refs/heads/origin/main refs/remotes/origin/main [31ms]
2024-08-01 18:57:03.929 [info] > git reflog super_feature --grep-reflog=branch: Created from *. [61ms]
2024-08-01 18:57:03.997 [info] > git merge-base refs/heads/main refs/remotes/origin/main [70ms]
2024-08-01 18:57:04.107 [info] > git status -z -uall [4ms]
2024-08-01 18:57:04.107 [info] > git rev-list --count --left-right refs/heads/main...refs/remotes/origin/main [88ms]
2024-08-01 18:57:04.138 [info] > git rev-parse --show-toplevel [162ms]
2024-08-01 18:57:04.138 [info] > git reflog HEAD --grep-reflog=checkout: moving from .* to super_feature [186ms]
2024-08-01 18:57:04.302 [info] > git for-each-ref --format=%(refname)%00%(upstream:short)%00%(objectname)%00%(upstream:track)%00%(upstream:remotename)%00%(upstream:remoteref) refs/heads/main refs/remotes/main [110ms]
2024-08-01 18:57:04.339 [info] > git diff --name-status -z --diff-filter=ADMR 9ad6462c21fa799d133db62f5e57e6c1af5efc2d...refs/remotes/origin/main [201ms]
2024-08-01 18:57:04.377 [info] > git for-each-ref --format=%(refname)%00%(upstream:short)%00%(objectname)%00%(upstream:track)%00%(upstream:remotename)%00%(upstream:remoteref) refs/heads/master refs/remotes/master [30ms]
2024-08-01 18:57:04.397 [info] > git symbolic-ref --short refs/remotes/origin/HEAD [58ms]
2024-08-01 18:57:04.397 [info] fatal: ref refs/remotes/origin/HEAD is not a symbolic ref
2024-08-01 18:57:04.406 [info] > git rev-parse --show-toplevel [141ms]
2024-08-01 18:57:04.478 [info] > git merge-base refs/heads/super_feature refs/remotes/origin/super_feature [75ms]
2024-08-01 18:57:04.495 [info] > git config --local branch.master.vscode-merge-base [98ms]
2024-08-01 18:57:04.495 [warning] git config failed: Failed to execute git
2024-08-01 18:57:04.632 [info] > git reflog master --grep-reflog=branch: Created from *. [32ms]
2024-08-01 18:57:04.645 [info] > git rev-list --count --left-right refs/heads/super_feature...refs/remotes/origin/super_feature [149ms]
2024-08-01 18:57:04.711 [info] > git rev-parse --show-toplevel [260ms]
2024-08-01 18:57:04.730 [info] > git diff --name-status -z --diff-filter=ADMR 74fdc6a4b02dff73591b08e9fdee898612953f13...refs/remotes/origin/super_feature [19ms]
2024-08-01 18:57:04.731 [info] > git symbolic-ref --short refs/remotes/origin/HEAD [87ms]
2024-08-01 18:57:04.731 [info] fatal: ref refs/remotes/origin/HEAD is not a symbolic ref
2024-08-01 18:57:04.748 [info] > git rev-parse --show-toplevel [27ms]
2024-08-01 18:57:04.750 [info] > git merge-base refs/heads/master refs/remotes/origin/master [13ms]
2024-08-01 18:57:04.783 [info] > git rev-parse --show-toplevel [3ms]
2024-08-01 18:57:04.791 [info] > git rev-list --count --left-right refs/heads/master...refs/remotes/origin/master [16ms]
2024-08-01 18:57:04.834 [info] > git rev-parse --show-toplevel [1ms]
2024-08-01 18:57:04.834 [info] > git diff --name-status -z --diff-filter=ADMR f8a7ab499d31bd942e70a89e80094236a897c163...refs/remotes/origin/master [12ms]
2024-08-01 18:57:04.850 [info] > git rev-parse --show-toplevel [6ms]
2024-08-01 18:57:04.862 [info] > git rev-parse --show-toplevel [3ms]
2024-08-01 18:57:04.876 [info] > git rev-parse --show-toplevel [5ms]
2024-08-01 18:57:04.918 [info] > git rev-parse --show-toplevel [32ms]
2024-08-01 18:57:04.940 [info] > git rev-parse --show-toplevel [4ms]
2024-08-01 18:57:04.953 [info] > git rev-parse --show-toplevel [6ms]
2024-08-01 18:57:04.974 [info] > git show --textconv :index.js [11ms]
2024-08-01 18:57:04.981 [info] > git ls-files --stage -- /home/paigec00/readme-generator/index.js [8ms]
2024-08-01 18:57:04.996 [info] > git cat-file -s fd24f58071c65b6181b1c7e7a2ab86a3e46b5eb7 [9ms]
2024-08-01 18:58:56.337 [info] > git check-ignore -v -z --stdin [40ms]
2024-08-01 18:58:56.342 [info] > git check-ignore -v -z --stdin [10ms]
2024-08-01 18:58:58.214 [info] > git show --textconv :README.md [57ms]
2024-08-01 18:58:58.218 [info] > git ls-files --stage -- /home/paigec00/readme-generator/README.md [14ms]
2024-08-01 18:58:58.246 [info] > git cat-file -s 24f66fbec757cd963b9bf5afd8cb303000b3878f [9ms]
2024-08-01 18:59:15.214 [info] > git show --textconv :index.js [18ms]
2024-08-01 18:59:15.214 [info] > git ls-files --stage -- /home/paigec00/readme-generator/index.js [7ms]
2024-08-01 18:59:15.232 [info] > git cat-file -s fd24f58071c65b6181b1c7e7a2ab86a3e46b5eb7 [10ms]
2024-08-01 19:00:16.609 [info] > git fetch [1066ms]
2024-08-01 19:00:16.702 [info] > git fetch [1043ms]
2024-08-01 19:00:16.743 [info] > git config --get commit.template [43ms]
2024-08-01 19:00:16.774 [info] > git config --get commit.template [45ms]
2024-08-01 19:00:16.775 [info] > git for-each-ref --format=%(refname)%00%(upstream:short)%00%(objectname)%00%(upstream:track)%00%(upstream:remotename)%00%(upstream:remoteref) refs/heads/super_feature refs/remotes/super_feature [2ms]
2024-08-01 19:00:16.778 [info] > git fetch [1138ms]
2024-08-01 19:00:16.802 [info] > git fetch [1195ms]
2024-08-01 19:00:16.813 [info] > git for-each-ref --format=%(refname)%00%(upstream:short)%00%(objectname)%00%(upstream:track)%00%(upstream:remotename)%00%(upstream:remoteref) refs/heads/master refs/remotes/master [24ms]
2024-08-01 19:00:16.814 [info] > git config --get commit.template [16ms]
2024-08-01 19:00:16.902 [info] > git config --get commit.template [90ms]
2024-08-01 19:00:16.926 [info] > git for-each-ref --format=%(refname)%00%(upstream:short)%00%(objectname)%00%(upstream:track)%00%(upstream:remotename)%00%(upstream:remoteref) refs/heads/last.fmapi/savethissong refs/remotes/last.fmapi/savethissong [31ms]
2024-08-01 19:00:16.950 [info] > git for-each-ref --format=%(refname)%00%(upstream:short)%00%(objectname)%00%(upstream:track)%00%(upstream:remotename)%00%(upstream:remoteref) refs/heads/main refs/remotes/main [21ms]
2024-08-01 19:00:16.978 [warning] ENOENT: no such file or directory, open '/home/paigec00/Challenge1/urban-octo-telegram/.git/refs/remotes/origin/main'
2024-08-01 19:00:16.979 [info] > git status -z -uall [36ms]
2024-08-01 19:00:16.980 [info] > git rev-parse refs/remotes/origin/main [2ms]
2024-08-01 19:00:17.032 [info] > git for-each-ref --format=%(refname)%00%(upstream:short)%00%(objectname)%00%(upstream:track)%00%(upstream:remotename)%00%(upstream:remoteref) refs/heads/master refs/remotes/master [17ms]
2024-08-01 19:00:17.062 [info] > git config --local branch.master.vscode-merge-base [12ms]
2024-08-01 19:00:17.065 [warning] git config failed: Failed to execute git
2024-08-01 19:00:17.075 [info] > git status -z -uall [14ms]
2024-08-01 19:00:17.144 [info] > git for-each-ref --format=%(refname)%00%(upstream:short)%00%(objectname)%00%(upstream:track)%00%(upstream:remotename)%00%(upstream:remoteref) refs/heads/last.fmapi/savethissong refs/remotes/last.fmapi/savethissong [20ms]
2024-08-01 19:00:17.182 [info] > git reflog master --grep-reflog=branch: Created from *. [109ms]
2024-08-01 19:00:17.224 [info] > git symbolic-ref --short refs/remotes/origin/HEAD [10ms]
2024-08-01 19:00:17.245 [info] fatal: ref refs/remotes/origin/HEAD is not a symbolic ref
2024-08-01 19:00:17.245 [info] > git config --local branch.last.fmapi/savethissong.vscode-merge-base [63ms]
2024-08-01 19:00:17.295 [info] > git status -z -uall [468ms]
2024-08-01 19:00:17.298 [info] > git for-each-ref --format=%(refname)%00%(upstream:short)%00%(objectname)%00%(upstream:track)%00%(upstream:remotename)%00%(upstream:remoteref) refs/heads/origin/main refs/remotes/origin/main [23ms]
2024-08-01 19:00:18.568 [info] > git status -z -uall [1576ms]
2024-08-01 19:00:18.568 [info] > git for-each-ref --format=%(refname)%00%(upstream:short)%00%(objectname)%00%(upstream:track)%00%(upstream:remotename)%00%(upstream:remoteref) refs/heads/super_feature refs/remotes/super_feature [1159ms]
2024-08-01 19:00:18.659 [info] > git for-each-ref --format=%(refname)%00%(upstream:short)%00%(objectname)%00%(upstream:track)%00%(upstream:remotename)%00%(upstream:remoteref) refs/heads/main refs/remotes/main [44ms]
2024-08-01 19:00:18.685 [info] > git config --local branch.super_feature.vscode-merge-base [98ms]
2024-08-01 19:00:18.686 [warning] git config failed: Failed to execute git
2024-08-01 19:00:18.715 [info] > git config --local branch.main.vscode-merge-base [30ms]
2024-08-01 19:00:18.763 [info] > git reflog super_feature --grep-reflog=branch: Created from *. [52ms]
2024-08-01 19:00:18.777 [info] > git for-each-ref --format=%(refname)%00%(upstream:short)%00%(objectname)%00%(upstream:track)%00%(upstream:remotename)%00%(upstream:remoteref) refs/heads/origin/main refs/remotes/origin/main [15ms]
2024-08-01 19:00:18.794 [info] > git reflog HEAD --grep-reflog=checkout: moving from .* to super_feature [18ms]
2024-08-01 19:00:18.813 [info] > git for-each-ref --format=%(refname)%00%(upstream:short)%00%(objectname)%00%(upstream:track)%00%(upstream:remotename)%00%(upstream:remoteref) refs/heads/main refs/remotes/main [7ms]
2024-08-01 19:00:18.832 [info] > git symbolic-ref --short refs/remotes/origin/HEAD [2ms]
2024-08-01 19:00:18.832 [info] fatal: ref refs/remotes/origin/HEAD is not a symbolic ref
2024-08-01 19:03:07.248 [info] > git show --textconv :README.md [34ms]
2024-08-01 19:03:07.248 [info] > git ls-files --stage -- /home/paigec00/readme-generator/README.md [2ms]
2024-08-01 19:03:07.298 [info] > git cat-file -s 24f66fbec757cd963b9bf5afd8cb303000b3878f [17ms]
2024-08-01 19:03:10.419 [info] > git show --textconv :index.js [65ms]
2024-08-01 19:03:10.426 [info] > git ls-files --stage -- /home/paigec00/readme-generator/index.js [24ms]
2024-08-01 19:03:10.546 [info] > git cat-file -s fd24f58071c65b6181b1c7e7a2ab86a3e46b5eb7 [21ms]
2024-08-01 19:04:40.245 [info] > git fetch [507ms]
2024-08-01 19:04:40.264 [info] > git fetch [637ms]
2024-08-01 19:04:40.281 [info] > git fetch [577ms]
2024-08-01 19:04:40.282 [info] > git fetch [604ms]
2024-08-01 19:04:40.283 [info] > git config --get commit.template [22ms]
2024-08-01 19:04:40.297 [info] > git for-each-ref --format=%(refname)%00%(upstream:short)%00%(objectname)%00%(upstream:track)%00%(upstream:remotename)%00%(upstream:remoteref) refs/heads/main refs/remotes/main [18ms]
2024-08-01 19:04:40.297 [info] > git config --get commit.template [24ms]
2024-08-01 19:04:40.308 [warning] ENOENT: no such file or directory, open '/home/paigec00/Challenge1/urban-octo-telegram/.git/refs/remotes/origin/main'
2024-08-01 19:04:40.309 [info] > git config --get commit.template [20ms]
2024-08-01 19:04:40.311 [info] > git for-each-ref --format=%(refname)%00%(upstream:short)%00%(objectname)%00%(upstream:track)%00%(upstream:remotename)%00%(upstream:remoteref) refs/heads/master refs/remotes/master [8ms]
2024-08-01 19:04:40.311 [info] > git config --get commit.template [15ms]
2024-08-01 19:04:40.324 [info] > git rev-parse refs/remotes/origin/main [16ms]
2024-08-01 19:04:40.336 [info] > git for-each-ref --format=%(refname)%00%(upstream:short)%00%(objectname)%00%(upstream:track)%00%(upstream:remotename)%00%(upstream:remoteref) refs/heads/last.fmapi/savethissong refs/remotes/last.fmapi/savethissong [13ms]
2024-08-01 19:04:40.337 [info] > git for-each-ref --format=%(refname)%00%(upstream:short)%00%(objectname)%00%(upstream:track)%00%(upstream:remotename)%00%(upstream:remoteref) refs/heads/super_feature refs/remotes/super_feature [20ms]
2024-08-01 19:04:40.418 [info] > git status -z -uall [50ms]
2024-08-01 19:04:40.418 [info] > git status -z -uall [29ms]
2024-08-01 19:04:40.559 [info] > git for-each-ref --format=%(refname)%00%(upstream:short)%00%(objectname)%00%(upstream:track)%00%(upstream:remotename)%00%(upstream:remoteref) refs/heads/master refs/remotes/master [35ms]
2024-08-01 19:04:40.584 [info] > git for-each-ref --format=%(refname)%00%(upstream:short)%00%(objectname)%00%(upstream:track)%00%(upstream:remotename)%00%(upstream:remoteref) refs/heads/last.fmapi/savethissong refs/remotes/last.fmapi/savethissong [128ms]
2024-08-01 19:04:40.625 [info] > git config --local branch.last.fmapi/savethissong.vscode-merge-base [20ms]
2024-08-01 19:04:40.636 [info] > git config --local branch.master.vscode-merge-base [52ms]
2024-08-01 19:04:40.637 [warning] git config failed: Failed to execute git
2024-08-01 19:04:40.657 [info] > git for-each-ref --format=%(refname)%00%(upstream:short)%00%(objectname)%00%(upstream:track)%00%(upstream:remotename)%00%(upstream:remoteref) refs/heads/origin/main refs/remotes/origin/main [21ms]
2024-08-01 19:04:40.672 [info] > git reflog master --grep-reflog=branch: Created from *. [15ms]
2024-08-01 19:04:40.703 [info] > git symbolic-ref --short refs/remotes/origin/HEAD [4ms]
2024-08-01 19:04:40.703 [info] fatal: ref refs/remotes/origin/HEAD is not a symbolic ref
2024-08-01 19:04:40.734 [info] > git status -z -uall [402ms]
2024-08-01 19:04:40.762 [info] > git for-each-ref --format=%(refname)%00%(upstream:short)%00%(objectname)%00%(upstream:track)%00%(upstream:remotename)%00%(upstream:remoteref) refs/heads/main refs/remotes/main [7ms]
2024-08-01 19:04:40.779 [info] > git config --local branch.main.vscode-merge-base [2ms]
2024-08-01 19:04:40.802 [info] > git for-each-ref --format=%(refname)%00%(upstream:short)%00%(objectname)%00%(upstream:track)%00%(upstream:remotename)%00%(upstream:remoteref) refs/heads/origin/main refs/remotes/origin/main [5ms]
2024-08-01 19:04:40.862 [info] > git status -z -uall [454ms]
2024-08-01 19:04:41.884 [info] > git for-each-ref --format=%(refname)%00%(upstream:short)%00%(objectname)%00%(upstream:track)%00%(upstream:remotename)%00%(upstream:remoteref) refs/heads/super_feature refs/remotes/super_feature [980ms]
2024-08-01 19:04:41.907 [info] > git config --local branch.super_feature.vscode-merge-base [8ms]
2024-08-01 19:04:41.908 [warning] git config failed: Failed to execute git
2024-08-01 19:04:41.925 [info] > git reflog super_feature --grep-reflog=branch: Created from *. [8ms]
2024-08-01 19:04:41.951 [info] > git reflog HEAD --grep-reflog=checkout: moving from .* to super_feature [1ms]
2024-08-01 19:04:41.979 [info] > git for-each-ref --format=%(refname)%00%(upstream:short)%00%(objectname)%00%(upstream:track)%00%(upstream:remotename)%00%(upstream:remoteref) refs/heads/main refs/remotes/main [1ms]
2024-08-01 19:04:42.005 [info] > git symbolic-ref --short refs/remotes/origin/HEAD [1ms]
2024-08-01 19:04:42.005 [info] fatal: ref refs/remotes/origin/HEAD is not a symbolic ref
2024-08-01 19:07:40.935 [info] > git fetch [356ms]
2024-08-01 19:07:40.937 [info] > git fetch [439ms]
2024-08-01 19:07:40.959 [info] > git config --get commit.template [2ms]
2024-08-01 19:07:40.959 [info] > git config --get commit.template [8ms]
2024-08-01 19:07:40.976 [info] > git for-each-ref --format=%(refname)%00%(upstream:short)%00%(objectname)%00%(upstream:track)%00%(upstream:remotename)%00%(upstream:remoteref) refs/heads/last.fmapi/savethissong refs/remotes/last.fmapi/savethissong [1ms]
2024-08-01 19:07:40.977 [info] > git for-each-ref --format=%(refname)%00%(upstream:short)%00%(objectname)%00%(upstream:track)%00%(upstream:remotename)%00%(upstream:remoteref) refs/heads/master refs/remotes/master [9ms]
2024-08-01 19:07:40.996 [info] > git status -z -uall [9ms]
2024-08-01 19:07:40.996 [info] > git status -z -uall [1ms]
2024-08-01 19:07:41.033 [info] > git for-each-ref --format=%(refname)%00%(upstream:short)%00%(objectname)%00%(upstream:track)%00%(upstream:remotename)%00%(upstream:remoteref) refs/heads/last.fmapi/savethissong refs/remotes/last.fmapi/savethissong [3ms]
2024-08-01 19:07:41.040 [info] > git for-each-ref --format=%(refname)%00%(upstream:short)%00%(objectname)%00%(upstream:track)%00%(upstream:remotename)%00%(upstream:remoteref) refs/heads/master refs/remotes/master [26ms]
2024-08-01 19:07:41.051 [info] > git config --local branch.master.vscode-merge-base [5ms]
2024-08-01 19:07:41.051 [warning] git config failed: Failed to execute git
2024-08-01 19:07:41.068 [info] > git config --local branch.last.fmapi/savethissong.vscode-merge-base [27ms]
2024-08-01 19:07:41.093 [info] > git for-each-ref --format=%(refname)%00%(upstream:short)%00%(objectname)%00%(upstream:track)%00%(upstream:remotename)%00%(upstream:remoteref) refs/heads/origin/main refs/remotes/origin/main [18ms]
2024-08-01 19:07:41.094 [info] > git reflog master --grep-reflog=branch: Created from *. [27ms]
2024-08-01 19:07:41.109 [info] > git symbolic-ref --short refs/remotes/origin/HEAD [9ms]
2024-08-01 19:07:41.109 [info] fatal: ref refs/remotes/origin/HEAD is not a symbolic ref
2024-08-01 19:07:41.143 [info] > git fetch [376ms]
2024-08-01 19:07:41.169 [info] > git config --get commit.template [2ms]
2024-08-01 19:07:41.184 [info] > git for-each-ref --format=%(refname)%00%(upstream:short)%00%(objectname)%00%(upstream:track)%00%(upstream:remotename)%00%(upstream:remoteref) refs/heads/main refs/remotes/main [4ms]
2024-08-01 19:07:41.190 [warning] ENOENT: no such file or directory, open '/home/paigec00/Challenge1/urban-octo-telegram/.git/refs/remotes/origin/main'
2024-08-01 19:07:41.192 [info] > git rev-parse refs/remotes/origin/main [2ms]
2024-08-01 19:07:41.637 [info] > git fetch [529ms]
2024-08-01 19:07:41.658 [info] > git config --get commit.template [2ms]
2024-08-01 19:07:41.671 [info] > git for-each-ref --format=%(refname)%00%(upstream:short)%00%(objectname)%00%(upstream:track)%00%(upstream:remotename)%00%(upstream:remoteref) refs/heads/super_feature refs/remotes/super_feature [1ms]
2024-08-01 19:07:41.673 [info] > git status -z -uall [440ms]
2024-08-01 19:07:41.690 [info] > git for-each-ref --format=%(refname)%00%(upstream:short)%00%(objectname)%00%(upstream:track)%00%(upstream:remotename)%00%(upstream:remoteref) refs/heads/main refs/remotes/main [4ms]
2024-08-01 19:07:41.704 [info] > git config --local branch.main.vscode-merge-base [8ms]
2024-08-01 19:07:41.765 [info] > git for-each-ref --format=%(refname)%00%(upstream:short)%00%(objectname)%00%(upstream:track)%00%(upstream:remotename)%00%(upstream:remoteref) refs/heads/origin/main refs/remotes/origin/main [13ms]
2024-08-01 19:07:41.908 [info] > git status -z -uall [204ms]
2024-08-01 19:07:41.981 [info] > git for-each-ref --format=%(refname)%00%(upstream:short)%00%(objectname)%00%(upstream:track)%00%(upstream:remotename)%00%(upstream:remoteref) refs/heads/super_feature refs/remotes/super_feature [44ms]
2024-08-01 19:07:41.996 [info] > git config --local branch.super_feature.vscode-merge-base [4ms]
2024-08-01 19:07:41.996 [warning] git config failed: Failed to execute git
2024-08-01 19:07:42.013 [info] > git reflog super_feature --grep-reflog=branch: Created from *. [10ms]
2024-08-01 19:07:42.433 [info] > git reflog HEAD --grep-reflog=checkout: moving from .* to super_feature [408ms]
2024-08-01 19:07:42.440 [info] > git for-each-ref --format=%(refname)%00%(upstream:short)%00%(objectname)%00%(upstream:track)%00%(upstream:remotename)%00%(upstream:remoteref) refs/heads/main refs/remotes/main [2ms]
2024-08-01 19:07:42.451 [info] > git symbolic-ref --short refs/remotes/origin/HEAD [3ms]
2024-08-01 19:07:42.451 [info] fatal: ref refs/remotes/origin/HEAD is not a symbolic ref
2024-08-01 19:10:41.732 [info] > git fetch [657ms]
2024-08-01 19:10:41.765 [info] > git for-each-ref --format=%(refname)%00%(upstream:short)%00%(objectname)%00%(upstream:track)%00%(upstream:remotename)%00%(upstream:remoteref) refs/heads/master refs/remotes/master [1ms]
2024-08-01 19:10:41.765 [info] > git config --get commit.template [21ms]
2024-08-01 19:10:41.765 [info] > git fetch [652ms]
2024-08-01 19:10:41.805 [info] > git status -z -uall [21ms]
2024-08-01 19:10:41.805 [info] > git config --get commit.template [32ms]
2024-08-01 19:10:41.806 [info] > git for-each-ref --format=%(refname)%00%(upstream:short)%00%(objectname)%00%(upstream:track)%00%(upstream:remotename)%00%(upstream:remoteref) refs/heads/last.fmapi/savethissong refs/remotes/last.fmapi/savethissong [2ms]
2024-08-01 19:10:41.828 [info] > git for-each-ref --format=%(refname)%00%(upstream:short)%00%(objectname)%00%(upstream:track)%00%(upstream:remotename)%00%(upstream:remoteref) refs/heads/master refs/remotes/master [4ms]
2024-08-01 19:10:41.855 [info] > git config --local branch.master.vscode-merge-base [1ms]
2024-08-01 19:10:41.855 [warning] git config failed: Failed to execute git
2024-08-01 19:10:41.863 [info] > git reflog master --grep-reflog=branch: Created from *. [3ms]
2024-08-01 19:10:41.887 [info] > git status -z -uall [4ms]
2024-08-01 19:10:41.910 [info] > git symbolic-ref --short refs/remotes/origin/HEAD [38ms]
2024-08-01 19:10:41.910 [info] fatal: ref refs/remotes/origin/HEAD is not a symbolic ref
2024-08-01 19:10:41.913 [info] > git for-each-ref --format=%(refname)%00%(upstream:short)%00%(objectname)%00%(upstream:track)%00%(upstream:remotename)%00%(upstream:remoteref) refs/heads/last.fmapi/savethissong refs/remotes/last.fmapi/savethissong [7ms]
2024-08-01 19:10:41.933 [info] > git config --local branch.last.fmapi/savethissong.vscode-merge-base [6ms]
2024-08-01 19:10:41.973 [info] > git for-each-ref --format=%(refname)%00%(upstream:short)%00%(objectname)%00%(upstream:track)%00%(upstream:remotename)%00%(upstream:remoteref) refs/heads/origin/main refs/remotes/origin/main [18ms]
2024-08-01 19:10:42.158 [info] > git fetch [427ms]
2024-08-01 19:10:42.181 [info] > git config --get commit.template [9ms]
2024-08-01 19:10:42.184 [info] > git for-each-ref --format=%(refname)%00%(upstream:short)%00%(objectname)%00%(upstream:track)%00%(upstream:remotename)%00%(upstream:remoteref) refs/heads/main refs/remotes/main [4ms]
2024-08-01 19:10:42.193 [warning] ENOENT: no such file or directory, open '/home/paigec00/Challenge1/urban-octo-telegram/.git/refs/remotes/origin/main'
2024-08-01 19:10:42.193 [info] > git rev-parse refs/remotes/origin/main [0ms]
2024-08-01 19:10:42.369 [info] > git fetch [379ms]
2024-08-01 19:10:42.387 [info] > git for-each-ref --format=%(refname)%00%(upstream:short)%00%(objectname)%00%(upstream:track)%00%(upstream:remotename)%00%(upstream:remoteref) refs/heads/super_feature refs/remotes/super_feature [1ms]
2024-08-01 19:10:42.388 [info] > git config --get commit.template [11ms]
2024-08-01 19:10:42.512 [info] > git status -z -uall [306ms]
2024-08-01 19:10:42.529 [info] > git for-each-ref --format=%(refname)%00%(upstream:short)%00%(objectname)%00%(upstream:track)%00%(upstream:remotename)%00%(upstream:remoteref) refs/heads/main refs/remotes/main [2ms]
2024-08-01 19:10:42.549 [info] > git config --local branch.main.vscode-merge-base [3ms]
2024-08-01 19:10:42.567 [info] > git for-each-ref --format=%(refname)%00%(upstream:short)%00%(objectname)%00%(upstream:track)%00%(upstream:remotename)%00%(upstream:remoteref) refs/heads/origin/main refs/remotes/origin/main [0ms]
2024-08-01 19:10:42.633 [info] > git status -z -uall [237ms]
2024-08-01 19:10:43.345 [info] > git for-each-ref --format=%(refname)%00%(upstream:short)%00%(objectname)%00%(upstream:track)%00%(upstream:remotename)%00%(upstream:remoteref) refs/heads/super_feature refs/remotes/super_feature [620ms]
2024-08-01 19:10:43.377 [info] > git config --local branch.super_feature.vscode-merge-base [17ms]
2024-08-01 19:10:43.377 [warning] git config failed: Failed to execute git
2024-08-01 19:10:43.396 [info] > git reflog super_feature --grep-reflog=branch: Created from *. [4ms]
2024-08-01 19:10:43.420 [info] > git reflog HEAD --grep-reflog=checkout: moving from .* to super_feature [0ms]
2024-08-01 19:10:43.449 [info] > git for-each-ref --format=%(refname)%00%(upstream:short)%00%(objectname)%00%(upstream:track)%00%(upstream:remotename)%00%(upstream:remoteref) refs/heads/main refs/remotes/main [13ms]
2024-08-01 19:10:43.468 [info] > git symbolic-ref --short refs/remotes/origin/HEAD [1ms]
2024-08-01 19:10:43.468 [info] fatal: ref refs/remotes/origin/HEAD is not a symbolic ref
2024-08-01 19:13:42.259 [info] > git fetch [412ms]
2024-08-01 19:13:42.270 [info] > git config --get commit.template [3ms]
2024-08-01 19:13:42.282 [info] > git for-each-ref --format=%(refname)%00%(upstream:short)%00%(objectname)%00%(upstream:track)%00%(upstream:remotename)%00%(upstream:remoteref) refs/heads/master refs/remotes/master [4ms]
2024-08-01 19:13:42.306 [info] > git status -z -uall [9ms]
2024-08-01 19:13:42.338 [info] > git fetch [403ms]
2024-08-01 19:13:42.366 [info] > git config --get commit.template [7ms]
2024-08-01 19:13:42.366 [info] > git for-each-ref --format=%(refname)%00%(upstream:short)%00%(objectname)%00%(upstream:track)%00%(upstream:remotename)%00%(upstream:remoteref) refs/heads/master refs/remotes/master [33ms]
2024-08-01 19:13:42.401 [info] > git config --local branch.master.vscode-merge-base [26ms]
2024-08-01 19:13:42.401 [warning] git config failed: Failed to execute git
2024-08-01 19:13:42.423 [info] > git for-each-ref --format=%(refname)%00%(upstream:short)%00%(objectname)%00%(upstream:track)%00%(upstream:remotename)%00%(upstream:remoteref) refs/heads/last.fmapi/savethissong refs/remotes/last.fmapi/savethissong [31ms]
2024-08-01 19:13:42.436 [info] > git reflog master --grep-reflog=branch: Created from *. [18ms]
2024-08-01 19:13:42.446 [info] > git status -z -uall [12ms]
2024-08-01 19:13:42.463 [info] > git symbolic-ref --short refs/remotes/origin/HEAD [19ms]
2024-08-01 19:13:42.463 [info] fatal: ref refs/remotes/origin/HEAD is not a symbolic ref
2024-08-01 19:13:42.467 [info] > git for-each-ref --format=%(refname)%00%(upstream:short)%00%(objectname)%00%(upstream:track)%00%(upstream:remotename)%00%(upstream:remoteref) refs/heads/last.fmapi/savethissong refs/remotes/last.fmapi/savethissong [9ms]
2024-08-01 19:13:42.492 [info] > git config --local branch.last.fmapi/savethissong.vscode-merge-base [5ms]
2024-08-01 19:13:42.516 [info] > git for-each-ref --format=%(refname)%00%(upstream:short)%00%(objectname)%00%(upstream:track)%00%(upstream:remotename)%00%(upstream:remoteref) refs/heads/origin/main refs/remotes/origin/main [1ms]
2024-08-01 19:13:42.942 [info] > git fetch [407ms]
2024-08-01 19:13:42.965 [info] > git config --get commit.template [10ms]
2024-08-01 19:13:42.968 [info] > git for-each-ref --format=%(refname)%00%(upstream:short)%00%(objectname)%00%(upstream:track)%00%(upstream:remotename)%00%(upstream:remoteref) refs/heads/main refs/remotes/main [3ms]
2024-08-01 19:13:42.975 [warning] ENOENT: no such file or directory, open '/home/paigec00/Challenge1/urban-octo-telegram/.git/refs/remotes/origin/main'
2024-08-01 19:13:42.977 [info] > git rev-parse refs/remotes/origin/main [3ms]
2024-08-01 19:13:43.338 [info] > git status -z -uall [356ms]
2024-08-01 19:13:43.349 [info] > git for-each-ref --format=%(refname)%00%(upstream:short)%00%(objectname)%00%(upstream:track)%00%(upstream:remotename)%00%(upstream:remoteref) refs/heads/main refs/remotes/main [2ms]
2024-08-01 19:13:43.358 [info] > git fetch [472ms]
2024-08-01 19:13:43.367 [info] > git config --get commit.template [2ms]
2024-08-01 19:13:43.367 [info] > git config --local branch.main.vscode-merge-base [9ms]
2024-08-01 19:13:43.384 [info] > git for-each-ref --format=%(refname)%00%(upstream:short)%00%(objectname)%00%(upstream:track)%00%(upstream:remotename)%00%(upstream:remoteref) refs/heads/origin/main refs/remotes/origin/main [7ms]
2024-08-01 19:13:43.387 [info] > git for-each-ref --format=%(refname)%00%(upstream:short)%00%(objectname)%00%(upstream:track)%00%(upstream:remotename)%00%(upstream:remoteref) refs/heads/super_feature refs/remotes/super_feature [4ms]
2024-08-01 19:13:43.608 [info] > git status -z -uall [208ms]
2024-08-01 19:13:44.150 [info] > git for-each-ref --format=%(refname)%00%(upstream:short)%00%(objectname)%00%(upstream:track)%00%(upstream:remotename)%00%(upstream:remoteref) refs/heads/super_feature refs/remotes/super_feature [512ms]
2024-08-01 19:13:44.163 [info] > git config --local branch.super_feature.vscode-merge-base [6ms]
2024-08-01 19:13:44.163 [warning] git config failed: Failed to execute git
2024-08-01 19:13:44.173 [info] > git reflog super_feature --grep-reflog=branch: Created from *. [3ms]
2024-08-01 19:13:44.183 [info] > git reflog HEAD --grep-reflog=checkout: moving from .* to super_feature [4ms]
2024-08-01 19:13:44.191 [info] > git for-each-ref --format=%(refname)%00%(upstream:short)%00%(objectname)%00%(upstream:track)%00%(upstream:remotename)%00%(upstream:remoteref) refs/heads/main refs/remotes/main [1ms]
2024-08-01 19:13:44.213 [info] > git symbolic-ref --short refs/remotes/origin/HEAD [13ms]
2024-08-01 19:13:44.213 [info] fatal: ref refs/remotes/origin/HEAD is not a symbolic ref
2024-08-01 19:16:43.088 [info] > git fetch [734ms]
2024-08-01 19:16:43.121 [info] > git config --get commit.template [16ms]
2024-08-01 19:16:43.122 [info] > git for-each-ref --format=%(refname)%00%(upstream:short)%00%(objectname)%00%(upstream:track)%00%(upstream:remotename)%00%(upstream:remoteref) refs/heads/master refs/remotes/master [4ms]
2024-08-01 19:16:43.141 [info] > git status -z -uall [5ms]
2024-08-01 19:16:43.174 [info] > git for-each-ref --format=%(refname)%00%(upstream:short)%00%(objectname)%00%(upstream:track)%00%(upstream:remotename)%00%(upstream:remoteref) refs/heads/master refs/remotes/master [14ms]
2024-08-01 19:16:43.186 [info] > git config --local branch.master.vscode-merge-base [2ms]
2024-08-01 19:16:43.186 [warning] git config failed: Failed to execute git
2024-08-01 19:16:43.198 [info] > git reflog master --grep-reflog=branch: Created from *. [6ms]
2024-08-01 19:16:43.205 [info] > git symbolic-ref --short refs/remotes/origin/HEAD [1ms]
2024-08-01 19:16:43.205 [info] fatal: ref refs/remotes/origin/HEAD is not a symbolic ref
2024-08-01 19:16:43.264 [info] > git fetch [790ms]
2024-08-01 19:16:43.284 [info] > git config --get commit.template [12ms]
2024-08-01 19:16:43.289 [info] > git for-each-ref --format=%(refname)%00%(upstream:short)%00%(objectname)%00%(upstream:track)%00%(upstream:remotename)%00%(upstream:remoteref) refs/heads/last.fmapi/savethissong refs/remotes/last.fmapi/savethissong [6ms]
2024-08-01 19:16:43.301 [info] > git status -z -uall [4ms]
2024-08-01 19:16:43.338 [info] > git for-each-ref --format=%(refname)%00%(upstream:short)%00%(objectname)%00%(upstream:track)%00%(upstream:remotename)%00%(upstream:remoteref) refs/heads/last.fmapi/savethissong refs/remotes/last.fmapi/savethissong [6ms]
2024-08-01 19:16:43.363 [info] > git config --local branch.last.fmapi/savethissong.vscode-merge-base [18ms]
2024-08-01 19:16:43.375 [info] > git for-each-ref --format=%(refname)%00%(upstream:short)%00%(objectname)%00%(upstream:track)%00%(upstream:remotename)%00%(upstream:remoteref) refs/heads/origin/main refs/remotes/origin/main [4ms]
2024-08-01 19:16:43.783 [info] > git fetch [427ms]
2024-08-01 19:16:43.794 [info] > git config --get commit.template [1ms]
2024-08-01 19:16:43.808 [info] > git for-each-ref --format=%(refname)%00%(upstream:short)%00%(objectname)%00%(upstream:track)%00%(upstream:remotename)%00%(upstream:remoteref) refs/heads/main refs/remotes/main [5ms]
2024-08-01 19:16:43.814 [warning] ENOENT: no such file or directory, open '/home/paigec00/Challenge1/urban-octo-telegram/.git/refs/remotes/origin/main'
2024-08-01 19:16:43.816 [info] > git rev-parse refs/remotes/origin/main [2ms]
2024-08-01 19:16:44.084 [info] > git status -z -uall [261ms]
2024-08-01 19:16:44.101 [info] > git for-each-ref --format=%(refname)%00%(upstream:short)%00%(objectname)%00%(upstream:track)%00%(upstream:remotename)%00%(upstream:remoteref) refs/heads/main refs/remotes/main [3ms]
2024-08-01 19:16:44.114 [info] > git config --local branch.main.vscode-merge-base [6ms]
2024-08-01 19:16:44.136 [info] > git fetch [401ms]
2024-08-01 19:16:44.157 [info] > git for-each-ref --format=%(refname)%00%(upstream:short)%00%(objectname)%00%(upstream:track)%00%(upstream:remotename)%00%(upstream:remoteref) refs/heads/origin/main refs/remotes/origin/main [23ms]
2024-08-01 19:16:44.162 [info] > git config --get commit.template [7ms]
2024-08-01 19:16:44.181 [info] > git for-each-ref --format=%(refname)%00%(upstream:short)%00%(objectname)%00%(upstream:track)%00%(upstream:remotename)%00%(upstream:remoteref) refs/heads/super_feature refs/remotes/super_feature [6ms]
2024-08-01 19:16:44.396 [info] > git status -z -uall [201ms]
2024-08-01 19:16:45.167 [info] > git for-each-ref --format=%(refname)%00%(upstream:short)%00%(objectname)%00%(upstream:track)%00%(upstream:remotename)%00%(upstream:remoteref) refs/heads/super_feature refs/remotes/super_feature [735ms]
2024-08-01 19:16:45.192 [info] > git config --local branch.super_feature.vscode-merge-base [1ms]
2024-08-01 19:16:45.192 [warning] git config failed: Failed to execute git
2024-08-01 19:16:45.223 [info] > git reflog super_feature --grep-reflog=branch: Created from *. [16ms]
2024-08-01 19:16:45.257 [info] > git reflog HEAD --grep-reflog=checkout: moving from .* to super_feature [20ms]
2024-08-01 19:16:45.289 [info] > git for-each-ref --format=%(refname)%00%(upstream:short)%00%(objectname)%00%(upstream:track)%00%(upstream:remotename)%00%(upstream:remoteref) refs/heads/main refs/remotes/main [6ms]
2024-08-01 19:16:45.319 [info] > git symbolic-ref --short refs/remotes/origin/HEAD [7ms]
2024-08-01 19:16:45.319 [info] fatal: ref refs/remotes/origin/HEAD is not a symbolic ref
2024-08-01 19:19:48.555 [info] > git fetch [892ms]
2024-08-01 19:19:48.646 [info] > git config --get commit.template [53ms]
2024-08-01 19:19:48.649 [info] > git for-each-ref --format=%(refname)%00%(upstream:short)%00%(objectname)%00%(upstream:track)%00%(upstream:remotename)%00%(upstream:remoteref) refs/heads/last.fmapi/savethissong refs/remotes/last.fmapi/savethissong [16ms]
2024-08-01 19:19:48.676 [info] > git fetch [1047ms]
2024-08-01 19:19:48.721 [info] > git status -z -uall [49ms]
2024-08-01 19:19:48.814 [info] > git for-each-ref --format=%(refname)%00%(upstream:short)%00%(objectname)%00%(upstream:track)%00%(upstream:remotename)%00%(upstream:remoteref) refs/heads/last.fmapi/savethissong refs/remotes/last.fmapi/savethissong [26ms]
2024-08-01 19:19:48.838 [info] > git config --get commit.template [123ms]
2024-08-01 19:19:48.838 [info] > git fetch [1120ms]
2024-08-01 19:19:48.863 [info] > git config --local branch.last.fmapi/savethissong.vscode-merge-base [26ms]
2024-08-01 19:19:48.895 [info] > git fetch [1130ms]
2024-08-01 19:19:48.971 [info] > git for-each-ref --format=%(refname)%00%(upstream:short)%00%(objectname)%00%(upstream:track)%00%(upstream:remotename)%00%(upstream:remoteref) refs/heads/origin/main refs/remotes/origin/main [77ms]
2024-08-01 19:19:48.972 [info] > git config --get commit.template [109ms]
2024-08-01 19:19:48.973 [info] > git config --get commit.template [14ms]
2024-08-01 19:19:48.973 [info] > git for-each-ref --format=%(refname)%00%(upstream:short)%00%(objectname)%00%(upstream:track)%00%(upstream:remotename)%00%(upstream:remoteref) refs/heads/master refs/remotes/master [39ms]
2024-08-01 19:19:49.027 [info] > git for-each-ref --format=%(refname)%00%(upstream:short)%00%(objectname)%00%(upstream:track)%00%(upstream:remotename)%00%(upstream:remoteref) refs/heads/main refs/remotes/main [33ms]
2024-08-01 19:19:49.088 [warning] ENOENT: no such file or directory, open '/home/paigec00/Challenge1/urban-octo-telegram/.git/refs/remotes/origin/main'
2024-08-01 19:19:49.096 [info] > git status -z -uall [48ms]
2024-08-01 19:19:49.096 [info] > git rev-parse refs/remotes/origin/main [9ms]
2024-08-01 19:19:49.160 [info] > git for-each-ref --format=%(refname)%00%(upstream:short)%00%(objectname)%00%(upstream:track)%00%(upstream:remotename)%00%(upstream:remoteref) refs/heads/super_feature refs/remotes/super_feature [134ms]
2024-08-01 19:19:49.161 [info] > git for-each-ref --format=%(refname)%00%(upstream:short)%00%(objectname)%00%(upstream:track)%00%(upstream:remotename)%00%(upstream:remoteref) refs/heads/master refs/remotes/master [16ms]
2024-08-01 19:19:49.182 [info] > git config --local branch.master.vscode-merge-base [6ms]
2024-08-01 19:19:49.182 [warning] git config failed: Failed to execute git
2024-08-01 19:19:49.226 [info] > git reflog master --grep-reflog=branch: Created from *. [26ms]
2024-08-01 19:19:49.306 [info] > git symbolic-ref --short refs/remotes/origin/HEAD [2ms]
2024-08-01 19:19:49.306 [info] fatal: ref refs/remotes/origin/HEAD is not a symbolic ref
2024-08-01 19:19:49.525 [info] > git status -z -uall [300ms]
2024-08-01 19:19:50.918 [info] > git status -z -uall [1792ms]
2024-08-01 19:19:50.918 [info] > git for-each-ref --format=%(refname)%00%(upstream:short)%00%(objectname)%00%(upstream:track)%00%(upstream:remotename)%00%(upstream:remoteref) refs/heads/super_feature refs/remotes/super_feature [1308ms]
2024-08-01 19:19:51.000 [info] > git for-each-ref --format=%(refname)%00%(upstream:short)%00%(objectname)%00%(upstream:track)%00%(upstream:remotename)%00%(upstream:remoteref) refs/heads/main refs/remotes/main [29ms]
2024-08-01 19:19:51.034 [info] > git config --local branch.super_feature.vscode-merge-base [84ms]
2024-08-01 19:19:51.034 [warning] git config failed: Failed to execute git
2024-08-01 19:19:51.068 [info] > git config --local branch.main.vscode-merge-base [39ms]
2024-08-01 19:19:51.091 [info] > git for-each-ref --format=%(refname)%00%(upstream:short)%00%(objectname)%00%(upstream:track)%00%(upstream:remotename)%00%(upstream:remoteref) refs/heads/origin/main refs/remotes/origin/main [1ms]
2024-08-01 19:19:51.093 [info] > git reflog super_feature --grep-reflog=branch: Created from *. [34ms]
2024-08-01 19:19:51.112 [info] > git reflog HEAD --grep-reflog=checkout: moving from .* to super_feature [2ms]
2024-08-01 19:19:51.140 [info] > git for-each-ref --format=%(refname)%00%(upstream:short)%00%(objectname)%00%(upstream:track)%00%(upstream:remotename)%00%(upstream:remoteref) refs/heads/main refs/remotes/main [12ms]
2024-08-01 19:19:51.164 [info] > git symbolic-ref --short refs/remotes/origin/HEAD [1ms]
2024-08-01 19:19:51.164 [info] fatal: ref refs/remotes/origin/HEAD is not a symbolic ref
2024-08-01 19:25:17.526 [info] > git fetch [747ms]
2024-08-01 19:25:17.549 [info] > git for-each-ref --format=%(refname)%00%(upstream:short)%00%(objectname)%00%(upstream:track)%00%(upstream:remotename)%00%(upstream:remoteref) refs/heads/super_feature refs/remotes/super_feature [1ms]
2024-08-01 19:25:17.549 [info] > git config --get commit.template [9ms]
2024-08-01 19:25:17.741 [info] > git status -z -uall [178ms]
2024-08-01 19:25:17.853 [info] > git for-each-ref --format=%(refname)%00%(upstream:short)%00%(objectname)%00%(upstream:track)%00%(upstream:remotename)%00%(upstream:remoteref) refs/heads/super_feature refs/remotes/super_feature [58ms]
2024-08-01 19:25:17.859 [info] > git fetch [1065ms]
2024-08-01 19:25:17.861 [info] > git fetch [1135ms]
2024-08-01 19:25:17.862 [info] > git fetch [1117ms]
2024-08-01 19:25:17.889 [info] > git config --local branch.super_feature.vscode-merge-base [31ms]
2024-08-01 19:25:17.889 [warning] git config failed: Failed to execute git
2024-08-01 19:25:18.355 [info] > git reflog super_feature --grep-reflog=branch: Created from *. [456ms]
2024-08-01 19:25:18.373 [info] > git config --get commit.template [485ms]
2024-08-01 19:25:18.373 [info] > git config --get commit.template [495ms]
2024-08-01 19:25:18.376 [info] > git config --get commit.template [504ms]
2024-08-01 19:25:18.378 [info] > git reflog HEAD --grep-reflog=checkout: moving from .* to super_feature [6ms]
2024-08-01 19:25:18.472 [info] > git for-each-ref --format=%(refname)%00%(upstream:short)%00%(objectname)%00%(upstream:track)%00%(upstream:remotename)%00%(upstream:remoteref) refs/heads/master refs/remotes/master [8ms]
2024-08-01 19:25:18.473 [info] > git for-each-ref --format=%(refname)%00%(upstream:short)%00%(objectname)%00%(upstream:track)%00%(upstream:remotename)%00%(upstream:remoteref) refs/heads/last.fmapi/savethissong refs/remotes/last.fmapi/savethissong [36ms]
2024-08-01 19:25:18.473 [info] > git for-each-ref --format=%(refname)%00%(upstream:short)%00%(objectname)%00%(upstream:track)%00%(upstream:remotename)%00%(upstream:remoteref) refs/heads/main refs/remotes/main [60ms]
2024-08-01 19:25:18.473 [info] > git for-each-ref --format=%(refname)%00%(upstream:short)%00%(objectname)%00%(upstream:track)%00%(upstream:remotename)%00%(upstream:remoteref) refs/heads/main refs/remotes/main [71ms]
2024-08-01 19:25:18.497 [warning] ENOENT: no such file or directory, open '/home/paigec00/Challenge1/urban-octo-telegram/.git/refs/remotes/origin/main'
2024-08-01 19:25:18.519 [info] > git rev-parse refs/remotes/origin/main [22ms]
2024-08-01 19:25:18.529 [info] > git symbolic-ref --short refs/remotes/origin/HEAD [38ms]
2024-08-01 19:25:18.529 [info] fatal: ref refs/remotes/origin/HEAD is not a symbolic ref
2024-08-01 19:25:18.559 [info] > git status -z -uall [14ms]
2024-08-01 19:25:18.559 [info] > git status -z -uall [0ms]
2024-08-01 19:25:18.588 [info] > git for-each-ref --format=%(refname)%00%(upstream:short)%00%(objectname)%00%(upstream:track)%00%(upstream:remotename)%00%(upstream:remoteref) refs/heads/last.fmapi/savethissong refs/remotes/last.fmapi/savethissong [15ms]
2024-08-01 19:25:18.609 [info] > git config --local branch.last.fmapi/savethissong.vscode-merge-base [6ms]
2024-08-01 19:25:18.619 [info] > git for-each-ref --format=%(refname)%00%(upstream:short)%00%(objectname)%00%(upstream:track)%00%(upstream:remotename)%00%(upstream:remoteref) refs/heads/master refs/remotes/master [36ms]
2024-08-01 19:25:18.634 [info] > git config --local branch.master.vscode-merge-base [9ms]
2024-08-01 19:25:18.634 [warning] git config failed: Failed to execute git
2024-08-01 19:25:18.643 [info] > git for-each-ref --format=%(refname)%00%(upstream:short)%00%(objectname)%00%(upstream:track)%00%(upstream:remotename)%00%(upstream:remoteref) refs/heads/origin/main refs/remotes/origin/main [24ms]
2024-08-01 19:25:18.646 [info] > git reflog master --grep-reflog=branch: Created from *. [3ms]
2024-08-01 19:25:18.658 [info] > git symbolic-ref --short refs/remotes/origin/HEAD [1ms]
2024-08-01 19:25:18.658 [info] fatal: ref refs/remotes/origin/HEAD is not a symbolic ref
2024-08-01 19:25:18.846 [info] > git status -z -uall [318ms]
2024-08-01 19:25:18.868 [info] > git for-each-ref --format=%(refname)%00%(upstream:short)%00%(objectname)%00%(upstream:track)%00%(upstream:remotename)%00%(upstream:remoteref) refs/heads/main refs/remotes/main [11ms]
2024-08-01 19:25:18.878 [info] > git config --local branch.main.vscode-merge-base [4ms]
2024-08-01 19:25:18.893 [info] > git for-each-ref --format=%(refname)%00%(upstream:short)%00%(objectname)%00%(upstream:track)%00%(upstream:remotename)%00%(upstream:remoteref) refs/heads/origin/main refs/remotes/origin/main [5ms]
2024-08-01 19:28:21.082 [info] > git fetch [636ms]
2024-08-01 19:28:21.114 [info] > git config --get commit.template [16ms]
2024-08-01 19:28:21.117 [info] > git for-each-ref --format=%(refname)%00%(upstream:short)%00%(objectname)%00%(upstream:track)%00%(upstream:remotename)%00%(upstream:remoteref) refs/heads/master refs/remotes/master [7ms]
2024-08-01 19:28:21.143 [info] > git status -z -uall [10ms]
2024-08-01 19:28:21.161 [info] > git for-each-ref --format=%(refname)%00%(upstream:short)%00%(objectname)%00%(upstream:track)%00%(upstream:remotename)%00%(upstream:remoteref) refs/heads/master refs/remotes/master [7ms]
2024-08-01 19:28:21.179 [info] > git config --local branch.master.vscode-merge-base [8ms]
2024-08-01 19:28:21.179 [warning] git config failed: Failed to execute git
2024-08-01 19:28:21.195 [info] > git reflog master --grep-reflog=branch: Created from *. [3ms]
2024-08-01 19:28:21.202 [info] > git symbolic-ref --short refs/remotes/origin/HEAD [2ms]
2024-08-01 19:28:21.202 [info] fatal: ref refs/remotes/origin/HEAD is not a symbolic ref
2024-08-01 19:28:21.399 [info] > git fetch [972ms]
2024-08-01 19:28:21.410 [info] > git fetch [939ms]
2024-08-01 19:28:21.411 [info] > git fetch [1016ms]
2024-08-01 19:28:21.446 [info] > git config --get commit.template [5ms]
2024-08-01 19:28:21.446 [info] > git config --get commit.template [15ms]
2024-08-01 19:28:21.447 [info] > git config --get commit.template [25ms]
2024-08-01 19:28:21.506 [info] > git for-each-ref --format=%(refname)%00%(upstream:short)%00%(objectname)%00%(upstream:track)%00%(upstream:remotename)%00%(upstream:remoteref) refs/heads/super_feature refs/remotes/super_feature [8ms]
2024-08-01 19:28:21.506 [info] > git for-each-ref --format=%(refname)%00%(upstream:short)%00%(objectname)%00%(upstream:track)%00%(upstream:remotename)%00%(upstream:remoteref) refs/heads/main refs/remotes/main [30ms]
2024-08-01 19:28:21.506 [info] > git for-each-ref --format=%(refname)%00%(upstream:short)%00%(objectname)%00%(upstream:track)%00%(upstream:remotename)%00%(upstream:remoteref) refs/heads/last.fmapi/savethissong refs/remotes/last.fmapi/savethissong [53ms]
2024-08-01 19:28:21.524 [warning] ENOENT: no such file or directory, open '/home/paigec00/Challenge1/urban-octo-telegram/.git/refs/remotes/origin/main'
2024-08-01 19:28:21.529 [info] > git rev-parse refs/remotes/origin/main [4ms]
2024-08-01 19:28:21.625 [info] > git status -z -uall [31ms]
2024-08-01 19:28:21.677 [info] > git for-each-ref --format=%(refname)%00%(upstream:short)%00%(objectname)%00%(upstream:track)%00%(upstream:remotename)%00%(upstream:remoteref) refs/heads/last.fmapi/savethissong refs/remotes/last.fmapi/savethissong [12ms]
2024-08-01 19:28:21.693 [info] > git config --local branch.last.fmapi/savethissong.vscode-merge-base [1ms]
2024-08-01 19:28:21.703 [info] > git for-each-ref --format=%(refname)%00%(upstream:short)%00%(objectname)%00%(upstream:track)%00%(upstream:remotename)%00%(upstream:remoteref) refs/heads/origin/main refs/remotes/origin/main [3ms]
2024-08-01 19:28:21.889 [info] > git status -z -uall [309ms]
2024-08-01 19:28:22.622 [info] > git status -z -uall [1070ms]
2024-08-01 19:28:22.624 [info] > git for-each-ref --format=%(refname)%00%(upstream:short)%00%(objectname)%00%(upstream:track)%00%(upstream:remotename)%00%(upstream:remoteref) refs/heads/super_feature refs/remotes/super_feature [647ms]
2024-08-01 19:28:22.653 [info] > git for-each-ref --format=%(refname)%00%(upstream:short)%00%(objectname)%00%(upstream:track)%00%(upstream:remotename)%00%(upstream:remoteref) refs/heads/main refs/remotes/main [6ms]
2024-08-01 19:28:22.659 [info] > git config --local branch.super_feature.vscode-merge-base [18ms]
2024-08-01 19:28:22.659 [warning] git config failed: Failed to execute git
2024-08-01 19:28:22.665 [info] > git config --local branch.main.vscode-merge-base [6ms]
2024-08-01 19:28:22.685 [info] > git reflog super_feature --grep-reflog=branch: Created from *. [21ms]
2024-08-01 19:28:22.693 [info] > git for-each-ref --format=%(refname)%00%(upstream:short)%00%(objectname)%00%(upstream:track)%00%(upstream:remotename)%00%(upstream:remoteref) refs/heads/origin/main refs/remotes/origin/main [12ms]
2024-08-01 19:28:22.698 [info] > git reflog HEAD --grep-reflog=checkout: moving from .* to super_feature [5ms]
2024-08-01 19:28:22.710 [info] > git for-each-ref --format=%(refname)%00%(upstream:short)%00%(objectname)%00%(upstream:track)%00%(upstream:remotename)%00%(upstream:remoteref) refs/heads/main refs/remotes/main [6ms]
2024-08-01 19:28:22.719 [info] > git symbolic-ref --short refs/remotes/origin/HEAD [2ms]
2024-08-01 19:28:22.719 [info] fatal: ref refs/remotes/origin/HEAD is not a symbolic ref
2024-08-01 19:38:27.138 [info] > git fetch [1187ms]
2024-08-01 19:38:27.176 [info] > git config --get commit.template [14ms]
2024-08-01 19:38:27.180 [info] > git for-each-ref --format=%(refname)%00%(upstream:short)%00%(objectname)%00%(upstream:track)%00%(upstream:remotename)%00%(upstream:remoteref) refs/heads/master refs/remotes/master [5ms]
2024-08-01 19:38:27.198 [info] > git status -z -uall [7ms]
2024-08-01 19:38:27.240 [info] > git for-each-ref --format=%(refname)%00%(upstream:short)%00%(objectname)%00%(upstream:track)%00%(upstream:remotename)%00%(upstream:remoteref) refs/heads/master refs/remotes/master [8ms]
2024-08-01 19:38:27.258 [info] > git config --local branch.master.vscode-merge-base [7ms]
2024-08-01 19:38:27.258 [warning] git config failed: Failed to execute git
2024-08-01 19:38:27.269 [info] > git reflog master --grep-reflog=branch: Created from *. [5ms]
2024-08-01 19:38:27.282 [info] > git symbolic-ref --short refs/remotes/origin/HEAD [3ms]
2024-08-01 19:38:27.282 [info] fatal: ref refs/remotes/origin/HEAD is not a symbolic ref
2024-08-01 19:38:27.358 [info] > git fetch [1278ms]
2024-08-01 19:38:27.374 [info] > git config --get commit.template [9ms]
2024-08-01 19:38:27.382 [info] > git for-each-ref --format=%(refname)%00%(upstream:short)%00%(objectname)%00%(upstream:track)%00%(upstream:remotename)%00%(upstream:remoteref) refs/heads/last.fmapi/savethissong refs/remotes/last.fmapi/savethissong [8ms]
2024-08-01 19:38:27.395 [info] > git status -z -uall [4ms]
2024-08-01 19:38:27.425 [info] > git for-each-ref --format=%(refname)%00%(upstream:short)%00%(objectname)%00%(upstream:track)%00%(upstream:remotename)%00%(upstream:remoteref) refs/heads/last.fmapi/savethissong refs/remotes/last.fmapi/savethissong [23ms]
2024-08-01 19:38:27.435 [info] > git fetch [1210ms]
2024-08-01 19:38:27.439 [info] > git fetch [1262ms]
2024-08-01 19:38:27.464 [info] > git config --local branch.last.fmapi/savethissong.vscode-merge-base [29ms]
2024-08-01 19:38:27.476 [info] > git config --get commit.template [13ms]
2024-08-01 19:38:27.476 [info] > git config --get commit.template [22ms]
2024-08-01 19:38:27.490 [info] > git for-each-ref --format=%(refname)%00%(upstream:short)%00%(objectname)%00%(upstream:track)%00%(upstream:remotename)%00%(upstream:remoteref) refs/heads/main refs/remotes/main [9ms]
2024-08-01 19:38:27.491 [info] > git for-each-ref --format=%(refname)%00%(upstream:short)%00%(objectname)%00%(upstream:track)%00%(upstream:remotename)%00%(upstream:remoteref) refs/heads/origin/main refs/remotes/origin/main [17ms]
2024-08-01 19:38:27.497 [warning] ENOENT: no such file or directory, open '/home/paigec00/Challenge1/urban-octo-telegram/.git/refs/remotes/origin/main'
2024-08-01 19:38:27.497 [info] > git for-each-ref --format=%(refname)%00%(upstream:short)%00%(objectname)%00%(upstream:track)%00%(upstream:remotename)%00%(upstream:remoteref) refs/heads/super_feature refs/remotes/super_feature [11ms]
2024-08-01 19:38:27.502 [info] > git rev-parse refs/remotes/origin/main [5ms]
2024-08-01 19:38:27.811 [info] > git status -z -uall [276ms]
2024-08-01 19:38:28.485 [info] > git status -z -uall [974ms]
2024-08-01 19:38:28.485 [info] > git for-each-ref --format=%(refname)%00%(upstream:short)%00%(objectname)%00%(upstream:track)%00%(upstream:remotename)%00%(upstream:remoteref) refs/heads/super_feature refs/remotes/super_feature [627ms]
2024-08-01 19:38:28.511 [info] > git for-each-ref --format=%(refname)%00%(upstream:short)%00%(objectname)%00%(upstream:track)%00%(upstream:remotename)%00%(upstream:remoteref) refs/heads/main refs/remotes/main [11ms]
2024-08-01 19:38:28.519 [info] > git config --local branch.super_feature.vscode-merge-base [25ms]
2024-08-01 19:38:28.519 [warning] git config failed: Failed to execute git
2024-08-01 19:38:28.533 [info] > git config --local branch.main.vscode-merge-base [15ms]
2024-08-01 19:38:28.544 [info] > git reflog super_feature --grep-reflog=branch: Created from *. [15ms]
2024-08-01 19:38:28.550 [info] > git for-each-ref --format=%(refname)%00%(upstream:short)%00%(objectname)%00%(upstream:track)%00%(upstream:remotename)%00%(upstream:remoteref) refs/heads/origin/main refs/remotes/origin/main [8ms]
2024-08-01 19:38:28.555 [info] > git reflog HEAD --grep-reflog=checkout: moving from .* to super_feature [6ms]
2024-08-01 19:38:28.566 [info] > git for-each-ref --format=%(refname)%00%(upstream:short)%00%(objectname)%00%(upstream:track)%00%(upstream:remotename)%00%(upstream:remoteref) refs/heads/main refs/remotes/main [4ms]
2024-08-01 19:38:28.578 [info] > git symbolic-ref --short refs/remotes/origin/HEAD [1ms]
2024-08-01 19:38:28.578 [info] fatal: ref refs/remotes/origin/HEAD is not a symbolic ref
2024-08-01 19:41:27.836 [info] > git fetch [566ms]
2024-08-01 19:41:27.849 [info] > git config --get commit.template [4ms]
2024-08-01 19:41:27.865 [info] > git for-each-ref --format=%(refname)%00%(upstream:short)%00%(objectname)%00%(upstream:track)%00%(upstream:remotename)%00%(upstream:remoteref) refs/heads/master refs/remotes/master [7ms]
2024-08-01 19:41:27.885 [info] > git status -z -uall [4ms]
2024-08-01 19:41:27.920 [info] > git for-each-ref --format=%(refname)%00%(upstream:short)%00%(objectname)%00%(upstream:track)%00%(upstream:remotename)%00%(upstream:remoteref) refs/heads/master refs/remotes/master [23ms]
2024-08-01 19:41:27.974 [info] > git config --local branch.master.vscode-merge-base [27ms]
2024-08-01 19:41:27.974 [warning] git config failed: Failed to execute git
2024-08-01 19:41:27.984 [info] > git fetch [483ms]
2024-08-01 19:41:28.001 [info] > git config --get commit.template [1ms]
2024-08-01 19:41:28.002 [info] > git reflog master --grep-reflog=branch: Created from *. [19ms]
2024-08-01 19:41:28.014 [info] > git symbolic-ref --short refs/remotes/origin/HEAD [6ms]
2024-08-01 19:41:28.014 [info] fatal: ref refs/remotes/origin/HEAD is not a symbolic ref
2024-08-01 19:41:28.017 [info] > git for-each-ref --format=%(refname)%00%(upstream:short)%00%(objectname)%00%(upstream:track)%00%(upstream:remotename)%00%(upstream:remoteref) refs/heads/last.fmapi/savethissong refs/remotes/last.fmapi/savethissong [4ms]
2024-08-01 19:41:28.028 [info] > git status -z -uall [5ms]
2024-08-01 19:41:28.050 [info] > git for-each-ref --format=%(refname)%00%(upstream:short)%00%(objectname)%00%(upstream:track)%00%(upstream:remotename)%00%(upstream:remoteref) refs/heads/last.fmapi/savethissong refs/remotes/last.fmapi/savethissong [12ms]
2024-08-01 19:41:28.065 [info] > git config --local branch.last.fmapi/savethissong.vscode-merge-base [2ms]
2024-08-01 19:41:28.089 [info] > git for-each-ref --format=%(refname)%00%(upstream:short)%00%(objectname)%00%(upstream:track)%00%(upstream:remotename)%00%(upstream:remoteref) refs/heads/origin/main refs/remotes/origin/main [8ms]
2024-08-01 19:41:28.461 [info] > git fetch [499ms]
2024-08-01 19:41:28.498 [info] > git config --get commit.template [3ms]
2024-08-01 19:41:28.512 [info] > git for-each-ref --format=%(refname)%00%(upstream:short)%00%(objectname)%00%(upstream:track)%00%(upstream:remotename)%00%(upstream:remoteref) refs/heads/super_feature refs/remotes/super_feature [8ms]
2024-08-01 19:41:28.772 [info] > git status -z -uall [238ms]
2024-08-01 19:41:28.882 [info] > git for-each-ref --format=%(refname)%00%(upstream:short)%00%(objectname)%00%(upstream:track)%00%(upstream:remotename)%00%(upstream:remoteref) refs/heads/super_feature refs/remotes/super_feature [65ms]
2024-08-01 19:41:28.913 [info] > git config --local branch.super_feature.vscode-merge-base [16ms]
2024-08-01 19:41:28.913 [warning] git config failed: Failed to execute git
2024-08-01 19:41:28.931 [info] > git fetch [419ms]
2024-08-01 19:41:29.380 [info] > git reflog super_feature --grep-reflog=branch: Created from *. [450ms]
2024-08-01 19:41:29.387 [info] > git config --get commit.template [12ms]
2024-08-01 19:41:29.397 [info] > git for-each-ref --format=%(refname)%00%(upstream:short)%00%(objectname)%00%(upstream:track)%00%(upstream:remotename)%00%(upstream:remoteref) refs/heads/main refs/remotes/main [1ms]
2024-08-01 19:41:29.397 [info] > git reflog HEAD --grep-reflog=checkout: moving from .* to super_feature [12ms]
2024-08-01 19:41:29.411 [warning] ENOENT: no such file or directory, open '/home/paigec00/Challenge1/urban-octo-telegram/.git/refs/remotes/origin/main'
2024-08-01 19:41:29.412 [info] > git for-each-ref --format=%(refname)%00%(upstream:short)%00%(objectname)%00%(upstream:track)%00%(upstream:remotename)%00%(upstream:remoteref) refs/heads/main refs/remotes/main [8ms]
2024-08-01 19:41:29.422 [info] > git symbolic-ref --short refs/remotes/origin/HEAD [1ms]
2024-08-01 19:41:29.422 [info] fatal: ref refs/remotes/origin/HEAD is not a symbolic ref
2024-08-01 19:41:29.422 [info] > git rev-parse refs/remotes/origin/main [11ms]
2024-08-01 19:41:29.666 [info] > git status -z -uall [235ms]
2024-08-01 19:41:29.695 [info] > git for-each-ref --format=%(refname)%00%(upstream:short)%00%(objectname)%00%(upstream:track)%00%(upstream:remotename)%00%(upstream:remoteref) refs/heads/main refs/remotes/main [7ms]
2024-08-01 19:41:29.721 [info] > git config --local branch.main.vscode-merge-base [8ms]
2024-08-01 19:41:29.740 [info] > git for-each-ref --format=%(refname)%00%(upstream:short)%00%(objectname)%00%(upstream:track)%00%(upstream:remotename)%00%(upstream:remoteref) refs/heads/origin/main refs/remotes/origin/main [3ms]
2024-08-01 19:44:38.197 [info] > git fetch [585ms]
2024-08-01 19:44:38.224 [info] > git fetch [625ms]
2024-08-01 19:44:38.281 [info] > git config --get commit.template [65ms]
2024-08-01 19:44:38.298 [info] > git config --get commit.template [18ms]
2024-08-01 19:44:38.329 [info] > git for-each-ref --format=%(refname)%00%(upstream:short)%00%(objectname)%00%(upstream:track)%00%(upstream:remotename)%00%(upstream:remoteref) refs/heads/last.fmapi/savethissong refs/remotes/last.fmapi/savethissong [32ms]
2024-08-01 19:44:38.330 [info] > git for-each-ref --format=%(refname)%00%(upstream:short)%00%(objectname)%00%(upstream:track)%00%(upstream:remotename)%00%(upstream:remoteref) refs/heads/master refs/remotes/master [6ms]
2024-08-01 19:44:38.344 [info] > git status -z -uall [3ms]
2024-08-01 19:44:38.359 [info] > git status -z -uall [23ms]
2024-08-01 19:44:38.359 [info] > git for-each-ref --format=%(refname)%00%(upstream:short)%00%(objectname)%00%(upstream:track)%00%(upstream:remotename)%00%(upstream:remoteref) refs/heads/master refs/remotes/master [4ms]
2024-08-01 19:44:38.394 [info] > git for-each-ref --format=%(refname)%00%(upstream:short)%00%(objectname)%00%(upstream:track)%00%(upstream:remotename)%00%(upstream:remoteref) refs/heads/last.fmapi/savethissong refs/remotes/last.fmapi/savethissong [5ms]
2024-08-01 19:44:38.407 [info] > git config --local branch.master.vscode-merge-base [30ms]
2024-08-01 19:44:38.407 [warning] git config failed: Failed to execute git
2024-08-01 19:44:38.413 [info] > git config --local branch.last.fmapi/savethissong.vscode-merge-base [7ms]
2024-08-01 19:44:38.422 [info] > git reflog master --grep-reflog=branch: Created from *. [10ms]
2024-08-01 19:44:38.430 [info] > git symbolic-ref --short refs/remotes/origin/HEAD [1ms]
2024-08-01 19:44:38.430 [info] fatal: ref refs/remotes/origin/HEAD is not a symbolic ref
2024-08-01 19:44:38.430 [info] > git for-each-ref --format=%(refname)%00%(upstream:short)%00%(objectname)%00%(upstream:track)%00%(upstream:remotename)%00%(upstream:remoteref) refs/heads/origin/main refs/remotes/origin/main [10ms]
2024-08-01 19:44:38.463 [info] > git fetch [809ms]
2024-08-01 19:44:38.490 [info] > git for-each-ref --format=%(refname)%00%(upstream:short)%00%(objectname)%00%(upstream:track)%00%(upstream:remotename)%00%(upstream:remoteref) refs/heads/super_feature refs/remotes/super_feature [1ms]
2024-08-01 19:44:38.490 [info] > git config --get commit.template [12ms]
2024-08-01 19:44:38.533 [info] > git fetch [861ms]
2024-08-01 19:44:38.564 [info] > git config --get commit.template [3ms]
2024-08-01 19:44:38.580 [info] > git for-each-ref --format=%(refname)%00%(upstream:short)%00%(objectname)%00%(upstream:track)%00%(upstream:remotename)%00%(upstream:remoteref) refs/heads/main refs/remotes/main [1ms]
2024-08-01 19:44:38.590 [warning] ENOENT: no such file or directory, open '/home/paigec00/Challenge1/urban-octo-telegram/.git/refs/remotes/origin/main'
2024-08-01 19:44:38.591 [info] > git rev-parse refs/remotes/origin/main [1ms]
2024-08-01 19:44:38.718 [info] > git status -z -uall [212ms]
2024-08-01 19:44:38.832 [info] > git for-each-ref --format=%(refname)%00%(upstream:short)%00%(objectname)%00%(upstream:track)%00%(upstream:remotename)%00%(upstream:remoteref) refs/heads/super_feature refs/remotes/super_feature [81ms]
2024-08-01 19:44:39.311 [info] > git status -z -uall [715ms]
2024-08-01 19:44:39.311 [info] > git config --local branch.super_feature.vscode-merge-base [442ms]
2024-08-01 19:44:39.311 [warning] git config failed: Failed to execute git
2024-08-01 19:44:39.328 [info] > git reflog super_feature --grep-reflog=branch: Created from *. [11ms]
2024-08-01 19:44:39.343 [info] > git for-each-ref --format=%(refname)%00%(upstream:short)%00%(objectname)%00%(upstream:track)%00%(upstream:remotename)%00%(upstream:remoteref) refs/heads/main refs/remotes/main [18ms]
2024-08-01 19:44:39.356 [info] > git config --local branch.main.vscode-merge-base [5ms]
2024-08-01 19:44:39.361 [info] > git reflog HEAD --grep-reflog=checkout: moving from .* to super_feature [26ms]
2024-08-01 19:44:39.374 [info] > git for-each-ref --format=%(refname)%00%(upstream:short)%00%(objectname)%00%(upstream:track)%00%(upstream:remotename)%00%(upstream:remoteref) refs/heads/main refs/remotes/main [4ms]
2024-08-01 19:44:39.379 [info] > git for-each-ref --format=%(refname)%00%(upstream:short)%00%(objectname)%00%(upstream:track)%00%(upstream:remotename)%00%(upstream:remoteref) refs/heads/origin/main refs/remotes/origin/main [18ms]
2024-08-01 19:44:39.383 [info] > git symbolic-ref --short refs/remotes/origin/HEAD [3ms]
2024-08-01 19:44:39.383 [info] fatal: ref refs/remotes/origin/HEAD is not a symbolic ref
2024-08-01 19:47:48.664 [info] > git fetch [716ms]
2024-08-01 19:47:48.717 [info] > git for-each-ref --format=%(refname)%00%(upstream:short)%00%(objectname)%00%(upstream:track)%00%(upstream:remotename)%00%(upstream:remoteref) refs/heads/master refs/remotes/master [3ms]
2024-08-01 19:47:48.717 [info] > git config --get commit.template [21ms]
2024-08-01 19:47:48.733 [info] > git status -z -uall [1ms]
2024-08-01 19:47:48.760 [info] > git for-each-ref --format=%(refname)%00%(upstream:short)%00%(objectname)%00%(upstream:track)%00%(upstream:remotename)%00%(upstream:remoteref) refs/heads/master refs/remotes/master [12ms]
2024-08-01 19:47:48.782 [info] > git config --local branch.master.vscode-merge-base [7ms]
2024-08-01 19:47:48.782 [warning] git config failed: Failed to execute git
2024-08-01 19:47:48.808 [info] > git reflog master --grep-reflog=branch: Created from *. [13ms]
2024-08-01 19:47:48.854 [info] > git symbolic-ref --short refs/remotes/origin/HEAD [2ms]
2024-08-01 19:47:48.854 [info] fatal: ref refs/remotes/origin/HEAD is not a symbolic ref
2024-08-01 19:47:48.946 [info] > git fetch [963ms]
2024-08-01 19:47:48.960 [info] > git fetch [930ms]
2024-08-01 19:47:48.968 [info] > git fetch [970ms]
2024-08-01 19:47:48.996 [info] > git config --get commit.template [29ms]
2024-08-01 19:47:48.998 [info] > git config --get commit.template [39ms]
2024-08-01 19:47:49.022 [info] > git config --get commit.template [26ms]
2024-08-01 19:47:49.049 [info] > git for-each-ref --format=%(refname)%00%(upstream:short)%00%(objectname)%00%(upstream:track)%00%(upstream:remotename)%00%(upstream:remoteref) refs/heads/last.fmapi/savethissong refs/remotes/last.fmapi/savethissong [30ms]
2024-08-01 19:47:49.050 [info] > git for-each-ref --format=%(refname)%00%(upstream:short)%00%(objectname)%00%(upstream:track)%00%(upstream:remotename)%00%(upstream:remoteref) refs/heads/super_feature refs/remotes/super_feature [2ms]
2024-08-01 19:47:49.050 [info] > git for-each-ref --format=%(refname)%00%(upstream:short)%00%(objectname)%00%(upstream:track)%00%(upstream:remotename)%00%(upstream:remoteref) refs/heads/main refs/remotes/main [12ms]
2024-08-01 19:47:49.058 [warning] ENOENT: no such file or directory, open '/home/paigec00/Challenge1/urban-octo-telegram/.git/refs/remotes/origin/main'
2024-08-01 19:47:49.061 [info] > git rev-parse refs/remotes/origin/main [3ms]
2024-08-01 19:47:49.112 [info] > git status -z -uall [16ms]
2024-08-01 19:47:49.203 [info] > git for-each-ref --format=%(refname)%00%(upstream:short)%00%(objectname)%00%(upstream:track)%00%(upstream:remotename)%00%(upstream:remoteref) refs/heads/last.fmapi/savethissong refs/remotes/last.fmapi/savethissong [4ms]
2024-08-01 19:47:49.215 [info] > git config --local branch.last.fmapi/savethissong.vscode-merge-base [1ms]
2024-08-01 19:47:49.233 [info] > git for-each-ref --format=%(refname)%00%(upstream:short)%00%(objectname)%00%(upstream:track)%00%(upstream:remotename)%00%(upstream:remoteref) refs/heads/origin/main refs/remotes/origin/main [1ms]
2024-08-01 19:47:49.362 [info] > git status -z -uall [251ms]
2024-08-01 19:47:49.500 [info] > git status -z -uall [424ms]
2024-08-01 19:47:49.500 [info] > git for-each-ref --format=%(refname)%00%(upstream:short)%00%(objectname)%00%(upstream:track)%00%(upstream:remotename)%00%(upstream:remoteref) refs/heads/super_feature refs/remotes/super_feature [69ms]
2024-08-01 19:47:49.995 [info] > git for-each-ref --format=%(refname)%00%(upstream:short)%00%(objectname)%00%(upstream:track)%00%(upstream:remotename)%00%(upstream:remoteref) refs/heads/main refs/remotes/main [470ms]
2024-08-01 19:47:50.005 [info] > git config --local branch.super_feature.vscode-merge-base [493ms]
2024-08-01 19:47:50.005 [warning] git config failed: Failed to execute git
2024-08-01 19:47:50.027 [info] > git reflog super_feature --grep-reflog=branch: Created from *. [12ms]
2024-08-01 19:47:50.035 [info] > git config --local branch.main.vscode-merge-base [30ms]
2024-08-01 19:47:50.046 [info] > git reflog HEAD --grep-reflog=checkout: moving from .* to super_feature [13ms]
2024-08-01 19:47:50.054 [info] > git for-each-ref --format=%(refname)%00%(upstream:short)%00%(objectname)%00%(upstream:track)%00%(upstream:remotename)%00%(upstream:remoteref) refs/heads/origin/main refs/remotes/origin/main [9ms]
2024-08-01 19:47:50.056 [info] > git for-each-ref --format=%(refname)%00%(upstream:short)%00%(objectname)%00%(upstream:track)%00%(upstream:remotename)%00%(upstream:remoteref) refs/heads/main refs/remotes/main [3ms]
2024-08-01 19:47:50.067 [info] > git symbolic-ref --short refs/remotes/origin/HEAD [1ms]
2024-08-01 19:47:50.067 [info] fatal: ref refs/remotes/origin/HEAD is not a symbolic ref
2024-08-01 19:50:49.442 [info] > git fetch [634ms]
2024-08-01 19:50:49.459 [info] > git config --get commit.template [9ms]
2024-08-01 19:50:49.461 [info] > git for-each-ref --format=%(refname)%00%(upstream:short)%00%(objectname)%00%(upstream:track)%00%(upstream:remotename)%00%(upstream:remoteref) refs/heads/master refs/remotes/master [3ms]
2024-08-01 19:50:49.474 [info] > git status -z -uall [5ms]
2024-08-01 19:50:49.491 [info] > git for-each-ref --format=%(refname)%00%(upstream:short)%00%(objectname)%00%(upstream:track)%00%(upstream:remotename)%00%(upstream:remoteref) refs/heads/master refs/remotes/master [5ms]
2024-08-01 19:50:49.514 [info] > git config --local branch.master.vscode-merge-base [13ms]
2024-08-01 19:50:49.514 [warning] git config failed: Failed to execute git
2024-08-01 19:50:49.522 [info] > git reflog master --grep-reflog=branch: Created from *. [2ms]
2024-08-01 19:50:49.537 [info] > git symbolic-ref --short refs/remotes/origin/HEAD [10ms]
2024-08-01 19:50:49.537 [info] fatal: ref refs/remotes/origin/HEAD is not a symbolic ref
2024-08-01 19:50:49.671 [info] > git fetch [463ms]
2024-08-01 19:50:49.740 [info] > git config --get commit.template [23ms]
2024-08-01 19:50:49.758 [info] > git for-each-ref --format=%(refname)%00%(upstream:short)%00%(objectname)%00%(upstream:track)%00%(upstream:remotename)%00%(upstream:remoteref) refs/heads/last.fmapi/savethissong refs/remotes/last.fmapi/savethissong [19ms]
2024-08-01 19:50:49.783 [info] > git status -z -uall [4ms]
2024-08-01 19:50:49.829 [info] > git for-each-ref --format=%(refname)%00%(upstream:short)%00%(objectname)%00%(upstream:track)%00%(upstream:remotename)%00%(upstream:remoteref) refs/heads/last.fmapi/savethissong refs/remotes/last.fmapi/savethissong [14ms]
2024-08-01 19:50:49.883 [info] > git config --local branch.last.fmapi/savethissong.vscode-merge-base [23ms]
2024-08-01 19:50:49.905 [info] > git for-each-ref --format=%(refname)%00%(upstream:short)%00%(objectname)%00%(upstream:track)%00%(upstream:remotename)%00%(upstream:remoteref) refs/heads/origin/main refs/remotes/origin/main [6ms]
2024-08-01 19:50:49.960 [info] > git fetch [442ms]
2024-08-01 19:50:50.001 [info] > git config --get commit.template [16ms]
2024-08-01 19:50:50.008 [info] > git for-each-ref --format=%(refname)%00%(upstream:short)%00%(objectname)%00%(upstream:track)%00%(upstream:remotename)%00%(upstream:remoteref) refs/heads/super_feature refs/remotes/super_feature [8ms]
2024-08-01 19:50:50.015 [info] > git fetch [479ms]
2024-08-01 19:50:50.061 [info] > git config --get commit.template [37ms]
2024-08-01 19:50:50.085 [info] > git for-each-ref --format=%(refname)%00%(upstream:short)%00%(objectname)%00%(upstream:track)%00%(upstream:remotename)%00%(upstream:remoteref) refs/heads/main refs/remotes/main [26ms]
2024-08-01 19:50:50.111 [warning] ENOENT: no such file or directory, open '/home/paigec00/Challenge1/urban-octo-telegram/.git/refs/remotes/origin/main'
2024-08-01 19:50:50.121 [info] > git rev-parse refs/remotes/origin/main [10ms]
2024-08-01 19:50:50.336 [info] > git status -z -uall [286ms]
2024-08-01 19:50:51.106 [info] > git status -z -uall [978ms]
2024-08-01 19:50:51.107 [info] > git for-each-ref --format=%(refname)%00%(upstream:short)%00%(objectname)%00%(upstream:track)%00%(upstream:remotename)%00%(upstream:remoteref) refs/heads/super_feature refs/remotes/super_feature [730ms]
2024-08-01 19:50:51.153 [info] > git config --local branch.super_feature.vscode-merge-base [36ms]
2024-08-01 19:50:51.153 [warning] git config failed: Failed to execute git
2024-08-01 19:50:51.182 [info] > git for-each-ref --format=%(refname)%00%(upstream:short)%00%(objectname)%00%(upstream:track)%00%(upstream:remotename)%00%(upstream:remoteref) refs/heads/main refs/remotes/main [49ms]
2024-08-01 19:50:51.220 [info] > git config --local branch.main.vscode-merge-base [6ms]
2024-08-01 19:50:51.241 [info] > git reflog super_feature --grep-reflog=branch: Created from *. [69ms]
2024-08-01 19:50:51.250 [info] > git for-each-ref --format=%(refname)%00%(upstream:short)%00%(objectname)%00%(upstream:track)%00%(upstream:remotename)%00%(upstream:remoteref) refs/heads/origin/main refs/remotes/origin/main [9ms]
2024-08-01 19:50:51.264 [info] > git reflog HEAD --grep-reflog=checkout: moving from .* to super_feature [16ms]
2024-08-01 19:50:51.304 [info] > git for-each-ref --format=%(refname)%00%(upstream:short)%00%(objectname)%00%(upstream:track)%00%(upstream:remotename)%00%(upstream:remoteref) refs/heads/main refs/remotes/main [24ms]
2024-08-01 19:50:51.333 [info] > git symbolic-ref --short refs/remotes/origin/HEAD [14ms]
2024-08-01 19:50:51.333 [info] fatal: ref refs/remotes/origin/HEAD is not a symbolic ref
2024-08-01 19:50:52.777 [info] > git show --textconv :README.md [29ms]
2024-08-01 19:50:52.789 [info] > git ls-files --stage -- /home/paigec00/readme-generator/README.md [13ms]
2024-08-01 19:50:52.815 [info] > git cat-file -s 24f66fbec757cd963b9bf5afd8cb303000b3878f [6ms]
2024-08-01 19:53:50.070 [info] > git fetch [564ms]
2024-08-01 19:53:50.089 [info] > git config --get commit.template [11ms]
2024-08-01 19:53:50.091 [info] > git for-each-ref --format=%(refname)%00%(upstream:short)%00%(objectname)%00%(upstream:track)%00%(upstream:remotename)%00%(upstream:remoteref) refs/heads/master refs/remotes/master [3ms]
2024-08-01 19:53:50.111 [info] > git status -z -uall [1ms]
2024-08-01 19:53:50.139 [info] > git for-each-ref --format=%(refname)%00%(upstream:short)%00%(objectname)%00%(upstream:track)%00%(upstream:remotename)%00%(upstream:remoteref) refs/heads/master refs/remotes/master [17ms]
2024-08-01 19:53:50.156 [info] > git config --local branch.master.vscode-merge-base [9ms]
2024-08-01 19:53:50.156 [warning] git config failed: Failed to execute git
2024-08-01 19:53:50.169 [info] > git reflog master --grep-reflog=branch: Created from *. [6ms]
2024-08-01 19:53:50.177 [info] > git symbolic-ref --short refs/remotes/origin/HEAD [2ms]
2024-08-01 19:53:50.177 [info] fatal: ref refs/remotes/origin/HEAD is not a symbolic ref
2024-08-01 19:53:50.268 [info] > git fetch [385ms]
2024-08-01 19:53:50.284 [info] > git config --get commit.template [7ms]
2024-08-01 19:53:50.290 [info] > git for-each-ref --format=%(refname)%00%(upstream:short)%00%(objectname)%00%(upstream:track)%00%(upstream:remotename)%00%(upstream:remoteref) refs/heads/last.fmapi/savethissong refs/remotes/last.fmapi/savethissong [7ms]
2024-08-01 19:53:50.302 [info] > git status -z -uall [4ms]
2024-08-01 19:53:50.323 [info] > git for-each-ref --format=%(refname)%00%(upstream:short)%00%(objectname)%00%(upstream:track)%00%(upstream:remotename)%00%(upstream:remoteref) refs/heads/last.fmapi/savethissong refs/remotes/last.fmapi/savethissong [9ms]
2024-08-01 19:53:50.339 [info] > git config --local branch.last.fmapi/savethissong.vscode-merge-base [4ms]
2024-08-01 19:53:50.363 [info] > git for-each-ref --format=%(refname)%00%(upstream:short)%00%(objectname)%00%(upstream:track)%00%(upstream:remotename)%00%(upstream:remoteref) refs/heads/origin/main refs/remotes/origin/main [10ms]
2024-08-01 19:53:50.955 [info] > git fetch [440ms]
2024-08-01 19:53:50.975 [info] > git config --get commit.template [5ms]
2024-08-01 19:53:50.989 [info] > git for-each-ref --format=%(refname)%00%(upstream:short)%00%(objectname)%00%(upstream:track)%00%(upstream:remotename)%00%(upstream:remoteref) refs/heads/super_feature refs/remotes/super_feature [3ms]
2024-08-01 19:53:51.207 [info] > git status -z -uall [212ms]
2024-08-01 19:53:52.490 [info] > git for-each-ref --format=%(refname)%00%(upstream:short)%00%(objectname)%00%(upstream:track)%00%(upstream:remotename)%00%(upstream:remoteref) refs/heads/super_feature refs/remotes/super_feature [1227ms]
2024-08-01 19:53:52.523 [info] > git fetch [1369ms]
2024-08-01 19:53:52.582 [info] > git config --get commit.template [24ms]
2024-08-01 19:53:52.595 [info] > git config --local branch.super_feature.vscode-merge-base [64ms]
2024-08-01 19:53:52.595 [warning] git config failed: Failed to execute git
2024-08-01 19:53:52.658 [info] > git reflog super_feature --grep-reflog=branch: Created from *. [40ms]
2024-08-01 19:53:52.692 [info] > git for-each-ref --format=%(refname)%00%(upstream:short)%00%(objectname)%00%(upstream:track)%00%(upstream:remotename)%00%(upstream:remoteref) refs/heads/main refs/remotes/main [41ms]
2024-08-01 19:53:52.723 [warning] ENOENT: no such file or directory, open '/home/paigec00/Challenge1/urban-octo-telegram/.git/refs/remotes/origin/main'
2024-08-01 19:53:52.731 [info] > git reflog HEAD --grep-reflog=checkout: moving from .* to super_feature [39ms]
2024-08-01 19:53:52.771 [info] > git rev-parse refs/remotes/origin/main [48ms]
2024-08-01 19:53:52.823 [info] > git for-each-ref --format=%(refname)%00%(upstream:short)%00%(objectname)%00%(upstream:track)%00%(upstream:remotename)%00%(upstream:remoteref) refs/heads/main refs/remotes/main [59ms]
2024-08-01 19:53:52.918 [info] > git symbolic-ref --short refs/remotes/origin/HEAD [56ms]
2024-08-01 19:53:52.918 [info] fatal: ref refs/remotes/origin/HEAD is not a symbolic ref
2024-08-01 19:53:53.593 [info] > git status -z -uall [788ms]
2024-08-01 19:53:53.612 [info] > git for-each-ref --format=%(refname)%00%(upstream:short)%00%(objectname)%00%(upstream:track)%00%(upstream:remotename)%00%(upstream:remoteref) refs/heads/main refs/remotes/main [10ms]
2024-08-01 19:53:53.627 [info] > git config --local branch.main.vscode-merge-base [5ms]
2024-08-01 19:53:53.643 [info] > git for-each-ref --format=%(refname)%00%(upstream:short)%00%(objectname)%00%(upstream:track)%00%(upstream:remotename)%00%(upstream:remoteref) refs/heads/origin/main refs/remotes/origin/main [5ms]
2024-08-01 20:01:07.343 [info] > git fetch [620ms]
2024-08-01 20:01:07.393 [info] > git fetch [755ms]
2024-08-01 20:01:07.406 [info] > git config --get commit.template [26ms]
2024-08-01 20:01:07.467 [info] > git fetch [855ms]
2024-08-01 20:01:07.469 [info] > git config --get commit.template [40ms]
2024-08-01 20:01:07.497 [info] > git for-each-ref --format=%(refname)%00%(upstream:short)%00%(objectname)%00%(upstream:track)%00%(upstream:remotename)%00%(upstream:remoteref) refs/heads/main refs/remotes/main [31ms]
2024-08-01 20:01:07.511 [warning] ENOENT: no such file or directory, open '/home/paigec00/Challenge1/urban-octo-telegram/.git/refs/remotes/origin/main'
2024-08-01 20:01:07.516 [info] > git for-each-ref --format=%(refname)%00%(upstream:short)%00%(objectname)%00%(upstream:track)%00%(upstream:remotename)%00%(upstream:remoteref) refs/heads/last.fmapi/savethissong refs/remotes/last.fmapi/savethissong [31ms]
2024-08-01 20:01:07.522 [info] > git rev-parse refs/remotes/origin/main [11ms]
2024-08-01 20:01:07.534 [info] > git config --get commit.template [39ms]
2024-08-01 20:01:07.569 [info] > git for-each-ref --format=%(refname)%00%(upstream:short)%00%(objectname)%00%(upstream:track)%00%(upstream:remotename)%00%(upstream:remoteref) refs/heads/master refs/remotes/master [8ms]
2024-08-01 20:01:07.570 [info] > git fetch [883ms]
2024-08-01 20:01:07.620 [info] > git status -z -uall [20ms]
2024-08-01 20:01:07.658 [info] > git config --get commit.template [39ms]
2024-08-01 20:01:07.709 [info] > git status -z -uall [15ms]
2024-08-01 20:01:07.709 [info] > git for-each-ref --format=%(refname)%00%(upstream:short)%00%(objectname)%00%(upstream:track)%00%(upstream:remotename)%00%(upstream:remoteref) refs/heads/last.fmapi/savethissong refs/remotes/last.fmapi/savethissong [63ms]
2024-08-01 20:01:07.758 [info] > git config --local branch.last.fmapi/savethissong.vscode-merge-base [19ms]
2024-08-01 20:01:07.780 [info] > git for-each-ref --format=%(refname)%00%(upstream:short)%00%(objectname)%00%(upstream:track)%00%(upstream:remotename)%00%(upstream:remoteref) refs/heads/super_feature refs/remotes/super_feature [72ms]
2024-08-01 20:01:07.848 [info] > git for-each-ref --format=%(refname)%00%(upstream:short)%00%(objectname)%00%(upstream:track)%00%(upstream:remotename)%00%(upstream:remoteref) refs/heads/master refs/remotes/master [15ms]
2024-08-01 20:01:07.871 [info] > git for-each-ref --format=%(refname)%00%(upstream:short)%00%(objectname)%00%(upstream:track)%00%(upstream:remotename)%00%(upstream:remoteref) refs/heads/origin/main refs/remotes/origin/main [91ms]
2024-08-01 20:01:07.874 [info] > git config --local branch.master.vscode-merge-base [3ms]
2024-08-01 20:01:07.874 [warning] git config failed: Failed to execute git
2024-08-01 20:01:07.914 [info] > git reflog master --grep-reflog=branch: Created from *. [22ms]
2024-08-01 20:01:08.235 [info] > git symbolic-ref --short refs/remotes/origin/HEAD [158ms]
2024-08-01 20:01:08.235 [info] fatal: ref refs/remotes/origin/HEAD is not a symbolic ref
2024-08-01 20:01:08.290 [info] > git status -z -uall [757ms]
2024-08-01 20:01:08.354 [info] > git for-each-ref --format=%(refname)%00%(upstream:short)%00%(objectname)%00%(upstream:track)%00%(upstream:remotename)%00%(upstream:remoteref) refs/heads/main refs/remotes/main [17ms]
2024-08-01 20:01:08.386 [info] > git config --local branch.main.vscode-merge-base [16ms]
2024-08-01 20:01:08.502 [info] > git for-each-ref --format=%(refname)%00%(upstream:short)%00%(objectname)%00%(upstream:track)%00%(upstream:remotename)%00%(upstream:remoteref) refs/heads/origin/main refs/remotes/origin/main [29ms]
2024-08-01 20:01:08.602 [info] > git status -z -uall [691ms]
2024-08-01 20:01:09.275 [info] > git for-each-ref --format=%(refname)%00%(upstream:short)%00%(objectname)%00%(upstream:track)%00%(upstream:remotename)%00%(upstream:remoteref) refs/heads/super_feature refs/remotes/super_feature [594ms]
2024-08-01 20:01:09.291 [info] > git config --local branch.super_feature.vscode-merge-base [8ms]
2024-08-01 20:01:09.291 [warning] git config failed: Failed to execute git
2024-08-01 20:01:09.301 [info] > git reflog super_feature --grep-reflog=branch: Created from *. [4ms]
2024-08-01 20:01:09.309 [info] > git reflog HEAD --grep-reflog=checkout: moving from .* to super_feature [4ms]
2024-08-01 20:01:09.317 [info] > git for-each-ref --format=%(refname)%00%(upstream:short)%00%(objectname)%00%(upstream:track)%00%(upstream:remotename)%00%(upstream:remoteref) refs/heads/main refs/remotes/main [3ms]
2024-08-01 20:01:09.326 [info] > git symbolic-ref --short refs/remotes/origin/HEAD [2ms]
2024-08-01 20:01:09.326 [info] fatal: ref refs/remotes/origin/HEAD is not a symbolic ref
2024-08-01 20:02:10.720 [info] > git show --textconv :index.js [24ms]
2024-08-01 20:02:10.731 [info] > git ls-files --stage -- /home/paigec00/readme-generator/index.js [11ms]
2024-08-01 20:02:10.755 [info] > git cat-file -s fd24f58071c65b6181b1c7e7a2ab86a3e46b5eb7 [10ms]
2024-08-01 20:02:12.229 [info] > git show --textconv :README.md [14ms]
2024-08-01 20:02:12.241 [info] > git ls-files --stage -- /home/paigec00/readme-generator/README.md [11ms]
2024-08-01 20:02:12.254 [info] > git cat-file -s 24f66fbec757cd963b9bf5afd8cb303000b3878f [1ms]
2024-08-01 20:30:34.901 [info] > git fetch [743ms]
2024-08-01 20:30:34.953 [info] > git config --get commit.template [21ms]
2024-08-01 20:30:34.994 [info] > git for-each-ref --format=%(refname)%00%(upstream:short)%00%(objectname)%00%(upstream:track)%00%(upstream:remotename)%00%(upstream:remoteref) refs/heads/master refs/remotes/master [7ms]
2024-08-01 20:30:35.053 [info] > git status -z -uall [23ms]
2024-08-01 20:30:35.083 [info] > git fetch [887ms]
2024-08-01 20:30:35.085 [info] > git fetch [840ms]
2024-08-01 20:30:35.137 [info] > git for-each-ref --format=%(refname)%00%(upstream:short)%00%(objectname)%00%(upstream:track)%00%(upstream:remotename)%00%(upstream:remoteref) refs/heads/master refs/remotes/master [58ms]
2024-08-01 20:30:35.178 [info] > git config --get commit.template [53ms]
2024-08-01 20:30:35.178 [info] > git config --get commit.template [67ms]
2024-08-01 20:30:35.232 [info] > git for-each-ref --format=%(refname)%00%(upstream:short)%00%(objectname)%00%(upstream:track)%00%(upstream:remotename)%00%(upstream:remoteref) refs/heads/main refs/remotes/main [30ms]
2024-08-01 20:30:35.232 [info] > git config --local branch.master.vscode-merge-base [66ms]
2024-08-01 20:30:35.232 [warning] git config failed: Failed to execute git
2024-08-01 20:30:35.258 [warning] ENOENT: no such file or directory, open '/home/paigec00/Challenge1/urban-octo-telegram/.git/refs/remotes/origin/main'
2024-08-01 20:30:35.259 [info] > git fetch [1128ms]
2024-08-01 20:30:35.260 [info] > git for-each-ref --format=%(refname)%00%(upstream:short)%00%(objectname)%00%(upstream:track)%00%(upstream:remotename)%00%(upstream:remoteref) refs/heads/super_feature refs/remotes/super_feature [29ms]
2024-08-01 20:30:35.268 [info] > git rev-parse refs/remotes/origin/main [10ms]
2024-08-01 20:30:35.287 [info] > git config --get commit.template [18ms]
2024-08-01 20:30:35.287 [info] > git reflog master --grep-reflog=branch: Created from *. [36ms]
2024-08-01 20:30:35.339 [info] > git for-each-ref --format=%(refname)%00%(upstream:short)%00%(objectname)%00%(upstream:track)%00%(upstream:remotename)%00%(upstream:remoteref) refs/heads/last.fmapi/savethissong refs/remotes/last.fmapi/savethissong [21ms]
2024-08-01 20:30:35.340 [info] > git symbolic-ref --short refs/remotes/origin/HEAD [42ms]
2024-08-01 20:30:35.340 [info] fatal: ref refs/remotes/origin/HEAD is not a symbolic ref
2024-08-01 20:30:35.377 [info] > git status -z -uall [20ms]
2024-08-01 20:30:35.573 [info] > git for-each-ref --format=%(refname)%00%(upstream:short)%00%(objectname)%00%(upstream:track)%00%(upstream:remotename)%00%(upstream:remoteref) refs/heads/last.fmapi/savethissong refs/remotes/last.fmapi/savethissong [100ms]
2024-08-01 20:30:35.603 [info] > git config --local branch.last.fmapi/savethissong.vscode-merge-base [9ms]
2024-08-01 20:30:35.631 [info] > git for-each-ref --format=%(refname)%00%(upstream:short)%00%(objectname)%00%(upstream:track)%00%(upstream:remotename)%00%(upstream:remoteref) refs/heads/origin/main refs/remotes/origin/main [2ms]
2024-08-01 20:30:36.176 [info] > git status -z -uall [894ms]
2024-08-01 20:30:36.229 [info] > git for-each-ref --format=%(refname)%00%(upstream:short)%00%(objectname)%00%(upstream:track)%00%(upstream:remotename)%00%(upstream:remoteref) refs/heads/main refs/remotes/main [8ms]
2024-08-01 20:30:36.247 [info] > git config --local branch.main.vscode-merge-base [2ms]
2024-08-01 20:30:36.267 [info] > git for-each-ref --format=%(refname)%00%(upstream:short)%00%(objectname)%00%(upstream:track)%00%(upstream:remotename)%00%(upstream:remoteref) refs/heads/origin/main refs/remotes/origin/main [0ms]
2024-08-01 20:30:36.516 [info] > git status -z -uall [1183ms]
2024-08-01 20:30:37.235 [info] > git for-each-ref --format=%(refname)%00%(upstream:short)%00%(objectname)%00%(upstream:track)%00%(upstream:remotename)%00%(upstream:remoteref) refs/heads/super_feature refs/remotes/super_feature [625ms]
2024-08-01 20:30:37.247 [info] > git config --local branch.super_feature.vscode-merge-base [4ms]
2024-08-01 20:30:37.247 [warning] git config failed: Failed to execute git
2024-08-01 20:30:37.258 [info] > git reflog super_feature --grep-reflog=branch: Created from *. [3ms]
2024-08-01 20:30:37.269 [info] > git reflog HEAD --grep-reflog=checkout: moving from .* to super_feature [5ms]
2024-08-01 20:30:37.278 [info] > git for-each-ref --format=%(refname)%00%(upstream:short)%00%(objectname)%00%(upstream:track)%00%(upstream:remotename)%00%(upstream:remoteref) refs/heads/main refs/remotes/main [4ms]
2024-08-01 20:30:37.288 [info] > git symbolic-ref --short refs/remotes/origin/HEAD [4ms]
2024-08-01 20:30:37.288 [info] fatal: ref refs/remotes/origin/HEAD is not a symbolic ref
