2024-06-10 09:15:00.149 [info] Log level: Info
2024-06-10 09:15:00.149 [info] Validating found git in: "git"
2024-06-10 09:15:00.149 [info] Using git "2.39.2" from "git"
2024-06-10 09:15:00.149 [info] > git rev-parse --show-toplevel [27ms]
2024-06-10 09:15:00.149 [info] > git rev-parse --git-dir --git-common-dir [13ms]
2024-06-10 09:15:00.149 [info] Open repository: /home/paigec00
2024-06-10 09:15:00.149 [info] > git config --get commit.template [30ms]
2024-06-10 09:15:00.160 [info] > git for-each-ref --format=%(refname)%00%(upstream:short)%00%(objectname)%00%(upstream:track)%00%(upstream:remotename)%00%(upstream:remoteref) refs/heads/main refs/remotes/main [12ms]
2024-06-10 09:15:00.211 [info] > git rev-parse --show-toplevel [145ms]
2024-06-10 09:15:00.231 [info] fatal: this operation must be run in a work tree
2024-06-10 09:15:00.668 [info] > git rev-parse --show-toplevel [1ms]
2024-06-10 09:15:00.735 [info] > git rev-parse --show-toplevel [24ms]
2024-06-10 09:15:00.832 [info] > git rev-parse --show-toplevel [10ms]
2024-06-10 09:15:00.907 [info] > git rev-parse --show-toplevel [31ms]
2024-06-10 09:15:00.926 [info] > git status -z -uall [716ms]
2024-06-10 09:15:01.013 [info] > git rev-parse --show-toplevel [89ms]
2024-06-10 09:15:01.045 [info] > git config --get commit.template [35ms]
2024-06-10 09:15:01.351 [info] > git rev-parse --show-toplevel [322ms]
2024-06-10 09:15:01.395 [info] > git rev-parse --show-toplevel [8ms]
2024-06-10 09:15:01.398 [info] > git for-each-ref --format=%(refname)%00%(upstream:short)%00%(objectname)%00%(upstream:track)%00%(upstream:remotename)%00%(upstream:remoteref) refs/heads/main refs/remotes/main [19ms]
2024-06-10 09:15:01.488 [info] > git rev-parse --show-toplevel [13ms]
2024-06-10 09:15:01.637 [info] > git status -z -uall [228ms]
2024-06-10 09:15:01.919 [info] > git check-ignore -v -z --stdin [12ms]
2024-06-10 09:15:05.764 [info] > git show --textconv :Challenge-2/Mod2Challenge/.git/Module2Challenge.html [33ms]
2024-06-10 09:15:05.768 [info] > git ls-files --stage -- /home/paigec00/Challenge-2/Mod2Challenge/.git/Module2Challenge.html [10ms]
2024-06-10 09:15:08.459 [info] > git config --get commit.template [40ms]
2024-06-10 09:15:08.471 [info] > git for-each-ref --format=%(refname)%00%(upstream:short)%00%(objectname)%00%(upstream:track)%00%(upstream:remotename)%00%(upstream:remoteref) refs/heads/main refs/remotes/main [27ms]
2024-06-10 09:15:08.608 [info] > git status -z -uall [119ms]
2024-06-10 09:15:13.669 [info] > git for-each-ref --format=%(refname)%00%(upstream:short)%00%(objectname)%00%(upstream:track)%00%(upstream:remotename)%00%(upstream:remoteref) refs/heads/main refs/remotes/main [3ms]
2024-06-10 09:15:13.669 [info] > git config --get commit.template [11ms]
2024-06-10 09:15:13.747 [info] > git status -z -uall [55ms]
2024-06-10 09:15:18.799 [info] > git config --get commit.template [13ms]
2024-06-10 09:15:18.804 [info] > git for-each-ref --format=%(refname)%00%(upstream:short)%00%(objectname)%00%(upstream:track)%00%(upstream:remotename)%00%(upstream:remoteref) refs/heads/main refs/remotes/main [7ms]
2024-06-10 09:15:18.941 [info] > git status -z -uall [100ms]
2024-06-10 09:15:24.385 [info] > git show --textconv :Challenge-2/Mod2Challenge/.git/Module2Challenge.html [8ms]
2024-06-10 09:15:24.398 [info] > git ls-files --stage -- /home/paigec00/Challenge-2/Mod2Challenge/.git/Module2Challenge.html [13ms]
2024-06-10 09:15:25.959 [info] > git config --get commit.template [32ms]
2024-06-10 09:15:25.971 [info] > git for-each-ref --format=%(refname)%00%(upstream:short)%00%(objectname)%00%(upstream:track)%00%(upstream:remotename)%00%(upstream:remoteref) refs/heads/main refs/remotes/main [14ms]
2024-06-10 09:15:26.092 [info] > git status -z -uall [97ms]
2024-06-10 09:15:35.956 [info] > git config --get commit.template [35ms]
2024-06-10 09:15:35.965 [info] > git for-each-ref --format=%(refname)%00%(upstream:short)%00%(objectname)%00%(upstream:track)%00%(upstream:remotename)%00%(upstream:remoteref) refs/heads/main refs/remotes/main [14ms]
2024-06-10 09:15:36.102 [info] > git status -z -uall [122ms]
2024-06-10 09:15:44.268 [info] > git config --get commit.template [36ms]
2024-06-10 09:15:44.271 [info] > git for-each-ref --format=%(refname)%00%(upstream:short)%00%(objectname)%00%(upstream:track)%00%(upstream:remotename)%00%(upstream:remoteref) refs/heads/main refs/remotes/main [14ms]
2024-06-10 09:15:44.419 [info] > git status -z -uall [134ms]
2024-06-10 09:15:49.506 [info] > git config --get commit.template [29ms]
2024-06-10 09:15:49.511 [info] > git for-each-ref --format=%(refname)%00%(upstream:short)%00%(objectname)%00%(upstream:track)%00%(upstream:remotename)%00%(upstream:remoteref) refs/heads/main refs/remotes/main [9ms]
2024-06-10 09:15:49.608 [info] > git status -z -uall [88ms]
2024-06-10 09:15:56.221 [info] > git config --get commit.template [28ms]
2024-06-10 09:15:56.227 [info] > git for-each-ref --format=%(refname)%00%(upstream:short)%00%(objectname)%00%(upstream:track)%00%(upstream:remotename)%00%(upstream:remoteref) refs/heads/main refs/remotes/main [6ms]
2024-06-10 09:15:56.335 [info] > git status -z -uall [97ms]
2024-06-10 09:16:16.708 [info] > git config --get commit.template [34ms]
2024-06-10 09:16:16.743 [info] > git for-each-ref --format=%(refname)%00%(upstream:short)%00%(objectname)%00%(upstream:track)%00%(upstream:remotename)%00%(upstream:remoteref) refs/heads/main refs/remotes/main [18ms]
2024-06-10 09:16:16.877 [info] > git status -z -uall [119ms]
2024-06-10 09:16:21.926 [info] > git config --get commit.template [4ms]
2024-06-10 09:16:21.938 [info] > git for-each-ref --format=%(refname)%00%(upstream:short)%00%(objectname)%00%(upstream:track)%00%(upstream:remotename)%00%(upstream:remoteref) refs/heads/main refs/remotes/main [3ms]
2024-06-10 09:16:22.045 [info] > git status -z -uall [103ms]
2024-06-10 09:16:28.552 [info] > git config --get commit.template [7ms]
2024-06-10 09:16:28.561 [info] > git for-each-ref --format=%(refname)%00%(upstream:short)%00%(objectname)%00%(upstream:track)%00%(upstream:remotename)%00%(upstream:remoteref) refs/heads/main refs/remotes/main [3ms]
2024-06-10 09:16:28.643 [info] > git status -z -uall [78ms]
2024-06-10 09:16:43.405 [info] > git config --get commit.template [6ms]
2024-06-10 09:16:43.409 [info] > git for-each-ref --format=%(refname)%00%(upstream:short)%00%(objectname)%00%(upstream:track)%00%(upstream:remotename)%00%(upstream:remoteref) refs/heads/main refs/remotes/main [4ms]
2024-06-10 09:16:43.514 [info] > git status -z -uall [100ms]
2024-06-10 09:16:48.570 [info] > git config --get commit.template [21ms]
2024-06-10 09:16:48.583 [info] > git for-each-ref --format=%(refname)%00%(upstream:short)%00%(objectname)%00%(upstream:track)%00%(upstream:remotename)%00%(upstream:remoteref) refs/heads/main refs/remotes/main [15ms]
2024-06-10 09:16:48.692 [info] > git status -z -uall [96ms]
2024-06-10 09:16:54.378 [info] > git config --get commit.template [0ms]
2024-06-10 09:16:54.405 [info] > git for-each-ref --format=%(refname)%00%(upstream:short)%00%(objectname)%00%(upstream:track)%00%(upstream:remotename)%00%(upstream:remoteref) refs/heads/main refs/remotes/main [1ms]
2024-06-10 09:16:54.625 [info] > git status -z -uall [154ms]
2024-06-10 09:16:59.694 [info] > git config --get commit.template [13ms]
2024-06-10 09:16:59.695 [info] > git for-each-ref --format=%(refname)%00%(upstream:short)%00%(objectname)%00%(upstream:track)%00%(upstream:remotename)%00%(upstream:remoteref) refs/heads/main refs/remotes/main [4ms]
2024-06-10 09:16:59.789 [info] > git status -z -uall [84ms]
2024-06-10 09:17:04.807 [info] > git config --get commit.template [6ms]
2024-06-10 09:17:04.810 [info] > git for-each-ref --format=%(refname)%00%(upstream:short)%00%(objectname)%00%(upstream:track)%00%(upstream:remotename)%00%(upstream:remoteref) refs/heads/main refs/remotes/main [3ms]
2024-06-10 09:17:04.941 [info] > git status -z -uall [126ms]
2024-06-10 09:17:13.235 [info] > git config --get commit.template [1ms]
2024-06-10 09:17:13.268 [info] > git for-each-ref --format=%(refname)%00%(upstream:short)%00%(objectname)%00%(upstream:track)%00%(upstream:remotename)%00%(upstream:remoteref) refs/heads/main refs/remotes/main [10ms]
2024-06-10 09:17:13.403 [info] > git status -z -uall [124ms]
2024-06-10 09:17:18.478 [info] > git config --get commit.template [16ms]
2024-06-10 09:17:18.534 [info] > git for-each-ref --format=%(refname)%00%(upstream:short)%00%(objectname)%00%(upstream:track)%00%(upstream:remotename)%00%(upstream:remoteref) refs/heads/main refs/remotes/main [22ms]
2024-06-10 09:17:18.697 [info] > git status -z -uall [133ms]
2024-06-10 09:17:23.745 [info] > git config --get commit.template [19ms]
2024-06-10 09:17:23.749 [info] > git for-each-ref --format=%(refname)%00%(upstream:short)%00%(objectname)%00%(upstream:track)%00%(upstream:remotename)%00%(upstream:remoteref) refs/heads/main refs/remotes/main [7ms]
2024-06-10 09:17:23.874 [info] > git status -z -uall [110ms]
2024-06-10 09:17:28.941 [info] > git config --get commit.template [24ms]
2024-06-10 09:17:28.947 [info] > git for-each-ref --format=%(refname)%00%(upstream:short)%00%(objectname)%00%(upstream:track)%00%(upstream:remotename)%00%(upstream:remoteref) refs/heads/main refs/remotes/main [8ms]
2024-06-10 09:17:29.082 [info] > git status -z -uall [122ms]
2024-06-10 09:17:34.435 [info] > git config --get commit.template [28ms]
2024-06-10 09:17:34.439 [info] > git for-each-ref --format=%(refname)%00%(upstream:short)%00%(objectname)%00%(upstream:track)%00%(upstream:remotename)%00%(upstream:remoteref) refs/heads/main refs/remotes/main [11ms]
2024-06-10 09:17:34.580 [info] > git status -z -uall [132ms]
2024-06-10 09:17:54.596 [info] > git config --get commit.template [7ms]
2024-06-10 09:17:54.644 [info] > git for-each-ref --format=%(refname)%00%(upstream:short)%00%(objectname)%00%(upstream:track)%00%(upstream:remotename)%00%(upstream:remoteref) refs/heads/main refs/remotes/main [4ms]
2024-06-10 09:17:54.824 [info] > git status -z -uall [174ms]
2024-06-10 09:17:58.376 [info] > git check-ignore -v -z --stdin [2ms]
2024-06-10 09:17:59.892 [info] > git config --get commit.template [4ms]
2024-06-10 09:17:59.902 [info] > git for-each-ref --format=%(refname)%00%(upstream:short)%00%(objectname)%00%(upstream:track)%00%(upstream:remotename)%00%(upstream:remoteref) refs/heads/main refs/remotes/main [4ms]
2024-06-10 09:18:00.006 [info] > git status -z -uall [99ms]
2024-06-10 09:18:00.663 [info] > git show --textconv :Challenge-2/Mod2Challenge/.git/Module2Challenge.html [13ms]
2024-06-10 09:18:00.667 [info] > git ls-files --stage -- /home/paigec00/Challenge-2/Mod2Challenge/.git/Module2Challenge.html [8ms]
2024-06-10 09:18:05.162 [info] > git config --get commit.template [1ms]
2024-06-10 09:18:05.196 [info] > git for-each-ref --format=%(refname)%00%(upstream:short)%00%(objectname)%00%(upstream:track)%00%(upstream:remotename)%00%(upstream:remoteref) refs/heads/main refs/remotes/main [1ms]
2024-06-10 09:18:05.311 [info] > git status -z -uall [108ms]
2024-06-10 09:18:11.125 [info] > git config --get commit.template [38ms]
2024-06-10 09:18:11.128 [info] > git for-each-ref --format=%(refname)%00%(upstream:short)%00%(objectname)%00%(upstream:track)%00%(upstream:remotename)%00%(upstream:remoteref) refs/heads/main refs/remotes/main [7ms]
2024-06-10 09:18:11.229 [info] > git status -z -uall [90ms]
2024-06-10 09:18:18.382 [info] > git config --get commit.template [10ms]
2024-06-10 09:18:18.414 [info] > git for-each-ref --format=%(refname)%00%(upstream:short)%00%(objectname)%00%(upstream:track)%00%(upstream:remotename)%00%(upstream:remoteref) refs/heads/main refs/remotes/main [8ms]
2024-06-10 09:18:18.546 [info] > git status -z -uall [113ms]
2024-06-10 09:18:29.167 [info] > git config --get commit.template [7ms]
2024-06-10 09:18:29.177 [info] > git for-each-ref --format=%(refname)%00%(upstream:short)%00%(objectname)%00%(upstream:track)%00%(upstream:remotename)%00%(upstream:remoteref) refs/heads/main refs/remotes/main [4ms]
2024-06-10 09:18:29.304 [info] > git status -z -uall [122ms]
2024-06-10 09:18:34.377 [info] > git config --get commit.template [15ms]
2024-06-10 09:18:34.380 [info] > git for-each-ref --format=%(refname)%00%(upstream:short)%00%(objectname)%00%(upstream:track)%00%(upstream:remotename)%00%(upstream:remoteref) refs/heads/main refs/remotes/main [5ms]
2024-06-10 09:18:34.460 [info] > git status -z -uall [75ms]
2024-06-10 09:18:51.228 [info] > git config --get commit.template [34ms]
2024-06-10 09:18:51.233 [info] > git for-each-ref --format=%(refname)%00%(upstream:short)%00%(objectname)%00%(upstream:track)%00%(upstream:remotename)%00%(upstream:remoteref) refs/heads/main refs/remotes/main [9ms]
2024-06-10 09:18:51.358 [info] > git status -z -uall [110ms]
2024-06-10 09:18:56.404 [info] > git config --get commit.template [7ms]
2024-06-10 09:18:56.414 [info] > git for-each-ref --format=%(refname)%00%(upstream:short)%00%(objectname)%00%(upstream:track)%00%(upstream:remotename)%00%(upstream:remoteref) refs/heads/main refs/remotes/main [3ms]
2024-06-10 09:18:56.503 [info] > git status -z -uall [84ms]
2024-06-10 09:19:01.542 [info] > git config --get commit.template [2ms]
2024-06-10 09:19:01.552 [info] > git for-each-ref --format=%(refname)%00%(upstream:short)%00%(objectname)%00%(upstream:track)%00%(upstream:remotename)%00%(upstream:remoteref) refs/heads/main refs/remotes/main [2ms]
2024-06-10 09:19:01.654 [info] > git status -z -uall [97ms]
2024-06-10 09:19:12.608 [info] > git config --get commit.template [8ms]
2024-06-10 09:19:12.625 [info] > git for-each-ref --format=%(refname)%00%(upstream:short)%00%(objectname)%00%(upstream:track)%00%(upstream:remotename)%00%(upstream:remoteref) refs/heads/main refs/remotes/main [7ms]
2024-06-10 09:19:12.858 [info] > git status -z -uall [223ms]
2024-06-10 09:21:25.650 [info] > git config --get commit.template [14ms]
2024-06-10 09:21:25.650 [info] > git for-each-ref --format=%(refname)%00%(upstream:short)%00%(objectname)%00%(upstream:track)%00%(upstream:remotename)%00%(upstream:remoteref) refs/heads/main refs/remotes/main [1ms]
2024-06-10 09:21:25.789 [info] > git status -z -uall [127ms]
2024-06-10 09:21:30.812 [info] > git config --get commit.template [4ms]
2024-06-10 09:21:30.821 [info] > git for-each-ref --format=%(refname)%00%(upstream:short)%00%(objectname)%00%(upstream:track)%00%(upstream:remotename)%00%(upstream:remoteref) refs/heads/main refs/remotes/main [3ms]
2024-06-10 09:21:30.900 [info] > git check-ignore -v -z --stdin [5ms]
2024-06-10 09:21:30.929 [info] > git status -z -uall [103ms]
2024-06-10 09:21:33.081 [info] > git ls-files --stage -- /home/paigec00/Challenge-2/Mod2Challenge/.git/Module2Challenge.html [9ms]
2024-06-10 09:21:33.092 [info] > git show --textconv :Challenge-2/Mod2Challenge/.git/Module2Challenge.html [38ms]
2024-06-10 09:21:36.024 [info] > git config --get commit.template [29ms]
2024-06-10 09:21:36.030 [info] > git for-each-ref --format=%(refname)%00%(upstream:short)%00%(objectname)%00%(upstream:track)%00%(upstream:remotename)%00%(upstream:remoteref) refs/heads/main refs/remotes/main [7ms]
2024-06-10 09:21:36.157 [info] > git status -z -uall [116ms]
2024-06-10 09:21:41.190 [info] > git config --get commit.template [8ms]
2024-06-10 09:21:41.195 [info] > git for-each-ref --format=%(refname)%00%(upstream:short)%00%(objectname)%00%(upstream:track)%00%(upstream:remotename)%00%(upstream:remoteref) refs/heads/main refs/remotes/main [6ms]
2024-06-10 09:21:41.296 [info] > git status -z -uall [95ms]
2024-06-10 09:23:04.655 [info] > git show --textconv :Challenge-2/Mod2Challenge/.git/Challenge-2/Module2Challenge.html [15ms]
2024-06-10 09:23:04.667 [info] > git ls-files --stage -- /home/paigec00/Challenge-2/Mod2Challenge/.git/Challenge-2/Module2Challenge.html [13ms]
2024-06-10 09:23:04.973 [info] > git check-ignore -v -z --stdin [7ms]
2024-06-10 09:23:55.049 [info] > git config --get commit.template [12ms]
2024-06-10 09:23:55.060 [info] > git for-each-ref --format=%(refname)%00%(upstream:short)%00%(objectname)%00%(upstream:track)%00%(upstream:remotename)%00%(upstream:remoteref) refs/heads/main refs/remotes/main [4ms]
2024-06-10 09:23:55.231 [info] > git status -z -uall [162ms]
2024-06-10 09:24:00.330 [info] > git config --get commit.template [15ms]
2024-06-10 09:24:00.331 [info] > git for-each-ref --format=%(refname)%00%(upstream:short)%00%(objectname)%00%(upstream:track)%00%(upstream:remotename)%00%(upstream:remoteref) refs/heads/main refs/remotes/main [2ms]
2024-06-10 09:24:00.442 [info] > git status -z -uall [93ms]
2024-06-10 09:24:04.456 [info] > git check-ignore -v -z --stdin [25ms]
2024-06-10 09:24:06.143 [info] > git config --get commit.template [25ms]
2024-06-10 09:24:06.151 [info] > git for-each-ref --format=%(refname)%00%(upstream:short)%00%(objectname)%00%(upstream:track)%00%(upstream:remotename)%00%(upstream:remoteref) refs/heads/main refs/remotes/main [14ms]
2024-06-10 09:24:06.278 [info] > git status -z -uall [108ms]
2024-06-10 09:24:12.395 [info] > git show --textconv :Challenge-2/Mod2Challenge/.git/Challenge-2/Module2Challenge.html [13ms]
2024-06-10 09:24:12.406 [info] > git ls-files --stage -- /home/paigec00/Challenge-2/Mod2Challenge/.git/Challenge-2/Module2Challenge.html [12ms]
2024-06-10 09:24:12.529 [info] > git config --get commit.template [6ms]
2024-06-10 09:24:12.530 [info] > git for-each-ref --format=%(refname)%00%(upstream:short)%00%(objectname)%00%(upstream:track)%00%(upstream:remotename)%00%(upstream:remoteref) refs/heads/main refs/remotes/main [2ms]
2024-06-10 09:24:12.655 [info] > git status -z -uall [120ms]
2024-06-10 09:24:17.711 [info] > git config --get commit.template [13ms]
2024-06-10 09:24:17.713 [info] > git for-each-ref --format=%(refname)%00%(upstream:short)%00%(objectname)%00%(upstream:track)%00%(upstream:remotename)%00%(upstream:remoteref) refs/heads/main refs/remotes/main [3ms]
2024-06-10 09:24:17.799 [info] > git status -z -uall [82ms]
2024-06-10 09:24:24.038 [info] > git config --get commit.template [1ms]
2024-06-10 09:24:24.050 [info] > git for-each-ref --format=%(refname)%00%(upstream:short)%00%(objectname)%00%(upstream:track)%00%(upstream:remotename)%00%(upstream:remoteref) refs/heads/main refs/remotes/main [3ms]
2024-06-10 09:24:24.173 [info] > git status -z -uall [118ms]
2024-06-10 09:24:29.197 [info] > git config --get commit.template [13ms]
2024-06-10 09:24:29.201 [info] > git for-each-ref --format=%(refname)%00%(upstream:short)%00%(objectname)%00%(upstream:track)%00%(upstream:remotename)%00%(upstream:remoteref) refs/heads/main refs/remotes/main [5ms]
2024-06-10 09:24:29.325 [info] > git status -z -uall [117ms]
2024-06-10 09:24:34.371 [info] > git config --get commit.template [7ms]
2024-06-10 09:24:34.401 [info] > git for-each-ref --format=%(refname)%00%(upstream:short)%00%(objectname)%00%(upstream:track)%00%(upstream:remotename)%00%(upstream:remoteref) refs/heads/main refs/remotes/main [3ms]
2024-06-10 09:24:34.495 [info] > git status -z -uall [89ms]
2024-06-10 09:24:39.528 [info] > git for-each-ref --format=%(refname)%00%(upstream:short)%00%(objectname)%00%(upstream:track)%00%(upstream:remotename)%00%(upstream:remoteref) refs/heads/main refs/remotes/main [5ms]
2024-06-10 09:24:39.529 [info] > git config --get commit.template [16ms]
2024-06-10 09:24:39.652 [info] > git status -z -uall [118ms]
2024-06-10 09:34:14.817 [info] > git check-ignore -v -z --stdin [40ms]
2024-06-10 09:34:17.118 [info] > git show --textconv :Challenge-2/Mod2Challenge/.git/Challenge-2/Module2Challenge.html [19ms]
2024-06-10 09:34:17.137 [info] > git ls-files --stage -- /home/paigec00/Challenge-2/Mod2Challenge/.git/Challenge-2/Module2Challenge.html [20ms]
2024-06-10 09:34:27.628 [info] > git config --get commit.template [3ms]
2024-06-10 09:34:27.740 [info] > git for-each-ref --format=%(refname)%00%(upstream:short)%00%(objectname)%00%(upstream:track)%00%(upstream:remotename)%00%(upstream:remoteref) refs/heads/main refs/remotes/main [1ms]
2024-06-10 09:34:28.677 [info] > git status -z -uall [893ms]
2024-06-10 09:34:33.750 [info] > git config --get commit.template [36ms]
2024-06-10 09:34:33.751 [info] > git for-each-ref --format=%(refname)%00%(upstream:short)%00%(objectname)%00%(upstream:track)%00%(upstream:remotename)%00%(upstream:remoteref) refs/heads/main refs/remotes/main [11ms]
2024-06-10 09:34:33.914 [info] > git status -z -uall [145ms]
2024-06-10 09:34:38.971 [info] > git config --get commit.template [15ms]
2024-06-10 09:34:38.973 [info] > git for-each-ref --format=%(refname)%00%(upstream:short)%00%(objectname)%00%(upstream:track)%00%(upstream:remotename)%00%(upstream:remoteref) refs/heads/main refs/remotes/main [5ms]
2024-06-10 09:34:39.062 [info] > git status -z -uall [84ms]
2024-06-10 09:34:49.011 [info] > git config --get commit.template [7ms]
2024-06-10 09:34:49.032 [info] > git for-each-ref --format=%(refname)%00%(upstream:short)%00%(objectname)%00%(upstream:track)%00%(upstream:remotename)%00%(upstream:remoteref) refs/heads/main refs/remotes/main [11ms]
2024-06-10 09:34:49.353 [info] > git status -z -uall [308ms]
2024-06-10 09:39:01.255 [info] > git config --get commit.template [58ms]
2024-06-10 09:39:01.265 [info] > git for-each-ref --format=%(refname)%00%(upstream:short)%00%(objectname)%00%(upstream:track)%00%(upstream:remotename)%00%(upstream:remoteref) refs/heads/main refs/remotes/main [22ms]
2024-06-10 09:39:01.404 [info] > git status -z -uall [125ms]
2024-06-10 09:39:09.358 [info] > git config --get commit.template [17ms]
2024-06-10 09:39:09.381 [info] > git for-each-ref --format=%(refname)%00%(upstream:short)%00%(objectname)%00%(upstream:track)%00%(upstream:remotename)%00%(upstream:remoteref) refs/heads/main refs/remotes/main [6ms]
2024-06-10 09:39:09.507 [info] > git status -z -uall [115ms]
2024-06-10 09:39:34.582 [info] > git config --get commit.template [6ms]
2024-06-10 09:39:34.603 [info] > git for-each-ref --format=%(refname)%00%(upstream:short)%00%(objectname)%00%(upstream:track)%00%(upstream:remotename)%00%(upstream:remoteref) refs/heads/main refs/remotes/main [8ms]
2024-06-10 09:39:34.729 [info] > git status -z -uall [117ms]
2024-06-10 09:40:18.140 [info] > git config --get commit.template [19ms]
2024-06-10 09:40:18.146 [info] > git for-each-ref --format=%(refname)%00%(upstream:short)%00%(objectname)%00%(upstream:track)%00%(upstream:remotename)%00%(upstream:remoteref) refs/heads/main refs/remotes/main [7ms]
2024-06-10 09:40:18.348 [info] > git status -z -uall [178ms]
2024-06-10 09:40:23.419 [info] > git config --get commit.template [4ms]
2024-06-10 09:40:23.482 [info] > git for-each-ref --format=%(refname)%00%(upstream:short)%00%(objectname)%00%(upstream:track)%00%(upstream:remotename)%00%(upstream:remoteref) refs/heads/main refs/remotes/main [23ms]
2024-06-10 09:40:23.621 [info] > git status -z -uall [116ms]
2024-06-10 09:40:28.711 [info] > git config --get commit.template [16ms]
2024-06-10 09:40:28.715 [info] > git for-each-ref --format=%(refname)%00%(upstream:short)%00%(objectname)%00%(upstream:track)%00%(upstream:remotename)%00%(upstream:remoteref) refs/heads/main refs/remotes/main [5ms]
2024-06-10 09:40:28.851 [info] > git status -z -uall [126ms]
2024-06-10 09:40:33.884 [info] > git config --get commit.template [11ms]
2024-06-10 09:40:33.888 [info] > git for-each-ref --format=%(refname)%00%(upstream:short)%00%(objectname)%00%(upstream:track)%00%(upstream:remotename)%00%(upstream:remoteref) refs/heads/main refs/remotes/main [5ms]
2024-06-10 09:40:33.999 [info] > git status -z -uall [104ms]
2024-06-10 09:40:47.645 [info] > git config --get commit.template [23ms]
2024-06-10 09:40:47.652 [info] > git for-each-ref --format=%(refname)%00%(upstream:short)%00%(objectname)%00%(upstream:track)%00%(upstream:remotename)%00%(upstream:remoteref) refs/heads/main refs/remotes/main [7ms]
2024-06-10 09:40:47.768 [info] > git status -z -uall [109ms]
2024-06-10 09:40:51.552 [info] > git check-ignore -v -z --stdin [29ms]
2024-06-10 09:40:52.819 [info] > git config --get commit.template [4ms]
2024-06-10 09:40:52.914 [info] > git for-each-ref --format=%(refname)%00%(upstream:short)%00%(objectname)%00%(upstream:track)%00%(upstream:remotename)%00%(upstream:remoteref) refs/heads/main refs/remotes/main [27ms]
2024-06-10 09:40:53.051 [info] > git status -z -uall [123ms]
2024-06-10 09:40:58.087 [info] > git config --get commit.template [8ms]
2024-06-10 09:40:58.100 [info] > git for-each-ref --format=%(refname)%00%(upstream:short)%00%(objectname)%00%(upstream:track)%00%(upstream:remotename)%00%(upstream:remoteref) refs/heads/main refs/remotes/main [0ms]
2024-06-10 09:40:58.333 [info] > git status -z -uall [209ms]
2024-06-10 09:40:58.413 [info] > git show --textconv :Challenge-2/Mod2Challenge/.git/Challenge-2/Module2Challenge.html [23ms]
2024-06-10 09:40:58.416 [info] > git ls-files --stage -- /home/paigec00/Challenge-2/Mod2Challenge/.git/Challenge-2/Module2Challenge.html [9ms]
2024-06-10 09:41:03.430 [info] > git config --get commit.template [41ms]
2024-06-10 09:41:03.446 [info] > git for-each-ref --format=%(refname)%00%(upstream:short)%00%(objectname)%00%(upstream:track)%00%(upstream:remotename)%00%(upstream:remoteref) refs/heads/main refs/remotes/main [19ms]
2024-06-10 09:41:03.594 [info] > git status -z -uall [109ms]
2024-06-10 09:41:08.688 [info] > git config --get commit.template [42ms]
2024-06-10 09:41:08.708 [info] > git for-each-ref --format=%(refname)%00%(upstream:short)%00%(objectname)%00%(upstream:track)%00%(upstream:remotename)%00%(upstream:remoteref) refs/heads/main refs/remotes/main [27ms]
2024-06-10 09:41:08.879 [info] > git status -z -uall [127ms]
2024-06-10 09:41:13.952 [info] > git config --get commit.template [16ms]
2024-06-10 09:41:14.015 [info] > git for-each-ref --format=%(refname)%00%(upstream:short)%00%(objectname)%00%(upstream:track)%00%(upstream:remotename)%00%(upstream:remoteref) refs/heads/main refs/remotes/main [38ms]
2024-06-10 09:41:14.182 [info] > git status -z -uall [148ms]
2024-06-11 14:03:05.153 [info] > git config --get commit.template [36ms]
2024-06-11 14:03:05.159 [info] > git for-each-ref --format=%(refname)%00%(upstream:short)%00%(objectname)%00%(upstream:track)%00%(upstream:remotename)%00%(upstream:remoteref) refs/heads/main refs/remotes/main [8ms]
2024-06-11 14:03:05.429 [info] > git status -z -uall [256ms]
2024-06-11 14:03:10.489 [info] > git config --get commit.template [12ms]
2024-06-11 14:03:10.491 [info] > git for-each-ref --format=%(refname)%00%(upstream:short)%00%(objectname)%00%(upstream:track)%00%(upstream:remotename)%00%(upstream:remoteref) refs/heads/main refs/remotes/main [5ms]
2024-06-11 14:03:10.634 [info] > git status -z -uall [133ms]
2024-06-11 14:03:21.104 [info] > git config --get commit.template [29ms]
2024-06-11 14:03:21.552 [info] > git for-each-ref --format=%(refname)%00%(upstream:short)%00%(objectname)%00%(upstream:track)%00%(upstream:remotename)%00%(upstream:remoteref) refs/heads/main refs/remotes/main [238ms]
2024-06-11 14:03:22.788 [info] > git status -z -uall [1067ms]
2024-06-11 14:06:26.647 [info] > git for-each-ref --format=%(refname)%00%(upstream:short)%00%(objectname)%00%(upstream:track)%00%(upstream:remotename)%00%(upstream:remoteref) refs/heads/main refs/remotes/main [13ms]
2024-06-11 14:06:26.647 [info] > git config --get commit.template [104ms]
2024-06-11 14:06:27.330 [info] > git status -z -uall [635ms]
2024-06-11 14:06:39.881 [info] > git config --get commit.template [14ms]
2024-06-11 14:06:39.885 [info] > git for-each-ref --format=%(refname)%00%(upstream:short)%00%(objectname)%00%(upstream:track)%00%(upstream:remotename)%00%(upstream:remoteref) refs/heads/main refs/remotes/main [5ms]
2024-06-11 14:06:40.034 [info] > git status -z -uall [137ms]
2024-06-11 14:06:59.933 [info] > git config --get commit.template [10ms]
2024-06-11 14:06:59.951 [info] > git for-each-ref --format=%(refname)%00%(upstream:short)%00%(objectname)%00%(upstream:track)%00%(upstream:remotename)%00%(upstream:remoteref) refs/heads/main refs/remotes/main [10ms]
2024-06-11 14:07:00.109 [info] > git status -z -uall [152ms]
2024-06-11 14:11:26.803 [info] > git config --get commit.template [7ms]
2024-06-11 14:11:26.805 [info] > git for-each-ref --format=%(refname)%00%(upstream:short)%00%(objectname)%00%(upstream:track)%00%(upstream:remotename)%00%(upstream:remoteref) refs/heads/main refs/remotes/main [3ms]
2024-06-11 14:11:26.917 [info] > git status -z -uall [92ms]
2024-06-11 14:12:00.126 [info] > git config --get commit.template [12ms]
2024-06-11 14:12:00.129 [info] > git for-each-ref --format=%(refname)%00%(upstream:short)%00%(objectname)%00%(upstream:track)%00%(upstream:remotename)%00%(upstream:remoteref) refs/heads/main refs/remotes/main [4ms]
2024-06-11 14:12:00.279 [info] > git status -z -uall [137ms]
2024-06-11 14:16:18.122 [info] > git for-each-ref --format=%(refname)%00%(upstream:short)%00%(objectname)%00%(upstream:track)%00%(upstream:remotename)%00%(upstream:remoteref) refs/heads/main refs/remotes/main [3ms]
2024-06-11 14:16:18.122 [info] > git config --get commit.template [51ms]
2024-06-11 14:16:18.902 [info] > git status -z -uall [739ms]
2024-06-11 14:17:52.424 [info] > git check-ignore -v -z --stdin [103ms]
2024-06-11 16:03:07.063 [info] > git config --get commit.template [1ms]
2024-06-11 16:03:07.079 [info] > git for-each-ref --format=%(refname)%00%(upstream:short)%00%(objectname)%00%(upstream:track)%00%(upstream:remotename)%00%(upstream:remoteref) refs/heads/main refs/remotes/main [8ms]
2024-06-11 16:03:07.282 [info] > git status -z -uall [192ms]
2024-06-11 16:03:12.339 [info] > git config --get commit.template [13ms]
2024-06-11 16:03:12.342 [info] > git for-each-ref --format=%(refname)%00%(upstream:short)%00%(objectname)%00%(upstream:track)%00%(upstream:remotename)%00%(upstream:remoteref) refs/heads/main refs/remotes/main [4ms]
2024-06-11 16:03:12.466 [info] > git status -z -uall [117ms]
2024-06-11 16:10:53.855 [info] > git for-each-ref --format=%(refname)%00%(upstream:short)%00%(objectname)%00%(upstream:track)%00%(upstream:remotename)%00%(upstream:remoteref) refs/heads/main refs/remotes/main [1ms]
2024-06-11 16:10:53.856 [info] > git config --get commit.template [23ms]
2024-06-11 16:10:54.117 [info] > git status -z -uall [254ms]
2024-06-11 16:10:59.194 [info] > git config --get commit.template [17ms]
2024-06-11 16:10:59.203 [info] > git for-each-ref --format=%(refname)%00%(upstream:short)%00%(objectname)%00%(upstream:track)%00%(upstream:remotename)%00%(upstream:remoteref) refs/heads/main refs/remotes/main [13ms]
2024-06-11 16:10:59.333 [info] > git status -z -uall [118ms]
2024-06-11 16:20:26.191 [info] > git config --get commit.template [15ms]
2024-06-11 16:20:26.192 [info] > git for-each-ref --format=%(refname)%00%(upstream:short)%00%(objectname)%00%(upstream:track)%00%(upstream:remotename)%00%(upstream:remoteref) refs/heads/main refs/remotes/main [2ms]
2024-06-11 16:20:26.505 [info] > git status -z -uall [306ms]
2024-06-11 16:20:31.570 [info] > git config --get commit.template [26ms]
2024-06-11 16:20:31.576 [info] > git for-each-ref --format=%(refname)%00%(upstream:short)%00%(objectname)%00%(upstream:track)%00%(upstream:remotename)%00%(upstream:remoteref) refs/heads/main refs/remotes/main [11ms]
2024-06-11 16:20:31.719 [info] > git status -z -uall [126ms]
2024-06-11 16:20:42.934 [info] > git config --get commit.template [14ms]
2024-06-11 16:20:42.936 [info] > git for-each-ref --format=%(refname)%00%(upstream:short)%00%(objectname)%00%(upstream:track)%00%(upstream:remotename)%00%(upstream:remoteref) refs/heads/main refs/remotes/main [6ms]
2024-06-11 16:20:43.042 [info] > git status -z -uall [100ms]
2024-06-11 16:21:30.075 [info] > git config --get commit.template [38ms]
2024-06-11 16:21:30.084 [info] > git for-each-ref --format=%(refname)%00%(upstream:short)%00%(objectname)%00%(upstream:track)%00%(upstream:remotename)%00%(upstream:remoteref) refs/heads/main refs/remotes/main [12ms]
2024-06-11 16:21:30.246 [info] > git status -z -uall [132ms]
2024-06-11 16:21:39.735 [info] > git for-each-ref --format=%(refname)%00%(upstream:short)%00%(objectname)%00%(upstream:track)%00%(upstream:remotename)%00%(upstream:remoteref) refs/heads/main refs/remotes/main [25ms]
2024-06-11 16:21:39.742 [info] > git config --get commit.template [9ms]
2024-06-11 16:21:39.884 [info] > git status -z -uall [119ms]
2024-06-11 16:21:44.948 [info] > git for-each-ref --format=%(refname)%00%(upstream:short)%00%(objectname)%00%(upstream:track)%00%(upstream:remotename)%00%(upstream:remoteref) refs/heads/main refs/remotes/main [26ms]
2024-06-11 16:21:44.954 [info] > git config --get commit.template [8ms]
2024-06-11 16:21:45.056 [info] > git status -z -uall [91ms]
2024-06-11 16:21:50.169 [info] > git config --get commit.template [59ms]
2024-06-11 16:21:50.172 [info] > git for-each-ref --format=%(refname)%00%(upstream:short)%00%(objectname)%00%(upstream:track)%00%(upstream:remotename)%00%(upstream:remoteref) refs/heads/main refs/remotes/main [18ms]
2024-06-11 16:21:50.302 [info] > git status -z -uall [102ms]
2024-06-11 16:21:55.347 [info] > git config --get commit.template [4ms]
2024-06-11 16:21:55.372 [info] > git for-each-ref --format=%(refname)%00%(upstream:short)%00%(objectname)%00%(upstream:track)%00%(upstream:remotename)%00%(upstream:remoteref) refs/heads/main refs/remotes/main [10ms]
2024-06-11 16:21:55.491 [info] > git status -z -uall [104ms]
2024-06-11 16:22:30.549 [info] > git config --get commit.template [73ms]
2024-06-11 16:22:30.563 [info] > git for-each-ref --format=%(refname)%00%(upstream:short)%00%(objectname)%00%(upstream:track)%00%(upstream:remotename)%00%(upstream:remoteref) refs/heads/main refs/remotes/main [25ms]
2024-06-11 16:22:30.703 [info] > git status -z -uall [113ms]
2024-06-11 16:22:35.756 [info] > git config --get commit.template [17ms]
2024-06-11 16:22:35.760 [info] > git for-each-ref --format=%(refname)%00%(upstream:short)%00%(objectname)%00%(upstream:track)%00%(upstream:remotename)%00%(upstream:remoteref) refs/heads/main refs/remotes/main [7ms]
2024-06-11 16:22:35.843 [info] > git status -z -uall [77ms]
2024-06-11 16:22:43.928 [info] > git config --get commit.template [18ms]
2024-06-11 16:22:43.930 [info] > git for-each-ref --format=%(refname)%00%(upstream:short)%00%(objectname)%00%(upstream:track)%00%(upstream:remotename)%00%(upstream:remoteref) refs/heads/main refs/remotes/main [3ms]
2024-06-11 16:22:44.029 [info] > git status -z -uall [95ms]
2024-06-11 16:22:49.069 [info] > git config --get commit.template [17ms]
2024-06-11 16:22:49.069 [info] > git for-each-ref --format=%(refname)%00%(upstream:short)%00%(objectname)%00%(upstream:track)%00%(upstream:remotename)%00%(upstream:remoteref) refs/heads/main refs/remotes/main [4ms]
2024-06-11 16:22:49.162 [info] > git status -z -uall [82ms]
2024-06-11 16:22:58.928 [info] > git config --get commit.template [12ms]
2024-06-11 16:22:58.947 [info] > git for-each-ref --format=%(refname)%00%(upstream:short)%00%(objectname)%00%(upstream:track)%00%(upstream:remotename)%00%(upstream:remoteref) refs/heads/main refs/remotes/main [2ms]
2024-06-11 16:22:59.037 [info] > git status -z -uall [86ms]
2024-06-11 16:23:05.401 [info] > git config --get commit.template [3ms]
2024-06-11 16:23:05.410 [info] > git for-each-ref --format=%(refname)%00%(upstream:short)%00%(objectname)%00%(upstream:track)%00%(upstream:remotename)%00%(upstream:remoteref) refs/heads/main refs/remotes/main [1ms]
2024-06-11 16:23:05.516 [info] > git status -z -uall [94ms]
2024-06-11 16:23:12.045 [info] > git config --get commit.template [40ms]
2024-06-11 16:23:12.050 [info] > git for-each-ref --format=%(refname)%00%(upstream:short)%00%(objectname)%00%(upstream:track)%00%(upstream:remotename)%00%(upstream:remoteref) refs/heads/main refs/remotes/main [13ms]
2024-06-11 16:23:12.201 [info] > git status -z -uall [125ms]
2024-06-11 16:23:20.550 [info] > git config --get commit.template [22ms]
2024-06-11 16:23:20.555 [info] > git for-each-ref --format=%(refname)%00%(upstream:short)%00%(objectname)%00%(upstream:track)%00%(upstream:remotename)%00%(upstream:remoteref) refs/heads/main refs/remotes/main [7ms]
2024-06-11 16:23:20.644 [info] > git status -z -uall [79ms]
2024-06-11 16:23:43.159 [info] > git for-each-ref --format=%(refname)%00%(upstream:short)%00%(objectname)%00%(upstream:track)%00%(upstream:remotename)%00%(upstream:remoteref) refs/heads/main refs/remotes/main [1ms]
2024-06-11 16:23:43.159 [info] > git config --get commit.template [20ms]
2024-06-11 16:23:43.284 [info] > git status -z -uall [120ms]
2024-06-11 16:24:15.653 [info] > git config --get commit.template [2ms]
2024-06-11 16:24:15.682 [info] > git for-each-ref --format=%(refname)%00%(upstream:short)%00%(objectname)%00%(upstream:track)%00%(upstream:remotename)%00%(upstream:remoteref) refs/heads/main refs/remotes/main [8ms]
2024-06-11 16:24:15.825 [info] > git status -z -uall [125ms]
2024-06-11 16:24:35.798 [info] > git for-each-ref --format=%(refname)%00%(upstream:short)%00%(objectname)%00%(upstream:track)%00%(upstream:remotename)%00%(upstream:remoteref) refs/heads/main refs/remotes/main [4ms]
2024-06-11 16:24:35.798 [info] > git config --get commit.template [18ms]
2024-06-11 16:24:35.894 [info] > git status -z -uall [87ms]
2024-06-11 16:24:40.931 [info] > git config --get commit.template [8ms]
2024-06-11 16:24:40.947 [info] > git for-each-ref --format=%(refname)%00%(upstream:short)%00%(objectname)%00%(upstream:track)%00%(upstream:remotename)%00%(upstream:remoteref) refs/heads/main refs/remotes/main [5ms]
2024-06-11 16:24:41.039 [info] > git status -z -uall [63ms]
2024-06-11 16:24:46.137 [info] > git config --get commit.template [48ms]
2024-06-11 16:24:46.146 [info] > git for-each-ref --format=%(refname)%00%(upstream:short)%00%(objectname)%00%(upstream:track)%00%(upstream:remotename)%00%(upstream:remoteref) refs/heads/main refs/remotes/main [16ms]
2024-06-11 16:24:46.321 [info] > git status -z -uall [152ms]
2024-06-11 16:24:51.389 [info] > git config --get commit.template [2ms]
2024-06-11 16:24:51.420 [info] > git for-each-ref --format=%(refname)%00%(upstream:short)%00%(objectname)%00%(upstream:track)%00%(upstream:remotename)%00%(upstream:remoteref) refs/heads/main refs/remotes/main [5ms]
2024-06-11 16:24:51.537 [info] > git status -z -uall [105ms]
2024-06-11 16:25:07.806 [info] > git config --get commit.template [15ms]
2024-06-11 16:25:07.847 [info] > git for-each-ref --format=%(refname)%00%(upstream:short)%00%(objectname)%00%(upstream:track)%00%(upstream:remotename)%00%(upstream:remoteref) refs/heads/main refs/remotes/main [16ms]
2024-06-11 16:25:07.984 [info] > git status -z -uall [110ms]
2024-06-11 16:25:13.066 [info] > git config --get commit.template [32ms]
2024-06-11 16:25:13.075 [info] > git for-each-ref --format=%(refname)%00%(upstream:short)%00%(objectname)%00%(upstream:track)%00%(upstream:remotename)%00%(upstream:remoteref) refs/heads/main refs/remotes/main [13ms]
2024-06-11 16:25:13.224 [info] > git status -z -uall [122ms]
2024-06-11 16:25:18.272 [info] > git config --get commit.template [12ms]
2024-06-11 16:25:18.275 [info] > git for-each-ref --format=%(refname)%00%(upstream:short)%00%(objectname)%00%(upstream:track)%00%(upstream:remotename)%00%(upstream:remoteref) refs/heads/main refs/remotes/main [3ms]
2024-06-11 16:25:18.358 [info] > git status -z -uall [78ms]
2024-06-11 16:25:23.384 [info] > git for-each-ref --format=%(refname)%00%(upstream:short)%00%(objectname)%00%(upstream:track)%00%(upstream:remotename)%00%(upstream:remoteref) refs/heads/main refs/remotes/main [3ms]
2024-06-11 16:25:23.384 [info] > git config --get commit.template [10ms]
2024-06-11 16:25:23.509 [info] > git status -z -uall [116ms]
2024-06-11 16:25:40.061 [info] > git config --get commit.template [4ms]
2024-06-11 16:25:40.078 [info] > git for-each-ref --format=%(refname)%00%(upstream:short)%00%(objectname)%00%(upstream:track)%00%(upstream:remotename)%00%(upstream:remoteref) refs/heads/main refs/remotes/main [2ms]
2024-06-11 16:25:40.170 [info] > git status -z -uall [85ms]
2024-06-11 16:25:45.241 [info] > git config --get commit.template [32ms]
2024-06-11 16:25:45.267 [info] > git for-each-ref --format=%(refname)%00%(upstream:short)%00%(objectname)%00%(upstream:track)%00%(upstream:remotename)%00%(upstream:remoteref) refs/heads/main refs/remotes/main [30ms]
2024-06-11 16:25:45.400 [info] > git status -z -uall [109ms]
2024-06-11 16:30:02.702 [info] > git config --get commit.template [17ms]
2024-06-11 16:30:02.710 [info] > git for-each-ref --format=%(refname)%00%(upstream:short)%00%(objectname)%00%(upstream:track)%00%(upstream:remotename)%00%(upstream:remoteref) refs/heads/main refs/remotes/main [9ms]
2024-06-11 16:30:02.876 [info] > git status -z -uall [157ms]
2024-06-11 16:30:07.974 [info] > git config --get commit.template [48ms]
2024-06-11 16:30:07.985 [info] > git for-each-ref --format=%(refname)%00%(upstream:short)%00%(objectname)%00%(upstream:track)%00%(upstream:remotename)%00%(upstream:remoteref) refs/heads/main refs/remotes/main [25ms]
2024-06-11 16:30:08.118 [info] > git status -z -uall [111ms]
2024-06-11 16:30:19.739 [info] > git config --get commit.template [18ms]
2024-06-11 16:30:19.741 [info] > git for-each-ref --format=%(refname)%00%(upstream:short)%00%(objectname)%00%(upstream:track)%00%(upstream:remotename)%00%(upstream:remoteref) refs/heads/main refs/remotes/main [2ms]
2024-06-11 16:30:19.834 [info] > git status -z -uall [85ms]
2024-06-11 16:30:42.991 [info] > git config --get commit.template [14ms]
2024-06-11 16:30:43.008 [info] > git for-each-ref --format=%(refname)%00%(upstream:short)%00%(objectname)%00%(upstream:track)%00%(upstream:remotename)%00%(upstream:remoteref) refs/heads/main refs/remotes/main [2ms]
2024-06-11 16:30:43.112 [info] > git status -z -uall [99ms]
2024-06-11 16:33:43.557 [info] > git config --get commit.template [8ms]
2024-06-11 16:33:43.557 [info] > git for-each-ref --format=%(refname)%00%(upstream:short)%00%(objectname)%00%(upstream:track)%00%(upstream:remotename)%00%(upstream:remoteref) refs/heads/main refs/remotes/main [3ms]
2024-06-11 16:33:43.668 [info] > git status -z -uall [106ms]
2024-06-11 16:34:15.744 [info] > git config --get commit.template [7ms]
2024-06-11 16:34:15.746 [info] > git for-each-ref --format=%(refname)%00%(upstream:short)%00%(objectname)%00%(upstream:track)%00%(upstream:remotename)%00%(upstream:remoteref) refs/heads/main refs/remotes/main [3ms]
2024-06-11 16:34:15.830 [info] > git status -z -uall [79ms]
2024-06-11 16:36:19.218 [info] > git config --get commit.template [14ms]
2024-06-11 16:36:19.258 [info] > git for-each-ref --format=%(refname)%00%(upstream:short)%00%(objectname)%00%(upstream:track)%00%(upstream:remotename)%00%(upstream:remoteref) refs/heads/main refs/remotes/main [6ms]
2024-06-11 16:36:19.410 [info] > git status -z -uall [140ms]
2024-06-11 16:36:24.481 [info] > git config --get commit.template [11ms]
2024-06-11 16:36:24.485 [info] > git for-each-ref --format=%(refname)%00%(upstream:short)%00%(objectname)%00%(upstream:track)%00%(upstream:remotename)%00%(upstream:remoteref) refs/heads/main refs/remotes/main [5ms]
2024-06-11 16:36:24.586 [info] > git status -z -uall [95ms]
2024-06-11 16:38:37.538 [info] > git check-ignore -v -z --stdin [19ms]
2024-06-11 16:41:25.613 [info] > git config --get commit.template [21ms]
2024-06-11 16:41:25.645 [info] > git for-each-ref --format=%(refname)%00%(upstream:short)%00%(objectname)%00%(upstream:track)%00%(upstream:remotename)%00%(upstream:remoteref) refs/heads/main refs/remotes/main [8ms]
2024-06-11 16:41:25.867 [info] > git status -z -uall [197ms]
2024-06-11 16:41:30.936 [info] > git config --get commit.template [29ms]
2024-06-11 16:41:30.953 [info] > git for-each-ref --format=%(refname)%00%(upstream:short)%00%(objectname)%00%(upstream:track)%00%(upstream:remotename)%00%(upstream:remoteref) refs/heads/main refs/remotes/main [31ms]
2024-06-11 16:41:31.081 [info] > git status -z -uall [105ms]
2024-06-11 16:41:43.091 [info] > git config --get commit.template [39ms]
2024-06-11 16:41:43.092 [info] > git for-each-ref --format=%(refname)%00%(upstream:short)%00%(objectname)%00%(upstream:track)%00%(upstream:remotename)%00%(upstream:remoteref) refs/heads/main refs/remotes/main [6ms]
2024-06-11 16:41:43.186 [info] > git status -z -uall [85ms]
2024-06-11 16:42:43.077 [info] > git config --get commit.template [19ms]
2024-06-11 16:42:43.082 [info] > git for-each-ref --format=%(refname)%00%(upstream:short)%00%(objectname)%00%(upstream:track)%00%(upstream:remotename)%00%(upstream:remoteref) refs/heads/main refs/remotes/main [6ms]
2024-06-11 16:42:43.166 [info] > git status -z -uall [78ms]
2024-06-11 16:43:08.584 [info] > git config --get commit.template [64ms]
2024-06-11 16:43:08.592 [info] > git for-each-ref --format=%(refname)%00%(upstream:short)%00%(objectname)%00%(upstream:track)%00%(upstream:remotename)%00%(upstream:remoteref) refs/heads/main refs/remotes/main [24ms]
2024-06-11 16:43:08.713 [info] > git status -z -uall [106ms]
2024-06-11 16:43:13.765 [info] > git for-each-ref --format=%(refname)%00%(upstream:short)%00%(objectname)%00%(upstream:track)%00%(upstream:remotename)%00%(upstream:remoteref) refs/heads/main refs/remotes/main [2ms]
2024-06-11 16:43:13.767 [info] > git config --get commit.template [31ms]
2024-06-11 16:43:13.864 [info] > git status -z -uall [91ms]
2024-06-11 16:43:45.388 [info] > git config --get commit.template [14ms]
2024-06-11 16:43:45.413 [info] > git for-each-ref --format=%(refname)%00%(upstream:short)%00%(objectname)%00%(upstream:track)%00%(upstream:remotename)%00%(upstream:remoteref) refs/heads/main refs/remotes/main [4ms]
2024-06-11 16:43:45.705 [info] > git status -z -uall [270ms]
2024-06-11 16:44:31.397 [info] > git for-each-ref --format=%(refname)%00%(upstream:short)%00%(objectname)%00%(upstream:track)%00%(upstream:remotename)%00%(upstream:remoteref) refs/heads/main refs/remotes/main [3ms]
2024-06-11 16:44:31.397 [info] > git config --get commit.template [26ms]
2024-06-11 16:44:31.528 [info] > git status -z -uall [109ms]
2024-06-11 16:44:36.573 [info] > git config --get commit.template [3ms]
2024-06-11 16:44:36.586 [info] > git for-each-ref --format=%(refname)%00%(upstream:short)%00%(objectname)%00%(upstream:track)%00%(upstream:remotename)%00%(upstream:remoteref) refs/heads/main refs/remotes/main [4ms]
2024-06-11 16:44:36.739 [info] > git status -z -uall [143ms]
2024-06-11 16:44:41.874 [info] > git for-each-ref --format=%(refname)%00%(upstream:short)%00%(objectname)%00%(upstream:track)%00%(upstream:remotename)%00%(upstream:remoteref) refs/heads/main refs/remotes/main [3ms]
2024-06-11 16:44:41.874 [info] > git config --get commit.template [42ms]
2024-06-11 16:44:41.995 [info] > git status -z -uall [108ms]
2024-06-11 16:44:47.064 [info] > git config --get commit.template [3ms]
2024-06-11 16:44:47.081 [info] > git for-each-ref --format=%(refname)%00%(upstream:short)%00%(objectname)%00%(upstream:track)%00%(upstream:remotename)%00%(upstream:remoteref) refs/heads/main refs/remotes/main [6ms]
2024-06-11 16:44:47.204 [info] > git status -z -uall [117ms]
2024-06-11 16:46:08.021 [info] > git check-ignore -v -z --stdin [13ms]
2024-06-11 16:46:13.868 [info] > git show --textconv :Challenge-2/Mod2Challenge/.git/Challenge-2/Module2Challenge.html [16ms]
2024-06-11 16:46:13.890 [info] > git ls-files --stage -- /home/paigec00/Challenge-2/Mod2Challenge/.git/Challenge-2/Module2Challenge.html [22ms]
2024-06-11 16:46:48.130 [info] > git config --get commit.template [9ms]
2024-06-11 16:46:48.181 [info] > git for-each-ref --format=%(refname)%00%(upstream:short)%00%(objectname)%00%(upstream:track)%00%(upstream:remotename)%00%(upstream:remoteref) refs/heads/main refs/remotes/main [25ms]
2024-06-11 16:46:48.381 [info] > git status -z -uall [185ms]
2024-06-11 16:46:53.402 [info] > git config --get commit.template [2ms]
2024-06-11 16:46:53.438 [info] > git for-each-ref --format=%(refname)%00%(upstream:short)%00%(objectname)%00%(upstream:track)%00%(upstream:remotename)%00%(upstream:remoteref) refs/heads/main refs/remotes/main [8ms]
2024-06-11 16:46:53.667 [info] > git status -z -uall [218ms]
2024-06-11 16:47:29.721 [info] > git config --get commit.template [24ms]
2024-06-11 16:47:29.723 [info] > git for-each-ref --format=%(refname)%00%(upstream:short)%00%(objectname)%00%(upstream:track)%00%(upstream:remotename)%00%(upstream:remoteref) refs/heads/main refs/remotes/main [5ms]
2024-06-11 16:47:29.885 [info] > git status -z -uall [149ms]
2024-06-11 16:47:33.287 [info] > git show --textconv :Challenge-2/Mod2Challenge/Module2Challenge.html [9ms]
2024-06-11 16:47:33.293 [info] > git ls-files --stage -- /home/paigec00/Challenge-2/Mod2Challenge/Module2Challenge.html [7ms]
2024-06-11 16:47:34.803 [info] > git show --textconv :Challenge-2/Mod2Challenge/README.md [53ms]
2024-06-11 16:47:34.803 [info] > git ls-files --stage -- /home/paigec00/Challenge-2/Mod2Challenge/README.md [15ms]
2024-06-11 16:47:35.847 [info] > git show --textconv :Challenge-2/Mod2Challenge/Module2Challenge.html [26ms]
2024-06-11 16:47:35.862 [info] > git ls-files --stage -- /home/paigec00/Challenge-2/Mod2Challenge/Module2Challenge.html [17ms]
2024-06-11 16:47:37.158 [info] > git config --get commit.template [45ms]
2024-06-11 16:47:37.166 [info] > git for-each-ref --format=%(refname)%00%(upstream:short)%00%(objectname)%00%(upstream:track)%00%(upstream:remotename)%00%(upstream:remoteref) refs/heads/main refs/remotes/main [16ms]
2024-06-11 16:47:37.356 [info] > git status -z -uall [131ms]
2024-06-11 16:47:43.232 [info] > git config --get commit.template [10ms]
2024-06-11 16:47:43.236 [info] > git for-each-ref --format=%(refname)%00%(upstream:short)%00%(objectname)%00%(upstream:track)%00%(upstream:remotename)%00%(upstream:remoteref) refs/heads/main refs/remotes/main [5ms]
2024-06-11 16:47:43.352 [info] > git status -z -uall [109ms]
2024-06-11 16:47:44.786 [info] > git show --textconv :Challenge-2/Mod2Challenge/.git/Challenge-2/Module2Challenge.html [15ms]
2024-06-11 16:47:44.814 [info] > git ls-files --stage -- /home/paigec00/Challenge-2/Mod2Challenge/.git/Challenge-2/Module2Challenge.html [32ms]
2024-06-11 16:47:48.436 [info] > git config --get commit.template [30ms]
2024-06-11 16:47:48.447 [info] > git for-each-ref --format=%(refname)%00%(upstream:short)%00%(objectname)%00%(upstream:track)%00%(upstream:remotename)%00%(upstream:remoteref) refs/heads/main refs/remotes/main [14ms]
2024-06-11 16:47:48.609 [info] > git status -z -uall [147ms]
2024-06-11 16:54:21.079 [info] > git for-each-ref --format=%(refname)%00%(upstream:short)%00%(objectname)%00%(upstream:track)%00%(upstream:remotename)%00%(upstream:remoteref) refs/heads/main refs/remotes/main [1ms]
2024-06-11 16:54:21.083 [info] > git config --get commit.template [26ms]
2024-06-11 16:54:21.480 [info] > git status -z -uall [392ms]
2024-06-11 16:54:26.555 [info] > git config --get commit.template [9ms]
2024-06-11 16:54:26.596 [info] > git for-each-ref --format=%(refname)%00%(upstream:short)%00%(objectname)%00%(upstream:track)%00%(upstream:remotename)%00%(upstream:remoteref) refs/heads/main refs/remotes/main [3ms]
2024-06-11 16:54:26.717 [info] > git status -z -uall [111ms]
