2024-06-01 21:53:37.800 [info] update#setState idle
2024-06-01 21:54:07.536 [info] update#setState checking for updates
2024-06-01 21:54:07.712 [info] update#setState idle
2024-06-01 22:11:21.237 [error] Blocked vscode-webview request vscode-webview://05c5mab986864mb37itjakdj23n1tt7j6e2t0mtgu6k9f2hc5t04/index.html?id=07c55698-ffd7-4445-90fc-9fa57364a6ad&origin=07c55698-ffd7-4445-90fc-9fa57364a6ad&swVersion=4&extensionId=&platform=electron&vscode-resource-base-authority=vscode-resource.vscode-cdn.net&parentOrigin=vscode-file%3A%2F%2Fvscode-app&disableServiceWorker=true
2024-06-01 22:11:21.331 [error] CodeWindow: failed to load (reason: ERR_BLOCKED_BY_CLIENT, code: -20)
2024-06-01 22:11:31.395 [error] Blocked vscode-webview request vscode-webview://05c5mab986864mb37itjakdj23n1tt7j6e2t0mtgu6k9f2hc5t04/index.html?id=07c55698-ffd7-4445-90fc-9fa57364a6ad&origin=07c55698-ffd7-4445-90fc-9fa57364a6ad&swVersion=4&extensionId=&platform=electron&vscode-resource-base-authority=vscode-resource.vscode-cdn.net&parentOrigin=vscode-file%3A%2F%2Fvscode-app&disableServiceWorker=true
2024-06-01 22:11:31.507 [error] CodeWindow: failed to load (reason: ERR_BLOCKED_BY_CLIENT, code: -20)
2024-06-01 22:54:07.544 [info] update#setState checking for updates
2024-06-01 22:54:08.083 [info] update#setState idle
2024-06-02 01:10:08.073 [error] Blocked vscode-webview request vscode-webview://05c5mab986864mb37itjakdj23n1tt7j6e2t0mtgu6k9f2hc5t04/index.html?id=07c55698-ffd7-4445-90fc-9fa57364a6ad&origin=07c55698-ffd7-4445-90fc-9fa57364a6ad&swVersion=4&extensionId=&platform=electron&vscode-resource-base-authority=vscode-resource.vscode-cdn.net&parentOrigin=vscode-file%3A%2F%2Fvscode-app&disableServiceWorker=true
2024-06-02 01:10:08.195 [error] CodeWindow: failed to load (reason: ERR_BLOCKED_BY_CLIENT, code: -20)
2024-06-02 01:23:18.864 [info] update#setState checking for updates
2024-06-02 01:23:19.195 [info] update#setState idle
2024-06-02 01:31:22.617 [error] Blocked vscode-webview request vscode-webview://05c5mab986864mb37itjakdj23n1tt7j6e2t0mtgu6k9f2hc5t04/index.html?id=07c55698-ffd7-4445-90fc-9fa57364a6ad&origin=07c55698-ffd7-4445-90fc-9fa57364a6ad&swVersion=4&extensionId=&platform=electron&vscode-resource-base-authority=vscode-resource.vscode-cdn.net&parentOrigin=vscode-file%3A%2F%2Fvscode-app&disableServiceWorker=true
2024-06-02 01:31:22.710 [error] CodeWindow: failed to load (reason: ERR_BLOCKED_BY_CLIENT, code: -20)
2024-06-02 01:31:30.777 [error] Blocked vscode-webview request vscode-webview://05c5mab986864mb37itjakdj23n1tt7j6e2t0mtgu6k9f2hc5t04/index.html?id=07c55698-ffd7-4445-90fc-9fa57364a6ad&origin=07c55698-ffd7-4445-90fc-9fa57364a6ad&swVersion=4&extensionId=&platform=electron&vscode-resource-base-authority=vscode-resource.vscode-cdn.net&parentOrigin=vscode-file%3A%2F%2Fvscode-app&disableServiceWorker=true
2024-06-02 01:31:30.854 [error] CodeWindow: failed to load (reason: ERR_BLOCKED_BY_CLIENT, code: -20)
2024-06-02 01:43:49.880 [error] Blocked vscode-webview request vscode-webview://05c5mab986864mb37itjakdj23n1tt7j6e2t0mtgu6k9f2hc5t04/index.html?id=07c55698-ffd7-4445-90fc-9fa57364a6ad&origin=07c55698-ffd7-4445-90fc-9fa57364a6ad&swVersion=4&extensionId=&platform=electron&vscode-resource-base-authority=vscode-resource.vscode-cdn.net&parentOrigin=vscode-file%3A%2F%2Fvscode-app&disableServiceWorker=true
2024-06-02 01:43:49.982 [error] CodeWindow: failed to load (reason: ERR_BLOCKED_BY_CLIENT, code: -20)
2024-06-02 01:45:55.274 [error] Blocked vscode-webview request vscode-webview://05c5mab986864mb37itjakdj23n1tt7j6e2t0mtgu6k9f2hc5t04/index.html?id=07c55698-ffd7-4445-90fc-9fa57364a6ad&origin=07c55698-ffd7-4445-90fc-9fa57364a6ad&swVersion=4&extensionId=&platform=electron&vscode-resource-base-authority=vscode-resource.vscode-cdn.net&parentOrigin=vscode-file%3A%2F%2Fvscode-app&disableServiceWorker=true
2024-06-02 01:45:55.338 [error] CodeWindow: failed to load (reason: ERR_BLOCKED_BY_CLIENT, code: -20)
2024-06-02 01:46:20.498 [error] Blocked vscode-webview request vscode-webview://05c5mab986864mb37itjakdj23n1tt7j6e2t0mtgu6k9f2hc5t04/index.html?id=07c55698-ffd7-4445-90fc-9fa57364a6ad&origin=07c55698-ffd7-4445-90fc-9fa57364a6ad&swVersion=4&extensionId=&platform=electron&vscode-resource-base-authority=vscode-resource.vscode-cdn.net&parentOrigin=vscode-file%3A%2F%2Fvscode-app&disableServiceWorker=true
2024-06-02 01:46:20.614 [error] CodeWindow: failed to load (reason: ERR_BLOCKED_BY_CLIENT, code: -20)
2024-06-02 02:07:21.122 [warning] No ptyHost heartbeat after 6 seconds
2024-06-02 02:08:39.726 [warning] No ptyHost heartbeat after 6 seconds
