2024-06-01 21:53:44.237 [info] Started initializing default profile extensions in extensions installation folder. file:///home/paigec00/.vscode/extensions
2024-06-01 21:53:44.843 [warning] Failed to create default profile extensions manifest in extensions installation folder. file:///home/paigec00/.vscode/extensions Unable to create file 'vscode-userdata:/home/paigec00/.vscode/extensions/extensions.json' that already exists when overwrite flag is not set
2024-06-01 21:53:44.844 [info] Completed initializing default profile extensions in extensions installation folder. file:///home/paigec00/.vscode/extensions
2024-06-01 21:53:45.469 [error] [uncaught exception in sharedProcess]: Error: ENOENT: no such file or directory, stat '/home/paigec00/.vscode/extensions/extensions.json.vsctmp': EntryNotFound (FileSystemError): Error: ENOENT: no such file or directory, stat '/home/paigec00/.vscode/extensions/extensions.json.vsctmp'
    at a.create (/usr/share/code/resources/app/out/vs/code/node/sharedProcess/sharedProcessMain.js:53:30019)
    at b (/usr/share/code/resources/app/out/vs/code/node/sharedProcess/sharedProcessMain.js:53:30130)
    at t.hb (/usr/share/code/resources/app/out/vs/code/node/sharedProcess/sharedProcessMain.js:58:36600)
    at t.stat (/usr/share/code/resources/app/out/vs/code/node/sharedProcess/sharedProcessMain.js:58:29040)
    at async $.stat (/usr/share/code/resources/app/out/vs/code/node/sharedProcess/sharedProcessMain.js:58:16186)
    at async J.sb (/usr/share/code/resources/app/out/vs/code/node/sharedProcess/sharedProcessMain.js:104:109501)
2024-06-01 21:58:25.919 [info] Getting Manifest... ritwickdey.liveserver
2024-06-01 21:58:25.958 [info] Installing extension: ritwickdey.liveserver
2024-06-01 21:58:32.452 [info] Extension signature verification result for ritwickdey.liveserver: Success. Duration: 3963ms.
2024-06-01 21:58:57.551 [info] Extracted extension to file:///home/paigec00/.vscode/extensions/ritwickdey.liveserver-5.7.9: ritwickdey.liveserver
2024-06-01 21:58:57.631 [info] Renamed to /home/paigec00/.vscode/extensions/ritwickdey.liveserver-5.7.9
2024-06-01 21:58:57.639 [info] Extracting extension completed. ritwickdey.liveserver
2024-06-01 21:58:57.680 [info] Extension installed successfully: ritwickdey.liveserver
2024-06-01 21:58:57.763 [error] [uncaught exception in sharedProcess]: Error: ENOENT: no such file or directory, stat '/home/paigec00/.vscode/extensions/extensions.json.vsctmp': EntryNotFound (FileSystemError): Error: ENOENT: no such file or directory, stat '/home/paigec00/.vscode/extensions/extensions.json.vsctmp'
    at a.create (/usr/share/code/resources/app/out/vs/code/node/sharedProcess/sharedProcessMain.js:53:30019)
    at b (/usr/share/code/resources/app/out/vs/code/node/sharedProcess/sharedProcessMain.js:53:30130)
    at t.hb (/usr/share/code/resources/app/out/vs/code/node/sharedProcess/sharedProcessMain.js:58:36600)
    at t.stat (/usr/share/code/resources/app/out/vs/code/node/sharedProcess/sharedProcessMain.js:58:29040)
    at async $.stat (/usr/share/code/resources/app/out/vs/code/node/sharedProcess/sharedProcessMain.js:58:16186)
    at async J.sb (/usr/share/code/resources/app/out/vs/code/node/sharedProcess/sharedProcessMain.js:104:109501)
