2024-06-08 20:29:39.087 [info] Extension host with pid 444 started
2024-06-08 20:29:39.088 [info] Skipping acquiring lock for /home/paigec00/.config/Code/User/workspaceStorage/501fde971a8aff14d1c21e3d62abea22.
2024-06-08 20:29:39.289 [info] ExtensionService#_doActivateExtension vscode.git-base, startup: true, activationEvent: '*', root cause: vscode.git
2024-06-08 20:29:39.421 [info] ExtensionService#_doActivateExtension vscode.git, startup: true, activationEvent: '*'
2024-06-08 20:29:39.598 [info] ExtensionService#_doActivateExtension vscode.github, startup: true, activationEvent: '*'
2024-06-08 20:29:40.326 [info] Eager extensions activated
2024-06-08 20:29:40.589 [info] ExtensionService#_doActivateExtension vscode.debug-auto-launch, startup: false, activationEvent: 'onStartupFinished'
2024-06-08 20:29:40.631 [info] ExtensionService#_doActivateExtension vscode.merge-conflict, startup: false, activationEvent: 'onStartupFinished'
2024-06-08 20:29:40.736 [info] ExtensionService#_doActivateExtension ritwickdey.LiveServer, startup: false, activationEvent: 'onStartupFinished'
2024-06-08 20:29:43.693 [warning] [Decorations] CAPPING events from decorations provider vscode.git 5662
2024-06-08 20:29:47.523 [warning] [Decorations] CAPPING events from decorations provider vscode.git 5662
2024-06-08 20:35:45.606 [warning] [Decorations] CAPPING events from decorations provider vscode.git 5662
2024-06-08 20:35:51.170 [warning] [Decorations] CAPPING events from decorations provider vscode.git 5662
2024-06-08 20:35:56.593 [warning] [Decorations] CAPPING events from decorations provider vscode.git 5662
2024-06-08 20:36:04.609 [warning] [Decorations] CAPPING events from decorations provider vscode.git 5662
2024-06-08 20:36:10.106 [warning] [Decorations] CAPPING events from decorations provider vscode.git 5663
2024-06-08 20:36:15.798 [warning] [Decorations] CAPPING events from decorations provider vscode.git 5663
2024-06-08 20:36:21.555 [warning] [Decorations] CAPPING events from decorations provider vscode.git 5663
2024-06-08 20:36:27.066 [warning] [Decorations] CAPPING events from decorations provider vscode.git 5664
2024-06-08 20:36:33.196 [warning] [Decorations] CAPPING events from decorations provider vscode.git 5664
2024-06-08 20:36:38.751 [warning] [Decorations] CAPPING events from decorations provider vscode.git 5664
2024-06-08 20:36:44.189 [warning] [Decorations] CAPPING events from decorations provider vscode.git 5664
2024-06-08 20:36:49.673 [warning] [Decorations] CAPPING events from decorations provider vscode.git 5664
2024-06-08 20:36:55.200 [warning] [Decorations] CAPPING events from decorations provider vscode.git 5664
2024-06-08 20:37:00.987 [warning] [Decorations] CAPPING events from decorations provider vscode.git 5664
2024-06-08 20:37:06.459 [warning] [Decorations] CAPPING events from decorations provider vscode.git 5664
2024-06-08 20:37:14.039 [warning] [Decorations] CAPPING events from decorations provider vscode.git 5664
2024-06-08 20:37:21.252 [warning] [Decorations] CAPPING events from decorations provider vscode.git 5664
2024-06-08 20:37:50.025 [warning] [Decorations] CAPPING events from decorations provider vscode.git 5664
2024-06-08 20:38:30.293 [warning] [Decorations] CAPPING events from decorations provider vscode.git 5664
2024-06-08 20:38:38.415 [warning] [Decorations] CAPPING events from decorations provider vscode.git 5664
2024-06-08 20:38:49.699 [warning] [Decorations] CAPPING events from decorations provider vscode.git 5664
2024-06-08 20:39:11.688 [warning] [Decorations] CAPPING events from decorations provider vscode.git 5664
2024-06-08 20:39:22.508 [warning] [Decorations] CAPPING events from decorations provider vscode.git 5664
2024-06-08 20:39:43.070 [warning] [Decorations] CAPPING events from decorations provider vscode.git 5664
2024-06-08 20:40:24.946 [warning] [Decorations] CAPPING events from decorations provider vscode.git 5664
2024-06-08 20:40:55.243 [warning] [Decorations] CAPPING events from decorations provider vscode.git 5664
2024-06-08 20:41:04.290 [warning] [Decorations] CAPPING events from decorations provider vscode.git 5664
2024-06-08 20:41:17.465 [warning] [Decorations] CAPPING events from decorations provider vscode.git 5664
2024-06-08 20:41:59.017 [warning] [Decorations] CAPPING events from decorations provider vscode.git 5664
2024-06-08 20:42:23.145 [warning] [Decorations] CAPPING events from decorations provider vscode.git 5664
2024-06-08 20:42:46.307 [warning] [Decorations] CAPPING events from decorations provider vscode.git 5664
2024-06-08 20:43:00.953 [warning] [Decorations] CAPPING events from decorations provider vscode.git 5664
2024-06-08 20:43:26.835 [warning] [Decorations] CAPPING events from decorations provider vscode.git 5664
2024-06-08 20:43:34.563 [warning] [Decorations] CAPPING events from decorations provider vscode.git 5664
2024-06-08 20:43:47.539 [warning] [Decorations] CAPPING events from decorations provider vscode.git 5664
2024-06-08 20:44:04.273 [warning] [Decorations] CAPPING events from decorations provider vscode.git 5664
2024-06-08 20:44:10.140 [warning] [Decorations] CAPPING events from decorations provider vscode.git 5664
2024-06-08 20:44:15.742 [warning] [Decorations] CAPPING events from decorations provider vscode.git 5664
2024-06-08 20:44:21.331 [warning] [Decorations] CAPPING events from decorations provider vscode.git 5664
2024-06-08 20:44:26.938 [warning] [Decorations] CAPPING events from decorations provider vscode.git 5664
2024-06-08 20:44:32.544 [warning] [Decorations] CAPPING events from decorations provider vscode.git 5664
2024-06-08 20:44:38.134 [warning] [Decorations] CAPPING events from decorations provider vscode.git 5664
2024-06-08 20:44:43.587 [warning] [Decorations] CAPPING events from decorations provider vscode.git 5664
2024-06-08 20:44:49.031 [warning] [Decorations] CAPPING events from decorations provider vscode.git 5664
2024-06-08 20:44:54.500 [warning] [Decorations] CAPPING events from decorations provider vscode.git 5664
2024-06-08 20:44:59.937 [warning] [Decorations] CAPPING events from decorations provider vscode.git 5664
2024-06-08 20:45:05.460 [warning] [Decorations] CAPPING events from decorations provider vscode.git 5664
2024-06-08 20:45:11.005 [warning] [Decorations] CAPPING events from decorations provider vscode.git 5664
2024-06-08 20:45:16.645 [warning] [Decorations] CAPPING events from decorations provider vscode.git 5664
2024-06-08 20:45:22.319 [warning] [Decorations] CAPPING events from decorations provider vscode.git 5664
2024-06-08 20:45:28.018 [warning] [Decorations] CAPPING events from decorations provider vscode.git 5664
2024-06-08 20:45:33.593 [warning] [Decorations] CAPPING events from decorations provider vscode.git 5664
2024-06-08 20:45:39.088 [warning] [Decorations] CAPPING events from decorations provider vscode.git 5664
2024-06-08 20:45:44.613 [warning] [Decorations] CAPPING events from decorations provider vscode.git 5664
2024-06-08 20:45:50.199 [warning] [Decorations] CAPPING events from decorations provider vscode.git 5664
2024-06-08 20:45:55.459 [info] ExtensionService#_doActivateExtension vscode.github-authentication, startup: false, activationEvent: 'onAuthenticationRequest:github'
2024-06-08 20:45:56.065 [warning] [Decorations] CAPPING events from decorations provider vscode.git 5665
2024-06-08 20:46:23.489 [info] ExtensionService#_doActivateExtension vscode.json-language-features, startup: false, activationEvent: 'onLanguage:jsonc'
2024-06-08 20:46:23.752 [info] ExtensionService#_doActivateExtension vscode.typescript-language-features, startup: false, activationEvent: 'onLanguage:jsonc'
2024-06-08 20:46:24.019 [info] ExtensionService#_doActivateExtension vscode.emmet, startup: false, activationEvent: 'onLanguage'
2024-06-08 20:46:24.667 [warning] [Decorations] CAPPING events from decorations provider vscode.git 5667
2024-06-08 20:46:32.659 [warning] [Decorations] CAPPING events from decorations provider vscode.git 5668
2024-06-08 20:52:32.068 [warning] [Decorations] CAPPING events from decorations provider vscode.git 5670
2024-06-08 20:52:38.819 [warning] [Decorations] CAPPING events from decorations provider vscode.git 5670
2024-06-08 20:52:46.682 [warning] [Decorations] CAPPING events from decorations provider vscode.git 5670
2024-06-08 20:52:55.821 [warning] [Decorations] CAPPING events from decorations provider vscode.git 5670
2024-06-08 20:53:01.365 [warning] [Decorations] CAPPING events from decorations provider vscode.git 5670
2024-06-08 20:53:06.858 [warning] [Decorations] CAPPING events from decorations provider vscode.git 5670
2024-06-08 20:53:12.462 [warning] [Decorations] CAPPING events from decorations provider vscode.git 5670
2024-06-08 20:53:18.348 [warning] [Decorations] CAPPING events from decorations provider vscode.git 5670
2024-06-08 20:53:20.083 [info] ExtensionService#_doActivateExtension vscode.npm, startup: false, activationEvent: 'onTerminalQuickFixRequest:ms-vscode.npm-command'
2024-06-08 20:53:24.072 [warning] [Decorations] CAPPING events from decorations provider vscode.git 5671
2024-06-08 20:53:29.583 [warning] [Decorations] CAPPING events from decorations provider vscode.git 5671
2024-06-08 20:53:35.148 [warning] [Decorations] CAPPING events from decorations provider vscode.git 5670
2024-06-08 20:53:40.635 [warning] [Decorations] CAPPING events from decorations provider vscode.git 5670
2024-06-08 20:53:46.080 [warning] [Decorations] CAPPING events from decorations provider vscode.git 5670
2024-06-08 20:54:47.234 [warning] [Decorations] CAPPING events from decorations provider vscode.git 5670
2024-06-08 20:54:52.713 [warning] [Decorations] CAPPING events from decorations provider vscode.git 5670
2024-06-08 20:54:58.392 [warning] [Decorations] CAPPING events from decorations provider vscode.git 5670
2024-06-08 20:55:03.900 [warning] [Decorations] CAPPING events from decorations provider vscode.git 5670
2024-06-08 20:55:09.521 [warning] [Decorations] CAPPING events from decorations provider vscode.git 5670
2024-06-08 20:55:15.041 [warning] [Decorations] CAPPING events from decorations provider vscode.git 5670
2024-06-08 20:55:20.605 [warning] [Decorations] CAPPING events from decorations provider vscode.git 5670
2024-06-08 20:55:26.142 [warning] [Decorations] CAPPING events from decorations provider vscode.git 5670
