2024-06-08 20:45:55.641 [info] Reading sessions from keychain...
2024-06-08 20:45:55.642 [info] Getting sessions for all scopes...
2024-06-08 20:45:55.642 [info] Getting sessions for all scopes...
2024-06-08 20:45:55.642 [info] Got 0 sessions for ...
2024-06-08 20:45:55.642 [info] Got 0 sessions for ...
2024-06-08 20:45:55.643 [info] Getting sessions for read:user,repo,user:email,workflow...
2024-06-08 20:45:55.643 [info] Got 0 sessions for read:user,repo,user:email,workflow...
2024-06-08 20:45:55.687 [info] Getting sessions for all scopes...
2024-06-08 20:45:55.687 [info] Got 0 sessions for ...
2024-06-08 20:45:58.370 [info] Logging in for the following scopes: read:user repo user:email workflow
2024-06-08 20:45:58.400 [info] Trying without local server... (read:user repo user:email workflow)
2024-06-08 20:46:10.008 [info] Exchanging code for token...
2024-06-08 20:46:10.430 [info] Token exchange success!
2024-06-08 20:46:10.432 [info] Getting user info...
2024-06-08 20:46:10.916 [info] Got account info!
2024-06-08 20:46:10.918 [info] Storing 1 sessions...
2024-06-08 20:46:24.249 [info] Reading sessions from keychain...
2024-06-08 20:46:24.249 [info] Stored 1 sessions!
2024-06-08 20:46:24.252 [info] Login success!
2024-06-08 20:46:24.412 [info] Got stored sessions!
2024-06-08 20:46:24.412 [info] Got 1 verified sessions.
