2024-07-16 03:04:25.546 [info] Log level: Info
2024-07-16 03:04:25.546 [info] Validating found git in: "git"
2024-07-16 03:04:25.546 [info] Using git "2.39.2" from "git"
2024-07-16 03:04:25.547 [warning] [swsf] Unable to read folder '/home/paigec00/SuperTeamProject/super-team-project': Error: ENOENT: no such file or directory, scandir '/home/paigec00/SuperTeamProject/super-team-project'
2024-07-16 03:04:25.547 [info] > git rev-parse --show-toplevel [18ms]
2024-07-16 03:04:25.572 [info] > git rev-parse --git-dir --git-common-dir [28ms]
2024-07-16 03:04:25.653 [info] Open repository: /home/paigec00
2024-07-16 03:04:25.673 [warning] Failed to get repository realpath for: "/home/paigec00/SuperTeamProject/super-team-project". Error: ENOENT: no such file or directory, realpath '/home/paigec00/SuperTeamProject/super-team-project'
2024-07-16 03:04:25.732 [info] > git config --get commit.template [58ms]
2024-07-16 03:04:25.749 [info] > git rev-parse --show-toplevel [23ms]
2024-07-16 03:04:25.835 [info] > git for-each-ref --format=%(refname)%00%(upstream:short)%00%(objectname)%00%(upstream:track)%00%(upstream:remotename)%00%(upstream:remoteref) refs/heads/super_feature refs/remotes/super_feature [39ms]
2024-07-16 03:04:25.901 [info] > git rev-parse --git-dir --git-common-dir [67ms]
2024-07-16 03:04:25.972 [info] Open repository: /home/paigec00/MusicBox/MusicBoxProject
2024-07-16 03:04:26.133 [info] > git rev-parse --show-toplevel [14ms]
2024-07-16 03:04:26.138 [info] > git config --get commit.template [34ms]
2024-07-16 03:04:26.176 [info] > git rev-parse --show-toplevel [21ms]
2024-07-16 03:04:26.200 [info] > git rev-parse --show-toplevel [9ms]
2024-07-16 03:04:26.200 [info] > git for-each-ref --format=%(refname)%00%(upstream:short)%00%(objectname)%00%(upstream:track)%00%(upstream:remotename)%00%(upstream:remoteref) refs/heads/last.fmapi/savethissong refs/remotes/last.fmapi/savethissong [25ms]
2024-07-16 03:04:26.237 [info] > git rev-parse --show-toplevel [7ms]
2024-07-16 03:04:26.350 [info] > git rev-parse --show-toplevel [80ms]
2024-07-16 03:04:26.427 [info] > git status -z -uall [33ms]
2024-07-16 03:04:26.428 [info] > git rev-parse --show-toplevel [19ms]
2024-07-16 03:04:26.561 [info] > git status -z -uall [712ms]
2024-07-16 03:04:26.561 [info] > git for-each-ref --format=%(refname)%00%(upstream:short)%00%(objectname)%00%(upstream:track)%00%(upstream:remotename)%00%(upstream:remoteref) refs/heads/last.fmapi/savethissong refs/remotes/last.fmapi/savethissong [80ms]
2024-07-16 03:04:26.688 [info] > git config --local branch.last.fmapi/savethissong.vscode-merge-base [119ms]
2024-07-16 03:04:26.749 [info] > git rev-parse --show-toplevel [197ms]
2024-07-16 03:04:26.755 [info] > git fetch [1102ms]
2024-07-16 03:04:27.022 [info] > git check-ignore -v -z --stdin [185ms]
2024-07-16 03:04:27.022 [info] > git check-ignore -v -z --stdin [164ms]
2024-07-16 03:04:27.023 [info] > git for-each-ref --format=%(refname)%00%(upstream:short)%00%(objectname)%00%(upstream:track)%00%(upstream:remotename)%00%(upstream:remoteref) refs/heads/origin/main refs/remotes/origin/main [274ms]
2024-07-16 03:04:27.037 [info] > git config --get commit.template [399ms]
2024-07-16 03:04:27.041 [info] > git fetch [1070ms]
2024-07-16 03:04:27.084 [info] > git config --get commit.template [70ms]
2024-07-16 03:04:27.084 [info] > git config --get commit.template [98ms]
2024-07-16 03:04:27.084 [info] > git rev-parse --show-toplevel [155ms]
2024-07-16 03:04:27.194 [info] > git config --get commit.template [110ms]
2024-07-16 03:04:27.194 [info] > git for-each-ref --format=%(refname)%00%(upstream:short)%00%(objectname)%00%(upstream:track)%00%(upstream:remotename)%00%(upstream:remoteref) refs/heads/last.fmapi/savethissong refs/remotes/last.fmapi/savethissong [134ms]
2024-07-16 03:04:27.194 [info] > git merge-base refs/heads/last.fmapi/savethissong refs/remotes/origin/last.fmapi/savethissong [157ms]
2024-07-16 03:04:27.290 [info] > git rev-list --count --left-right refs/heads/last.fmapi/savethissong...refs/remotes/origin/last.fmapi/savethissong [70ms]
2024-07-16 03:04:27.305 [info] > git rev-parse --show-toplevel [118ms]
2024-07-16 03:04:27.321 [info] > git for-each-ref --format=%(refname)%00%(upstream:short)%00%(objectname)%00%(upstream:track)%00%(upstream:remotename)%00%(upstream:remoteref) refs/heads/super_feature refs/remotes/super_feature [32ms]
2024-07-16 03:04:27.351 [info] > git for-each-ref --format=%(refname)%00%(upstream:short)%00%(objectname)%00%(upstream:track)%00%(upstream:remotename)%00%(upstream:remoteref) refs/heads/super_feature refs/remotes/super_feature [71ms]
2024-07-16 03:04:27.443 [info] > git for-each-ref --format=%(refname)%00%(upstream:short)%00%(objectname)%00%(upstream:track)%00%(upstream:remotename)%00%(upstream:remoteref) refs/heads/last.fmapi/savethissong refs/remotes/last.fmapi/savethissong [123ms]
2024-07-16 03:04:27.443 [info] > git diff --name-status -z --diff-filter=ADMR ae63aa7470b30a62b6ad6be2626b38f2b38ad45e...refs/remotes/origin/last.fmapi/savethissong [138ms]
2024-07-16 03:04:27.456 [info] > git rev-parse --show-toplevel [38ms]
2024-07-16 03:04:27.808 [info] > git rev-parse --show-toplevel [322ms]
2024-07-16 03:04:27.932 [info] > git status -z -uall [81ms]
2024-07-16 03:04:28.047 [info] > git for-each-ref --format=%(refname)%00%(upstream:short)%00%(objectname)%00%(upstream:track)%00%(upstream:remotename)%00%(upstream:remoteref) refs/heads/last.fmapi/savethissong refs/remotes/last.fmapi/savethissong [76ms]
2024-07-16 03:04:28.077 [info] > git rev-parse --show-toplevel [172ms]
2024-07-16 03:04:28.356 [info] > git rev-parse --show-toplevel [240ms]
2024-07-16 03:04:28.363 [info] > git config --local branch.last.fmapi/savethissong.vscode-merge-base [286ms]
2024-07-16 03:04:28.436 [info] > git for-each-ref --format=%(refname)%00%(upstream:short)%00%(objectname)%00%(upstream:track)%00%(upstream:remotename)%00%(upstream:remoteref) refs/heads/origin/main refs/remotes/origin/main [45ms]
2024-07-16 03:04:28.454 [info] > git rev-parse --show-toplevel [32ms]
2024-07-16 03:04:28.524 [info] > git rev-parse --show-toplevel [3ms]
2024-07-16 03:04:28.565 [info] > git rev-parse --show-toplevel [15ms]
2024-07-16 03:04:28.608 [info] > git rev-parse --show-toplevel [7ms]
2024-07-16 03:04:28.627 [info] > git status -z -uall [1279ms]
2024-07-16 03:04:29.867 [info] > git for-each-ref --format=%(refname)%00%(upstream:short)%00%(objectname)%00%(upstream:track)%00%(upstream:remotename)%00%(upstream:remoteref) refs/heads/super_feature refs/remotes/super_feature [1197ms]
2024-07-16 03:04:29.876 [info] > git rev-parse --show-toplevel [1250ms]
2024-07-16 03:04:29.911 [info] > git config --local branch.super_feature.vscode-merge-base [35ms]
2024-07-16 03:04:29.912 [warning] git config failed: Failed to execute git
2024-07-16 03:04:29.938 [info] > git reflog super_feature --grep-reflog=branch: Created from *. [9ms]
2024-07-16 03:04:29.960 [info] > git reflog HEAD --grep-reflog=checkout: moving from .* to super_feature [15ms]
2024-07-16 03:04:29.983 [info] > git for-each-ref --format=%(refname)%00%(upstream:short)%00%(objectname)%00%(upstream:track)%00%(upstream:remotename)%00%(upstream:remoteref) refs/heads/main refs/remotes/main [2ms]
2024-07-16 03:04:29.996 [info] > git symbolic-ref --short refs/remotes/origin/HEAD [1ms]
2024-07-16 03:04:29.996 [info] fatal: ref refs/remotes/origin/HEAD is not a symbolic ref
2024-07-16 03:04:30.115 [info] > git show --textconv :assets/css/style.css [18ms]
2024-07-16 03:04:30.115 [info] > git ls-files --stage -- /home/paigec00/MusicBox/MusicBoxProject/assets/css/style.css [1ms]
2024-07-16 03:04:30.142 [info] > git cat-file -s 18cfa56c450ea9265e48018fa367402b58dbbc4d [14ms]
2024-07-16 03:08:20.594 [info] > git show --textconv :index.html [26ms]
2024-07-16 03:08:20.600 [info] > git ls-files --stage -- /home/paigec00/MusicBox/MusicBoxProject/index.html [15ms]
2024-07-16 03:08:20.650 [info] > git cat-file -s 2bb8a6bf6eeef3044a7f3f838df11abbaf186933 [4ms]
2024-07-16 03:08:26.113 [info] > git check-ignore -v -z --stdin [40ms]
